#########################################
###Starting all estimators for cl: label_gross_7
#########################################
####################################################################################
################# Runing the itteration 1  of pipeline precomp      ###############
####################################################################################
| preprocessor:dummy | transfomer: dummy | reducer: dummy
{}
Starting precomp pipline for {}
Finished precomp pipline for {}
####################################################################################
################# Runing the itteration 2  of the GridSearchCV ####################
####################################################################################
***Starting [MLPClassifier] estimator run, pipeline: | preprocessor:dummy | transfomer: dummy | reducer: dummy 
##param_grid##
{'model__learning_rate_init': [0.1], 'model__hidden_layer_sizes': [(73,), (180,), (73, 73), (180, 180), (73, 73, 73), (180, 180, 180), (73, 73, 73, 73), (180, 180, 180, 180)]}
Fitting 4 folds for each of 8 candidates, totalling 32 fits
[CV] model__learning_rate_init=0.1, model__hidden_layer_sizes=(73,) ..
[CV]  model__learning_rate_init=0.1, model__hidden_layer_sizes=(73,), total=  16.3s
[CV] model__learning_rate_init=0.1, model__hidden_layer_sizes=(73, 73, 73) 
[CV]  model__learning_rate_init=0.1, model__hidden_layer_sizes=(73, 73, 73), total= 1.3min
[CV] model__learning_rate_init=0.1, model__hidden_layer_sizes=(180,) .
[CV]  model__learning_rate_init=0.1, model__hidden_layer_sizes=(180,), total=  21.8s
[CV] model__learning_rate_init=0.1, model__hidden_layer_sizes=(180, 180, 180) 
[CV]  model__learning_rate_init=0.1, model__hidden_layer_sizes=(180, 180, 180), total= 1.4min
[CV] model__learning_rate_init=0.1, model__hidden_layer_sizes=(180,) .
[CV]  model__learning_rate_init=0.1, model__hidden_layer_sizes=(180,), total=  35.7s
[CV] model__learning_rate_init=0.1, model__hidden_layer_sizes=(180, 180, 180) 
[CV]  model__learning_rate_init=0.1, model__hidden_layer_sizes=(180, 180, 180), total= 1[CV] model__learning_rate_init=0.1, model__hidden_layer_sizes=(73, 73) 
[CV]  model__learning_rate_init=0.1, model__hidden_layer_sizes=(73, 73), total=  36.5s
[CV] model__learning_rate_init=0.1, model__hidden_layer_sizes=(73, 73, 73, 73) 
[CV]  model__learning_rate_init=0.1, model__hidden_layer_sizes=(73, 73, 73, 73), total= 1.6min
[CV] model__learning_rate_init=0.1, model__hidden_layer_sizes=(73, 73) 
[CV]  model__learning_rate_init=0.1, model__hidden_layer_sizes=(73, 73), total=  18.8s
[CV] model__learning_rate_init=0.1, model__hidden_layer_sizes=(180, 180, 180) 
[CV]  model__learning_rate_init=0.1, model__hidden_layer_sizes=(180, 180, 180), total= 1.9min
[CV] model__learning_rate_init=0.1, model__hidden_layer_sizes=(180, 180) 
[CV]  model__learning_rate_init=0.1, model__hidden_layer_sizes=(180, 180), total= 2.1min
[CV] model__learning_rate_init=0.1, model__hidden_layer_sizes=(180,) .
[CV]  model__learning_rate_init=0.1, model__hidden_layer_sizes=(180,), total=  39.7s
[CV] model__learning_rate_init=0.1, model__hidden_layer_sizes=(73, 73, 73, 73) 
[CV]  model__learning_rate_init=0.1, model__hidden_layer_sizes=(73, 73, 73, 73), total= 1.6min
[CV] model__learning_rate_init=0.1, model__hidden_layer_sizes=(73, 73) 
[CV]  model__learning_rate_init=0.1, model__hidden_layer_sizes=(73, 73), total=  58.8s
[CV] model__learning_rate_init=0.1, model__hidden_layer_sizes=(73, 73, 73, 73) 
[CV]  model__learning_rate_init=0.1, model__hidden_layer_sizes=(73, 73, 73, 73), total= 1.1min
[CV] model__learning_rate_init=0.1, model__hidden_layer_sizes=(180, 180) 
[CV]  model__learning_rate_init=0.1, model__hidden_layer_sizes=(180, 180), total= 1.7min
[CV] model__learning_rate_init=0.1, model__hidden_layer_sizes=(73,) ..
[CV]  model__learning_rate_init=0.1, model__hidden_layer_sizes=(73,), total=  21.3s
[CV] model__learning_rate_init=0.1, model__hidden_layer_sizes=(180, 180, 180) 
[CV]  model__learning_rate_init=0.1, model__hidden_layer_sizes=(180, 180, 180), total= 1.9min
[CV] model__learning_rate_init=0.1, model__hidden_layer_sizes=(180, 180) 
[CV]  model__learning_rate_init=0.1, model__hidden_layer_sizes=(180, 180), total=  56.9s
[CV] model__learning_rate_init=0.1, model__hidden_layer_sizes=(73, 73, 73, 73) 
[CV]  model__learning_rate_init=0.1, model__hidden_layer_sizes=(73, 73, 73, 73), total= 1.4min
[CV] model__learning_rate_init=0.1, model__hidden_layer_sizes=(73,) ..
[CV]  model__learning_rate_init=0.1, model__hidden_layer_sizes=(73,), total=  17.7s
[CV] model__learning_rate_init=0.1, model__hidden_layer_sizes=(73, 73, 73) 
[CV]  model__learning_rate_init=0.1, model__hidden_layer_sizes=(73, 73, 73), total=  58.0s
[CV] model__learning_rate_init=0.1, model__hidden_layer_sizes=(180, 180, 180, 180) 
[CV]  model__learning_rate_init=0.1, model__hidden_layer_sizes=(180, 180, 180, 180), total= 1.2min
[CV] model__learning_rate_init=0.1, model__hidden_layer_sizes=(73,) ..
[CV]  model__learning_rate_init=0.1, model__hidden_layer_sizes=(73,), total=  14.0s
[CV] model__learning_rate_init=0.1, model__hidden_layer_sizes=(73, 73, 73) 
[CV]  model__learning_rate_init=0.1, model__hidden_layer_sizes=(73, 73, 73), total=  56.5s
[CV] model__learning_rate_init=0.1, model__hidden_layer_sizes=(180, 180, 180, 180) 
[CV]  model__learning_rate_init=0.1, model__hidden_layer_sizes=(180, 180, 180, 180), total= 1.2min
[CV] model__learning_rate_init=0.1, model__hidden_layer_sizes=(180, 180) 
[CV]  model__learning_rate_init=0.1, model__hidden_layer_sizes=(180, 180), total= 1.1min
[CV] model__learning_rate_init=0.1, model__hidden_layer_sizes=(180, 180, 180, 180) 
[CV]  model__learning_rate_init=0.1, model__hidden_layer_sizes=(180, 180, 180, 180), total= 1.4min
GREP_ME***Results of [MLPClassifier] estimatorrun are
{'split2_train_score': array([ 0.34848485,  0.34883721,  0.34848485,  0.34848485,  0.34848485,
        0.34848485,  0.34848485,  0.34848485]), 'std_score_time': array([ 0.02982391,  0.46955616,  0.59228821,  0.02162149,  0.70945231,
        0.3575517 ,  0.7219924 ,  0.13864804]), 'split1_test_score': array([ 0.34846885,  0.34846885,  0.34846885,  0.34846885,  0.34846885,
        0.34846885,  0.34846885,  0.34846885]), 'param_model__learning_rate_init': masked_array(data = [0.1 0.1 0.1 0.1 0.1 0.1 0.1 0.1],
             mask = [False False False False False False False False],
       fill_value = ?)
, 'param_model__hidden_layer_sizes': masked_array(data = [(73,) (180,) (73, 73) (180, 180) (73, 73, 73) (180, 180, 180)
 (73, 73, 73, 73) (180, 180, 180, 180)],
             mask = [False False False False False False False False],
       fill_value = ?)
, 'split3_test_score': array([ 0.34888653,  0.34994698,  0.34994698,  0.34888653,  0.34888653,
        0.34888653,  0.34888653,  0.34888653]), 'std_train_score': array([ 0.00034143,  0.00034862,  0.00056462,  0.00053585,  0.00010567,
        0.00010567,  0.00010567,  0.00010567]), 'split2_test_score': array([ 0.34883721,  0.34883721,  0.34883721,  0.34883721,  0.34883721,
        0.34883721,  0.34883721,  0.34883721]), 'std_test_score': array([ 0.00031688,  0.00054454,  0.00069034,  0.00024504,  0.00031688,
        0.00031688,  0.00031688,  0.00031688]), 'mean_fit_time': array([ 17.27937847,  26.75468272,  43.26218957,  87.76683986,
        69.50084674,  99.98320705,  84.33459103,  76.07762527]), 'split0_test_score': array([ 0.34810127,  0.34915612,  0.34810127,  0.34915612,  0.34810127,
        0.34810127,  0.34810127,  0.34810127]), 'params': ({'model__learning_rate_init': 0.1, 'model__hidden_layer_sizes': (73,)}, {'model__learning_rate_init': 0.1, 'model__hidden_layer_sizes': (180,)}, {'model__learning_rate_init': 0.1, 'model__hidden_layer_sizes': (73, 73)}, {'model__learning_rate_init': 0.1, 'model__hidden_layer_sizes': (180, 180)}, {'model__learning_rate_init': 0.1, 'model__hidden_layer_sizes': (73, 73, 73)}, {'model__learning_rate_init': 0.1, 'model__hidden_layer_sizes': (180, 180, 180)}, {'model__learning_rate_init': 0.1, 'model__hidden_layer_sizes': (73, 73, 73, 73)}, {'model__learning_rate_init': 0.1, 'model__hidden_layer_sizes': (180, 180, 180, 180)}), 'split0_train_score': array([ 0.34873061,  0.34978843,  0.34978843,  0.34978843,  0.34873061,
        0.34873061,  0.34873061,  0.34873061]), 'mean_test_score': array([ 0.34857294,  0.34910148,  0.34883721,  0.34883721,  0.34857294,
        0.34857294,  0.34857294,  0.34857294]), 'split3_train_score': array([ 0.34846885,  0.34952482,  0.34952482,  0.34846885,  0.34846885,
        0.34846885,  0.34846885,  0.34846885]), 'std_fit_time': array([  2.65112892,  10.96090178,  16.89435327,  28.52540949,
        13.21281004,  13.51362246,  10.84038413,   3.98561009]), 'rank_test_score': array([4, 1, 2, 2, 4, 4, 4, 4], dtype=int32), 'mean_train_score': array([ 0.34874924,  0.34936578,  0.34910145,  0.34892558,  0.348573  ,
        0.348573  ,  0.348573  ,  0.348573  ]), 'split1_train_score': array([ 0.34931265,  0.34931265,  0.34860768,  0.34896017,  0.34860768,
        0.34860768,  0.34860768,  0.34860768]), 'mean_score_time': array([ 0.06648588,  0.40539771,  0.64942831,  0.05294025,  1.01391578,
        0.26309496,  0.44900352,  0.21934229])}
GREP_ME***Best params of [MLPClassifier] estimator,pipeline:| preprocessor:dummy | transfomer: dummy | reducer: dummy  run are
{'model__learning_rate_init': 0.1, 'model__hidden_layer_sizes': (180,)}
GREP_ME***Best score of [MLPClassifier] estimator, pipeline:| preprocessor:dummy | transfomer: dummy | reducer: dummy run are
0.349101479915
#########################################
###Finished all estimators for cl: label_gross_7
#########################################
#########################################
#######Printing results for cl: label_gross_7
#########################################
{'MLPClassifier': {'score': 0.34910147991543339, 'best_cfg': {'model__learning_rate_init': 0.1, 'model__hidden_layer_sizes': (180,)}, 'pipe': '| preprocessor:dummy | transfomer: dummy | reducer: dummy'}}
priting simply sorted numbers, grep them to find the best cfg or cl: label_gross_7
[0.34910147991543339]
