#########################################
###Starting all estimators for cl: label_gross_3
#########################################
####################################################################################
################# Runing the itteration 1  of pipeline precomp      ###############
####################################################################################
| preprocessor:dummy | transfomer: dummy | reducer: dummy
{}
Starting precomp pipline for {}
Finished precomp pipline for {}
####################################################################################
################# Runing the itteration 2  of the GridSearchCV ####################
####################################################################################
***Starting [MLPClassifier] estimator run, pipeline: | preprocessor:dummy | transfomer: dummy | reducer: dummy 
##param_grid##
{'model__learning_rate_init': [0.1], 'model__hidden_layer_sizes': [(73,), (180,), (73, 73), (180, 180), (73, 73, 73), (180, 180, 180), (73, 73, 73, 73), (180, 180, 180, 180)]}
Fitting 4 folds for each of 8 candidates, totalling 32 fits
[CV] model__learning_rate_init=0.1, model__hidden_layer_sizes=(180, 180) 
[CV]  model__learning_rate_init=0.1, model__hidden_layer_sizes=(180, 180), total= 3.1min
[CV] model__learning_rate_init=0.1, model__hidden_layer_sizes=(73,) ..
[CV]  model__learning_rate_init=0.1, model__hidden_layer_sizes=(73,), total=  34.1s
[CV] model__learning_rate_init=0.1, model__hidden_layer_sizes=(73, 73, 73) 
[CV]  model__learning_rate_init=0.1, model__hidden_layer_sizes=(73, 73, 73), total= 3.1min
[CV] model__learning_rate_init=0.1, model__hidden_layer_sizes=(73, 73) 
[CV]  model__learning_rate_init=0.1, model__hidden_layer_sizes=(73, 73), total= 2.2min
[CV] model__learning_rate_init=0.1, model__hidden_layer_sizes=(73, 73, 73, 73) 
[CV]  model__learning_rate_init=0.1, model__hidden_layer_sizes=(73, 73, 73, 73), total= 1.8min
[CV] model__learning_rate_init=0.1, model__hidden_layer_sizes=(180,) .
[CV]  model__learning_rate_init=0.1, model__hidden_layer_sizes=(180,), total= 1.1min
[CV] model__learning_rate_init=0.1, model__hidden_layer_sizes=(73, 73, 73) 
[CV]  model__learning_rate_init=0.1, model__hidden_layer_sizes=(73, 73, 73), total= 3.2min
[CV] model__learning_rate_init=0.1, model__hidden_layer_sizes=(73, 73) 
[CV]  model__learning_rate_init=0.1, model__hidden_layer_sizes=(73, 73), total= 2.0min
[CV] model__learning_rate_init=0.1, model__hidden_layer_sizes=(73, 73, 73, 73) 
[CV]  model__learning_rate_init=0.1, model__hidden_layer_sizes=(73, 73, 73, 73), total= 2.6min
[CV] model__learning_rate_init=0.1, model__hidden_layer_sizes=(180,) .
[CV]  model__learning_rate_init=0.1, model__hidden_layer_sizes=(180,), total= 2.0min
[CV] model__learning_rate_init=0.1, model__hidden_layer_sizes=(73, 73, 73, 73) 
[CV]  model__learning_rate_init=0.1, model__hidden_layer_sizes=(73, 73, 73, 73), total= 2.5min
[CV] model__learning_rate_init=0.1, model__hidden_layer_sizes=(73,) ..
[CV]  model__learning_rate_init=0.1, model__hidden_layer_sizes=(73,), total= 1.3min
[CV] model__learning_rate_init=0.1, model__hidden_layer_sizes=(180, 180, 180) 
[CV]  model__learning_rate_init=0.1, model__hidden_layer_sizes=(180, 180, 180), total= 3.5min
[CV] model__learning_rate_init=0.1, model__hidden_layer_sizes=(73, 73) 
[CV]  model__learning_rate_init=0.1, model__hidden_layer_sizes=(73, 73), total= 2.3min
[CV] model__learning_rate_init=0.1, model__hidden_layer_sizes=(73, 73, 73, 73) 
[CV]  model__learning_rate_init=0.1, model__hidden_layer_sizes=(73, 73, 73, 73), total= 2.2min
[CV] model__learning_rate_init=0.1, model__hidden_layer_sizes=(180,) .
[CV]  model__learning_rate_init=0.1, model__hidden_layer_sizes=(180,), total= 1.1min
[CV] model__learning_rate_init=0.1, model__hidden_layer_sizes=(180, 180, 180) 
[CV]  model__learning_rate_init=0.1, model__hidden_layer_sizes=(180, 180, 180), total= 3.2min
[CV] model__learning_rate_init=0.1, model__hidden_layer_sizes=(180,) .
[CV]  model__learning_rate_init=0.1, model__hidden_layer_sizes=(180,), total= 1.7min
[CV] model__learning_rate_init=0.1, model__hidden_layer_sizes=(180, 180, 180) 
[CV]  model__learning_rate_init=0.1, model__hidden_layer_sizes=(180, 180, 180), total= 3.1min
[CV] model__learning_rate_init=0.1, model__hidden_layer_sizes=(73,) ..
[CV]  model__learning_rate_init=0.1, model__hidden_layer_sizes=(73,), total=  25.8s
[CV] model__learning_rate_init=0.1, model__hidden_layer_sizes=(73, 73, 73) 
[CV]  model__learning_rate_init=0.1, model__hidden_layer_sizes=(73, 73, 73), total= 2.1min
[CV] model__learning_rate_init=0.1, model__hidden_layer_sizes=(180, 180, 180, 180) 
[CV]  model__learning_rate_init=0.1, model__hidden_layer_sizes=(180, 180, 180, 180), total= 2.3min
[CV] model__learning_rate_init=0.1, model__hidden_layer_sizes=(73, 73) 
[CV]  model__learning_rate_init=0.1, model__hidden_layer_sizes=(73, 73), total= 1.6min
[CV] model__learning_rate_init=0.1, model__hidden_layer_sizes=(180, 180, 180) 
[CV]  model__learning_rate_init=0.1, model__hidden_layer_sizes=(180, 180, 180), total= 2.9min
[CV] model__learning_rate_init=0.1, model__hidden_layer_sizes=(73,) ..
[CV]  model__learning_rate_init=0.1, model__hidden_layer_sizes=(73,), total= 1.1min
[CV] model__learning_rate_init=0.1, model__hidden_layer_sizes=(73, 73, 73) 
[CV]  model__learning_rate_init=0.1, model__hidden_layer_sizes=(73, 73, 73), total= 3.3min
[CV] model__learning_rate_init=0.1, model__hidden_layer_sizes=(180, 180) 
[CV]  model__learning_rate_init=0.1, model__hidden_layer_sizes=(180, 180), total= 2.3min
[CV] model__learning_rate_init=0.1, model__hidden_layer_sizes=(180, 180, 180, 180) 
[CV]  model__learning_rate_init=0.1, model__hidden_layer_sizes=(180, 180, 180, 180), total= 2.7min
[CV] model__learning_rate_init=0.1, model__hidden_layer_sizes=(180, 180) 
[CV]  model__learning_rate_init=0.1, model__hidden_layer_sizes=(180, 180), total= 2.5min
[CV] model__learning_rate_init=0.1, model__hidden_layer_sizes=(180, 180, 180, 180) 
[CV]  model__learning_rate_init=0.1, model__hidden_layer_sizes=(180, 180, 180, 180), total= 2.5min
[CV] model__learning_rate_init=0.1, model__hidden_layer_sizes=(180, 180) 
[CV]  model__learning_rate_init=0.1, model__hidden_layer_sizes=(180, 180), total= 2.9min
[CV] model__learning_rate_init=0.1, model__hidden_layer_sizes=(180, 180, 180, 180) 
[CV]  model__learning_rate_init=0.1, model__hidden_layer_sizes=(180, 180, 180, 180), total= 2.1min
GREP_ME***Results of [MLPClassifier] estimatorrun are
{'split2_train_score': array([ 0.59950687,  0.59739345,  0.59668897,  0.59704121,  0.59668897,
        0.59739345,  0.59668897,  0.59809792]), 'std_score_time': array([ 1.49357156,  1.15767372,  2.109805  ,  3.19012392,  0.01907306,
        1.90469441,  0.01444991,  0.00771571]), 'split1_test_score': array([ 0.60718057,  0.59662091,  0.59662091,  0.59662091,  0.59662091,
        0.59662091,  0.59662091,  0.59662091]), 'param_model__learning_rate_init': masked_array(data = [0.1 0.1 0.1 0.1 0.1 0.1 0.1 0.1],
             mask = [False False False False False False False False],
       fill_value = ?)
, 'param_model__hidden_layer_sizes': masked_array(data = [(73,) (180,) (73, 73) (180, 180) (73, 73, 73) (180, 180, 180)
 (73, 73, 73, 73) (180, 180, 180, 180)],
             mask = [False False False False False False False False],
       fill_value = ?)
, 'split3_test_score': array([ 0.5978836,  0.5978836,  0.5968254,  0.5968254,  0.5968254,
        0.5968254,  0.5968254,  0.5978836]), 'std_train_score': array([  3.19255480e-03,   5.23335372e-04,   6.15529652e-04,
         2.74411768e-04,   3.40814152e-05,   2.83677562e-04,
         1.74539977e-04,   5.91070366e-04]), 'split2_test_score': array([ 0.60529101,  0.6       ,  0.5968254 ,  0.5978836 ,  0.5968254 ,
        0.6       ,  0.5968254 ,  0.6042328 ]), 'std_test_score': array([ 0.00458098,  0.00122575,  0.00040705,  0.0005238 ,  0.00040705,
        0.00143564,  0.00010224,  0.00315533]), 'mean_fit_time': array([  49.35734332,   87.51111758,  119.14187694,  159.85973531,
        176.36683393,  189.22020215,  135.81712651,  144.55798751]), 'split0_test_score': array([ 0.61034847,  0.59767687,  0.59767687,  0.59662091,  0.59767687,
        0.59662091,  0.59662091,  0.59662091]), 'params': ({'model__learning_rate_init': 0.1, 'model__hidden_layer_sizes': (73,)}, {'model__learning_rate_init': 0.1, 'model__hidden_layer_sizes': (180,)}, {'model__learning_rate_init': 0.1, 'model__hidden_layer_sizes': (73, 73)}, {'model__learning_rate_init': 0.1, 'model__hidden_layer_sizes': (180, 180)}, {'model__learning_rate_init': 0.1, 'model__hidden_layer_sizes': (73, 73, 73)}, {'model__learning_rate_init': 0.1, 'model__hidden_layer_sizes': (180, 180, 180)}, {'model__learning_rate_init': 0.1, 'model__hidden_layer_sizes': (73, 73, 73, 73)}, {'model__learning_rate_init': 0.1, 'model__hidden_layer_sizes': (180, 180, 180, 180)}), 'split0_train_score': array([ 0.60627423,  0.59816708,  0.59816708,  0.59710962,  0.59675714,
        0.59710962,  0.59675714,  0.59675714]), 'mean_test_score': array([ 0.6051797 ,  0.5980444 ,  0.59698732,  0.59698732,  0.59698732,
        0.59751586,  0.59672304,  0.59883721]), 'split3_train_score': array([ 0.60514266,  0.59809792,  0.59668897,  0.59668897,  0.59668897,
        0.59668897,  0.59668897,  0.59668897]), 'std_fit_time': array([ 20.10039748,  25.28973604,  16.78735021,  18.77122156,
        28.97321804,  12.57374656,  17.77657092,  13.84720939]), 'rank_test_score': array([1, 3, 5, 5, 5, 4, 8, 2], dtype=int32), 'mean_train_score': array([ 0.6047401 ,  0.59813262,  0.59725178,  0.59707548,  0.59672306,
        0.5969873 ,  0.59681118,  0.59707529]), 'split1_train_score': array([ 0.60803666,  0.59887205,  0.59746211,  0.59746211,  0.59675714,
        0.59675714,  0.59710962,  0.59675714]), 'mean_score_time': array([ 1.14514738,  1.16059834,  2.0841161 ,  3.1021744 ,  0.0319643 ,
        1.47806746,  0.03549016,  0.02205604])}
GREP_ME***Best params of [MLPClassifier] estimator,pipeline:| preprocessor:dummy | transfomer: dummy | reducer: dummy  run are
{'model__learning_rate_init': 0.1, 'model__hidden_layer_sizes': (73,)}
GREP_ME***Best score of [MLPClassifier] estimator, pipeline:| preprocessor:dummy | transfomer: dummy | reducer: dummy run are
0.605179704017
#########################################
###Finished all estimators for cl: label_gross_3
#########################################
#########################################
#######Printing results for cl: label_gross_3
#########################################
{'MLPClassifier': {'score': 0.60517970401691334, 'best_cfg': {'model__learning_rate_init': 0.1, 'model__hidden_layer_sizes': (73,)}, 'pipe': '| preprocessor:dummy | transfomer: dummy | reducer: dummy'}}
priting simply sorted numbers, grep them to find the best cfg or cl: label_gross_3
[0.60517970401691334]
