#########################################
###Starting all estimators for cl: 1
#########################################
####################################################################################

####################################################################################
***Starting [LinearRegression] estimator run, pipeline: | preprocessor:dummy | transfomer: dummy | reducer: dummy 
##param_grid##
{'model__fit_intercept': [True]}
Fitting 4 folds for each of 1 candidates, totalling 4 fits
[CV] model__fit_intercept=True .......................................
[CV] ........................ model__fit_intercept=True, total=   0.1s
[CV] model__fit_intercept=True .......................................
[CV] ........................ model__fit_intercept=True, total=   0.1s
[CV] model__fit_intercept=True .......................................
[CV] ........................ model__fit_intercept=True, total=   0.1s
[CV] model__fit_intercept=True .......................................
[CV] ........................ model__fit_intercept=True, total=   0.2s
GREP_ME***Results of [LinearRegression] estimatorrun are
{'std_score_time': array([ 0.00339483]), 'std_test_score': array([ 0.05537131]), 'std_train_score': array([ 0.01805673]), 'split3_test_score': array([ 0.72019363]), 'split3_train_score': array([ 0.65307111]), 'split0_test_score': array([ 0.68385436]), 'mean_test_score': array([ 0.66140022]), 'split2_train_score': array([ 0.66959643]), 'std_fit_time': array([ 0.03468199]), 'rank_test_score': array([1], dtype=int32), 'split2_test_score': array([ 0.6707889]), 'param_model__fit_intercept': masked_array(data = [True],
             mask = [False],
       fill_value = ?)
, 'mean_score_time': array([ 0.0090608]), 'mean_fit_time': array([ 0.13281029]), 'split0_train_score': array([ 0.66661142]), 'split1_train_score': array([ 0.70223495]), 'mean_train_score': array([ 0.67287848]), 'params': ({'model__fit_intercept': True},), 'split1_test_score': array([ 0.57076399])}
GREP_ME***Best params of [LinearRegression] estimator,pipeline:| preprocessor:dummy | transfomer: dummy | reducer: dummy  run are
{'model__fit_intercept': True}
GREP_ME***Best score of [LinearRegression] estimator, pipeline:| preprocessor:dummy | transfomer: dummy | reducer: dummy run are
0.661400220059
####################################################################################

####################################################################################
***Starting [LinearRegression] estimator run, pipeline: | preprocessor:dummy | transfomer: dummy | reducer: FactorAnalysis 
##param_grid##
{'reducer__svd_method': ['randomized'], 'model__fit_intercept': [True], 'reducer__n_components': [137, 110, 69, 55, 13, 5, 3, 1]}
Fitting 4 folds for each of 8 candidates, totalling 32 fits
[CV] reducer__svd_method=randomized, model__fit_intercept=True, reducer__n_components=137 
[CV]  reducer__svd_method=randomized, model__fit_intercept=True, reducer__n_components=137, total=   9.9s
[CV] reducer__svd_method=randomized, model__fit_intercept=True, reducer__n_components=110 
[CV]  reducer__svd_method=randomized, model__fit_intercept=True, reducer__n_components=110, total=   9.1s
[CV] reducer__svd_method=randomized, model__fit_intercept=True, reducer__n_components=69 
[CV]  reducer__svd_method=randomized, model__fit_intercept=True, reducer__n_components=69, total=  13.3s
[CV] reducer__svd_method=randomized, model__fit_intercept=True, reducer__n_components=55 
[CV]  reducer__svd_method=randomized, model__fit_intercept=True, reducer__n_components=55, total=  11.2s
[CV] reducer__svd_method=randomized, model__fit_intercept=True, reducer__n_components=55 
[CV]  reducer__svd_method=randomized, model__fit_intercept=True, reducer__n_components=55, total=   6.8s
[CV] reducer__svd_method=randomized, model__fit_intercept=True, reducer__n_components=5 
[CV]  reducer__svd_method=randomized, model__fit_intercept=True, reducer__n_components=5, total=   0.9s
[CV] reducer__svd_method=randomized, model__fit_intercept=True, reducer__n_components=3 
[CV]  reducer__svd_method=randomized, model__fit_intercept=True, reducer__n_components=3, total=   0.6s
[CV] reducer__svd_method=randomized, model__fit_intercept=True, reducer__n_components=1 
[CV]  reducer__svd_method=randomized, model__fit_intercept=True, reducer__n_components=1, total=   0.2s
[CV] reducer__svd_method=randomized, model__fit_intercept=True, reducer__n_components=1 
[CV]  reducer__svd_method=randomized, model__fit_intercept=True, reducer__n_components=1, total=   0.4s
[CV] reducer__svd_method=randomized, model__fit_intercept=True, reducer__n_components=137 
[CV]  reducer__svd_method=randomized, model__fit_intercept=True, reducer__n_components=137, total=  14.0s
[CV] reducer__svd_method=randomized, model__fit_intercept=True, reducer__n_components=110 
[CV]  reducer__svd_method=randomized, model__fit_intercept=True, reducer__n_components=110, total=  13.1s
[CV] reducer__svd_method=randomized, model__fit_intercept=True, reducer__n_components=69 
[CV]  reducer__svd_method=randomized, model__fit_intercept=True, reducer__n_components=69, total=   9.4s
[CV] reducer__svd_method=randomized, model__fit_intercept=True, reducer__n_components=55 
[CV]  reducer__svd_method=randomized, model__fit_intercept=True, reducer__n_components=55, total=   4.6s
[CV] reducer__svd_method=randomized, model__fit_intercept=True, reducer__n_components=55 
[CV]  reducer__svd_method=randomized, model__fit_intercept=True, reducer__n_components=55, total=   3.2s
[CV] reducer__svd_method=randomized, model__fit_intercept=True, reducer__n_components=13 
[CV]  reducer__svd_method=randomized, model__fit_intercept=True, reducer__n_components=13, total=   1.2s
[CV] reducer__svd_method=randomized, model__fit_intercept=True, reducer__n_components=13 
[CV]  reducer__svd_method=randomized, model__fit_intercept=True, reducer__n_components=13, total=   1.2s
[CV] reducer__svd_method=randomized, model__fit_intercept=True, reducer__n_components=13 
[CV]  reducer__svd_method=randomized, model__fit_intercept=True, reducer__n_components=13, total=   1.0s
[CV] reducer__svd_method=randomized, model__fit_intercept=True, reducer__n_components=13 
[CV]  reducer__svd_method=randomized, model__fit_intercept=True, reducer__n_components=13, total=   1.0s
[CV] reducer__svd_method=randomized, model__fit_intercept=True, reducer__n_components=5 
[CV]  reducer__svd_method=randomized, model__fit_intercept=True, reducer__n_components=5, total=   0.9s
[CV] reducer__svd_method=randomized, model__fit_intercept=True, reducer__n_components=5 
[CV]  reducer__svd_method=randomized, model__fit_intercept=True, reducer__n_components=5, total=   0.8s
[CV] reducer__svd_method=randomized, model__fit_intercept=True, reducer__n_components=3 
[CV]  reducer__svd_method=randomized, model__fit_intercept=True, reducer__n_components=3, total=   0.3s
[CV] reducer__svd_method=randomized, model__fit_intercept=True, reducer__n_components=3 
[CV]  reducer__svd_method=randomized, model__fit_intercept=True, reducer__n_components=3, total=   1.3s
[CV] reducer__svd_method=randomized, model__fit_intercept=True, reducer__n_components=137 
[CV]  reducer__svd_method=randomized, model__fit_intercept=True, reducer__n_components=137, total=   9.8s
[CV] reducer__svd_method=randomized, model__fit_intercept=True, reducer__n_components=110 
[CV]  reducer__svd_method=randomized, model__fit_intercept=True, reducer__n_components=110, total=   9.2s
[CV] reducer__svd_method=randomized, model__fit_intercept=True, reducer__n_components=69 
[CV]  reducer__svd_method=randomized, model__fit_intercept=True, reducer__n_components=69, total=   6.7s
[CV] reducer__svd_method=randomized, model__fit_intercept=True, reducer__n_components=69 
[CV]  reducer__svd_method=randomized, model__fit_intercept=True, reducer__n_components=69, total=  24.3s
[CV] reducer__svd_method=randomized, model__fit_intercept=True, reducer__n_components=5 
[CV]  reducer__svd_method=randomized, model__fit_intercept=True, reducer__n_components=5, total=   1.3s
[CV] reducer__svd_method=randomized, model__fit_intercept=True, reducer__n_components=3 
[CV]  reducer__svd_method=randomized, model__fit_intercept=True, reducer__n_components=3, total=   0.4s
[CV] reducer__svd_method=randomized, model__fit_intercept=True, reducer__n_components=1 
[CV]  reducer__svd_method=randomized, model__fit_intercept=True, reducer__n_components=1, total=   0.4s
[CV] reducer__svd_method=randomized, model__fit_intercept=True, reducer__n_components=1 
[CV]  reducer__svd_method=randomized, model__fit_intercept=True, reducer__n_components=1, total=   0.4s
GREP_ME***Results of [LinearRegression] estimatorrun are
{'std_score_time': array([ 0.05078353,  0.12238104,  0.05665599,  0.0115131 ,  0.00223303,
        0.00836833,  0.01555523,  0.00254665]), 'param_reducer__n_components': masked_array(data = [137 110 69 55 13 5 3 1],
             mask = [False False False False False False False False],
       fill_value = ?)
, 'std_test_score': array([ 0.04786794,  0.0556282 ,  0.05552625,  0.05659389,  0.05697883,
        0.05303233,  0.05371561,  0.05769492]), 'std_train_score': array([ 0.01883809,  0.0180602 ,  0.01862376,  0.01856676,  0.01946728,
        0.01821069,  0.01842868,  0.01973254]), 'split3_test_score': array([ 0.68709873,  0.72192527,  0.72083445,  0.72272284,  0.71451593,
        0.70966408,  0.70867535,  0.59926841]), 'split3_train_score': array([ 0.64981691,  0.65168166,  0.64964841,  0.64853798,  0.6356385 ,
        0.6328435 ,  0.6311187 ,  0.53467318]), 'param_reducer__svd_method': masked_array(data = ['randomized' 'randomized' 'randomized' 'randomized' 'randomized'
 'randomized' 'randomized' 'randomized'],
             mask = [False False False False False False False False],
       fill_value = ?)
, 'split0_test_score': array([ 0.68424987,  0.68389023,  0.68219297,  0.6838074 ,  0.67375739,
        0.67319751,  0.67270039,  0.58993796]), 'mean_test_score': array([ 0.65304039,  0.66120644,  0.66093308,  0.66072065,  0.65211532,
        0.65147647,  0.6507329 ,  0.55242586]), 'split2_train_score': array([ 0.66816106,  0.66816127,  0.66606245,  0.66327695,  0.65414184,
        0.650118  ,  0.64723921,  0.54493898]), 'std_fit_time': array([  2.27381378,  15.6845689 ,   6.72221545,   3.02151591,
         0.10996414,   0.1901497 ,   0.40024332,   0.08149444]), 'rank_test_score': array([4, 1, 2, 3, 5, 6, 7, 8], dtype=int32), 'split2_test_score': array([ 0.66991111,  0.66797501,  0.67034707,  0.66723808,  0.66055461,
        0.6573447 ,  0.65825831,  0.56572636]), 'param_model__fit_intercept': masked_array(data = [True True True True True True True True],
             mask = [False False False False False False False False],
       fill_value = ?)
, 'mean_score_time': array([ 0.43934   ,  0.21638691,  0.15556943,  0.16902602,  0.01362741,
        0.00755054,  0.01782465,  0.01001662]), 'mean_fit_time': array([  9.86322385,  19.19922751,  13.30103654,   6.25213885,
         1.07845205,   0.98421961,   0.64717233,   0.35846955]), 'split0_train_score': array([ 0.66512203,  0.66641862,  0.66336312,  0.66274103,  0.65094213,
        0.64623153,  0.64418254,  0.539903  ]), 'split1_train_score': array([ 0.70146705,  0.70108723,  0.70022846,  0.69883254,  0.68886455,
        0.68243043,  0.68104364,  0.58463114]), 'mean_train_score': array([ 0.67114176,  0.6718372 ,  0.66982561,  0.66834713,  0.65739675,
        0.65290586,  0.65089602,  0.55103658]), 'params': ({'reducer__svd_method': 'randomized', 'model__fit_intercept': True, 'reducer__n_components': 137}, {'reducer__svd_method': 'randomized', 'model__fit_intercept': True, 'reducer__n_components': 110}, {'reducer__svd_method': 'randomized', 'model__fit_intercept': True, 'reducer__n_components': 69}, {'reducer__svd_method': 'randomized', 'model__fit_intercept': True, 'reducer__n_components': 55}, {'reducer__svd_method': 'randomized', 'model__fit_intercept': True, 'reducer__n_components': 13}, {'reducer__svd_method': 'randomized', 'model__fit_intercept': True, 'reducer__n_components': 5}, {'reducer__svd_method': 'randomized', 'model__fit_intercept': True, 'reducer__n_components': 3}, {'reducer__svd_method': 'randomized', 'model__fit_intercept': True, 'reducer__n_components': 1}), 'split1_test_score': array([ 0.57090187,  0.57103527,  0.57035782,  0.56911427,  0.55963336,
        0.56569958,  0.56329756,  0.4547707 ])}
GREP_ME***Best params of [LinearRegression] estimator,pipeline:| preprocessor:dummy | transfomer: dummy | reducer: FactorAnalysis  run are
{'reducer__svd_method': 'randomized', 'model__fit_intercept': True, 'reducer__n_components': 110}
GREP_ME***Best score of [LinearRegression] estimator, pipeline:| preprocessor:dummy | transfomer: dummy | reducer: FactorAnalysis run are
0.661206444678
####################################################################################

####################################################################################
***Starting [LinearRegression] estimator run, pipeline: | preprocessor:dummy | transfomer: dummy | reducer: PCA 
##param_grid##
{'reducer__whiten': [True, False], 'model__fit_intercept': [True], 'reducer__svd_solver': ['auto'], 'reducer__n_components': [137, 110, 69, 55, 13, 5, 3, 1]}
Fitting 4 folds for each of 16 candidates, totalling 64 fits
[CV] reducer__whiten=True, model__fit_intercept=True, reducer__svd_solver=auto, reducer__n_components=137 
[CV]  reducer__whiten=True, model__fit_intercept=True, reducer__svd_solver=auto, reducer__n_components=137, total=   0.4s
[CV] reducer__whiten=False, model__fit_intercept=True, reducer__svd_solver=auto, reducer__n_components=137 
[CV]  reducer__whiten=False, model__fit_intercept=True, reducer__svd_solver=auto, reducer__n_components=137, total=   0.4s
[CV] reducer__whiten=True, model__fit_intercept=True, reducer__svd_solver=auto, reducer__n_components=110 
[CV]  reducer__whiten=True, model__fit_intercept=True, reducer__svd_solver=auto, reducer__n_components=110, total=   3.3s
[CV] reducer__whiten=False, model__fit_intercept=True, reducer__svd_solver=auto, reducer__n_components=110 
[CV]  reducer__whiten=False, model__fit_intercept=True, reducer__svd_solver=auto, reducer__n_components=110, total=   3.0s
[CV] reducer__whiten=True, model__fit_intercept=True, reducer__svd_solver=auto, reducer__n_components=69 
[CV]  reducer__whiten=True, model__fit_intercept=True, reducer__svd_solver=auto, reducer__n_components=69, total=   1.8s
[CV] reducer__whiten=False, model__fit_intercept=True, reducer__svd_solver=auto, reducer__n_components=69 
[CV]  reducer__whiten=False, model__fit_intercept=True, reducer__svd_solver=auto, reducer__n_components=69, total=   1.9s
[CV] reducer__whiten=True, model__fit_intercept=True, reducer__svd_solver=auto, reducer__n_components=55 
[CV]  reducer__whiten=True, model__fit_intercept=True, reducer__svd_solver=auto, reducer__n_components=55, total=   1.5s
[CV] reducer__whiten=False, model__fit_intercept=True, reducer__svd_solver=auto, reducer__n_components=55 
[CV]  reducer__whiten=False, model__fit_intercept=True, reducer__svd_solver=auto, reducer__n_components=55, total=   1.5s
[CV] reducer__whiten=False, model__fit_intercept=True, reducer__svd_solver=auto, reducer__n_components=55 
[CV]  reducer__whiten=False, model__fit_intercept=True, reducer__svd_solver=auto, reducer__n_components=55, total=   1.7s
[CV] reducer__whiten=True, model__fit_intercept=True, reducer__svd_solver=auto, reducer__n_components=13 
[CV]  reducer__whiten=True, model__fit_intercept=True, reducer__svd_solver=auto, reducer__n_components=13, total=   0.3s
[CV] reducer__whiten=False, model__fit_intercept=True, reducer__svd_solver=auto, reducer__n_components=13 
[CV]  reducer__whiten=False, model__fit_intercept=True, reducer__svd_solver=auto, reducer__n_components=13, total=   0.3s
[CV] reducer__whiten=False, model__fit_intercept=True, reducer__svd_solver=auto, reducer__n_components=13 
[CV]  reducer__whiten=False, model__fit_intercept=True, reducer__svd_solver=auto, reducer__n_components=13, total=   0.3s
[CV] reducer__whiten=True, model__fit_intercept=True, reducer__svd_solver=auto, reducer__n_components=5 
[CV]  reducer__whiten=True, model__fit_intercept=True, reducer__svd_solver=auto, reducer__n_components=5, total=   0.3s
[CV] reducer__whiten=False, model__fit_intercept=True, reducer__svd_solver=auto, reducer__n_components=5 
[CV]  reducer__whiten=False, model__fit_intercept=True, reducer__svd_solver=auto, reducer__n_components=5, total=   0.4s
[CV] reducer__whiten=True, model__fit_intercept=True, reducer__svd_solver=auto, reducer__n_components=3 
[CV]  reducer__whiten=True, model__fit_intercept=True, reducer__svd_solver=auto, reducer__n_components=3, total=   0.2s
[CV] reducer__whiten=True, model__fit_intercept=True, reducer__svd_solver=auto, reducer__n_components=3 
[CV]  reducer__whiten=True, model__fit_intercept=True, reducer__svd_solver=auto, reducer__n_components=3, total=   0.3s
[CV] reducer__whiten=False, model__fit_intercept=True, reducer__svd_solver=auto, reducer__n_components=3 
[CV]  reducer__whiten=False, model__fit_intercept=True, reducer__svd_solver=auto, reducer__n_components=3, total=   0.2s
[CV] reducer__whiten=True, model__fit_intercept=True, reducer__svd_solver=auto, reducer__n_components=1 
[CV]  reducer__whiten=True, model__fit_intercept=True, reducer__svd_solver=auto, reducer__n_components=1, total=   0.2s
[CV] reducer__whiten=False, model__fit_intercept=True, reducer__svd_solver=auto, reducer__n_components=1 
[CV]  reducer__whiten=False, model__fit_intercept=True, reducer__svd_solver=auto, reducer__n_components=1, total=   0.2s
[CV] reducer__whiten=True, model__fit_intercept=True, reducer__svd_solver=auto, reducer__n_components=137 
[CV]  reducer__whiten=True, model__fit_intercept=True, reducer__svd_solver=auto, reducer__n_components=137, total=   0.3s
[CV] reducer__whiten=False, model__fit_intercept=True, reducer__svd_solver=auto, reducer__n_components=137 
[CV]  reducer__whiten=False, model__fit_intercept=True, reducer__svd_solver=auto, reducer__n_components=137, total=   0.4s
[CV] reducer__whiten=True, model__fit_intercept=True, reducer__svd_solver=auto, reducer__n_components=110 
[CV]  reducer__whiten=True, model__fit_intercept=True, reducer__svd_solver=auto, reducer__n_components=110, total=   3.6s
[CV] reducer__whiten=False, model__fit_intercept=True, reducer__svd_solver=auto, reducer__n_components=110 
[CV]  reducer__whiten=False, model__fit_intercept=True, reducer__svd_solver=auto, reducer__n_components=110, total=   3.8s
[CV] reducer__whiten=True, model__fit_intercept=True, reducer__svd_solver=auto, reducer__n_components=69 
[CV]  reducer__whiten=True, model__fit_intercept=True, reducer__svd_solver=auto, reducer__n_components=69, total=   2.1s
[CV] reducer__whiten=False, model__fit_intercept=True, reducer__svd_solver=auto, reducer__n_components=69 
[CV]  reducer__whiten=False, model__fit_intercept=True, reducer__svd_solver=auto, reducer__n_components=69, total=   2.0s
[CV] reducer__whiten=True, model__fit_intercept=True, reducer__svd_solver=auto, reducer__n_components=55 
[CV]  reducer__whiten=True, model__fit_intercept=True, reducer__svd_solver=auto, reducer__n_components=55, total=   2.0s
[CV] reducer__whiten=True, model__fit_intercept=True, reducer__svd_solver=auto, reducer__n_components=13 
[CV]  reducer__whiten=True, model__fit_intercept=True, reducer__svd_solver=auto, reducer__n_components=13, total=   0.7s
[CV] reducer__whiten=True, model__fit_intercept=True, reducer__svd_solver=auto, reducer__n_components=13 
[CV]  reducer__whiten=True, model__fit_intercept=True, reducer__svd_solver=auto, reducer__n_components=13, total=   0.8s
[CV] reducer__whiten=False, model__fit_intercept=True, reducer__svd_solver=auto, reducer__n_components=13 
[CV]  reducer__whiten=False, model__fit_intercept=True, reducer__svd_solver=auto, reducer__n_components=13, total=   0.7s
[CV] reducer__whiten=True, model__fit_intercept=True, reducer__svd_solver=auto, reducer__n_components=5 
[CV]  reducer__whiten=True, model__fit_intercept=True, reducer__svd_solver=auto, reducer__n_components=5, total=   0.6s
[CV] reducer__whiten=True, model__fit_intercept=True, reducer__svd_solver=auto, reducer__n_components=3 
[CV]  reducer__whiten=True, model__fit_intercept=True, reducer__svd_solver=auto, reducer__n_components=3, total=   0.2s
[CV] reducer__whiten=True, model__fit_intercept=True, reducer__svd_solver=auto, reducer__n_components=3 
[CV]  reducer__whiten=True, model__fit_intercept=True, reducer__svd_solver=auto, reducer__n_components=3, total=   0.2s
[CV] reducer__whiten=False, model__fit_intercept=True, reducer__svd_solver=auto, reducer__n_components=3 
[CV]  reducer__whiten=False, model__fit_intercept=True, reducer__svd_solver=auto, reducer__n_components=3, total=   0.2s
[CV] reducer__whiten=True, model__fit_intercept=True, reducer__svd_solver=auto, reducer__n_components=1 
[CV]  reducer__whiten=True, model__fit_intercept=True, reducer__svd_solver=auto, reducer__n_components=1, total=   0.2s
[CV] reducer__whiten=False, model__fit_intercept=True, reducer__svd_solver=auto, reducer__n_components=1 
[CV]  reducer__whiten=False, model__fit_intercept=True, reducer__svd_solver=auto, reducer__n_components=1, total=   0.2s
[CV] reducer__whiten=True, model__fit_intercept=True, reducer__svd_solver=auto, reducer__n_components=137 
[CV]  reducer__whiten=True, model__fit_intercept=True, reducer__svd_solver=auto, reducer__n_components=137, total=   0.3s
[CV] reducer__whiten=False, model__fit_intercept=True, reducer__svd_solver=auto, reducer__n_components=137 
[CV]  reducer__whiten=False, model__fit_intercept=True, reducer__svd_solver=auto, reducer__n_components=137, total=   0.3s
[CV] reducer__whiten=True, model__fit_intercept=True, reducer__svd_solver=auto, reducer__n_components=110 
[CV]  reducer__whiten=True, model__fit_intercept=True, reducer__svd_solver=auto, reducer__n_components=110, total=   3.2s
[CV] reducer__whiten=False, model__fit_intercept=True, reducer__svd_solver=auto, reducer__n_components=110 
[CV]  reducer__whiten=False, model__fit_intercept=True, reducer__svd_solver=auto, reducer__n_components=110, total=   3.5s
[CV] reducer__whiten=True, model__fit_intercept=True, reducer__svd_solver=auto, reducer__n_components=69 
[CV]  reducer__whiten=True, model__fit_intercept=True, reducer__svd_solver=auto, reducer__n_components=69, total=   2.0s
[CV] reducer__whiten=False, model__fit_intercept=True, reducer__svd_solver=auto, reducer__n_components=69 
[CV]  reducer__whiten=False, model__fit_intercept=True, reducer__svd_solver=auto, reducer__n_components=69, total=   2.2s
[CV] reducer__whiten=True, model__fit_intercept=True, reducer__svd_solver=auto, reducer__n_components=55 
[CV]  reducer__whiten=True, model__fit_intercept=True, reducer__svd_solver=auto, reducer__n_components=55, total=   2.2s
[CV] reducer__whiten=False, model__fit_intercept=True, reducer__svd_solver=auto, reducer__n_components=55 
[CV]  reducer__whiten=False, model__fit_intercept=True, reducer__svd_solver=auto, reducer__n_components=55, total=   2.0s
[CV] reducer__whiten=False, model__fit_intercept=True, reducer__svd_solver=auto, reducer__n_components=13 
[CV]  reducer__whiten=False, model__fit_intercept=True, reducer__svd_solver=auto, reducer__n_components=13, total=   0.6s
[CV] reducer__whiten=True, model__fit_intercept=True, reducer__svd_solver=auto, reducer__n_components=5 
[CV]  reducer__whiten=True, model__fit_intercept=True, reducer__svd_solver=auto, reducer__n_components=5, total=   0.6s
[CV] reducer__whiten=False, model__fit_intercept=True, reducer__svd_solver=auto, reducer__n_components=5 
[CV]  reducer__whiten=False, model__fit_intercept=True, reducer__svd_solver=auto, reducer__n_components=5, total=   0.5s
[CV] reducer__whiten=False, model__fit_intercept=True, reducer__svd_solver=auto, reducer__n_components=3 
[CV]  reducer__whiten=False, model__fit_intercept=True, reducer__svd_solver=auto, reducer__n_components=3, total=   0.5s
[CV] reducer__whiten=True, model__fit_intercept=True, reducer__svd_solver=auto, reducer__n_components=1 
[CV]  reducer__whiten=True, model__fit_intercept=True, reducer__svd_solver=auto, reducer__n_components=1, total=   0.2s
[CV] reducer__whiten=False, model__fit_intercept=True, reducer__svd_solver=auto, reducer__n_components=1 
[CV]  reducer__whiten=False, model__fit_intercept=True, reducer__svd_solver=auto, reducer__n_components=1, total=   0.2s
GREP_ME***Results of [LinearRegression] estimatorrun are
{'std_score_time': array([ 0.00494201,  0.00075133,  0.0046041 ,  0.00560211,  0.00527919,
        0.00235085,  0.00712414,  0.00955888,  0.00364802,  0.00221343,
        0.00844246,  0.00974184,  0.01098947,  0.0083821 ,  0.00568119,
        0.00796176]), 'std_train_score': array([  4.64820508e+09,   1.80567295e-02,   1.80530366e-02,
         1.80530366e-02,   1.90103853e-02,   1.90140385e-02,
         1.90436057e-02,   1.90541574e-02,   1.94578168e-02,
         1.94578168e-02,   1.81010917e-02,   1.81010917e-02,
         1.85022352e-02,   1.85022352e-02,   1.97324805e-02,
         1.97324805e-02]), 'split3_test_score': array([ -2.90602807e+24,   7.20193632e-01,   7.20484212e-01,
         7.20484212e-01,   7.21562362e-01,   7.21534250e-01,
         7.21422668e-01,   7.21447115e-01,   7.15331251e-01,
         7.15331251e-01,   7.08967262e-01,   7.08967262e-01,
         7.09072545e-01,   7.09072545e-01,   5.99270932e-01,
         5.99270932e-01]), 'mean_test_score': array([ -5.52886529e+24,   6.61400221e-01,   6.61523153e-01,
         6.61523153e-01,   6.61918618e-01,   6.61865245e-01,
         6.61539691e-01,   6.61531159e-01,   6.52680161e-01,
         6.52680161e-01,   6.51232222e-01,   6.51232222e-01,
         6.51025423e-01,   6.51025423e-01,   5.52428274e-01,
         5.52428274e-01]), 'std_fit_time': array([ 0.04930532,  0.06845111,  0.13954199,  0.27045883,  0.08821088,
        0.14016715,  0.26950227,  0.26783067,  0.20512914,  0.20869018,
        0.12467576,  0.0787642 ,  0.00746144,  0.12207144,  0.01934345,
        0.03264633]), 'rank_test_score': array([16,  7,  6,  5,  1,  2,  3,  4,  8,  9, 10, 11, 13, 12, 14, 14], dtype=int32), 'std_test_score': array([  5.25903073e+24,   5.53713064e-02,   5.54199518e-02,
         5.54199517e-02,   5.54831776e-02,   5.54800267e-02,
         5.56973959e-02,   5.56910513e-02,   5.70321602e-02,
         5.70321602e-02,   5.26326979e-02,   5.26326979e-02,
         5.36661258e-02,   5.36661258e-02,   5.76948093e-02,
         5.76948093e-02]), 'param_model__fit_intercept': masked_array(data = [True True True True True True True True True True True True True True True
 True],
             mask = [False False False False False False False False False False False False
 False False False False],
       fill_value = ?)
, 'mean_fit_time': array([ 0.28967899,  0.40030301,  3.34849751,  3.40102464,  1.91581035,
        1.92486036,  1.94532853,  1.79747099,  0.60760021,  0.45360237,
        0.46033615,  0.44861162,  0.23403597,  0.34225333,  0.20652151,
        0.16352928]), 'mean_train_score': array([ -3.63526297e+09,   6.72878477e-01,   6.72810871e-01,
         6.72810871e-01,   6.70123759e-01,   6.70104325e-01,
         6.69752119e-01,   6.69752204e-01,   6.57824047e-01,
         6.57824047e-01,   6.52641102e-01,   6.52641102e-01,
         6.51049124e-01,   6.51049124e-01,   5.51038990e-01,
         5.51038990e-01]), 'split1_test_score': array([ -1.42459692e+25,   5.70763994e-01,   5.70862056e-01,
         5.70862056e-01,   5.71371749e-01,   5.71340576e-01,
         5.70646608e-01,   5.70662180e-01,   5.60194513e-01,
         5.60194513e-01,   5.66049334e-01,   5.66049334e-01,
         5.63744757e-01,   5.63744757e-01,   4.54773363e-01,
         4.54773363e-01]), 'param_reducer__svd_solver': masked_array(data = ['auto' 'auto' 'auto' 'auto' 'auto' 'auto' 'auto' 'auto' 'auto' 'auto'
 'auto' 'auto' 'auto' 'auto' 'auto' 'auto'],
             mask = [False False False False False False False False False False False False
 False False False False],
       fill_value = ?)
, 'param_reducer__n_components': masked_array(data = [137 137 110 110 69 69 55 55 13 13 5 5 3 3 1 1],
             mask = [False False False False False False False False False False False False
 False False False False],
       fill_value = ?)
, 'split3_train_score': array([ -2.64295890e+09,   6.53071111e-01,   6.52984434e-01,
         6.52984434e-01,   6.49285949e-01,   6.49275628e-01,
         6.49008988e-01,   6.48986702e-01,   6.36072486e-01,
         6.36072486e-01,   6.32736324e-01,   6.32736324e-01,
         6.31024315e-01,   6.31024315e-01,   5.34675499e-01,
         5.34675499e-01]), 'split1_train_score': array([ -1.50402380e+08,   7.02234948e-01,   7.02154516e-01,
         7.02154516e-01,   7.01052959e-01,   7.01047215e-01,
         7.00786700e-01,   7.00800204e-01,   6.89270837e-01,
         6.89270837e-01,   6.82014975e-01,   6.82014975e-01,
         6.81242209e-01,   6.81242209e-01,   5.84633412e-01,
         5.84633412e-01]), 'split2_train_score': array([ -1.14984261e+10,   6.69596427e-01,   6.69505332e-01,
         6.69505332e-01,   6.66462106e-01,   6.66405373e-01,
         6.66065156e-01,   6.66059117e-01,   6.54619109e-01,
         6.54619109e-01,   6.49742526e-01,   6.49742526e-01,
         6.47549050e-01,   6.47549050e-01,   5.44941620e-01,
         5.44941620e-01]), 'split2_test_score': array([ -4.62560682e+24,   6.70788900e-01,   6.70770260e-01,
         6.70770260e-01,   6.71048841e-01,   6.70929445e-01,
         6.70701923e-01,   6.70689650e-01,   6.61007115e-01,
         6.61007115e-01,   6.57384750e-01,   6.57384750e-01,
         6.58378274e-01,   6.58378274e-01,   5.65728506e-01,
         5.65728506e-01]), 'mean_score_time': array([ 0.02496076,  0.01713532,  0.01550961,  0.01532376,  0.01768821,
        0.01046723,  0.01409858,  0.01689208,  0.00663269,  0.00885558,
        0.01646703,  0.00795931,  0.01322645,  0.01666093,  0.0194521 ,
        0.01723295]), 'split0_train_score': array([ -2.49264456e+08,   6.66611425e-01,   6.66599202e-01,
         6.66599202e-01,   6.63694019e-01,   6.63689083e-01,
         6.63147632e-01,   6.63162792e-01,   6.51333756e-01,
         6.51333756e-01,   6.46070583e-01,   6.46070583e-01,
         6.44380922e-01,   6.44380922e-01,   5.39905428e-01,
         5.39905428e-01]), 'split0_test_score': array([ -3.37857111e+23,   6.83854356e-01,   6.83976085e-01,
         6.83976085e-01,   6.83691520e-01,   6.83656708e-01,
         6.83387566e-01,   6.83325690e-01,   6.74187763e-01,
         6.74187763e-01,   6.72527543e-01,   6.72527543e-01,
         6.72906118e-01,   6.72906118e-01,   5.89940295e-01,
         5.89940295e-01]), 'param_reducer__whiten': masked_array(data = [True False True False True False True False True False True False True
 False True False],
             mask = [False False False False False False False False False False False False
 False False False False],
       fill_value = ?)
, 'params': ({'reducer__whiten': True, 'model__fit_intercept': True, 'reducer__svd_solver': 'auto', 'reducer__n_components': 137}, {'reducer__whiten': False, 'model__fit_intercept': True, 'reducer__svd_solver': 'auto', 'reducer__n_components': 137}, {'reducer__whiten': True, 'model__fit_intercept': True, 'reducer__svd_solver': 'auto', 'reducer__n_components': 110}, {'reducer__whiten': False, 'model__fit_intercept': True, 'reducer__svd_solver': 'auto', 'reducer__n_components': 110}, {'reducer__whiten': True, 'model__fit_intercept': True, 'reducer__svd_solver': 'auto', 'reducer__n_components': 69}, {'reducer__whiten': False, 'model__fit_intercept': True, 'reducer__svd_solver': 'auto', 'reducer__n_components': 69}, {'reducer__whiten': True, 'model__fit_intercept': True, 'reducer__svd_solver': 'auto', 'reducer__n_components': 55}, {'reducer__whiten': False, 'model__fit_intercept': True, 'reducer__svd_solver': 'auto', 'reducer__n_components': 55}, {'reducer__whiten': True, 'model__fit_intercept': True, 'reducer__svd_solver': 'auto', 'reducer__n_components': 13}, {'reducer__whiten': False, 'model__fit_intercept': True, 'reducer__svd_solver': 'auto', 'reducer__n_components': 13}, {'reducer__whiten': True, 'model__fit_intercept': True, 'reducer__svd_solver': 'auto', 'reducer__n_components': 5}, {'reducer__whiten': False, 'model__fit_intercept': True, 'reducer__svd_solver': 'auto', 'reducer__n_components': 5}, {'reducer__whiten': True, 'model__fit_intercept': True, 'reducer__svd_solver': 'auto', 'reducer__n_components': 3}, {'reducer__whiten': False, 'model__fit_intercept': True, 'reducer__svd_solver': 'auto', 'reducer__n_components': 3}, {'reducer__whiten': True, 'model__fit_intercept': True, 'reducer__svd_solver': 'auto', 'reducer__n_components': 1}, {'reducer__whiten': False, 'model__fit_intercept': True, 'reducer__svd_solver': 'auto', 'reducer__n_components': 1})}
GREP_ME***Best params of [LinearRegression] estimator,pipeline:| preprocessor:dummy | transfomer: dummy | reducer: PCA  run are
{'reducer__whiten': True, 'model__fit_intercept': True, 'reducer__svd_solver': 'auto', 'reducer__n_components': 69}
GREP_ME***Best score of [LinearRegression] estimator, pipeline:| preprocessor:dummy | transfomer: dummy | reducer: PCA run are
0.661918618156
####################################################################################

####################################################################################
***Starting [LinearRegression] estimator run, pipeline: | preprocessor:dummy | transfomer: dummy | reducer: GenericUnivariateSelect 
##param_grid##
{'model__fit_intercept': [True], 'reducer__param': [137, 110, 69, 55, 13, 5, 3, 1], 'reducer__score_func': [<function f_regression at 0x7f73d8567400>], 'reducer__mode': ['k_best']}
Fitting 4 folds for each of 8 candidates, totalling 32 fits
[CV] model__fit_intercept=True, reducer__param=137, reducer__score_func=<function f_regression at 0x7f73d8567400>, reducer__mode=k_best 
[CV]  model__fit_intercept=True, reducer__param=137, reducer__score_func=<function f_regression at 0x7f73d8567400>, reducer__mode=k_best, total=   0.1s
[CV] model__fit_intercept=True, reducer__param=110, reducer__score_func=<function f_regression at 0x7f73d8567400>, reducer__mode=k_best 
[CV]  model__fit_intercept=True, reducer__param=110, reducer__score_func=<function f_regression at 0x7f73d8567400>, reducer__mode=k_best, total=   0.2s
[CV] model__fit_intercept=True, reducer__param=69, reducer__score_func=<function f_regression at 0x7f73d8567400>, reducer__mode=k_best 
[CV]  model__fit_intercept=True, reducer__param=69, reducer__score_func=<function f_regression at 0x7f73d8567400>, reducer__mode=k_best, total=   0.2s
[CV] model__fit_intercept=True, reducer__param=69, reducer__score_func=<function f_regression at 0x7f73d8567400>, reducer__mode=k_best 
[CV]  model__fit_intercept=True, reducer__param=69, reducer__score_func=<function f_regression at 0x7f73d8567400>, reducer__mode=k_best, total=   0.1s
[CV] model__fit_intercept=True, reducer__param=13, reducer__score_func=<function f_regression at 0x7f73d8567400>, reducer__mode=k_best 
[CV]  model__fit_intercept=True, reducer__param=13, reducer__score_func=<function f_regression at 0x7f73d8567400>, reducer__mode=k_best, total=   0.1s
[CV] model__fit_intercept=True, reducer__param=13, reducer__score_func=<function f_regression at 0x7f73d8567400>, reducer__mode=k_best 
[CV]  model__fit_intercept=True, reducer__param=13, reducer__score_func=<function f_regression at 0x7f73d8567400>, reducer__mode=k_best, total=   0.1s
[CV] model__fit_intercept=True, reducer__param=3, reducer__score_func=<function f_regression at 0x7f73d8567400>, reducer__mode=k_best 
[CV]  model__fit_intercept=True, reducer__param=3, reducer__score_func=<function f_regression at 0x7f73d8567400>, reducer__mode=k_best, total=   0.1s
[CV] model__fit_intercept=True, reducer__param=3, reducer__score_func=<function f_regression at 0x7f73d8567400>, reducer__mode=k_best 
[CV]  model__fit_intercept=True, reducer__param=3, reducer__score_func=<function f_regression at 0x7f73d8567400>, reducer__mode=k_best, total=   0.1s
[CV] model__fit_intercept=True, reducer__param=137, reducer__score_func=<function f_regression at 0x7f73d8567400>, reducer__mode=k_best 
[CV]  model__fit_intercept=True, reducer__param=137, reducer__score_func=<function f_regression at 0x7f73d8567400>, reducer__mode=k_best, total=   0.2s
[CV] model__fit_intercept=True, reducer__param=110, reducer__score_func=<function f_regression at 0x7f73d8567400>, reducer__mode=k_best 
[CV]  model__fit_intercept=True, reducer__param=110, reducer__score_func=<function f_regression at 0x7f73d8567400>, reducer__mode=k_best, total=   0.2s
[CV] model__fit_intercept=True, reducer__param=69, reducer__score_func=<function f_regression at 0x7f73d8567400>, reducer__mode=k_best 
[CV]  model__fit_intercept=True, reducer__param=69, reducer__score_func=<function f_regression at 0x7f73d8567400>, reducer__mode=k_best, total=   0.2s
[CV] model__fit_intercept=True, reducer__param=69, reducer__score_func=<function f_regression at 0x7f73d8567400>, reducer__mode=k_best 
[CV]  model__fit_intercept=True, reducer__param=69, reducer__score_func=<function f_regression at 0x7f73d8567400>, reducer__mode=k_best, total=   0.1s
[CV] model__fit_intercept=True, reducer__param=13, reducer__score_func=<function f_regression at 0x7f73d8567400>, reducer__mode=k_best 
[CV]  model__fit_intercept=True, reducer__param=13, reducer__score_func=<function f_regression at 0x7f73d8567400>, reducer__mode=k_best, total=   0.1s
[CV] model__fit_intercept=True, reducer__param=13, reducer__score_func=<function f_regression at 0x7f73d8567400>, reducer__mode=k_best 
[CV]  model__fit_intercept=True, reducer__param=13, reducer__score_func=<function f_regression at 0x7f73d8567400>, reducer__mode=k_best, total=   0.1s
[CV] model__fit_intercept=True, reducer__param=3, reducer__score_func=<function f_regression at 0x7f73d8567400>, reducer__mode=k_best 
[CV]  model__fit_intercept=True, reducer__param=3, reducer__score_func=<function f_regression at 0x7f73d8567400>, reducer__mode=k_best, total=   0.1s
[CV] model__fit_intercept=True, reducer__param=3, reducer__score_func=<function f_regression at 0x7f73d8567400>, reducer__mode=k_best 
[CV]  model__fit_intercept=True, reducer__param=3, reducer__score_func=<function f_regression at 0x7f73d8567400>, reducer__mode=k_best, total=   0.1s
[CV] model__fit_intercept=True, reducer__param=137, reducer__score_func=<function f_regression at 0x7f73d8567400>, reducer__mode=k_best 
[CV]  model__fit_intercept=True, reducer__param=137, reducer__score_func=<function f_regression at 0x7f73d8567400>, reducer__mode=k_best, total=   0.2s
[CV] model__fit_intercept=True, reducer__param=110, reducer__score_func=<function f_regression at 0x7f73d8567400>, reducer__mode=k_best 
[CV]  model__fit_intercept=True, reducer__param=110, reducer__score_func=<function f_regression at 0x7f73d8567400>, reducer__mode=k_best, total=   0.2s
[CV] model__fit_intercept=True, reducer__param=55, reducer__score_func=<function f_regression at 0x7f73d8567400>, reducer__mode=k_best 
[CV]  model__fit_intercept=True, reducer__param=55, reducer__score_func=<function f_regression at 0x7f73d8567400>, reducer__mode=k_best, total=   0.1s
[CV] model__fit_intercept=True, reducer__param=55, reducer__score_func=<function f_regression at 0x7f73d8567400>, reducer__mode=k_best 
[CV]  model__fit_intercept=True, reducer__param=55, reducer__score_func=<function f_regression at 0x7f73d8567400>, reducer__mode=k_best, total=   0.1s
[CV] model__fit_intercept=True, reducer__param=5, reducer__score_func=<function f_regression at 0x7f73d8567400>, reducer__mode=k_best 
[CV]  model__fit_intercept=True, reducer__param=5, reducer__score_func=<function f_regression at 0x7f73d8567400>, reducer__mode=k_best, total=   0.1s
[CV] model__fit_intercept=True, reducer__param=5, reducer__score_func=<function f_regression at 0x7f73d8567400>, reducer__mode=k_best 
[CV]  model__fit_intercept=True, reducer__param=5, reducer__score_func=<function f_regression at 0x7f73d8567400>, reducer__mode=k_best, total=   0.1s
[CV] model__fit_intercept=True, reducer__param=1, reducer__score_func=<function f_regression at 0x7f73d8567400>, reducer__mode=k_best 
[CV]  model__fit_intercept=True, reducer__param=1, reducer__score_func=<function f_regression at 0x7f73d8567400>, reducer__mode=k_best, total=   0.0s
[CV] model__fit_intercept=True, reducer__param=1, reducer__score_func=<function f_regression at 0x7f73d8567400>, reducer__mode=k_best 
[CV]  model__fit_intercept=True, reducer__param=1, reducer__score_func=<function f_regression at 0x7f73d8567400>, reducer__mode=k_best, total=   0.0s
GREP_ME***Results of [LinearRegression] estimatorrun are
{'std_score_time': array([  5.51782445e-03,   1.08460838e-03,   3.55254059e-04,
         1.12452910e-04,   8.69554648e-04,   1.16668996e-02,
         8.25064958e-03,   6.13742344e-05]), 'param_reducer__score_func': masked_array(data = [<function f_regression at 0x7f73d8567400>
 <function f_regression at 0x7f73d8567400>
 <function f_regression at 0x7f73d8567400>
 <function f_regression at 0x7f73d8567400>
 <function f_regression at 0x7f73d8567400>
 <function f_regression at 0x7f73d8567400>
 <function f_regression at 0x7f73d8567400>
 <function f_regression at 0x7f73d8567400>],
             mask = [False False False False False False False False],
       fill_value = ?)
, 'std_train_score': array([ 0.01805673,  0.01812477,  0.01807238,  0.01809318,  0.0180858 ,
        0.01805297,  0.01846183,  0.01973254]), 'split3_test_score': array([ 0.72019363,  0.72163228,  0.72163307,  0.72190657,  0.71882419,
        0.70889716,  0.70708468,  0.59926841]), 'param_reducer__mode': masked_array(data = ['k_best' 'k_best' 'k_best' 'k_best' 'k_best' 'k_best' 'k_best' 'k_best'],
             mask = [False False False False False False False False],
       fill_value = ?)
, 'mean_test_score': array([ 0.66140022,  0.6619529 ,  0.66196526,  0.66180418,  0.65887908,
        0.64979249,  0.64984281,  0.55242586]), 'std_fit_time': array([ 0.05090831,  0.0126312 ,  0.0107968 ,  0.0071452 ,  0.01876233,
        0.01999064,  0.03035526,  0.02058062]), 'param_reducer__param': masked_array(data = [137 110 69 55 13 5 3 1],
             mask = [False False False False False False False False],
       fill_value = ?)
, 'param_model__fit_intercept': masked_array(data = [True True True True True True True True],
             mask = [False False False False False False False False],
       fill_value = ?)
, 'mean_fit_time': array([ 0.19170016,  0.21106827,  0.14311731,  0.11177164,  0.08702105,
        0.06983215,  0.07869089,  0.04676712]), 'mean_train_score': array([ 0.67287848,  0.67251571,  0.67187454,  0.67149166,  0.66200154,
        0.65198362,  0.65045386,  0.55103658]), 'split1_test_score': array([ 0.57076399,  0.57114598,  0.57104374,  0.57118646,  0.57209957,
        0.56465558,  0.56173662,  0.4547707 ]), 'std_test_score': array([ 0.05537131,  0.05563061,  0.0556878 ,  0.05565626,  0.05381318,
        0.05287263,  0.05393206,  0.05769492]), 'split3_train_score': array([ 0.65307111,  0.65232207,  0.65156908,  0.65122825,  0.64244209,
        0.63188339,  0.63080704,  0.53467318]), 'split1_train_score': array([ 0.70223495,  0.70184418,  0.70102155,  0.70070961,  0.69150998,
        0.6811748 ,  0.6807094 ,  0.58463114]), 'rank_test_score': array([4, 2, 1, 3, 5, 7, 6, 8], dtype=int32), 'split2_train_score': array([ 0.66959643,  0.66942557,  0.66911157,  0.66860615,  0.65869636,
        0.64919482,  0.64683593,  0.54493898]), 'split2_test_score': array([ 0.6707889 ,  0.67091856,  0.67091538,  0.669955  ,  0.66525029,
        0.65568241,  0.65756024,  0.56572636]), 'mean_score_time': array([ 0.02079964,  0.0066027 ,  0.00488168,  0.00626099,  0.00457078,
        0.00822043,  0.00957352,  0.00154334]), 'split0_train_score': array([ 0.66661142,  0.66647102,  0.66579593,  0.66542264,  0.65535771,
        0.64568148,  0.64346307,  0.539903  ]), 'split0_test_score': array([ 0.68385436,  0.68411478,  0.68426885,  0.68416869,  0.67934229,
        0.6699348 ,  0.6729897 ,  0.58993796]), 'params': ({'model__fit_intercept': True, 'reducer__param': 137, 'reducer__score_func': <function f_regression at 0x7f73d8567400>, 'reducer__mode': 'k_best'}, {'model__fit_intercept': True, 'reducer__param': 110, 'reducer__score_func': <function f_regression at 0x7f73d8567400>, 'reducer__mode': 'k_best'}, {'model__fit_intercept': True, 'reducer__param': 69, 'reducer__score_func': <function f_regression at 0x7f73d8567400>, 'reducer__mode': 'k_best'}, {'model__fit_intercept': True, 'reducer__param': 55, 'reducer__score_func': <function f_regression at 0x7f73d8567400>, 'reducer__mode': 'k_best'}, {'model__fit_intercept': True, 'reducer__param': 13, 'reducer__score_func': <function f_regression at 0x7f73d8567400>, 'reducer__mode': 'k_best'}, {'model__fit_intercept': True, 'reducer__param': 5, 'reducer__score_func': <function f_regression at 0x7f73d8567400>, 'reducer__mode': 'k_best'}, {'model__fit_intercept': True, 'reducer__param': 3, 'reducer__score_func': <function f_regression at 0x7f73d8567400>, 'reducer__mode': 'k_best'}, {'model__fit_intercept': True, 'reducer__param': 1, 'reducer__score_func': <function f_regression at 0x7f73d8567400>, 'reducer__mode': 'k_best'})}
GREP_ME***Best params of [LinearRegression] estimator,pipeline:| preprocessor:dummy | transfomer: dummy | reducer: GenericUnivariateSelect  run are
{'model__fit_intercept': True, 'reducer__param': 69, 'reducer__score_func': <function f_regression at 0x7f73d8567400>, 'reducer__mode': 'k_best'}
GREP_ME***Best score of [LinearRegression] estimator, pipeline:| preprocessor:dummy | transfomer: dummy | reducer: GenericUnivariateSelect run are
0.661965259504
####################################################################################

####################################################################################
***Starting [LinearRegression] estimator run, pipeline: | preprocessor:dummy | transfomer: dummy | reducer: RFE 
##param_grid##
{'model__fit_intercept': [True], 'reducer__step': [0.1], 'reducer__n_features_to_select': [137, 110, 69, 55, 13, 5, 3, 1]}
Fitting 4 folds for each of 8 candidates, totalling 32 fits
[CV] model__fit_intercept=True, reducer__step=0.1, reducer__n_features_to_select=137 
[CV]  model__fit_intercept=True, reducer__step=0.1, reducer__n_features_to_select=137, total=   0.8s
[CV] model__fit_intercept=True, reducer__step=0.1, reducer__n_features_to_select=110 
[CV]  model__fit_intercept=True, reducer__step=0.1, reducer__n_features_to_select=110, total=   1.6s
[CV] model__fit_intercept=True, reducer__step=0.1, reducer__n_features_to_select=69 
[CV]  model__fit_intercept=True, reducer__step=0.1, reducer__n_features_to_select=69, total=   2.4s
[CV] model__fit_intercept=True, reducer__step=0.1, reducer__n_features_to_select=55 
[CV]  model__fit_intercept=True, reducer__step=0.1, reducer__n_features_to_select=55, total=   2.6s
[CV] model__fit_intercept=True, reducer__step=0.1, reducer__n_features_to_select=13 
[CV]  model__fit_intercept=True, reducer__step=0.1, reducer__n_features_to_select=13, total=   3.1s
[CV] model__fit_intercept=True, reducer__step=0.1, reducer__n_features_to_select=5 
[CV]  model__fit_intercept=True, reducer__step=0.1, reducer__n_features_to_select=5, total=   3.0s
[CV] model__fit_intercept=True, reducer__step=0.1, reducer__n_features_to_select=3 
[CV]  model__fit_intercept=True, reducer__step=0.1, reducer__n_features_to_select=3, total=   3.1s
[CV] model__fit_intercept=True, reducer__step=0.1, reducer__n_features_to_select=1 
[CV]  model__fit_intercept=True, reducer__step=0.1, reducer__n_features_to_select=1, total=   2.8s
[CV] model__fit_intercept=True, reducer__step=0.1, reducer__n_features_to_select=137 
[CV]  model__fit_intercept=True, reducer__step=0.1, reducer__n_features_to_select=137, total=   0.8s
[CV] model__fit_intercept=True, reducer__step=0.1, reducer__n_features_to_select=110 
[CV]  model__fit_intercept=True, reducer__step=0.1, reducer__n_features_to_select=110, total=   1.5s
[CV] model__fit_intercept=True, reducer__step=0.1, reducer__n_features_to_select=69 
[CV]  model__fit_intercept=True, reducer__step=0.1, reducer__n_features_to_select=69, total=   2.4s
[CV] model__fit_intercept=True, reducer__step=0.1, reducer__n_features_to_select=55 
[CV]  model__fit_intercept=True, reducer__step=0.1, reducer__n_features_to_select=55, total=   2.5s
[CV] model__fit_intercept=True, reducer__step=0.1, reducer__n_features_to_select=13 
[CV]  model__fit_intercept=True, reducer__step=0.1, reducer__n_features_to_select=13, total=   3.0s
[CV] model__fit_intercept=True, reducer__step=0.1, reducer__n_features_to_select=5 
[CV]  model__fit_intercept=True, reducer__step=0.1, reducer__n_features_to_select=5, total=   3.1s
[CV] model__fit_intercept=True, reducer__step=0.1, reducer__n_features_to_select=3 
[CV]  model__fit_intercept=True, reducer__step=0.1, reducer__n_features_to_select=3, total=   3.0s
[CV] model__fit_intercept=True, reducer__step=0.1, reducer__n_features_to_select=1 
[CV]  model__fit_intercept=True, reducer__step=0.1, reducer__n_features_to_select=1, total=   3.0s
[CV] model__fit_intercept=True, reducer__step=0.1, reducer__n_features_to_select=137 
[CV]  model__fit_intercept=True, reducer__step=0.1, reducer__n_features_to_select=137, total=   0.9s
[CV] model__fit_intercept=True, reducer__step=0.1, reducer__n_features_to_select=110 
[CV]  model__fit_intercept=True, reducer__step=0.1, reducer__n_features_to_select=110, total=   1.5s
[CV] model__fit_intercept=True, reducer__step=0.1, reducer__n_features_to_select=69 
[CV]  model__fit_intercept=True, reducer__step=0.1, reducer__n_features_to_select=69, total=   2.4s
[CV] model__fit_intercept=True, reducer__step=0.1, reducer__n_features_to_select=55 
[CV]  model__fit_intercept=True, reducer__step=0.1, reducer__n_features_to_select=55, total=   2.6s
[CV] model__fit_intercept=True, reducer__step=0.1, reducer__n_features_to_select=13 
[CV]  model__fit_intercept=True, reducer__step=0.1, reducer__n_features_to_select=13, total=   3.0s
[CV] model__fit_intercept=True, reducer__step=0.1, reducer__n_features_to_select=5 
[CV]  model__fit_intercept=True, reducer__step=0.1, reducer__n_features_to_select=5, total=   3.1s
[CV] model__fit_intercept=True, reducer__step=0.1, reducer__n_features_to_select=3 
[CV]  model__fit_intercept=True, reducer__step=0.1, reducer__n_features_to_select=3, total=   3.0s
[CV] model__fit_intercept=True, reducer__step=0.1, reducer__n_features_to_select=1 
[CV]  model__fit_intercept=True, reducer__step=0.1, reducer__n_features_to_select=1, total=   2.9s
GREP_ME***Results of [LinearRegression] estimatorrun are
{'std_score_time': array([  1.91897571e-03,   1.46450700e-03,   1.41818051e-03,
         4.17995201e-03,   2.94242435e-03,   4.88651587e-05,
         2.94434879e-05,   3.57331213e-05]), 'std_test_score': array([ 0.05537014,  0.05547423,  0.05542447,  0.05547489,  0.05280043,
        0.05376702,  0.05384261,  0.05769492]), 'std_train_score': array([ 0.01805673,  0.01797   ,  0.01807862,  0.01795461,  0.0181135 ,
        0.01838373,  0.01848537,  0.01973254]), 'split3_test_score': array([ 0.72019363,  0.71979915,  0.72006747,  0.72081945,  0.71699112,
        0.70654317,  0.7079533 ,  0.59926841]), 'split3_train_score': array([ 0.65307111,  0.65275703,  0.65196188,  0.65186318,  0.64269271,
        0.6309767 ,  0.6306756 ,  0.53467318]), 'param_reducer__step': masked_array(data = [0.1 0.1 0.1 0.1 0.1 0.1 0.1 0.1],
             mask = [False False False False False False False False],
       fill_value = ?)
, 'split0_test_score': array([ 0.68385436,  0.68459107,  0.68425135,  0.68449177,  0.68095397,
        0.67304904,  0.6729897 ,  0.58993796]), 'mean_test_score': array([ 0.66139333,  0.66142421,  0.6613999 ,  0.66188786,  0.65830338,
        0.65004853,  0.65026298,  0.55242586]), 'split2_train_score': array([ 0.66959643,  0.66944857,  0.66907033,  0.66885516,  0.65884897,
        0.6470511 ,  0.64683306,  0.54493898]), 'std_fit_time': array([ 0.03887639,  0.05092453,  0.03971324,  0.03721342,  0.06301403,
        0.0391456 ,  0.02948672,  0.05986579]), 'rank_test_score': array([4, 2, 3, 1, 5, 7, 6, 8], dtype=int32), 'split2_test_score': array([ 0.67076133,  0.67085635,  0.6706441 ,  0.67112995,  0.66171527,
        0.65869085,  0.6575833 ,  0.56572636]), 'param_model__fit_intercept': masked_array(data = [True True True True True True True True],
             mask = [False False False False False False False False],
       fill_value = ?)
, 'params': ({'model__fit_intercept': True, 'reducer__step': 0.1, 'reducer__n_features_to_select': 137}, {'model__fit_intercept': True, 'reducer__step': 0.1, 'reducer__n_features_to_select': 110}, {'model__fit_intercept': True, 'reducer__step': 0.1, 'reducer__n_features_to_select': 69}, {'model__fit_intercept': True, 'reducer__step': 0.1, 'reducer__n_features_to_select': 55}, {'model__fit_intercept': True, 'reducer__step': 0.1, 'reducer__n_features_to_select': 13}, {'model__fit_intercept': True, 'reducer__step': 0.1, 'reducer__n_features_to_select': 5}, {'model__fit_intercept': True, 'reducer__step': 0.1, 'reducer__n_features_to_select': 3}, {'model__fit_intercept': True, 'reducer__step': 0.1, 'reducer__n_features_to_select': 1}), 'mean_score_time': array([ 0.00569403,  0.00662774,  0.00392592,  0.00610393,  0.00441092,
        0.00133842,  0.00125098,  0.00125819]), 'mean_fit_time': array([ 0.84403658,  1.53401309,  2.36824745,  2.57674563,  3.00982136,
        3.0430401 ,  3.02882147,  2.92528832]), 'split0_train_score': array([ 0.66661142,  0.66647005,  0.66583837,  0.6656793 ,  0.65372481,
        0.64413318,  0.64346307,  0.539903  ]), 'split1_train_score': array([ 0.70223495,  0.70176218,  0.70131348,  0.70088371,  0.69135458,
        0.68080659,  0.68068103,  0.58463114]), 'mean_train_score': array([ 0.67287848,  0.67260946,  0.67204602,  0.67182034,  0.66165527,
        0.65074189,  0.65041319,  0.55103658]), 'param_reducer__n_features_to_select': masked_array(data = [137 110 69 55 13 5 3 1],
             mask = [False False False False False False False False],
       fill_value = ?)
, 'split1_test_score': array([ 0.57076399,  0.57045026,  0.57063669,  0.57111028,  0.57355316,
        0.56191106,  0.56252562,  0.4547707 ])}
GREP_ME***Best params of [LinearRegression] estimator,pipeline:| preprocessor:dummy | transfomer: dummy | reducer: RFE  run are
{'model__fit_intercept': True, 'reducer__step': 0.1, 'reducer__n_features_to_select': 55}
GREP_ME***Best score of [LinearRegression] estimator, pipeline:| preprocessor:dummy | transfomer: dummy | reducer: RFE run are
0.661887863388
####################################################################################

####################################################################################
***Starting [LinearRegression] estimator run, pipeline: | preprocessor:dummy | transfomer: Normalizer | reducer: dummy 
##param_grid##
{'model__fit_intercept': [True], 'transfomer__norm': ['l1', 'l2', 'max']}
Fitting 4 folds for each of 3 candidates, totalling 12 fits
[CV] model__fit_intercept=True, transfomer__norm=l1 ..................
[CV] ... model__fit_intercept=True, transfomer__norm=l1, total=   0.1s
[CV] model__fit_intercept=True, transfomer__norm=l2 ..................
[CV] ... model__fit_intercept=True, transfomer__norm=l2, total=   0.1s
[CV] model__fit_intercept=True, transfomer__norm=max .................
[CV] .. model__fit_intercept=True, transfomer__norm=max, total=   0.2s
[CV] model__fit_intercept=True, transfomer__norm=l1 ..................
[CV] ... model__fit_intercept=True, transfomer__norm=l1, total=   0.2s
[CV] model__fit_intercept=True, transfomer__norm=l2 ..................
[CV] ... model__fit_intercept=True, transfomer__norm=l2, total=   0.2s
[CV] model__fit_intercept=True, transfomer__norm=max .................
[CV] .. model__fit_intercept=True, transfomer__norm=max, total=   0.2s
GREP_ME***Results of [LinearRegression] estimatorrun are
{'std_score_time': array([ 0.00579227,  0.00385439,  0.00341267]), 'std_test_score': array([  1.74700896e+14,   6.51430283e+01,   7.06890726e+01]), 'std_train_score': array([ 0.00181364,  0.00188689,  0.00196171]), 'split3_test_score': array([ -7.98377754e+13,  -4.08118825e+00,  -4.13680405e+00]), 'split3_train_score': array([ 0.0324452 ,  0.02922844,  0.02851643]), 'split0_test_score': array([ -4.27375168e+14,  -1.58054540e+02,  -1.70998356e+02]), 'mean_test_score': array([ -1.29475863e+14,  -4.60359671e+01,  -4.93132842e+01]), 'split2_train_score': array([ 0.03193165,  0.02870526,  0.02790396]), 'std_fit_time': array([ 0.01819834,  0.04227471,  0.02158059]), 'rank_test_score': array([3, 1, 2], dtype=int32), 'split2_test_score': array([ -1.32450048e+10,  -2.12905813e+01,  -2.13746720e+01]), 'param_transfomer__norm': masked_array(data = ['l1' 'l2' 'max'],
             mask = [False False False],
       fill_value = ?)
, 'mean_score_time': array([ 0.02884573,  0.00971591,  0.00838679]), 'mean_fit_time': array([ 0.13253987,  0.18519127,  0.17920345]), 'param_model__fit_intercept': masked_array(data = [True True True],
             mask = [False False False],
       fill_value = ?)
, 'split0_train_score': array([ 0.03138549,  0.02846223,  0.02791021]), 'split1_train_score': array([ 0.02782274,  0.02448822,  0.02361641]), 'mean_train_score': array([ 0.03089627,  0.02772104,  0.02698675]), 'params': ({'model__fit_intercept': True, 'transfomer__norm': 'l1'}, {'model__fit_intercept': True, 'transfomer__norm': 'l2'}, {'model__fit_intercept': True, 'transfomer__norm': 'max'}), 'split1_test_score': array([ -1.06772650e+13,  -7.17558223e-01,  -7.43304785e-01])}
GREP_ME***Best params of [LinearRegression] estimator,pipeline:| preprocessor:dummy | transfomer: Normalizer | reducer: dummy  run are
{'model__fit_intercept': True, 'transfomer__norm': 'l2'}
GREP_ME***Best score of [LinearRegression] estimator, pipeline:| preprocessor:dummy | transfomer: Normalizer | reducer: dummy run are
-46.0359670588
####################################################################################

####################################################################################
***Starting [LinearRegression] estimator run, pipeline: | preprocessor:dummy | transfomer: Normalizer | reducer: FactorAnalysis 
##param_grid##
{'reducer__svd_method': ['randomized'], 'model__fit_intercept': [True], 'reducer__n_components': [137, 110, 69, 55, 13, 5, 3, 1], 'transfomer__norm': ['l1', 'l2', 'max']}
Fitting 4 folds for each of 24 candidates, totalling 96 fits
