#########################################
###Starting all estimators for cl: label_gross_3
#########################################

LogPol True
n_components
[193, 115, 57]
pw_lst
[{'pw': 1}]
####################################################################################
################# Runing the itteration 1  of pipeline precomp      ###############
####################################################################################
| preprocessor:log_poly | transfomer: StandardScaler | reducer: RFE
{'reducer__n_features_to_select': [193, 115, 57], 'preprocessor__kw_args': [{'pw': 1}], 'reducer__step': [0.1]}
Starting precomp pipline for {'reducer__n_features_to_select': 193, 'preprocessor__kw_args': {'pw': 1}, 'reducer__step': 0.1}
Finished precomp pipline for {'reducer__n_features_to_select': 193, 'preprocessor__kw_args': {'pw': 1}, 'reducer__step': 0.1}
Starting precomp pipline for {'reducer__n_features_to_select': 115, 'preprocessor__kw_args': {'pw': 1}, 'reducer__step': 0.1}
Finished precomp pipline for {'reducer__n_features_to_select': 115, 'preprocessor__kw_args': {'pw': 1}, 'reducer__step': 0.1}
Starting precomp pipline for {'reducer__n_features_to_select': 57, 'preprocessor__kw_args': {'pw': 1}, 'reducer__step': 0.1}
Finished precomp pipline for {'reducer__n_features_to_select': 57, 'preprocessor__kw_args': {'pw': 1}, 'reducer__step': 0.1}

LogPol True
n_components
[203, 121, 60]
pw_lst
[{'pw': 1}, {'pw': 2}]
####################################################################################
################# Runing the itteration 2  of pipeline precomp      ###############
####################################################################################
| preprocessor:log_poly | transfomer: StandardScaler | reducer: RFE
{'reducer__n_features_to_select': [203, 121, 60], 'preprocessor__kw_args': [{'pw': 2}], 'reducer__step': [0.1]}
Starting precomp pipline for {'reducer__n_features_to_select': 203, 'preprocessor__kw_args': {'pw': 2}, 'reducer__step': 0.1}
Finished precomp pipline for {'reducer__n_features_to_select': 203, 'preprocessor__kw_args': {'pw': 2}, 'reducer__step': 0.1}
Starting precomp pipline for {'reducer__n_features_to_select': 121, 'preprocessor__kw_args': {'pw': 2}, 'reducer__step': 0.1}
Finished precomp pipline for {'reducer__n_features_to_select': 121, 'preprocessor__kw_args': {'pw': 2}, 'reducer__step': 0.1}
Starting precomp pipline for {'reducer__n_features_to_select': 60, 'preprocessor__kw_args': {'pw': 2}, 'reducer__step': 0.1}
Finished precomp pipline for {'reducer__n_features_to_select': 60, 'preprocessor__kw_args': {'pw': 2}, 'reducer__step': 0.1}

LogPol True
n_components
[213, 127, 63]
pw_lst
[{'pw': 1}, {'pw': 2}, {'pw': 3}]
####################################################################################
################# Runing the itteration 3  of pipeline precomp      ###############
####################################################################################
| preprocessor:log_poly | transfomer: StandardScaler | reducer: RFE
{'reducer__n_features_to_select': [213, 127, 63], 'preprocessor__kw_args': [{'pw': 3}], 'reducer__step': [0.1]}
Starting precomp pipline for {'reducer__n_features_to_select': 213, 'preprocessor__kw_args': {'pw': 3}, 'reducer__step': 0.1}
Finished precomp pipline for {'reducer__n_features_to_select': 213, 'preprocessor__kw_args': {'pw': 3}, 'reducer__step': 0.1}
Starting precomp pipline for {'reducer__n_features_to_select': 127, 'preprocessor__kw_args': {'pw': 3}, 'reducer__step': 0.1}
Finished precomp pipline for {'reducer__n_features_to_select': 127, 'preprocessor__kw_args': {'pw': 3}, 'reducer__step': 0.1}
Starting precomp pipline for {'reducer__n_features_to_select': 63, 'preprocessor__kw_args': {'pw': 3}, 'reducer__step': 0.1}
Finished precomp pipline for {'reducer__n_features_to_select': 63, 'preprocessor__kw_args': {'pw': 3}, 'reducer__step': 0.1}

LogPol True
n_components
[223, 133, 66]
pw_lst
[{'pw': 1}, {'pw': 2}, {'pw': 3}, {'pw': 4}]
####################################################################################
################# Runing the itteration 4  of pipeline precomp      ###############
####################################################################################
| preprocessor:log_poly | transfomer: StandardScaler | reducer: RFE
{'reducer__n_features_to_select': [223, 133, 66], 'preprocessor__kw_args': [{'pw': 4}], 'reducer__step': [0.1]}
Starting precomp pipline for {'reducer__n_features_to_select': 223, 'preprocessor__kw_args': {'pw': 4}, 'reducer__step': 0.1}
Finished precomp pipline for {'reducer__n_features_to_select': 223, 'preprocessor__kw_args': {'pw': 4}, 'reducer__step': 0.1}
Starting precomp pipline for {'reducer__n_features_to_select': 133, 'preprocessor__kw_args': {'pw': 4}, 'reducer__step': 0.1}
Finished precomp pipline for {'reducer__n_features_to_select': 133, 'preprocessor__kw_args': {'pw': 4}, 'reducer__step': 0.1}
Starting precomp pipline for {'reducer__n_features_to_select': 66, 'preprocessor__kw_args': {'pw': 4}, 'reducer__step': 0.1}
Finished precomp pipline for {'reducer__n_features_to_select': 66, 'preprocessor__kw_args': {'pw': 4}, 'reducer__step': 0.1}
####################################################################################
################# Runing the itteration 5  of the GridSearchCV ####################
####################################################################################
***Starting [BaggingRegressor] estimator run, pipeline: | preprocessor:log_poly | transfomer: StandardScaler | reducer: RFE 
##param_grid##
{}
Fitting 4 folds for each of 1 candidates, totalling 4 fits
[CV]  ................................................................
[CV] ................................................. , total=   1.3s
GREP_ME***Results of [BaggingRegressor] estimatorrun are
{'std_test_score': array([ 0.0348013]), 'mean_test_score': array([ 0.59461317]), 'split0_test_score': array([ 0.55665941]), 'split3_train_score': array([ 0.92699361]), 'split1_test_score': array([ 0.65135136]), 'split0_train_score': array([ 0.93256319]), 'split2_train_score': array([ 0.92780598]), 'rank_test_score': array([1], dtype=int32), 'std_score_time': array([ 0.00045059]), 'split2_test_score': array([ 0.58726849]), 'mean_fit_time': array([ 1.26974934]), 'std_train_score': array([ 0.00409072]), 'params': ({},), 'mean_score_time': array([ 0.01911557]), 'std_fit_time': array([ 0.0427901]), 'split1_train_score': array([ 0.92105187]), 'mean_train_score': array([ 0.92710366]), 'split3_test_score': array([ 0.58317342])}
GREP_ME***Best params of [BaggingRegressor] estimator,pipeline:| preprocessor:log_poly | transfomer: StandardScaler | reducer: RFE  run are
{'reducer__n_features_to_select': 213, 'preprocessor__kw_args': {'pw': 3}, 'reducer__step': 0.1}
GREP_ME***Best score of [BaggingRegressor] estimator, pipeline:| preprocessor:log_poly | transfomer: StandardScaler | reducer: RFE run are
0.594613172326
####################################################################################
################# Runing the itteration 6  of the GridSearchCV ####################
####################################################################################
***Starting [ExtraTreesRegressor] estimator run, pipeline: | preprocessor:log_poly | transfomer: StandardScaler | reducer: RFE 
##param_grid##
{}
Fitting 4 folds for each of 1 candidates, totalling 4 fits
[CV]  ................................................................
[CV] ................................................. , total=   0.8s
[CV]  ................................................................
[CV] ................................................. , total=   0.9s
[CV]  ................................................................
[CV] ................................................. , total=   0.9s
[CV]  ................................................................
[CV] ................................................. , total=   0.9s
GREP_ME***Results of [ExtraTreesRegressor] estimatorrun are
{'std_test_score': array([ 0.03079466]), 'mean_test_score': array([ 0.57323143]), 'split0_test_score': array([ 0.56327604]), 'split3_train_score': array([ 1.]), 'split1_test_score': array([ 0.62582932]), 'split0_train_score': array([ 1.]), 'split2_train_score': array([ 1.]), 'rank_test_score': array([1], dtype=int32), 'std_score_time': array([ 0.00030892]), 'split2_test_score': array([ 0.55494368]), 'mean_fit_time': array([ 0.85929257]), 'std_train_score': array([ 0.]), 'params': ({},), 'mean_score_time': array([ 0.00963682]), 'std_fit_time': array([ 0.01883363]), 'split1_train_score': array([ 1.]), 'mean_train_score': array([ 1.]), 'split3_test_score': array([ 0.54887669])}
GREP_ME***Best params of [ExtraTreesRegressor] estimator,pipeline:| preprocessor:log_poly | transfomer: StandardScaler | reducer: RFE  run are
{'reducer__n_features_to_select': 213, 'preprocessor__kw_args': {'pw': 3}, 'reducer__step': 0.1}
GREP_ME***Best score of [ExtraTreesRegressor] estimator, pipeline:| preprocessor:log_poly | transfomer: StandardScaler | reducer: RFE run are
0.573231433054
####################################################################################
################# Runing the itteration 7  of the GridSearchCV ####################
####################################################################################
***Starting [GradientBoostingRegressor] estimator run, pipeline: | preprocessor:log_poly | transfomer: StandardScaler | reducer: RFE 
##param_grid##
{}
Fitting 4 folds for each of 1 candidates, totalling 4 fits
[CV]  ................................................................
[CV] ................................................. , total=   1.6s
[CV]  ................................................................
[CV] ................................................. , total=   1.6s
[CV]  ................................................................
[CV] ................................................. , total=   1.6s
GREP_ME***Results of [GradientBoostingRegressor] estimatorrun are
{'std_test_score': array([ 0.01763505]), 'mean_test_score': array([ 0.62605339]), 'split0_test_score': array([ 0.61093888]), 'split3_train_score': array([ 0.79688666]), 'split1_test_score': array([ 0.64778995]), 'split0_train_score': array([ 0.76566447]), 'split2_train_score': array([ 0.77073683]), 'rank_test_score': array([1], dtype=int32), 'std_score_time': array([ 0.00145338]), 'split2_test_score': array([ 0.63888437]), 'mean_fit_time': array([ 1.58005476]), 'std_train_score': array([ 0.01185752]), 'params': ({},), 'mean_score_time': array([ 0.0087232]), 'std_fit_time': array([ 0.03095059]), 'split1_train_score': array([ 0.77663858]), 'mean_train_score': array([ 0.77748164]), 'split3_test_score': array([ 0.60660037])}
GREP_ME***Best params of [GradientBoostingRegressor] estimator,pipeline:| preprocessor:log_poly | transfomer: StandardScaler | reducer: RFE  run are
{'reducer__n_features_to_select': 213, 'preprocessor__kw_args': {'pw': 3}, 'reducer__step': 0.1}
GREP_ME***Best score of [GradientBoostingRegressor] estimator, pipeline:| preprocessor:log_poly | transfomer: StandardScaler | reducer: RFE run are
0.626053392311
####################################################################################
################# Runing the itteration 8  of the GridSearchCV ####################
####################################################################################
***Starting [BaggingRegressor] estimator run, pipeline: | preprocessor:log_poly | transfomer: StandardScaler | reducer: RFE 
##param_grid##
{}
Fitting 4 folds for each of 1 candidates, totalling 4 fits
[CV]  ................................................................
[CV] ................................................. , total=   1.0s
[CV]  ................................................................
[CV] ................................................. , total=   1.0s
[CV]  ................................................................
[CV] ................................................. , total=   1.0s
GREP_ME***Results of [BaggingRegressor] estimatorrun are
{'std_test_score': array([ 0.03333142]), 'mean_test_score': array([ 0.67887164]), 'split0_test_score': array([ 0.69908721]), 'split3_train_score': array([ 0.9434598]), 'split1_test_score': array([ 0.69858064]), 'split0_train_score': array([ 0.9415875]), 'split2_train_score': array([ 0.94486442]), 'rank_test_score': array([1], dtype=int32), 'std_score_time': array([ 0.00047503]), 'split2_test_score': array([ 0.69665743]), 'mean_fit_time': array([ 1.00081193]), 'std_train_score': array([ 0.00264993]), 'params': ({},), 'mean_score_time': array([ 0.00812167]), 'std_fit_time': array([ 0.01353176]), 'split1_train_score': array([ 0.94880335]), 'mean_train_score': array([ 0.94467877]), 'split3_test_score': array([ 0.62116129])}
GREP_ME***Best params of [BaggingRegressor] estimator,pipeline:| preprocessor:log_poly | transfomer: StandardScaler | reducer: RFE  run are
{'reducer__n_features_to_select': 66, 'preprocessor__kw_args': {'pw': 4}, 'reducer__step': 0.1}
GREP_ME***Best score of [BaggingRegressor] estimator, pipeline:| preprocessor:log_poly | transfomer: StandardScaler | reducer: RFE run are
0.67887164339
####################################################################################
################# Runing the itteration 9  of the GridSearchCV ####################
####################################################################################
***Starting [ExtraTreesRegressor] estimator run, pipeline: | preprocessor:log_poly | transfomer: StandardScaler | reducer: RFE 
##param_grid##
{}
Fitting 4 folds for each of 1 candidates, totalling 4 fits
[CV]  ................................................................
[CV] ................................................. , total=   0.4s
[CV]  ................................................................
[CV] ................................................. , total=   0.5s
[CV]  ................................................................
[CV] ................................................. , total=   0.5s
[CV]  ................................................................
[CV] ................................................. , total=   0.5s
GREP_ME***Results of [ExtraTreesRegressor] estimatorrun are
{'std_test_score': array([ 0.02053133]), 'mean_test_score': array([ 0.67472833]), 'split0_test_score': array([ 0.68754437]), 'split3_train_score': array([ 1.]), 'split1_test_score': array([ 0.6979744]), 'split0_train_score': array([ 1.]), 'split2_train_score': array([ 1.]), 'rank_test_score': array([1], dtype=int32), 'std_score_time': array([ 0.00017311]), 'split2_test_score': array([ 0.66956724]), 'mean_fit_time': array([ 0.44685447]), 'std_train_score': array([ 0.]), 'params': ({},), 'mean_score_time': array([ 0.00607049]), 'std_fit_time': array([ 0.00676824]), 'split1_train_score': array([ 1.]), 'mean_train_score': array([ 1.]), 'split3_test_score': array([ 0.64382729])}
GREP_ME***Best params of [ExtraTreesRegressor] estimator,pipeline:| preprocessor:log_poly | transfomer: StandardScaler | reducer: RFE  run are
{'reducer__n_features_to_select': 66, 'preprocessor__kw_args': {'pw': 4}, 'reducer__step': 0.1}
GREP_ME***Best score of [ExtraTreesRegressor] estimator, pipeline:| preprocessor:log_poly | transfomer: StandardScaler | reducer: RFE run are
0.674728326605
####################################################################################
################# Runing the itteration 10  of the GridSearchCV ####################
####################################################################################
***Starting [GradientBoostingRegressor] estimator run, pipeline: | preprocessor:log_poly | transfomer: StandardScaler | reducer: RFE 
##param_grid##
{}
Fitting 4 folds for each of 1 candidates, totalling 4 fits
[CV]  ................................................................
[CV] ................................................. , total=   0.8s
[CV]  ................................................................
[CV] ................................................. , total=   0.8s
[CV]  ................................................................
[CV] ................................................. , total=   0.9s
GREP_ME***Results of [GradientBoostingRegressor] estimatorrun are
{'std_test_score': array([ 0.01567984]), 'mean_test_score': array([ 0.70122717]), 'split0_test_score': array([ 0.71210464]), 'split3_train_score': array([ 0.8506039]), 'split1_test_score': array([ 0.7006236]), 'split0_train_score': array([ 0.83397142]), 'split2_train_score': array([ 0.83868295]), 'rank_test_score': array([1], dtype=int32), 'std_score_time': array([ 0.00013386]), 'split2_test_score': array([ 0.7162393]), 'mean_fit_time': array([ 0.84354573]), 'std_train_score': array([ 0.00721551]), 'params': ({},), 'mean_score_time': array([ 0.00358933]), 'std_fit_time': array([ 0.00882305]), 'split1_train_score': array([ 0.85012469]), 'mean_train_score': array([ 0.84334574]), 'split3_test_score': array([ 0.67594116])}
GREP_ME***Best params of [GradientBoostingRegressor] estimator,pipeline:| preprocessor:log_poly | transfomer: StandardScaler | reducer: RFE  run are
{'reducer__n_features_to_select': 66, 'preprocessor__kw_args': {'pw': 4}, 'reducer__step': 0.1}
GREP_ME***Best score of [GradientBoostingRegressor] estimator, pipeline:| preprocessor:log_poly | transfomer: StandardScaler | reducer: RFE run are
0.70122717254
####################################################################################
################# Runing the itteration 11  of the GridSearchCV ####################
####################################################################################
***Starting [BaggingRegressor] estimator run, pipeline: | preprocessor:log_poly | transfomer: StandardScaler | reducer: RFE 
##param_grid##
{}
Fitting 4 folds for each of 1 candidates, totalling 4 fits
[CV]  ................................................................
[CV] ................................................. , total=   1.4s
[CV]  ................................................................
[CV] ................................................. , total=   1.5s
[CV]  ................................................................
[CV] ................................................. , total=   1.4s
GREP_ME***Results of [BaggingRegressor] estimatorrun are
{'std_test_score': array([ 0.01109829]), 'mean_test_score': array([ 0.59152564]), 'split0_test_score': array([ 0.58392828]), 'split3_train_score': array([ 0.90857797]), 'split1_test_score': array([ 0.587898]), 'split0_train_score': array([ 0.93262822]), 'split2_train_score': array([ 0.92213052]), 'rank_test_score': array([1], dtype=int32), 'std_score_time': array([ 0.00155788]), 'split2_test_score': array([ 0.58374396]), 'mean_fit_time': array([ 1.43767244]), 'std_train_score': array([ 0.0091059]), 'params': ({},), 'mean_score_time': array([ 0.01630479]), 'std_fit_time': array([ 0.01984812]), 'split1_train_score': array([ 0.92849756]), 'mean_train_score': array([ 0.92295857]), 'split3_test_score': array([ 0.61053233])}
GREP_ME***Best params of [BaggingRegressor] estimator,pipeline:| preprocessor:log_poly | transfomer: StandardScaler | reducer: RFE  run are
{'reducer__n_features_to_select': 223, 'preprocessor__kw_args': {'pw': 4}, 'reducer__step': 0.1}
GREP_ME***Best score of [BaggingRegressor] estimator, pipeline:| preprocessor:log_poly | transfomer: StandardScaler | reducer: RFE run are
0.591525643535
####################################################################################
################# Runing the itteration 12  of the GridSearchCV ####################
####################################################################################
***Starting [ExtraTreesRegressor] estimator run, pipeline: | preprocessor:log_poly | transfomer: StandardScaler | reducer: RFE 
##param_grid##
{}
Fitting 4 folds for each of 1 candidates, totalling 4 fits
[CV]  ................................................................
[CV] ................................................. , total=   0.9s
[CV]  ................................................................
[CV] ................................................. , total=   0.9s
[CV]  ................................................................
[CV] ................................................. , total=   0.9s
[CV]  ................................................................
[CV] ................................................. , total=   1.0s
GREP_ME***Results of [ExtraTreesRegressor] estimatorrun are
{'std_test_score': array([ 0.01389507]), 'mean_test_score': array([ 0.59487067]), 'split0_test_score': array([ 0.57551295]), 'split3_train_score': array([ 1.]), 'split1_test_score': array([ 0.59009056]), 'split0_train_score': array([ 1.]), 'split2_train_score': array([ 1.]), 'rank_test_score': array([1], dtype=int32), 'std_score_time': array([ 0.00032073]), 'split2_test_score': array([ 0.61339728]), 'mean_fit_time': array([ 0.93361175]), 'std_train_score': array([ 0.]), 'params': ({},), 'mean_score_time': array([ 0.00819623]), 'std_fit_time': array([ 0.01362661]), 'split1_train_score': array([ 1.]), 'mean_train_score': array([ 1.]), 'split3_test_score': array([ 0.60048189])}
GREP_ME***Best params of [ExtraTreesRegressor] estimator,pipeline:| preprocessor:log_poly | transfomer: StandardScaler | reducer: RFE  run are
{'reducer__n_features_to_select': 223, 'preprocessor__kw_args': {'pw': 4}, 'reducer__step': 0.1}
GREP_ME***Best score of [ExtraTreesRegressor] estimator, pipeline:| preprocessor:log_poly | transfomer: StandardScaler | reducer: RFE run are
0.59487066899
####################################################################################
################# Runing the itteration 13  of the GridSearchCV ####################
####################################################################################
***Starting [GradientBoostingRegressor] estimator run, pipeline: | preprocessor:log_poly | transfomer: StandardScaler | reducer: RFE 
##param_grid##
{}
Fitting 4 folds for each of 1 candidates, totalling 4 fits
[CV]  ................................................................
[CV] ................................................. , total=   1.7s
GREP_ME***Results of [GradientBoostingRegressor] estimatorrun are
{'std_test_score': array([ 0.01950437]), 'mean_test_score': array([ 0.63785823]), 'split0_test_score': array([ 0.61168182]), 'split3_train_score': array([ 0.78624267]), 'split1_test_score': array([ 0.64058646]), 'split0_train_score': array([ 0.7996084]), 'split2_train_score': array([ 0.77065174]), 'rank_test_score': array([1], dtype=int32), 'std_score_time': array([ 0.0004891]), 'split2_test_score': array([ 0.63293712]), 'mean_fit_time': array([ 1.6869154]), 'std_train_score': array([ 0.01096319]), 'params': ({},), 'mean_score_time': array([ 0.00666606]), 'std_fit_time': array([ 0.00343785]), 'split1_train_score': array([ 0.77650488]), 'mean_train_score': array([ 0.78325192]), 'split3_test_score': array([ 0.66622752])}
GREP_ME***Best params of [GradientBoostingRegressor] estimator,pipeline:| preprocessor:log_poly | transfomer: StandardScaler | reducer: RFE  run are
{'reducer__n_features_to_select': 223, 'preprocessor__kw_args': {'pw': 4}, 'reducer__step': 0.1}
GREP_ME***Best score of [GradientBoostingRegressor] estimator, pipeline:| preprocessor:log_poly | transfomer: StandardScaler | reducer: RFE run are
0.637858232416
####################################################################################
################# Runing the itteration 14  of the GridSearchCV ####################
####################################################################################
***Starting [BaggingRegressor] estimator run, pipeline: | preprocessor:log_poly | transfomer: StandardScaler | reducer: RFE 
##param_grid##
{}
Fitting 4 folds for each of 1 candidates, totalling 4 fits
[CV]  ................................................................
[CV] ................................................. , total=   0.7s
[CV]  ................................................................
[CV] ................................................. , total=   0.7s
[CV]  ................................................................
[CV] ................................................. , total=   0.7s
[CV]  ................................................................
[CV] ................................................. , total=   0.7s
GREP_ME***Results of [BaggingRegressor] estimatorrun are
{'std_test_score': array([ 0.04330106]), 'mean_test_score': array([ 0.65821113]), 'split0_test_score': array([ 0.71103805]), 'split3_train_score': array([ 0.93010129]), 'split1_test_score': array([ 0.66278494]), 'split0_train_score': array([ 0.93071231]), 'split2_train_score': array([ 0.93398976]), 'rank_test_score': array([1], dtype=int32), 'std_score_time': array([ 0.00032686]), 'split2_test_score': array([ 0.59051781]), 'mean_fit_time': array([ 0.72012031]), 'std_train_score': array([ 0.00160227]), 'params': ({},), 'mean_score_time': array([ 0.00731814]), 'std_fit_time': array([ 0.01186642]), 'split1_train_score': array([ 0.9330266]), 'mean_train_score': array([ 0.93195749]), 'split3_test_score': array([ 0.66850371])}
GREP_ME***Best params of [BaggingRegressor] estimator,pipeline:| preprocessor:log_poly | transfomer: StandardScaler | reducer: RFE  run are
{'reducer__n_features_to_select': 60, 'preprocessor__kw_args': {'pw': 2}, 'reducer__step': 0.1}
GREP_ME***Best score of [BaggingRegressor] estimator, pipeline:| preprocessor:log_poly | transfomer: StandardScaler | reducer: RFE run are
0.658211127568
####################################################################################
################# Runing the itteration 15  of the GridSearchCV ####################
####################################################################################
***Starting [ExtraTreesRegressor] estimator run, pipeline: | preprocessor:log_poly | transfomer: StandardScaler | reducer: RFE 
##param_grid##
{}
Fitting 4 folds for each of 1 candidates, totalling 4 fits
[CV]  ................................................................
[CV] ................................................. , total=   0.4s
[CV]  ................................................................
[CV] ................................................. , total=   0.4s
[CV]  ................................................................
[CV] ................................................. , total=   0.4s
[CV]  ................................................................
[CV] ................................................. , total=   0.4s
GREP_ME***Results of [ExtraTreesRegressor] estimatorrun are
{'std_test_score': array([ 0.02578217]), 'mean_test_score': array([ 0.6471367]), 'split0_test_score': array([ 0.6730604]), 'split3_train_score': array([ 1.]), 'split1_test_score': array([ 0.66307692]), 'split0_train_score': array([ 1.]), 'split2_train_score': array([ 1.]), 'rank_test_score': array([1], dtype=int32), 'std_score_time': array([ 0.00021407]), 'split2_test_score': array([ 0.60551105]), 'mean_fit_time': array([ 0.35113585]), 'std_train_score': array([ 0.]), 'params': ({},), 'mean_score_time': array([ 0.00617862]), 'std_fit_time': array([ 0.00399341]), 'split1_train_score': array([ 1.]), 'mean_train_score': array([ 1.]), 'split3_test_score': array([ 0.64689844])}
GREP_ME***Best params of [ExtraTreesRegressor] estimator,pipeline:| preprocessor:log_poly | transfomer: StandardScaler | reducer: RFE  run are
{'reducer__n_features_to_select': 60, 'preprocessor__kw_args': {'pw': 2}, 'reducer__step': 0.1}
GREP_ME***Best score of [ExtraTreesRegressor] estimator, pipeline:| preprocessor:log_poly | transfomer: StandardScaler | reducer: RFE run are
0.647136702409
####################################################################################
################# Runing the itteration 16  of the GridSearchCV ####################
####################################################################################
***Starting [GradientBoostingRegressor] estimator run, pipeline: | preprocessor:log_poly | transfomer: StandardScaler | reducer: RFE 
##param_grid##
{}
Fitting 4 folds for each of 1 candidates, totalling 4 fits
[CV]  ................................................................
[CV] ................................................. , total=   0.7s
[CV]  ................................................................
[CV] ................................................. , total=   0.7s
[CV]  ................................................................
[CV] ................................................. , total=   0.7s
GREP_ME***Results of [GradientBoostingRegressor] estimatorrun are
{'std_test_score': array([ 0.01855598]), 'mean_test_score': array([ 0.68240472]), 'split0_test_score': array([ 0.70481222]), 'split3_train_score': array([ 0.82468709]), 'split1_test_score': array([ 0.6914622]), 'split0_train_score': array([ 0.80949155]), 'split2_train_score': array([ 0.80834027]), 'rank_test_score': array([1], dtype=int32), 'std_score_time': array([ 0.00022104]), 'split2_test_score': array([ 0.6544628]), 'mean_fit_time': array([ 0.69425344]), 'std_train_score': array([ 0.00657678]), 'params': ({},), 'mean_score_time': array([ 0.00374287]), 'std_fit_time': array([ 0.00657763]), 'split1_train_score': array([ 0.81122155]), 'mean_train_score': array([ 0.81343512]), 'split3_test_score': array([ 0.67888167])}
GREP_ME***Best params of [GradientBoostingRegressor] estimator,pipeline:| preprocessor:log_poly | transfomer: StandardScaler | reducer: RFE  run are
{'reducer__n_features_to_select': 60, 'preprocessor__kw_args': {'pw': 2}, 'reducer__step': 0.1}
GREP_ME***Best score of [GradientBoostingRegressor] estimator, pipeline:| preprocessor:log_poly | transfomer: StandardScaler | reducer: RFE run are
0.682404720639
####################################################################################
################# Runing the itteration 17  of the GridSearchCV ####################
####################################################################################
***Starting [BaggingRegressor] estimator run, pipeline: | preprocessor:log_poly | transfomer: StandardScaler | reducer: RFE 
##param_grid##
{}
Fitting 4 folds for each of 1 candidates, totalling 4 fits
[CV]  ................................................................
[CV] ................................................. , total=   0.7s
[CV]  ................................................................
[CV] ................................................. , total=   0.7s
[CV]  ................................................................
[CV] ................................................. , total=   0.7s
[CV]  ................................................................
[CV] ................................................. , total=   0.7s
GREP_ME***Results of [BaggingRegressor] estimatorrun are
{'std_test_score': array([ 0.02284036]), 'mean_test_score': array([ 0.56640627]), 'split0_test_score': array([ 0.57050861]), 'split3_train_score': array([ 0.92249166]), 'split1_test_score': array([ 0.54639191]), 'split0_train_score': array([ 0.91487523]), 'split2_train_score': array([ 0.92559435]), 'rank_test_score': array([1], dtype=int32), 'std_score_time': array([ 0.0005593]), 'split2_test_score': array([ 0.60213572]), 'mean_fit_time': array([ 0.6784786]), 'std_train_score': array([ 0.00396594]), 'params': ({},), 'mean_score_time': array([ 0.01026428]), 'std_fit_time': array([ 0.0093243]), 'split1_train_score': array([ 0.91932605]), 'mean_train_score': array([ 0.92057182]), 'split3_test_score': array([ 0.54658884])}
GREP_ME***Best params of [BaggingRegressor] estimator,pipeline:| preprocessor:log_poly | transfomer: StandardScaler | reducer: RFE  run are
{'reducer__n_features_to_select': 115, 'preprocessor__kw_args': {'pw': 1}, 'reducer__step': 0.1}
GREP_ME***Best score of [BaggingRegressor] estimator, pipeline:| preprocessor:log_poly | transfomer: StandardScaler | reducer: RFE run are
0.566406270098
####################################################################################
################# Runing the itteration 18  of the GridSearchCV ####################
####################################################################################
***Starting [ExtraTreesRegressor] estimator run, pipeline: | preprocessor:log_poly | transfomer: StandardScaler | reducer: RFE 
##param_grid##
{}
Fitting 4 folds for each of 1 candidates, totalling 4 fits
[CV]  ................................................................
[CV] ................................................. , total=   0.5s
[CV]  ................................................................
[CV] ................................................. , total=   0.5s
[CV]  ................................................................
[CV] ................................................. , total=   0.5s
[CV]  ................................................................
[CV] ................................................. , total=   0.5s
GREP_ME***Results of [ExtraTreesRegressor] estimatorrun are
{'std_test_score': array([ 0.02513433]), 'mean_test_score': array([ 0.55249477]), 'split0_test_score': array([ 0.58662113]), 'split3_train_score': array([ 1.]), 'split1_test_score': array([ 0.52186944]), 'split0_train_score': array([ 1.]), 'split2_train_score': array([ 1.]), 'rank_test_score': array([1], dtype=int32), 'std_score_time': array([ 0.00025688]), 'split2_test_score': array([ 0.5652061]), 'mean_fit_time': array([ 0.46869463]), 'std_train_score': array([ 0.]), 'params': ({},), 'mean_score_time': array([ 0.00800925]), 'std_fit_time': array([ 0.01001444]), 'split1_train_score': array([ 1.]), 'mean_train_score': array([ 1.]), 'split3_test_score': array([ 0.53628242])}
GREP_ME***Best params of [ExtraTreesRegressor] estimator,pipeline:| preprocessor:log_poly | transfomer: StandardScaler | reducer: RFE  run are
{'reducer__n_features_to_select': 115, 'preprocessor__kw_args': {'pw': 1}, 'reducer__step': 0.1}
GREP_ME***Best score of [ExtraTreesRegressor] estimator, pipeline:| preprocessor:log_poly | transfomer: StandardScaler | reducer: RFE run are
0.552494773249
####################################################################################
################# Runing the itteration 19  of the GridSearchCV ####################
####################################################################################
***Starting [GradientBoostingRegressor] estimator run, pipeline: | preprocessor:log_poly | transfomer: StandardScaler | reducer: RFE 
##param_grid##
{}
Fitting 4 folds for each of 1 candidates, totalling 4 fits
[CV]  ................................................................
[CV] ................................................. , total=   0.9s
[CV]  ................................................................
[CV] ................................................. , total=   0.9s
[CV]  ................................................................
[CV] ................................................. , total=   0.9s
GREP_ME***Results of [GradientBoostingRegressor] estimatorrun are
{'std_test_score': array([ 0.01738725]), 'mean_test_score': array([ 0.60827152]), 'split0_test_score': array([ 0.61903912]), 'split3_train_score': array([ 0.74719131]), 'split1_test_score': array([ 0.62793604]), 'split0_train_score': array([ 0.76185792]), 'split2_train_score': array([ 0.7667079]), 'rank_test_score': array([1], dtype=int32), 'std_score_time': array([  4.46244176e-05]), 'split2_test_score': array([ 0.60409122]), 'mean_fit_time': array([ 0.87384266]), 'std_train_score': array([ 0.00814183]), 'params': ({},), 'mean_score_time': array([ 0.00472403]), 'std_fit_time': array([ 0.01188183]), 'split1_train_score': array([ 0.76742864]), 'mean_train_score': array([ 0.76079644]), 'split3_test_score': array([ 0.58201973])}
GREP_ME***Best params of [GradientBoostingRegressor] estimator,pipeline:| preprocessor:log_poly | transfomer: StandardScaler | reducer: RFE  run are
{'reducer__n_features_to_select': 115, 'preprocessor__kw_args': {'pw': 1}, 'reducer__step': 0.1}
GREP_ME***Best score of [GradientBoostingRegressor] estimator, pipeline:| preprocessor:log_poly | transfomer: StandardScaler | reducer: RFE run are
0.608271524539
####################################################################################
################# Runing the itteration 20  of the GridSearchCV ####################
####################################################################################
***Starting [BaggingRegressor] estimator run, pipeline: | preprocessor:log_poly | transfomer: StandardScaler | reducer: RFE 
##param_grid##
{}
Fitting 4 folds for each of 1 candidates, totalling 4 fits
[CV]  ................................................................
[CV] ................................................. , total=   1.2s
[CV]  ................................................................
[CV] ................................................. , total=   1.2s
[CV]  ................................................................
[CV] ................................................. , total=   1.2s
[CV]  ................................................................
[CV] ................................................. , total=   1.3s
GREP_ME***Results of [BaggingRegressor] estimatorrun are
{'std_test_score': array([ 0.01381533]), 'mean_test_score': array([ 0.61662494]), 'split0_test_score': array([ 0.59795907]), 'split3_train_score': array([ 0.91769758]), 'split1_test_score': array([ 0.61090923]), 'split0_train_score': array([ 0.94267686]), 'split2_train_score': array([ 0.93989293]), 'rank_test_score': array([1], dtype=int32), 'std_score_time': array([ 0.00075308]), 'split2_test_score': array([ 0.62229122]), 'mean_fit_time': array([ 1.20480192]), 'std_train_score': array([ 0.00977956]), 'params': ({},), 'mean_score_time': array([ 0.01138479]), 'std_fit_time': array([ 0.03379785]), 'split1_train_score': array([ 0.93664244]), 'mean_train_score': array([ 0.93422745]), 'split3_test_score': array([ 0.63534025])}
GREP_ME***Best params of [BaggingRegressor] estimator,pipeline:| preprocessor:log_poly | transfomer: StandardScaler | reducer: RFE  run are
{'reducer__n_features_to_select': 133, 'preprocessor__kw_args': {'pw': 4}, 'reducer__step': 0.1}
GREP_ME***Best score of [BaggingRegressor] estimator, pipeline:| preprocessor:log_poly | transfomer: StandardScaler | reducer: RFE run are
0.616624942957
####################################################################################
################# Runing the itteration 21  of the GridSearchCV ####################
####################################################################################
***Starting [ExtraTreesRegressor] estimator run, pipeline: | preprocessor:log_poly | transfomer: StandardScaler | reducer: RFE 
##param_grid##
{}
Fitting 4 folds for each of 1 candidates, totalling 4 fits
[CV]  ................................................................
[CV] ................................................. , total=   0.7s
[CV]  ................................................................
[CV] ................................................. , total=   0.7s
[CV]  ................................................................
[CV] ................................................. , total=   0.6s
[CV]  ................................................................
[CV] ................................................. , total=   0.7s
GREP_ME***Results of [ExtraTreesRegressor] estimatorrun are
{'std_test_score': array([ 0.02096917]), 'mean_test_score': array([ 0.60732576]), 'split0_test_score': array([ 0.58748706]), 'split3_train_score': array([ 1.]), 'split1_test_score': array([ 0.59166414]), 'split0_train_score': array([ 1.]), 'split2_train_score': array([ 1.]), 'rank_test_score': array([1], dtype=int32), 'std_score_time': array([  4.99583291e-05]), 'split2_test_score': array([ 0.60942618]), 'mean_fit_time': array([ 0.6436128]), 'std_train_score': array([ 0.]), 'params': ({},), 'mean_score_time': array([ 0.00802773]), 'std_fit_time': array([ 0.00477684]), 'split1_train_score': array([ 1.]), 'mean_train_score': array([ 1.]), 'split3_test_score': array([ 0.64072565])}
GREP_ME***Best params of [ExtraTreesRegressor] estimator,pipeline:| preprocessor:log_poly | transfomer: StandardScaler | reducer: RFE  run are
{'reducer__n_features_to_select': 133, 'preprocessor__kw_args': {'pw': 4}, 'reducer__step': 0.1}
GREP_ME***Best score of [ExtraTreesRegressor] estimator, pipeline:| preprocessor:log_poly | transfomer: StandardScaler | reducer: RFE run are
0.60732575841
####################################################################################
################# Runing the itteration 22  of the GridSearchCV ####################
####################################################################################
***Starting [GradientBoostingRegressor] estimator run, pipeline: | preprocessor:log_poly | transfomer: StandardScaler | reducer: RFE 
##param_grid##
{}
Fitting 4 folds for each of 1 candidates, totalling 4 fits
[CV]  ................................................................
[CV] ................................................. , total=   1.2s
[CV]  ................................................................
[CV] ................................................. , total=   1.2s
[CV]  ................................................................
[CV] ................................................. , total=   1.2s
[CV]  ................................................................
[CV] ................................................. , total=   1.2s
GREP_ME***Results of [GradientBoostingRegressor] estimatorrun are
{'std_test_score': array([ 0.01938451]), 'mean_test_score': array([ 0.64063089]), 'split0_test_score': array([ 0.61251842]), 'split3_train_score': array([ 0.7854914]), 'split1_test_score': array([ 0.63641144]), 'split0_train_score': array([ 0.79737849]), 'split2_train_score': array([ 0.79151819]), 'rank_test_score': array([1], dtype=int32), 'std_score_time': array([ 0.00321162]), 'split2_test_score': array([ 0.64751663]), 'mean_fit_time': array([ 1.20430452]), 'std_train_score': array([ 0.00558929]), 'params': ({},), 'mean_score_time': array([ 0.00819331]), 'std_fit_time': array([ 0.01244982]), 'split1_train_score': array([ 0.7829535]), 'mean_train_score': array([ 0.78933539]), 'split3_test_score': array([ 0.66607708])}
GREP_ME***Best params of [GradientBoostingRegressor] estimator,pipeline:| preprocessor:log_poly | transfomer: StandardScaler | reducer: RFE  run are
{'reducer__n_features_to_select': 133, 'preprocessor__kw_args': {'pw': 4}, 'reducer__step': 0.1}
GREP_ME***Best score of [GradientBoostingRegressor] estimator, pipeline:| preprocessor:log_poly | transfomer: StandardScaler | reducer: RFE run are
0.640630892026
####################################################################################
################# Runing the itteration 23  of the GridSearchCV ####################
####################################################################################
***Starting [BaggingRegressor] estimator run, pipeline: | preprocessor:log_poly | transfomer: StandardScaler | reducer: RFE 
##param_grid##
{}
Fitting 4 folds for each of 1 candidates, totalling 4 fits
[CV]  ................................................................
[CV] ................................................. , total=   1.1s
[CV]  ................................................................
[CV] ................................................. , total=   1.1s
[CV]  ................................................................
[CV] ................................................. , total=   1.1s
[CV]  ................................................................
[CV] ................................................. , total=   1.1s
GREP_ME***Results of [BaggingRegressor] estimatorrun are
{'std_test_score': array([ 0.01416729]), 'mean_test_score': array([ 0.58940321]), 'split0_test_score': array([ 0.57800628]), 'split3_train_score': array([ 0.93117246]), 'split1_test_score': array([ 0.59336503]), 'split0_train_score': array([ 0.93366726]), 'split2_train_score': array([ 0.93453452]), 'rank_test_score': array([1], dtype=int32), 'std_score_time': array([ 0.00063857]), 'split2_test_score': array([ 0.61086368]), 'mean_fit_time': array([ 1.07393169]), 'std_train_score': array([ 0.0012632]), 'params': ({},), 'mean_score_time': array([ 0.00974596]), 'std_fit_time': array([ 0.02147274]), 'split1_train_score': array([ 0.93250341]), 'mean_train_score': array([ 0.93296941]), 'split3_test_score': array([ 0.57537785])}
GREP_ME***Best params of [BaggingRegressor] estimator,pipeline:| preprocessor:log_poly | transfomer: StandardScaler | reducer: RFE  run are
{'reducer__n_features_to_select': 127, 'preprocessor__kw_args': {'pw': 3}, 'reducer__step': 0.1}
GREP_ME***Best score of [BaggingRegressor] estimator, pipeline:| preprocessor:log_poly | transfomer: StandardScaler | reducer: RFE run are
0.589403209056
####################################################################################
################# Runing the itteration 24  of the GridSearchCV ####################
####################################################################################
***Starting [ExtraTreesRegressor] estimator run, pipeline: | preprocessor:log_poly | transfomer: StandardScaler | reducer: RFE 
##param_grid##
{}
Fitting 4 folds for each of 1 candidates, totalling 4 fits
[CV]  ................................................................
[CV] ................................................. , total=   0.6s
[CV]  ................................................................
[CV] ................................................. , total=   0.6s
[CV]  ................................................................
[CV] ................................................. , total=   0.6s
[CV]  ................................................................
[CV] ................................................. , total=   0.6s
GREP_ME***Results of [ExtraTreesRegressor] estimatorrun are
{'std_test_score': array([ 0.01399853]), 'mean_test_score': array([ 0.57958783]), 'split0_test_score': array([ 0.58417639]), 'split3_train_score': array([ 1.]), 'split1_test_score': array([ 0.56617475]), 'split0_train_score': array([ 1.]), 'split2_train_score': array([ 1.]), 'rank_test_score': array([1], dtype=int32), 'std_score_time': array([ 0.0001522]), 'split2_test_score': array([ 0.60049151]), 'mean_fit_time': array([ 0.59367597]), 'std_train_score': array([ 0.]), 'params': ({},), 'mean_score_time': array([ 0.0064953]), 'std_fit_time': array([ 0.01612619]), 'split1_train_score': array([ 1.]), 'mean_train_score': array([ 1.]), 'split3_test_score': array([ 0.56750865])}
GREP_ME***Best params of [ExtraTreesRegressor] estimator,pipeline:| preprocessor:log_poly | transfomer: StandardScaler | reducer: RFE  run are
{'reducer__n_features_to_select': 127, 'preprocessor__kw_args': {'pw': 3}, 'reducer__step': 0.1}
GREP_ME***Best score of [ExtraTreesRegressor] estimator, pipeline:| preprocessor:log_poly | transfomer: StandardScaler | reducer: RFE run are
0.579587825612
####################################################################################
################# Runing the itteration 25  of the GridSearchCV ####################
####################################################################################
***Starting [GradientBoostingRegressor] estimator run, pipeline: | preprocessor:log_poly | transfomer: StandardScaler | reducer: RFE 
##param_grid##
{}
Fitting 4 folds for each of 1 candidates, totalling 4 fits
[CV]  ................................................................
[CV] ................................................. , total=   1.1s
[CV]  ................................................................
[CV] ................................................. , total=   1.1s
GREP_ME***Results of [GradientBoostingRegressor] estimatorrun are
{'std_test_score': array([ 0.00498075]), 'mean_test_score': array([ 0.61697643]), 'split0_test_score': array([ 0.6086025]), 'split3_train_score': array([ 0.77994497]), 'split1_test_score': array([ 0.62037955]), 'split0_train_score': array([ 0.76067587]), 'split2_train_score': array([ 0.777038]), 'rank_test_score': array([1], dtype=int32), 'std_score_time': array([ 0.00019659]), 'split2_test_score': array([ 0.6210701]), 'mean_fit_time': array([ 1.12042761]), 'std_train_score': array([ 0.00758326]), 'params': ({},), 'mean_score_time': array([ 0.00439936]), 'std_fit_time': array([ 0.01914417]), 'split1_train_score': array([ 0.77690428]), 'mean_train_score': array([ 0.77364078]), 'split3_test_score': array([ 0.61785356])}
GREP_ME***Best params of [GradientBoostingRegressor] estimator,pipeline:| preprocessor:log_poly | transfomer: StandardScaler | reducer: RFE  run are
{'reducer__n_features_to_select': 127, 'preprocessor__kw_args': {'pw': 3}, 'reducer__step': 0.1}
GREP_ME***Best score of [GradientBoostingRegressor] estimator, pipeline:| preprocessor:log_poly | transfomer: StandardScaler | reducer: RFE run are
0.616976429921
####################################################################################
################# Runing the itteration 26  of the GridSearchCV ####################
####################################################################################
***Starting [BaggingRegressor] estimator run, pipeline: | preprocessor:log_poly | transfomer: StandardScaler | reducer: RFE 
##param_grid##
{}
Fitting 4 folds for each of 1 candidates, totalling 4 fits
[CV]  ................................................................
[CV] ................................................. , total=   0.8s
[CV]  ................................................................
[CV] ................................................. , total=   0.9s
[CV]  ................................................................
[CV] ................................................. , total=   0.8s
[CV]  ................................................................
[CV] ................................................. , total=   0.8s
GREP_ME***Results of [BaggingRegressor] estimatorrun are
{'std_test_score': array([ 0.04956636]), 'mean_test_score': array([ 0.57990102]), 'split0_test_score': array([ 0.6491168]), 'split3_train_score': array([ 0.92665186]), 'split1_test_score': array([ 0.59219313]), 'split0_train_score': array([ 0.92655506]), 'split2_train_score': array([ 0.93271219]), 'rank_test_score': array([1], dtype=int32), 'std_score_time': array([ 0.0008281]), 'split2_test_score': array([ 0.51118631]), 'mean_fit_time': array([ 0.81596541]), 'std_train_score': array([ 0.00411951]), 'params': ({},), 'mean_score_time': array([ 0.01267642]), 'std_fit_time': array([ 0.01372833]), 'split1_train_score': array([ 0.9210679]), 'mean_train_score': array([ 0.92674675]), 'split3_test_score': array([ 0.56710783])}
GREP_ME***Best params of [BaggingRegressor] estimator,pipeline:| preprocessor:log_poly | transfomer: StandardScaler | reducer: RFE  run are
{'reducer__n_features_to_select': 193, 'preprocessor__kw_args': {'pw': 1}, 'reducer__step': 0.1}
GREP_ME***Best score of [BaggingRegressor] estimator, pipeline:| preprocessor:log_poly | transfomer: StandardScaler | reducer: RFE run are
0.579901017486
####################################################################################
################# Runing the itteration 27  of the GridSearchCV ####################
####################################################################################
***Starting [ExtraTreesRegressor] estimator run, pipeline: | preprocessor:log_poly | transfomer: StandardScaler | reducer: RFE 
##param_grid##
{}
Fitting 4 folds for each of 1 candidates, totalling 4 fits
[CV]  ................................................................
[CV] ................................................. , total=   0.7s
[CV]  ................................................................
[CV] ................................................. , total=   0.7s
[CV]  ................................................................
[CV] ................................................. , total=   0.7s
[CV]  ................................................................
[CV] ................................................. , total=   0.7s
GREP_ME***Results of [ExtraTreesRegressor] estimatorrun are
{'std_test_score': array([ 0.03041842]), 'mean_test_score': array([ 0.56301763]), 'split0_test_score': array([ 0.61562262]), 'split3_train_score': array([ 1.]), 'split1_test_score': array([ 0.54294024]), 'split0_train_score': array([ 1.]), 'split2_train_score': array([ 1.]), 'rank_test_score': array([1], dtype=int32), 'std_score_time': array([ 0.00116124]), 'split2_test_score': array([ 0.54582826]), 'mean_fit_time': array([ 0.67151392]), 'std_train_score': array([ 0.]), 'params': ({},), 'mean_score_time': array([ 0.00842404]), 'std_fit_time': array([ 0.00809596]), 'split1_train_score': array([ 1.]), 'mean_train_score': array([ 1.]), 'split3_test_score': array([ 0.5476794])}
GREP_ME***Best params of [ExtraTreesRegressor] estimator,pipeline:| preprocessor:log_poly | transfomer: StandardScaler | reducer: RFE  run are
{'reducer__n_features_to_select': 193, 'preprocessor__kw_args': {'pw': 1}, 'reducer__step': 0.1}
GREP_ME***Best score of [ExtraTreesRegressor] estimator, pipeline:| preprocessor:log_poly | transfomer: StandardScaler | reducer: RFE run are
0.563017629546
####################################################################################
################# Runing the itteration 28  of the GridSearchCV ####################
####################################################################################
***Starting [GradientBoostingRegressor] estimator run, pipeline: | preprocessor:log_poly | transfomer: StandardScaler | reducer: RFE 
##param_grid##
{}
Fitting 4 folds for each of 1 candidates, totalling 4 fits
[CV]  ................................................................
[CV] ................................................. , total=   1.3s
[CV]  ................................................................
[CV] ................................................. , total=   1.4s
GREP_ME***Results of [GradientBoostingRegressor] estimatorrun are
{'std_test_score': array([ 0.03628628]), 'mean_test_score': array([ 0.60198836]), 'split0_test_score': array([ 0.59010555]), 'split3_train_score': array([ 0.75944882]), 'split1_test_score': array([ 0.6354618]), 'split0_train_score': array([ 0.76395084]), 'split2_train_score': array([ 0.76701568]), 'rank_test_score': array([1], dtype=int32), 'std_score_time': array([ 0.00023941]), 'split2_test_score': array([ 0.54776478]), 'mean_fit_time': array([ 1.30921602]), 'std_train_score': array([ 0.00301536]), 'params': ({},), 'mean_score_time': array([ 0.00585932]), 'std_fit_time': array([ 0.03296696]), 'split1_train_score': array([ 0.76661218]), 'mean_train_score': array([ 0.76425688]), 'split3_test_score': array([ 0.6346213])}
GREP_ME***Best params of [GradientBoostingRegressor] estimator,pipeline:| preprocessor:log_poly | transfomer: StandardScaler | reducer: RFE  run are
{'reducer__n_features_to_select': 193, 'preprocessor__kw_args': {'pw': 1}, 'reducer__step': 0.1}
GREP_ME***Best score of [GradientBoostingRegressor] estimator, pipeline:| preprocessor:log_poly | transfomer: StandardScaler | reducer: RFE run are
0.601988359773
####################################################################################
################# Runing the itteration 29  of the GridSearchCV ####################
####################################################################################
***Starting [BaggingRegressor] estimator run, pipeline: | preprocessor:log_poly | transfomer: StandardScaler | reducer: RFE 
##param_grid##
{}
Fitting 4 folds for each of 1 candidates, totalling 4 fits
[CV]  ................................................................
[CV] ................................................. , total=   0.5s
[CV]  ................................................................
[CV] ................................................. , total=   0.5s
[CV]  ................................................................
[CV] ................................................. , total=   0.5s
[CV]  ................................................................
[CV] ................................................. , total=   0.5s
GREP_ME***Results of [BaggingRegressor] estimatorrun are
{'std_test_score': array([ 0.01329497]), 'mean_test_score': array([ 0.62055951]), 'split0_test_score': array([ 0.60858689]), 'split3_train_score': array([ 0.92868887]), 'split1_test_score': array([ 0.64269222]), 'split0_train_score': array([ 0.93094274]), 'split2_train_score': array([ 0.92866423]), 'rank_test_score': array([1], dtype=int32), 'std_score_time': array([ 0.00014604]), 'split2_test_score': array([ 0.612147]), 'mean_fit_time': array([ 0.5211919]), 'std_train_score': array([ 0.00299071]), 'params': ({},), 'mean_score_time': array([ 0.0068416]), 'std_fit_time': array([ 0.0027408]), 'split1_train_score': array([ 0.92286401]), 'mean_train_score': array([ 0.92778997]), 'split3_test_score': array([ 0.61881193])}
GREP_ME***Best params of [BaggingRegressor] estimator,pipeline:| preprocessor:log_poly | transfomer: StandardScaler | reducer: RFE  run are
{'reducer__n_features_to_select': 57, 'preprocessor__kw_args': {'pw': 1}, 'reducer__step': 0.1}
GREP_ME***Best score of [BaggingRegressor] estimator, pipeline:| preprocessor:log_poly | transfomer: StandardScaler | reducer: RFE run are
0.620559509078
####################################################################################
################# Runing the itteration 30  of the GridSearchCV ####################
####################################################################################
***Starting [ExtraTreesRegressor] estimator run, pipeline: | preprocessor:log_poly | transfomer: StandardScaler | reducer: RFE 
##param_grid##
{}
Fitting 4 folds for each of 1 candidates, totalling 4 fits
[CV]  ................................................................
[CV] ................................................. , total=   0.3s
[CV]  ................................................................
[CV] ................................................. , total=   0.3s
[CV]  ................................................................
[CV] ................................................. , total=   0.3s
[CV]  ................................................................
[CV] ................................................. , total=   0.3s
GREP_ME***Results of [ExtraTreesRegressor] estimatorrun are
{'std_test_score': array([ 0.02058924]), 'mean_test_score': array([ 0.59929325]), 'split0_test_score': array([ 0.57245265]), 'split3_train_score': array([ 1.]), 'split1_test_score': array([ 0.61433622]), 'split0_train_score': array([ 1.]), 'split2_train_score': array([ 1.]), 'rank_test_score': array([1], dtype=int32), 'std_score_time': array([ 0.00020047]), 'split2_test_score': array([ 0.58676155]), 'mean_fit_time': array([ 0.29401767]), 'std_train_score': array([ 0.]), 'params': ({},), 'mean_score_time': array([ 0.00666308]), 'std_fit_time': array([ 0.00597885]), 'split1_train_score': array([ 1.]), 'mean_train_score': array([ 1.]), 'split3_test_score': array([ 0.62362255])}
GREP_ME***Best params of [ExtraTreesRegressor] estimator,pipeline:| preprocessor:log_poly | transfomer: StandardScaler | reducer: RFE  run are
{'reducer__n_features_to_select': 57, 'preprocessor__kw_args': {'pw': 1}, 'reducer__step': 0.1}
GREP_ME***Best score of [ExtraTreesRegressor] estimator, pipeline:| preprocessor:log_poly | transfomer: StandardScaler | reducer: RFE run are
0.599293245162
####################################################################################
################# Runing the itteration 31  of the GridSearchCV ####################
####################################################################################
***Starting [GradientBoostingRegressor] estimator run, pipeline: | preprocessor:log_poly | transfomer: StandardScaler | reducer: RFE 
##param_grid##
{}
Fitting 4 folds for each of 1 candidates, totalling 4 fits
[CV]  ................................................................
[CV] ................................................. , total=   0.6s
[CV]  ................................................................
[CV] ................................................. , total=   0.6s
[CV]  ................................................................
[CV] ................................................. , total=   0.6s
GREP_ME***Results of [GradientBoostingRegressor] estimatorrun are
{'std_test_score': array([ 0.00899065]), 'mean_test_score': array([ 0.65471886]), 'split0_test_score': array([ 0.64052905]), 'split3_train_score': array([ 0.79157291]), 'split1_test_score': array([ 0.65491152]), 'split0_train_score': array([ 0.79860951]), 'split2_train_score': array([ 0.79643056]), 'rank_test_score': array([1], dtype=int32), 'std_score_time': array([  6.71008273e-05]), 'split2_test_score': array([ 0.65825484]), 'mean_fit_time': array([ 0.57283419]), 'std_train_score': array([ 0.0026188]), 'params': ({},), 'mean_score_time': array([ 0.00358683]), 'std_fit_time': array([ 0.00955039]), 'split1_train_score': array([ 0.79413312]), 'mean_train_score': array([ 0.79518652]), 'split3_test_score': array([ 0.66518002])}
GREP_ME***Best params of [GradientBoostingRegressor] estimator,pipeline:| preprocessor:log_poly | transfomer: StandardScaler | reducer: RFE  run are
{'reducer__n_features_to_select': 57, 'preprocessor__kw_args': {'pw': 1}, 'reducer__step': 0.1}
GREP_ME***Best score of [GradientBoostingRegressor] estimator, pipeline:| preprocessor:log_poly | transfomer: StandardScaler | reducer: RFE run are
0.65471885649
####################################################################################
################# Runing the itteration 32  of the GridSearchCV ####################
####################################################################################
***Starting [BaggingRegressor] estimator run, pipeline: | preprocessor:log_poly | transfomer: StandardScaler | reducer: RFE 
##param_grid##
{}
Fitting 4 folds for each of 1 candidates, totalling 4 fits
[CV]  ................................................................
[CV] ................................................. , total=   0.9s
[CV]  ................................................................
[CV] ................................................. , total=   0.9s
[CV]  ................................................................
[CV] ................................................. , total=   1.0s
[CV]  ................................................................
[CV] ................................................. , total=   1.0s
GREP_ME***Results of [BaggingRegressor] estimatorrun are
{'std_test_score': array([ 0.01678604]), 'mean_test_score': array([ 0.59266131]), 'split0_test_score': array([ 0.61380253]), 'split3_train_score': array([ 0.92724933]), 'split1_test_score': array([ 0.56680918]), 'split0_train_score': array([ 0.92958921]), 'split2_train_score': array([ 0.92634771]), 'rank_test_score': array([1], dtype=int32), 'std_score_time': array([ 0.00074238]), 'split2_test_score': array([ 0.59442337]), 'mean_fit_time': array([ 0.92652673]), 'std_train_score': array([ 0.00201247]), 'params': ({},), 'mean_score_time': array([ 0.0092259]), 'std_fit_time': array([ 0.03223989]), 'split1_train_score': array([ 0.92396903]), 'mean_train_score': array([ 0.92678882]), 'split3_test_score': array([ 0.59561018])}
GREP_ME***Best params of [BaggingRegressor] estimator,pipeline:| preprocessor:log_poly | transfomer: StandardScaler | reducer: RFE  run are
{'reducer__n_features_to_select': 121, 'preprocessor__kw_args': {'pw': 2}, 'reducer__step': 0.1}
GREP_ME***Best score of [BaggingRegressor] estimator, pipeline:| preprocessor:log_poly | transfomer: StandardScaler | reducer: RFE run are
0.592661314977
####################################################################################
################# Runing the itteration 33  of the GridSearchCV ####################
####################################################################################
***Starting [ExtraTreesRegressor] estimator run, pipeline: | preprocessor:log_poly | transfomer: StandardScaler | reducer: RFE 
##param_grid##
{}
Fitting 4 folds for each of 1 candidates, totalling 4 fits
[CV]  ................................................................
[CV] ................................................. , total=   0.5s
[CV]  ................................................................
[CV] ................................................. , total=   0.5s
[CV]  ................................................................
[CV] ................................................. , total=   0.6s
[CV]  ................................................................
[CV] ................................................. , total=   0.6s
GREP_ME***Results of [ExtraTreesRegressor] estimatorrun are
{'std_test_score': array([ 0.02549805]), 'mean_test_score': array([ 0.58910217]), 'split0_test_score': array([ 0.61827623]), 'split3_train_score': array([ 1.]), 'split1_test_score': array([ 0.55466195]), 'split0_train_score': array([ 1.]), 'split2_train_score': array([ 1.]), 'rank_test_score': array([1], dtype=int32), 'std_score_time': array([ 0.00025529]), 'split2_test_score': array([ 0.57515995]), 'mean_fit_time': array([ 0.53487396]), 'std_train_score': array([ 0.]), 'params': ({},), 'mean_score_time': array([ 0.00644314]), 'std_fit_time': array([ 0.01546911]), 'split1_train_score': array([ 1.]), 'mean_train_score': array([ 1.]), 'split3_test_score': array([ 0.60831055])}
GREP_ME***Best params of [ExtraTreesRegressor] estimator,pipeline:| preprocessor:log_poly | transfomer: StandardScaler | reducer: RFE  run are
{'reducer__n_features_to_select': 121, 'preprocessor__kw_args': {'pw': 2}, 'reducer__step': 0.1}
GREP_ME***Best score of [ExtraTreesRegressor] estimator, pipeline:| preprocessor:log_poly | transfomer: StandardScaler | reducer: RFE run are
0.589102167838
####################################################################################
################# Runing the itteration 34  of the GridSearchCV ####################
####################################################################################
***Starting [GradientBoostingRegressor] estimator run, pipeline: | preprocessor:log_poly | transfomer: StandardScaler | reducer: RFE 
##param_grid##
{}
Fitting 4 folds for each of 1 candidates, totalling 4 fits
[CV]  ................................................................
[CV] ................................................. , total=   1.0s
[CV]  ................................................................
[CV] ................................................. , total=   1.0s
[CV]  ................................................................
[CV] ................................................. , total=   1.0s
GREP_ME***Results of [GradientBoostingRegressor] estimatorrun are
{'std_test_score': array([ 0.00453062]), 'mean_test_score': array([ 0.63013946]), 'split0_test_score': array([ 0.62401302]), 'split3_train_score': array([ 0.79690611]), 'split1_test_score': array([ 0.63079012]), 'split0_train_score': array([ 0.76217699]), 'split2_train_score': array([ 0.77485556]), 'rank_test_score': array([1], dtype=int32), 'std_score_time': array([  7.33443086e-05]), 'split2_test_score': array([ 0.63669556]), 'mean_fit_time': array([ 1.03018492]), 'std_train_score': array([ 0.01261433]), 'params': ({},), 'mean_score_time': array([ 0.0040614]), 'std_fit_time': array([ 0.03024882]), 'split1_train_score': array([ 0.78298485]), 'mean_train_score': array([ 0.77923088]), 'split3_test_score': array([ 0.62905914])}
GREP_ME***Best params of [GradientBoostingRegressor] estimator,pipeline:| preprocessor:log_poly | transfomer: StandardScaler | reducer: RFE  run are
{'reducer__n_features_to_select': 121, 'preprocessor__kw_args': {'pw': 2}, 'reducer__step': 0.1}
GREP_ME***Best score of [GradientBoostingRegressor] estimator, pipeline:| preprocessor:log_poly | transfomer: StandardScaler | reducer: RFE run are
0.630139458874
####################################################################################
################# Runing the itteration 35  of the GridSearchCV ####################
####################################################################################
***Starting [BaggingRegressor] estimator run, pipeline: | preprocessor:log_poly | transfomer: StandardScaler | reducer: RFE 
##param_grid##
{}
Fitting 4 folds for each of 1 candidates, totalling 4 fits
[CV]  ................................................................
[CV] ................................................. , total=   1.1s
[CV]  ................................................................
[CV] ................................................. , total=   1.1s
[CV]  ................................................................
[CV] ................................................. , total=   1.1s
[CV]  ................................................................
[CV] ................................................. , total=   1.1s
GREP_ME***Results of [BaggingRegressor] estimatorrun are
{'std_test_score': array([ 0.02609951]), 'mean_test_score': array([ 0.57893261]), 'split0_test_score': array([ 0.57256209]), 'split3_train_score': array([ 0.92916331]), 'split1_test_score': array([ 0.59292476]), 'split0_train_score': array([ 0.93173438]), 'split2_train_score': array([ 0.93017845]), 'rank_test_score': array([1], dtype=int32), 'std_score_time': array([ 0.00159946]), 'split2_test_score': array([ 0.54005521]), 'mean_fit_time': array([ 1.06581926]), 'std_train_score': array([ 0.00167449]), 'params': ({},), 'mean_score_time': array([ 0.0147379]), 'std_fit_time': array([ 0.0192669]), 'split1_train_score': array([ 0.92712107]), 'mean_train_score': array([ 0.9295493]), 'split3_test_score': array([ 0.61018836])}
GREP_ME***Best params of [BaggingRegressor] estimator,pipeline:| preprocessor:log_poly | transfomer: StandardScaler | reducer: RFE  run are
{'reducer__n_features_to_select': 203, 'preprocessor__kw_args': {'pw': 2}, 'reducer__step': 0.1}
GREP_ME***Best score of [BaggingRegressor] estimator, pipeline:| preprocessor:log_poly | transfomer: StandardScaler | reducer: RFE run are
0.57893260526
####################################################################################
################# Runing the itteration 36  of the GridSearchCV ####################
####################################################################################
***Starting [ExtraTreesRegressor] estimator run, pipeline: | preprocessor:log_poly | transfomer: StandardScaler | reducer: RFE 
##param_grid##
{}
Fitting 4 folds for each of 1 candidates, totalling 4 fits
[CV]  ................................................................
[CV] ................................................. , total=   0.7s
[CV]  ................................................................
[CV] ................................................. , total=   0.8s
[CV]  ................................................................
[CV] ................................................. , total=   0.8s
[CV]  ................................................................
[CV] ................................................. , total=   0.8s
GREP_ME***Results of [ExtraTreesRegressor] estimatorrun are
{'std_test_score': array([ 0.02010075]), 'mean_test_score': array([ 0.55558277]), 'split0_test_score': array([ 0.54501004]), 'split3_train_score': array([ 1.]), 'split1_test_score': array([ 0.57650176]), 'split0_train_score': array([ 1.]), 'split2_train_score': array([ 1.]), 'rank_test_score': array([1], dtype=int32), 'std_score_time': array([ 0.00108429]), 'split2_test_score': array([ 0.52790129]), 'mean_fit_time': array([ 0.75980216]), 'std_train_score': array([ 0.]), 'params': ({},), 'mean_score_time': array([ 0.00923651]), 'std_fit_time': array([ 0.01287214]), 'split1_train_score': array([ 1.]), 'mean_train_score': array([ 1.]), 'split3_test_score': array([ 0.57291799])}
GREP_ME***Best params of [ExtraTreesRegressor] estimator,pipeline:| preprocessor:log_poly | transfomer: StandardScaler | reducer: RFE  run are
{'reducer__n_features_to_select': 203, 'preprocessor__kw_args': {'pw': 2}, 'reducer__step': 0.1}
GREP_ME***Best score of [ExtraTreesRegressor] estimator, pipeline:| preprocessor:log_poly | transfomer: StandardScaler | reducer: RFE run are
0.555582768215
####################################################################################
################# Runing the itteration 37  of the GridSearchCV ####################
####################################################################################
***Starting [GradientBoostingRegressor] estimator run, pipeline: | preprocessor:log_poly | transfomer: StandardScaler | reducer: RFE 
##param_grid##
{}
Fitting 4 folds for each of 1 candidates, totalling 4 fits
[CV]  ................................................................
[CV] ................................................. , total=   1.5s
[CV]  ................................................................
[CV] ................................................. , total=   1.5s
GREP_ME***Results of [GradientBoostingRegressor] estimatorrun are
{'std_test_score': array([ 0.02779732]), 'mean_test_score': array([ 0.62783893]), 'split0_test_score': array([ 0.59456672]), 'split3_train_score': array([ 0.77656575]), 'split1_test_score': array([ 0.63724659]), 'split0_train_score': array([ 0.77271042]), 'split2_train_score': array([ 0.77493366]), 'rank_test_score': array([1], dtype=int32), 'std_score_time': array([ 0.0031185]), 'split2_test_score': array([ 0.61139462]), 'mean_fit_time': array([ 1.44754559]), 'std_train_score': array([ 0.00423412]), 'params': ({},), 'mean_score_time': array([ 0.00905567]), 'std_fit_time': array([ 0.01711994]), 'split1_train_score': array([ 0.78399015]), 'mean_train_score': array([ 0.77704999]), 'split3_test_score': array([ 0.66814779])}
GREP_ME***Best params of [GradientBoostingRegressor] estimator,pipeline:| preprocessor:log_poly | transfomer: StandardScaler | reducer: RFE  run are
{'reducer__n_features_to_select': 203, 'preprocessor__kw_args': {'pw': 2}, 'reducer__step': 0.1}
GREP_ME***Best score of [GradientBoostingRegressor] estimator, pipeline:| preprocessor:log_poly | transfomer: StandardScaler | reducer: RFE run are
0.627838929277
####################################################################################
################# Runing the itteration 38  of the GridSearchCV ####################
####################################################################################
***Starting [BaggingRegressor] estimator run, pipeline: | preprocessor:log_poly | transfomer: StandardScaler | reducer: RFE 
##param_grid##
{}
Fitting 4 folds for each of 1 candidates, totalling 4 fits
[CV]  ................................................................
[CV] ................................................. , total=   0.9s
[CV]  ................................................................
[CV] ................................................. , total=   0.9s
[CV]  ................................................................
[CV] ................................................. , total=   0.9s
[CV]  ................................................................
[CV] ................................................. , total=   0.9s
GREP_ME***Results of [BaggingRegressor] estimatorrun are
{'std_test_score': array([ 0.02981939]), 'mean_test_score': array([ 0.65272924]), 'split0_test_score': array([ 0.64690092]), 'split3_train_score': array([ 0.9389584]), 'split1_test_score': array([ 0.69207274]), 'split0_train_score': array([ 0.9401398]), 'split2_train_score': array([ 0.9406881]), 'rank_test_score': array([1], dtype=int32), 'std_score_time': array([ 0.00020197]), 'split2_test_score': array([ 0.60938903]), 'mean_fit_time': array([ 0.86116946]), 'std_train_score': array([ 0.00123123]), 'params': ({},), 'mean_score_time': array([ 0.00747877]), 'std_fit_time': array([ 0.00577458]), 'split1_train_score': array([ 0.93747901]), 'mean_train_score': array([ 0.93931633]), 'split3_test_score': array([ 0.66255426])}
GREP_ME***Best params of [BaggingRegressor] estimator,pipeline:| preprocessor:log_poly | transfomer: StandardScaler | reducer: RFE  run are
{'reducer__n_features_to_select': 63, 'preprocessor__kw_args': {'pw': 3}, 'reducer__step': 0.1}
GREP_ME***Best score of [BaggingRegressor] estimator, pipeline:| preprocessor:log_poly | transfomer: StandardScaler | reducer: RFE run are
0.652729235342
####################################################################################
################# Runing the itteration 39  of the GridSearchCV ####################
####################################################################################
***Starting [ExtraTreesRegressor] estimator run, pipeline: | preprocessor:log_poly | transfomer: StandardScaler | reducer: RFE 
##param_grid##
{}
Fitting 4 folds for each of 1 candidates, totalling 4 fits
[CV]  ................................................................
[CV] ................................................. , total=   0.4s
[CV]  ................................................................
[CV] ................................................. , total=   0.4s
[CV]  ................................................................
[CV] ................................................. , total=   0.4s
[CV]  ................................................................
[CV] ................................................. , total=   0.4s
GREP_ME***Results of [ExtraTreesRegressor] estimatorrun are
{'std_test_score': array([ 0.02070307]), 'mean_test_score': array([ 0.65796062]), 'split0_test_score': array([ 0.66627902]), 'split3_train_score': array([ 1.]), 'split1_test_score': array([ 0.68661008]), 'split0_train_score': array([ 1.]), 'split2_train_score': array([ 1.]), 'rank_test_score': array([1], dtype=int32), 'std_score_time': array([ 0.00052691]), 'split2_test_score': array([ 0.6310752]), 'mean_fit_time': array([ 0.39157063]), 'std_train_score': array([ 0.]), 'params': ({},), 'mean_score_time': array([ 0.00687951]), 'std_fit_time': array([ 0.00416384]), 'split1_train_score': array([ 1.]), 'mean_train_score': array([ 1.]), 'split3_test_score': array([ 0.64787816])}
GREP_ME***Best params of [ExtraTreesRegressor] estimator,pipeline:| preprocessor:log_poly | transfomer: StandardScaler | reducer: RFE  run are
{'reducer__n_features_to_select': 63, 'preprocessor__kw_args': {'pw': 3}, 'reducer__step': 0.1}
GREP_ME***Best score of [ExtraTreesRegressor] estimator, pipeline:| preprocessor:log_poly | transfomer: StandardScaler | reducer: RFE run are
0.657960617081
####################################################################################
################# Runing the itteration 40  of the GridSearchCV ####################
####################################################################################
***Starting [GradientBoostingRegressor] estimator run, pipeline: | preprocessor:log_poly | transfomer: StandardScaler | reducer: RFE 
##param_grid##
{}
Fitting 4 folds for each of 1 candidates, totalling 4 fits
[CV]  ................................................................
[CV] ................................................. , total=   0.8s
[CV]  ................................................................
[CV] ................................................. , total=   0.8s
[CV]  ................................................................
[CV] ................................................. , total=   0.8s
GREP_ME***Results of [GradientBoostingRegressor] estimatorrun are
{'std_test_score': array([ 0.03744269]), 'mean_test_score': array([ 0.68222044]), 'split0_test_score': array([ 0.69594558]), 'split3_train_score': array([ 0.82278145]), 'split1_test_score': array([ 0.73598555]), 'split0_train_score': array([ 0.82846256]), 'split2_train_score': array([ 0.83340779]), 'rank_test_score': array([1], dtype=int32), 'std_score_time': array([  7.65326192e-05]), 'split2_test_score': array([ 0.63726631]), 'mean_fit_time': array([ 0.79031259]), 'std_train_score': array([ 0.00394267]), 'params': ({},), 'mean_score_time': array([ 0.00408453]), 'std_fit_time': array([ 0.00989377]), 'split1_train_score': array([ 0.82547771]), 'mean_train_score': array([ 0.82753238]), 'split3_test_score': array([ 0.6596843])}
GREP_ME***Best params of [GradientBoostingRegressor] estimator,pipeline:| preprocessor:log_poly | transfomer: StandardScaler | reducer: RFE  run are
{'reducer__n_features_to_select': 63, 'preprocessor__kw_args': {'pw': 3}, 'reducer__step': 0.1}
GREP_ME***Best score of [GradientBoostingRegressor] estimator, pipeline:| preprocessor:log_poly | transfomer: StandardScaler | reducer: RFE run are
0.682220435561
#########################################
###Finished all estimators for cl: label_gross_3
#########################################
#########################################
#######Printing results for cl: label_gross_3
#########################################
{'BaggingRegressor': {'pipe': '| preprocessor:log_poly | transfomer: StandardScaler | reducer: RFE', 'best_cfg': {'reducer__n_features_to_select': 66, 'preprocessor__kw_args': {'pw': 4}, 'reducer__step': 0.1}, 'score': 0.67887164338971462}, 'GradientBoostingRegressor': {'pipe': '| preprocessor:log_poly | transfomer: StandardScaler | reducer: RFE', 'best_cfg': {'reducer__n_features_to_select': 66, 'preprocessor__kw_args': {'pw': 4}, 'reducer__step': 0.1}, 'score': 0.70122717253994649}, 'ExtraTreesRegressor': {'pipe': '| preprocessor:log_poly | transfomer: StandardScaler | reducer: RFE', 'best_cfg': {'reducer__n_features_to_select': 66, 'preprocessor__kw_args': {'pw': 4}, 'reducer__step': 0.1}, 'score': 0.67472832660514592}}
priting simply sorted numbers, grep them to find the best cfg or cl: label_gross_3
[0.67472832660514592, 0.67887164338971462, 0.70122717253994649]
