#########################################
###Starting all estimators for cl: label_gross_6
#########################################

LogPol True
n_components
[193, 115, 57]
pw_lst
[{'pw': 1}]
####################################################################################
################# Runing the itteration 1  of pipeline precomp      ###############
####################################################################################
| preprocessor:log_poly | transfomer: StandardScaler | reducer: RFE
{'reducer__n_features_to_select': [193, 115, 57], 'preprocessor__kw_args': [{'pw': 1}], 'reducer__step': [0.1]}
Starting precomp pipline for {'reducer__n_features_to_select': 193, 'preprocessor__kw_args': {'pw': 1}, 'reducer__step': 0.1}
Finished precomp pipline for {'reducer__n_features_to_select': 193, 'preprocessor__kw_args': {'pw': 1}, 'reducer__step': 0.1}
Starting precomp pipline for {'reducer__n_features_to_select': 115, 'preprocessor__kw_args': {'pw': 1}, 'reducer__step': 0.1}
Finished precomp pipline for {'reducer__n_features_to_select': 115, 'preprocessor__kw_args': {'pw': 1}, 'reducer__step': 0.1}
Starting precomp pipline for {'reducer__n_features_to_select': 57, 'preprocessor__kw_args': {'pw': 1}, 'reducer__step': 0.1}
Finished precomp pipline for {'reducer__n_features_to_select': 57, 'preprocessor__kw_args': {'pw': 1}, 'reducer__step': 0.1}

LogPol True
n_components
[203, 121, 60]
pw_lst
[{'pw': 1}, {'pw': 2}]
####################################################################################
################# Runing the itteration 2  of pipeline precomp      ###############
####################################################################################
| preprocessor:log_poly | transfomer: StandardScaler | reducer: RFE
{'reducer__n_features_to_select': [203, 121, 60], 'preprocessor__kw_args': [{'pw': 2}], 'reducer__step': [0.1]}
Starting precomp pipline for {'reducer__n_features_to_select': 203, 'preprocessor__kw_args': {'pw': 2}, 'reducer__step': 0.1}
Finished precomp pipline for {'reducer__n_features_to_select': 203, 'preprocessor__kw_args': {'pw': 2}, 'reducer__step': 0.1}
Starting precomp pipline for {'reducer__n_features_to_select': 121, 'preprocessor__kw_args': {'pw': 2}, 'reducer__step': 0.1}
Finished precomp pipline for {'reducer__n_features_to_select': 121, 'preprocessor__kw_args': {'pw': 2}, 'reducer__step': 0.1}
Starting precomp pipline for {'reducer__n_features_to_select': 60, 'preprocessor__kw_args': {'pw': 2}, 'reducer__step': 0.1}
Finished precomp pipline for {'reducer__n_features_to_select': 60, 'preprocessor__kw_args': {'pw': 2}, 'reducer__step': 0.1}

LogPol True
n_components
[213, 127, 63]
pw_lst
[{'pw': 1}, {'pw': 2}, {'pw': 3}]
####################################################################################
################# Runing the itteration 3  of pipeline precomp      ###############
####################################################################################
| preprocessor:log_poly | transfomer: StandardScaler | reducer: RFE
{'reducer__n_features_to_select': [213, 127, 63], 'preprocessor__kw_args': [{'pw': 3}], 'reducer__step': [0.1]}
Starting precomp pipline for {'reducer__n_features_to_select': 213, 'preprocessor__kw_args': {'pw': 3}, 'reducer__step': 0.1}
Finished precomp pipline for {'reducer__n_features_to_select': 213, 'preprocessor__kw_args': {'pw': 3}, 'reducer__step': 0.1}
Starting precomp pipline for {'reducer__n_features_to_select': 127, 'preprocessor__kw_args': {'pw': 3}, 'reducer__step': 0.1}
Finished precomp pipline for {'reducer__n_features_to_select': 127, 'preprocessor__kw_args': {'pw': 3}, 'reducer__step': 0.1}
Starting precomp pipline for {'reducer__n_features_to_select': 63, 'preprocessor__kw_args': {'pw': 3}, 'reducer__step': 0.1}
Finished precomp pipline for {'reducer__n_features_to_select': 63, 'preprocessor__kw_args': {'pw': 3}, 'reducer__step': 0.1}

LogPol True
n_components
[223, 133, 66]
pw_lst
[{'pw': 1}, {'pw': 2}, {'pw': 3}, {'pw': 4}]
####################################################################################
################# Runing the itteration 4  of pipeline precomp      ###############
####################################################################################
| preprocessor:log_poly | transfomer: StandardScaler | reducer: RFE
{'reducer__n_features_to_select': [223, 133, 66], 'preprocessor__kw_args': [{'pw': 4}], 'reducer__step': [0.1]}
Starting precomp pipline for {'reducer__n_features_to_select': 223, 'preprocessor__kw_args': {'pw': 4}, 'reducer__step': 0.1}
Finished precomp pipline for {'reducer__n_features_to_select': 223, 'preprocessor__kw_args': {'pw': 4}, 'reducer__step': 0.1}
Starting precomp pipline for {'reducer__n_features_to_select': 133, 'preprocessor__kw_args': {'pw': 4}, 'reducer__step': 0.1}
Finished precomp pipline for {'reducer__n_features_to_select': 133, 'preprocessor__kw_args': {'pw': 4}, 'reducer__step': 0.1}
Starting precomp pipline for {'reducer__n_features_to_select': 66, 'preprocessor__kw_args': {'pw': 4}, 'reducer__step': 0.1}
Finished precomp pipline for {'reducer__n_features_to_select': 66, 'preprocessor__kw_args': {'pw': 4}, 'reducer__step': 0.1}
####################################################################################
################# Runing the itteration 5  of the GridSearchCV ####################
####################################################################################
***Starting [BaggingRegressor] estimator run, pipeline: | preprocessor:log_poly | transfomer: StandardScaler | reducer: RFE 
##param_grid##
{}
Fitting 4 folds for each of 1 candidates, totalling 4 fits
[CV]  ................................................................
[CV] ................................................. , total=   1.3s
GREP_ME***Results of [BaggingRegressor] estimatorrun are
{'std_test_score': array([ 0.02568589]), 'mean_test_score': array([ 0.67786937]), 'split0_test_score': array([ 0.70768682]), 'split3_train_score': array([ 0.9352025]), 'split1_test_score': array([ 0.69191212]), 'split0_train_score': array([ 0.94222718]), 'split2_train_score': array([ 0.94076041]), 'rank_test_score': array([1], dtype=int32), 'std_score_time': array([ 0.00065265]), 'split2_test_score': array([ 0.63875028]), 'mean_fit_time': array([ 1.27858299]), 'std_train_score': array([ 0.00263745]), 'params': ({},), 'mean_score_time': array([ 0.01334155]), 'std_fit_time': array([ 0.02453246]), 'split1_train_score': array([ 0.94009127]), 'mean_train_score': array([ 0.93957034]), 'split3_test_score': array([ 0.67312826])}
GREP_ME***Best params of [BaggingRegressor] estimator,pipeline:| preprocessor:log_poly | transfomer: StandardScaler | reducer: RFE  run are
{'reducer__n_features_to_select': 213, 'preprocessor__kw_args': {'pw': 3}, 'reducer__step': 0.1}
GREP_ME***Best score of [BaggingRegressor] estimator, pipeline:| preprocessor:log_poly | transfomer: StandardScaler | reducer: RFE run are
0.677869369525
####################################################################################
################# Runing the itteration 6  of the GridSearchCV ####################
####################################################################################
***Starting [ExtraTreesRegressor] estimator run, pipeline: | preprocessor:log_poly | transfomer: StandardScaler | reducer: RFE 
##param_grid##
{}
Fitting 4 folds for each of 1 candidates, totalling 4 fits
[CV]  ................................................................
[CV] ................................................. , total=   0.9s
[CV]  ................................................................
[CV] ................................................. , total=   0.8s
[CV]  ................................................................
[CV] ................................................. , total=   0.9s
[CV]  ................................................................
[CV] ................................................. , total=   0.9s
GREP_ME***Results of [ExtraTreesRegressor] estimatorrun are
{'std_test_score': array([ 0.0209396]), 'mean_test_score': array([ 0.6492459]), 'split0_test_score': array([ 0.65363691]), 'split3_train_score': array([ 1.]), 'split1_test_score': array([ 0.67254666]), 'split0_train_score': array([ 1.]), 'split2_train_score': array([ 1.]), 'rank_test_score': array([1], dtype=int32), 'std_score_time': array([ 0.000132]), 'split2_test_score': array([ 0.61529723]), 'mean_fit_time': array([ 0.84989202]), 'std_train_score': array([ 0.]), 'params': ({},), 'mean_score_time': array([ 0.00722665]), 'std_fit_time': array([ 0.00574976]), 'split1_train_score': array([ 1.]), 'mean_train_score': array([ 1.]), 'split3_test_score': array([ 0.6555028])}
GREP_ME***Best params of [ExtraTreesRegressor] estimator,pipeline:| preprocessor:log_poly | transfomer: StandardScaler | reducer: RFE  run are
{'reducer__n_features_to_select': 213, 'preprocessor__kw_args': {'pw': 3}, 'reducer__step': 0.1}
GREP_ME***Best score of [ExtraTreesRegressor] estimator, pipeline:| preprocessor:log_poly | transfomer: StandardScaler | reducer: RFE run are
0.649245901318
####################################################################################
################# Runing the itteration 7  of the GridSearchCV ####################
####################################################################################
***Starting [GradientBoostingRegressor] estimator run, pipeline: | preprocessor:log_poly | transfomer: StandardScaler | reducer: RFE 
##param_grid##
{}
Fitting 4 folds for each of 1 candidates, totalling 4 fits
[CV]  ................................................................
[CV] ................................................. , total=   1.5s
GREP_ME***Results of [GradientBoostingRegressor] estimatorrun are
{'std_test_score': array([ 0.04847221]), 'mean_test_score': array([ 0.68342765]), 'split0_test_score': array([ 0.71731805]), 'split3_train_score': array([ 0.81592634]), 'split1_test_score': array([ 0.72893334]), 'split0_train_score': array([ 0.82326671]), 'split2_train_score': array([ 0.81411691]), 'rank_test_score': array([1], dtype=int32), 'std_score_time': array([ 0.00020438]), 'split2_test_score': array([ 0.60482571]), 'mean_fit_time': array([ 1.52904868]), 'std_train_score': array([ 0.0035009]), 'params': ({},), 'mean_score_time': array([ 0.00529814]), 'std_fit_time': array([ 0.03182573]), 'split1_train_score': array([ 0.81610973]), 'mean_train_score': array([ 0.81735492]), 'split3_test_score': array([ 0.68263349])}
GREP_ME***Best params of [GradientBoostingRegressor] estimator,pipeline:| preprocessor:log_poly | transfomer: StandardScaler | reducer: RFE  run are
{'reducer__n_features_to_select': 213, 'preprocessor__kw_args': {'pw': 3}, 'reducer__step': 0.1}
GREP_ME***Best score of [GradientBoostingRegressor] estimator, pipeline:| preprocessor:log_poly | transfomer: StandardScaler | reducer: RFE run are
0.683427646234
####################################################################################
################# Runing the itteration 8  of the GridSearchCV ####################
####################################################################################
***Starting [BaggingRegressor] estimator run, pipeline: | preprocessor:log_poly | transfomer: StandardScaler | reducer: RFE 
##param_grid##
{}
Fitting 4 folds for each of 1 candidates, totalling 4 fits
[CV]  ................................................................
[CV] ................................................. , total=   1.0s
[CV]  ................................................................
[CV] ................................................. , total=   1.0s
[CV]  ................................................................
[CV] ................................................. , total=   1.1s
[CV]  ................................................................
[CV] ................................................. , total=   1.0s
GREP_ME***Results of [BaggingRegressor] estimatorrun are
{'std_test_score': array([ 0.05174343]), 'mean_test_score': array([ 0.75527176]), 'split0_test_score': array([ 0.80629073]), 'split3_train_score': array([ 0.9464074]), 'split1_test_score': array([ 0.7183944]), 'split0_train_score': array([ 0.96139261]), 'split2_train_score': array([ 0.96088719]), 'rank_test_score': array([1], dtype=int32), 'std_score_time': array([ 0.00023867]), 'split2_test_score': array([ 0.69055261]), 'mean_fit_time': array([ 1.03424275]), 'std_train_score': array([ 0.00610058]), 'params': ({},), 'mean_score_time': array([ 0.00733495]), 'std_fit_time': array([ 0.02229427]), 'split1_train_score': array([ 0.95855084]), 'mean_train_score': array([ 0.95680951]), 'split3_test_score': array([ 0.80584929])}
GREP_ME***Best params of [BaggingRegressor] estimator,pipeline:| preprocessor:log_poly | transfomer: StandardScaler | reducer: RFE  run are
{'reducer__n_features_to_select': 66, 'preprocessor__kw_args': {'pw': 4}, 'reducer__step': 0.1}
GREP_ME***Best score of [BaggingRegressor] estimator, pipeline:| preprocessor:log_poly | transfomer: StandardScaler | reducer: RFE run are
0.755271758785
####################################################################################
################# Runing the itteration 9  of the GridSearchCV ####################
####################################################################################
***Starting [ExtraTreesRegressor] estimator run, pipeline: | preprocessor:log_poly | transfomer: StandardScaler | reducer: RFE 
##param_grid##
{}
Fitting 4 folds for each of 1 candidates, totalling 4 fits
[CV]  ................................................................
[CV] ................................................. , total=   0.5s
[CV]  ................................................................
[CV] ................................................. , total=   0.4s
[CV]  ................................................................
[CV] ................................................. , total=   0.5s
[CV]  ................................................................
[CV] ................................................. , total=   0.5s
GREP_ME***Results of [ExtraTreesRegressor] estimatorrun are
{'std_test_score': array([ 0.04740642]), 'mean_test_score': array([ 0.74646258]), 'split0_test_score': array([ 0.77582026]), 'split3_train_score': array([ 1.]), 'split1_test_score': array([ 0.72621105]), 'split0_train_score': array([ 1.]), 'split2_train_score': array([ 1.]), 'rank_test_score': array([1], dtype=int32), 'std_score_time': array([ 0.00024844]), 'split2_test_score': array([ 0.67995785]), 'mean_fit_time': array([ 0.45329434]), 'std_train_score': array([ 0.]), 'params': ({},), 'mean_score_time': array([ 0.00621694]), 'std_fit_time': array([ 0.0077672]), 'split1_train_score': array([ 1.]), 'mean_train_score': array([ 1.]), 'split3_test_score': array([ 0.80386117])}
GREP_ME***Best params of [ExtraTreesRegressor] estimator,pipeline:| preprocessor:log_poly | transfomer: StandardScaler | reducer: RFE  run are
{'reducer__n_features_to_select': 66, 'preprocessor__kw_args': {'pw': 4}, 'reducer__step': 0.1}
GREP_ME***Best score of [ExtraTreesRegressor] estimator, pipeline:| preprocessor:log_poly | transfomer: StandardScaler | reducer: RFE run are
0.746462583337
####################################################################################
################# Runing the itteration 10  of the GridSearchCV ####################
####################################################################################
***Starting [GradientBoostingRegressor] estimator run, pipeline: | preprocessor:log_poly | transfomer: StandardScaler | reducer: RFE 
##param_grid##
{}
Fitting 4 folds for each of 1 candidates, totalling 4 fits
[CV]  ................................................................
[CV] ................................................. , total=   0.8s
[CV]  ................................................................
[CV] ................................................. , total=   0.8s
[CV]  ................................................................
[CV] ................................................. , total=   0.8s
[CV]  ................................................................
[CV] ................................................. , total=   0.9s
GREP_ME***Results of [GradientBoostingRegressor] estimatorrun are
{'std_test_score': array([ 0.04964002]), 'mean_test_score': array([ 0.7822502]), 'split0_test_score': array([ 0.80490521]), 'split3_train_score': array([ 0.89038197]), 'split1_test_score': array([ 0.780222]), 'split0_train_score': array([ 0.89117389]), 'split2_train_score': array([ 0.89348292]), 'rank_test_score': array([1], dtype=int32), 'std_score_time': array([ 0.00044388]), 'split2_test_score': array([ 0.70438522]), 'mean_fit_time': array([ 0.83245891]), 'std_train_score': array([ 0.002123]), 'params': ({},), 'mean_score_time': array([ 0.00382251]), 'std_fit_time': array([ 0.01365759]), 'split1_train_score': array([ 0.88754245]), 'mean_train_score': array([ 0.89064531]), 'split3_test_score': array([ 0.83948837])}
GREP_ME***Best params of [GradientBoostingRegressor] estimator,pipeline:| preprocessor:log_poly | transfomer: StandardScaler | reducer: RFE  run are
{'reducer__n_features_to_select': 66, 'preprocessor__kw_args': {'pw': 4}, 'reducer__step': 0.1}
GREP_ME***Best score of [GradientBoostingRegressor] estimator, pipeline:| preprocessor:log_poly | transfomer: StandardScaler | reducer: RFE run are
0.782250198257
####################################################################################
################# Runing the itteration 11  of the GridSearchCV ####################
####################################################################################
***Starting [BaggingRegressor] estimator run, pipeline: | preprocessor:log_poly | transfomer: StandardScaler | reducer: RFE 
##param_grid##
{}
Fitting 4 folds for each of 1 candidates, totalling 4 fits
[CV]  ................................................................
[CV] ................................................. , total=   1.5s
[CV]  ................................................................
[CV] ................................................. , total=   1.5s
GREP_ME***Results of [BaggingRegressor] estimatorrun are
{'std_test_score': array([ 0.03862352]), 'mean_test_score': array([ 0.66373681]), 'split0_test_score': array([ 0.66331803]), 'split3_train_score': array([ 0.93434381]), 'split1_test_score': array([ 0.6051261]), 'split0_train_score': array([ 0.93946911]), 'split2_train_score': array([ 0.93403341]), 'rank_test_score': array([1], dtype=int32), 'std_score_time': array([ 0.00624854]), 'split2_test_score': array([ 0.67338352]), 'mean_fit_time': array([ 1.46930391]), 'std_train_score': array([ 0.00291997]), 'params': ({},), 'mean_score_time': array([ 0.02302045]), 'std_fit_time': array([ 0.02827143]), 'split1_train_score': array([ 0.94049008]), 'mean_train_score': array([ 0.9370841]), 'split3_test_score': array([ 0.71311957])}
GREP_ME***Best params of [BaggingRegressor] estimator,pipeline:| preprocessor:log_poly | transfomer: StandardScaler | reducer: RFE  run are
{'reducer__n_features_to_select': 223, 'preprocessor__kw_args': {'pw': 4}, 'reducer__step': 0.1}
GREP_ME***Best score of [BaggingRegressor] estimator, pipeline:| preprocessor:log_poly | transfomer: StandardScaler | reducer: RFE run are
0.663736807638
####################################################################################
################# Runing the itteration 12  of the GridSearchCV ####################
####################################################################################
***Starting [ExtraTreesRegressor] estimator run, pipeline: | preprocessor:log_poly | transfomer: StandardScaler | reducer: RFE 
##param_grid##
{}
Fitting 4 folds for each of 1 candidates, totalling 4 fits
[CV]  ................................................................
[CV] ................................................. , total=   0.9s
[CV]  ................................................................
[CV] ................................................. , total=   0.9s
GREP_ME***Results of [ExtraTreesRegressor] estimatorrun are
{'std_test_score': array([ 0.0250964]), 'mean_test_score': array([ 0.65015017]), 'split0_test_score': array([ 0.6546973]), 'split3_train_score': array([ 1.]), 'split1_test_score': array([ 0.60827983]), 'split0_train_score': array([ 1.]), 'split2_train_score': array([ 1.]), 'rank_test_score': array([1], dtype=int32), 'std_score_time': array([ 0.00077407]), 'split2_test_score': array([ 0.66386172]), 'mean_fit_time': array([ 0.94078785]), 'std_train_score': array([ 0.]), 'params': ({},), 'mean_score_time': array([ 0.01017398]), 'std_fit_time': array([ 0.05762061]), 'split1_train_score': array([ 1.]), 'mean_train_score': array([ 1.]), 'split3_test_score': array([ 0.67376181])}
GREP_ME***Best params of [ExtraTreesRegressor] estimator,pipeline:| preprocessor:log_poly | transfomer: StandardScaler | reducer: RFE  run are
{'reducer__n_features_to_select': 223, 'preprocessor__kw_args': {'pw': 4}, 'reducer__step': 0.1}
GREP_ME***Best score of [ExtraTreesRegressor] estimator, pipeline:| preprocessor:log_poly | transfomer: StandardScaler | reducer: RFE run are
0.650150166168
####################################################################################
################# Runing the itteration 13  of the GridSearchCV ####################
####################################################################################
***Starting [GradientBoostingRegressor] estimator run, pipeline: | preprocessor:log_poly | transfomer: StandardScaler | reducer: RFE 
##param_grid##
{}
Fitting 4 folds for each of 1 candidates, totalling 4 fits
[CV]  ................................................................
[CV] ................................................. , total=   1.6s
[CV]  ................................................................
[CV] ................................................. , total=   1.6s
[CV]  ................................................................
[CV] ................................................. , total=   1.6s
GREP_ME***Results of [GradientBoostingRegressor] estimatorrun are
{'std_test_score': array([ 0.03770845]), 'mean_test_score': array([ 0.68979864]), 'split0_test_score': array([ 0.66973087]), 'split3_train_score': array([ 0.81185543]), 'split1_test_score': array([ 0.63792118]), 'split0_train_score': array([ 0.80692883]), 'split2_train_score': array([ 0.81388922]), 'rank_test_score': array([1], dtype=int32), 'std_score_time': array([ 0.00125459]), 'split2_test_score': array([ 0.72745393]), 'mean_fit_time': array([ 1.60845512]), 'std_train_score': array([ 0.00676311]), 'params': ({},), 'mean_score_time': array([ 0.01010484]), 'std_fit_time': array([ 0.05292407]), 'split1_train_score': array([ 0.8253752]), 'mean_train_score': array([ 0.81451217]), 'split3_test_score': array([ 0.72408859])}
GREP_ME***Best params of [GradientBoostingRegressor] estimator,pipeline:| preprocessor:log_poly | transfomer: StandardScaler | reducer: RFE  run are
{'reducer__n_features_to_select': 223, 'preprocessor__kw_args': {'pw': 4}, 'reducer__step': 0.1}
GREP_ME***Best score of [GradientBoostingRegressor] estimator, pipeline:| preprocessor:log_poly | transfomer: StandardScaler | reducer: RFE run are
0.689798640209
####################################################################################
################# Runing the itteration 14  of the GridSearchCV ####################
####################################################################################
***Starting [BaggingRegressor] estimator run, pipeline: | preprocessor:log_poly | transfomer: StandardScaler | reducer: RFE 
##param_grid##
{}
Fitting 4 folds for each of 1 candidates, totalling 4 fits
[CV]  ................................................................
[CV] ................................................. , total=   0.7s
[CV]  ................................................................
[CV] ................................................. , total=   0.8s
[CV]  ................................................................
[CV] ................................................. , total=   0.8s
[CV]  ................................................................
[CV] ................................................. , total=   0.8s
GREP_ME***Results of [BaggingRegressor] estimatorrun are
{'std_test_score': array([ 0.04412167]), 'mean_test_score': array([ 0.73601491]), 'split0_test_score': array([ 0.80190217]), 'split3_train_score': array([ 0.95722694]), 'split1_test_score': array([ 0.74848858]), 'split0_train_score': array([ 0.95382512]), 'split2_train_score': array([ 0.95564341]), 'rank_test_score': array([1], dtype=int32), 'std_score_time': array([  5.75125214e-05]), 'split2_test_score': array([ 0.70732122]), 'mean_fit_time': array([ 0.75085646]), 'std_train_score': array([ 0.00176765]), 'params': ({},), 'mean_score_time': array([ 0.00648642]), 'std_fit_time': array([ 0.01704471]), 'split1_train_score': array([ 0.95855468]), 'mean_train_score': array([ 0.95631254]), 'split3_test_score': array([ 0.68634767])}
GREP_ME***Best params of [BaggingRegressor] estimator,pipeline:| preprocessor:log_poly | transfomer: StandardScaler | reducer: RFE  run are
{'reducer__n_features_to_select': 60, 'preprocessor__kw_args': {'pw': 2}, 'reducer__step': 0.1}
GREP_ME***Best score of [BaggingRegressor] estimator, pipeline:| preprocessor:log_poly | transfomer: StandardScaler | reducer: RFE run are
0.736014910515
####################################################################################
################# Runing the itteration 15  of the GridSearchCV ####################
####################################################################################
***Starting [ExtraTreesRegressor] estimator run, pipeline: | preprocessor:log_poly | transfomer: StandardScaler | reducer: RFE 
##param_grid##
{}
Fitting 4 folds for each of 1 candidates, totalling 4 fits
[CV]  ................................................................
[CV] ................................................. , total=   0.4s
[CV]  ................................................................
[CV] ................................................. , total=   0.3s
[CV]  ................................................................
[CV] ................................................. , total=   0.4s
[CV]  ................................................................
[CV] ................................................. , total=   0.4s
GREP_ME***Results of [ExtraTreesRegressor] estimatorrun are
{'std_test_score': array([ 0.05080408]), 'mean_test_score': array([ 0.72200587]), 'split0_test_score': array([ 0.79630978]), 'split3_train_score': array([ 1.]), 'split1_test_score': array([ 0.72868901]), 'split0_train_score': array([ 1.]), 'split2_train_score': array([ 1.]), 'rank_test_score': array([1], dtype=int32), 'std_score_time': array([ 0.00019594]), 'split2_test_score': array([ 0.70870641]), 'mean_fit_time': array([ 0.34811479]), 'std_train_score': array([ 0.]), 'params': ({},), 'mean_score_time': array([ 0.00612628]), 'std_fit_time': array([ 0.00740578]), 'split1_train_score': array([ 1.]), 'mean_train_score': array([ 1.]), 'split3_test_score': array([ 0.65431829])}
GREP_ME***Best params of [ExtraTreesRegressor] estimator,pipeline:| preprocessor:log_poly | transfomer: StandardScaler | reducer: RFE  run are
{'reducer__n_features_to_select': 60, 'preprocessor__kw_args': {'pw': 2}, 'reducer__step': 0.1}
GREP_ME***Best score of [ExtraTreesRegressor] estimator, pipeline:| preprocessor:log_poly | transfomer: StandardScaler | reducer: RFE run are
0.722005872551
####################################################################################
################# Runing the itteration 16  of the GridSearchCV ####################
####################################################################################
***Starting [GradientBoostingRegressor] estimator run, pipeline: | preprocessor:log_poly | transfomer: StandardScaler | reducer: RFE 
##param_grid##
{}
Fitting 4 folds for each of 1 candidates, totalling 4 fits
[CV]  ................................................................
[CV] ................................................. , total=   0.7s
[CV]  ................................................................
[CV] ................................................. , total=   0.7s
[CV]  ................................................................
[CV] ................................................. , total=   0.7s
GREP_ME***Results of [GradientBoostingRegressor] estimatorrun are
{'std_test_score': array([ 0.05300375]), 'mean_test_score': array([ 0.74750243]), 'split0_test_score': array([ 0.83550857]), 'split3_train_score': array([ 0.8881775]), 'split1_test_score': array([ 0.72374583]), 'split0_train_score': array([ 0.86935573]), 'split2_train_score': array([ 0.87553602]), 'rank_test_score': array([1], dtype=int32), 'std_score_time': array([  7.11609317e-05]), 'split2_test_score': array([ 0.73616387]), 'mean_fit_time': array([ 0.68222833]), 'std_train_score': array([ 0.00843009]), 'params': ({},), 'mean_score_time': array([ 0.00335294]), 'std_fit_time': array([ 0.00851063]), 'split1_train_score': array([ 0.86613246]), 'mean_train_score': array([ 0.87480043]), 'split3_test_score': array([ 0.69459145])}
GREP_ME***Best params of [GradientBoostingRegressor] estimator,pipeline:| preprocessor:log_poly | transfomer: StandardScaler | reducer: RFE  run are
{'reducer__n_features_to_select': 60, 'preprocessor__kw_args': {'pw': 2}, 'reducer__step': 0.1}
GREP_ME***Best score of [GradientBoostingRegressor] estimator, pipeline:| preprocessor:log_poly | transfomer: StandardScaler | reducer: RFE run are
0.747502429042
####################################################################################
################# Runing the itteration 17  of the GridSearchCV ####################
####################################################################################
***Starting [BaggingRegressor] estimator run, pipeline: | preprocessor:log_poly | transfomer: StandardScaler | reducer: RFE 
##param_grid##
{}
Fitting 4 folds for each of 1 candidates, totalling 4 fits
[CV]  ................................................................
[CV] ................................................. , total=   0.7s
[CV]  ................................................................
[CV] ................................................. , total=   0.7s
[CV]  ................................................................
[CV] ................................................. , total=   0.7s
[CV]  ................................................................
[CV] ................................................. , total=   0.7s
GREP_ME***Results of [BaggingRegressor] estimatorrun are
{'std_test_score': array([ 0.00970325]), 'mean_test_score': array([ 0.60697388]), 'split0_test_score': array([ 0.61399329]), 'split3_train_score': array([ 0.92707493]), 'split1_test_score': array([ 0.60535255]), 'split0_train_score': array([ 0.92363045]), 'split2_train_score': array([ 0.93972573]), 'rank_test_score': array([1], dtype=int32), 'std_score_time': array([ 0.00033877]), 'split2_test_score': array([ 0.59182209]), 'mean_fit_time': array([ 0.69304895]), 'std_train_score': array([ 0.00768376]), 'params': ({},), 'mean_score_time': array([ 0.00936973]), 'std_fit_time': array([ 0.02151363]), 'split1_train_score': array([ 0.91903782]), 'mean_train_score': array([ 0.92736723]), 'split3_test_score': array([ 0.6167276])}
GREP_ME***Best params of [BaggingRegressor] estimator,pipeline:| preprocessor:log_poly | transfomer: StandardScaler | reducer: RFE  run are
{'reducer__n_features_to_select': 115, 'preprocessor__kw_args': {'pw': 1}, 'reducer__step': 0.1}
GREP_ME***Best score of [BaggingRegressor] estimator, pipeline:| preprocessor:log_poly | transfomer: StandardScaler | reducer: RFE run are
0.606973881328
####################################################################################
################# Runing the itteration 18  of the GridSearchCV ####################
####################################################################################
***Starting [ExtraTreesRegressor] estimator run, pipeline: | preprocessor:log_poly | transfomer: StandardScaler | reducer: RFE 
##param_grid##
{}
Fitting 4 folds for each of 1 candidates, totalling 4 fits
[CV]  ................................................................
[CV] ................................................. , total=   0.5s
[CV]  ................................................................
[CV] ................................................. , total=   0.5s
[CV]  ................................................................
[CV] ................................................. , total=   0.5s
[CV]  ................................................................
[CV] ................................................. , total=   0.5s
GREP_ME***Results of [ExtraTreesRegressor] estimatorrun are
{'std_test_score': array([ 0.02146758]), 'mean_test_score': array([ 0.60548879]), 'split0_test_score': array([ 0.58573084]), 'split3_train_score': array([ 1.]), 'split1_test_score': array([ 0.63187955]), 'split0_train_score': array([ 1.]), 'split2_train_score': array([ 1.]), 'rank_test_score': array([1], dtype=int32), 'std_score_time': array([ 0.00084451]), 'split2_test_score': array([ 0.58300755]), 'mean_fit_time': array([ 0.4646495]), 'std_train_score': array([ 0.]), 'params': ({},), 'mean_score_time': array([ 0.00813556]), 'std_fit_time': array([ 0.01991732]), 'split1_train_score': array([ 1.]), 'mean_train_score': array([ 1.]), 'split3_test_score': array([ 0.6213372])}
GREP_ME***Best params of [ExtraTreesRegressor] estimator,pipeline:| preprocessor:log_poly | transfomer: StandardScaler | reducer: RFE  run are
{'reducer__n_features_to_select': 115, 'preprocessor__kw_args': {'pw': 1}, 'reducer__step': 0.1}
GREP_ME***Best score of [ExtraTreesRegressor] estimator, pipeline:| preprocessor:log_poly | transfomer: StandardScaler | reducer: RFE run are
0.605488785163
####################################################################################
################# Runing the itteration 19  of the GridSearchCV ####################
####################################################################################
***Starting [GradientBoostingRegressor] estimator run, pipeline: | preprocessor:log_poly | transfomer: StandardScaler | reducer: RFE 
##param_grid##
{}
Fitting 4 folds for each of 1 candidates, totalling 4 fits
[CV]  ................................................................
[CV] ................................................. , total=   0.9s
[CV]  ................................................................
[CV] ................................................. , total=   0.9s
[CV]  ................................................................
[CV] ................................................. , total=   0.9s
GREP_ME***Results of [GradientBoostingRegressor] estimatorrun are
{'std_test_score': array([ 0.02733619]), 'mean_test_score': array([ 0.64333395]), 'split0_test_score': array([ 0.66262407]), 'split3_train_score': array([ 0.79122188]), 'split1_test_score': array([ 0.66114796]), 'split0_train_score': array([ 0.79741138]), 'split2_train_score': array([ 0.78930286]), 'rank_test_score': array([1], dtype=int32), 'std_score_time': array([ 0.00047404]), 'split2_test_score': array([ 0.59639824]), 'mean_fit_time': array([ 0.86805624]), 'std_train_score': array([ 0.00300762]), 'params': ({},), 'mean_score_time': array([ 0.00507647]), 'std_fit_time': array([ 0.01579314]), 'split1_train_score': array([ 0.79324499]), 'mean_train_score': array([ 0.79279528]), 'split3_test_score': array([ 0.65316553])}
GREP_ME***Best params of [GradientBoostingRegressor] estimator,pipeline:| preprocessor:log_poly | transfomer: StandardScaler | reducer: RFE  run are
{'reducer__n_features_to_select': 115, 'preprocessor__kw_args': {'pw': 1}, 'reducer__step': 0.1}
GREP_ME***Best score of [GradientBoostingRegressor] estimator, pipeline:| preprocessor:log_poly | transfomer: StandardScaler | reducer: RFE run are
0.643333949777
####################################################################################
################# Runing the itteration 20  of the GridSearchCV ####################
####################################################################################
***Starting [BaggingRegressor] estimator run, pipeline: | preprocessor:log_poly | transfomer: StandardScaler | reducer: RFE 
##param_grid##
{}
Fitting 4 folds for each of 1 candidates, totalling 4 fits
[CV]  ................................................................
[CV] ................................................. , total=   1.2s
[CV]  ................................................................
[CV] ................................................. , total=   1.2s
[CV]  ................................................................
[CV] ................................................. , total=   1.2s
[CV]  ................................................................
[CV] ................................................. , total=   1.3s
GREP_ME***Results of [BaggingRegressor] estimatorrun are
{'std_test_score': array([ 0.02307894]), 'mean_test_score': array([ 0.68178331]), 'split0_test_score': array([ 0.64197119]), 'split3_train_score': array([ 0.94460987]), 'split1_test_score': array([ 0.69453115]), 'split0_train_score': array([ 0.94684747]), 'split2_train_score': array([ 0.94940193]), 'rank_test_score': array([1], dtype=int32), 'std_score_time': array([ 0.000524]), 'split2_test_score': array([ 0.69241703]), 'mean_fit_time': array([ 1.24379498]), 'std_train_score': array([ 0.00189785]), 'params': ({},), 'mean_score_time': array([ 0.01140672]), 'std_fit_time': array([ 0.0295296]), 'split1_train_score': array([ 0.94498375]), 'mean_train_score': array([ 0.94646076]), 'split3_test_score': array([ 0.69821385])}
GREP_ME***Best params of [BaggingRegressor] estimator,pipeline:| preprocessor:log_poly | transfomer: StandardScaler | reducer: RFE  run are
{'reducer__n_features_to_select': 133, 'preprocessor__kw_args': {'pw': 4}, 'reducer__step': 0.1}
GREP_ME***Best score of [BaggingRegressor] estimator, pipeline:| preprocessor:log_poly | transfomer: StandardScaler | reducer: RFE run are
0.681783306247
####################################################################################
################# Runing the itteration 21  of the GridSearchCV ####################
####################################################################################
***Starting [ExtraTreesRegressor] estimator run, pipeline: | preprocessor:log_poly | transfomer: StandardScaler | reducer: RFE 
##param_grid##
{}
Fitting 4 folds for each of 1 candidates, totalling 4 fits
[CV]  ................................................................
[CV] ................................................. , total=   0.6s
[CV]  ................................................................
[CV] ................................................. , total=   0.7s
[CV]  ................................................................
[CV] ................................................. , total=   0.6s
[CV]  ................................................................
[CV] ................................................. , total=   0.7s
GREP_ME***Results of [ExtraTreesRegressor] estimatorrun are
{'std_test_score': array([ 0.02573593]), 'mean_test_score': array([ 0.68362789]), 'split0_test_score': array([ 0.64023976]), 'split3_train_score': array([ 1.]), 'split1_test_score': array([ 0.70772579]), 'split0_train_score': array([ 1.]), 'split2_train_score': array([ 1.]), 'rank_test_score': array([1], dtype=int32), 'std_score_time': array([ 0.00113667]), 'split2_test_score': array([ 0.69310444]), 'mean_fit_time': array([ 0.64613014]), 'std_train_score': array([ 0.]), 'params': ({},), 'mean_score_time': array([ 0.00847769]), 'std_fit_time': array([ 0.00984421]), 'split1_train_score': array([ 1.]), 'mean_train_score': array([ 1.]), 'split3_test_score': array([ 0.69344156])}
GREP_ME***Best params of [ExtraTreesRegressor] estimator,pipeline:| preprocessor:log_poly | transfomer: StandardScaler | reducer: RFE  run are
{'reducer__n_features_to_select': 133, 'preprocessor__kw_args': {'pw': 4}, 'reducer__step': 0.1}
GREP_ME***Best score of [ExtraTreesRegressor] estimator, pipeline:| preprocessor:log_poly | transfomer: StandardScaler | reducer: RFE run are
0.683627887007
####################################################################################
################# Runing the itteration 22  of the GridSearchCV ####################
####################################################################################
***Starting [GradientBoostingRegressor] estimator run, pipeline: | preprocessor:log_poly | transfomer: StandardScaler | reducer: RFE 
##param_grid##
{}
Fitting 4 folds for each of 1 candidates, totalling 4 fits
[CV]  ................................................................
[CV] ................................................. , total=   1.2s
[CV]  ................................................................
[CV] ................................................. , total=   1.2s
[CV]  ................................................................
[CV] ................................................. , total=   1.2s
GREP_ME***Results of [GradientBoostingRegressor] estimatorrun are
{'std_test_score': array([ 0.03426746]), 'mean_test_score': array([ 0.71591869]), 'split0_test_score': array([ 0.65865622]), 'split3_train_score': array([ 0.84291257]), 'split1_test_score': array([ 0.72327625]), 'split0_train_score': array([ 0.83459349]), 'split2_train_score': array([ 0.84646152]), 'rank_test_score': array([1], dtype=int32), 'std_score_time': array([ 0.00032867]), 'split2_test_score': array([ 0.73316853]), 'mean_fit_time': array([ 1.1884948]), 'std_train_score': array([ 0.00619407]), 'params': ({},), 'mean_score_time': array([ 0.00568414]), 'std_fit_time': array([ 0.02128931]), 'split1_train_score': array([ 0.85160188]), 'mean_train_score': array([ 0.84389236]), 'split3_test_score': array([ 0.74857377])}
GREP_ME***Best params of [GradientBoostingRegressor] estimator,pipeline:| preprocessor:log_poly | transfomer: StandardScaler | reducer: RFE  run are
{'reducer__n_features_to_select': 133, 'preprocessor__kw_args': {'pw': 4}, 'reducer__step': 0.1}
GREP_ME***Best score of [GradientBoostingRegressor] estimator, pipeline:| preprocessor:log_poly | transfomer: StandardScaler | reducer: RFE run are
0.715918691583
####################################################################################
################# Runing the itteration 23  of the GridSearchCV ####################
####################################################################################
***Starting [BaggingRegressor] estimator run, pipeline: | preprocessor:log_poly | transfomer: StandardScaler | reducer: RFE 
##param_grid##
{}
Fitting 4 folds for each of 1 candidates, totalling 4 fits
[CV]  ................................................................
[CV] ................................................. , total=   1.1s
[CV]  ................................................................
[CV] ................................................. , total=   1.1s
[CV]  ................................................................
[CV] ................................................. , total=   1.1s
GREP_ME***Results of [BaggingRegressor] estimatorrun are
{'std_test_score': array([ 0.0214125]), 'mean_test_score': array([ 0.66980309]), 'split0_test_score': array([ 0.65050552]), 'split3_train_score': array([ 0.94658329]), 'split1_test_score': array([ 0.65951853]), 'split0_train_score': array([ 0.94972074]), 'split2_train_score': array([ 0.94392998]), 'rank_test_score': array([1], dtype=int32), 'std_score_time': array([ 0.00091794]), 'split2_test_score': array([ 0.70602148]), 'mean_fit_time': array([ 1.08964789]), 'std_train_score': array([ 0.00224523]), 'params': ({},), 'mean_score_time': array([ 0.01245373]), 'std_fit_time': array([ 0.01417089]), 'split1_train_score': array([ 0.94886087]), 'mean_train_score': array([ 0.94727372]), 'split3_test_score': array([ 0.66316683])}
GREP_ME***Best params of [BaggingRegressor] estimator,pipeline:| preprocessor:log_poly | transfomer: StandardScaler | reducer: RFE  run are
{'reducer__n_features_to_select': 127, 'preprocessor__kw_args': {'pw': 3}, 'reducer__step': 0.1}
GREP_ME***Best score of [BaggingRegressor] estimator, pipeline:| preprocessor:log_poly | transfomer: StandardScaler | reducer: RFE run are
0.669803090799
####################################################################################
################# Runing the itteration 24  of the GridSearchCV ####################
####################################################################################
***Starting [ExtraTreesRegressor] estimator run, pipeline: | preprocessor:log_poly | transfomer: StandardScaler | reducer: RFE 
##param_grid##
{}
Fitting 4 folds for each of 1 candidates, totalling 4 fits
[CV]  ................................................................
[CV] ................................................. , total=   0.6s
[CV]  ................................................................
[CV] ................................................. , total=   0.6s
[CV]  ................................................................
[CV] ................................................. , total=   0.6s
[CV]  ................................................................
[CV] ................................................. , total=   0.6s
GREP_ME***Results of [ExtraTreesRegressor] estimatorrun are
{'std_test_score': array([ 0.01971169]), 'mean_test_score': array([ 0.65012696]), 'split0_test_score': array([ 0.62848976]), 'split3_train_score': array([ 1.]), 'split1_test_score': array([ 0.67761442]), 'split0_train_score': array([ 1.]), 'split2_train_score': array([ 1.]), 'rank_test_score': array([1], dtype=int32), 'std_score_time': array([ 0.00136264]), 'split2_test_score': array([ 0.65971904]), 'mean_fit_time': array([ 0.61729068]), 'std_train_score': array([ 0.]), 'params': ({},), 'mean_score_time': array([ 0.00857997]), 'std_fit_time': array([ 0.00795923]), 'split1_train_score': array([ 1.]), 'mean_train_score': array([ 1.]), 'split3_test_score': array([ 0.63468463])}
GREP_ME***Best params of [ExtraTreesRegressor] estimator,pipeline:| preprocessor:log_poly | transfomer: StandardScaler | reducer: RFE  run are
{'reducer__n_features_to_select': 127, 'preprocessor__kw_args': {'pw': 3}, 'reducer__step': 0.1}
GREP_ME***Best score of [ExtraTreesRegressor] estimator, pipeline:| preprocessor:log_poly | transfomer: StandardScaler | reducer: RFE run are
0.650126961461
####################################################################################
################# Runing the itteration 25  of the GridSearchCV ####################
####################################################################################
***Starting [GradientBoostingRegressor] estimator run, pipeline: | preprocessor:log_poly | transfomer: StandardScaler | reducer: RFE 
##param_grid##
{}
Fitting 4 folds for each of 1 candidates, totalling 4 fits
[CV]  ................................................................
[CV] ................................................. , total=   1.1s
[CV]  ................................................................
[CV] ................................................. , total=   1.1s
GREP_ME***Results of [GradientBoostingRegressor] estimatorrun are
{'std_test_score': array([ 0.01670196]), 'mean_test_score': array([ 0.70116644]), 'split0_test_score': array([ 0.68991922]), 'split3_train_score': array([ 0.82473826]), 'split1_test_score': array([ 0.69952547]), 'split0_train_score': array([ 0.81609058]), 'split2_train_score': array([ 0.82572136]), 'rank_test_score': array([1], dtype=int32), 'std_score_time': array([ 0.00277448]), 'split2_test_score': array([ 0.72886585]), 'mean_fit_time': array([ 1.12094986]), 'std_train_score': array([ 0.00433273]), 'params': ({},), 'mean_score_time': array([ 0.00929135]), 'std_fit_time': array([ 0.02130705]), 'split1_train_score': array([ 0.82720647]), 'mean_train_score': array([ 0.82343917]), 'split3_test_score': array([ 0.68635522])}
GREP_ME***Best params of [GradientBoostingRegressor] estimator,pipeline:| preprocessor:log_poly | transfomer: StandardScaler | reducer: RFE  run are
{'reducer__n_features_to_select': 127, 'preprocessor__kw_args': {'pw': 3}, 'reducer__step': 0.1}
GREP_ME***Best score of [GradientBoostingRegressor] estimator, pipeline:| preprocessor:log_poly | transfomer: StandardScaler | reducer: RFE run are
0.70116644012
####################################################################################
################# Runing the itteration 26  of the GridSearchCV ####################
####################################################################################
***Starting [BaggingRegressor] estimator run, pipeline: | preprocessor:log_poly | transfomer: StandardScaler | reducer: RFE 
##param_grid##
{}
Fitting 4 folds for each of 1 candidates, totalling 4 fits
[CV]  ................................................................
[CV] ................................................. , total=   0.8s
[CV]  ................................................................
[CV] ................................................. , total=   0.8s
[CV]  ................................................................
[CV] ................................................. , total=   0.9s
GREP_ME***Results of [BaggingRegressor] estimatorrun are
{'std_test_score': array([ 0.02650157]), 'mean_test_score': array([ 0.5864584]), 'split0_test_score': array([ 0.56740556]), 'split3_train_score': array([ 0.92825662]), 'split1_test_score': array([ 0.62073768]), 'split0_train_score': array([ 0.92181226]), 'split2_train_score': array([ 0.93235409]), 'rank_test_score': array([1], dtype=int32), 'std_score_time': array([ 0.00115476]), 'split2_test_score': array([ 0.55481052]), 'mean_fit_time': array([ 0.82452697]), 'std_train_score': array([ 0.00448414]), 'params': ({},), 'mean_score_time': array([ 0.01256156]), 'std_fit_time': array([ 0.03810927]), 'split1_train_score': array([ 0.92182372]), 'mean_train_score': array([ 0.92606167]), 'split3_test_score': array([ 0.60287986])}
GREP_ME***Best params of [BaggingRegressor] estimator,pipeline:| preprocessor:log_poly | transfomer: StandardScaler | reducer: RFE  run are
{'reducer__n_features_to_select': 193, 'preprocessor__kw_args': {'pw': 1}, 'reducer__step': 0.1}
GREP_ME***Best score of [BaggingRegressor] estimator, pipeline:| preprocessor:log_poly | transfomer: StandardScaler | reducer: RFE run are
0.586458402315
####################################################################################
################# Runing the itteration 27  of the GridSearchCV ####################
####################################################################################
***Starting [ExtraTreesRegressor] estimator run, pipeline: | preprocessor:log_poly | transfomer: StandardScaler | reducer: RFE 
##param_grid##
{}
Fitting 4 folds for each of 1 candidates, totalling 4 fits
[CV]  ................................................................
[CV] ................................................. , total=   0.7s
[CV]  ................................................................
[CV] ................................................. , total=   0.7s
[CV]  ................................................................
[CV] ................................................. , total=   0.7s
[CV]  ................................................................
[CV] ................................................. , total=   0.7s
GREP_ME***Results of [ExtraTreesRegressor] estimatorrun are
{'std_test_score': array([ 0.02622536]), 'mean_test_score': array([ 0.56882012]), 'split0_test_score': array([ 0.53067951]), 'split3_train_score': array([ 1.]), 'split1_test_score': array([ 0.60414314]), 'split0_train_score': array([ 1.]), 'split2_train_score': array([ 1.]), 'rank_test_score': array([1], dtype=int32), 'std_score_time': array([ 0.00022744]), 'split2_test_score': array([ 0.57495573]), 'mean_fit_time': array([ 0.66996127]), 'std_train_score': array([ 0.]), 'params': ({},), 'mean_score_time': array([ 0.00726372]), 'std_fit_time': array([ 0.01706656]), 'split1_train_score': array([ 1.]), 'mean_train_score': array([ 1.]), 'split3_test_score': array([ 0.5655021])}
GREP_ME***Best params of [ExtraTreesRegressor] estimator,pipeline:| preprocessor:log_poly | transfomer: StandardScaler | reducer: RFE  run are
{'reducer__n_features_to_select': 193, 'preprocessor__kw_args': {'pw': 1}, 'reducer__step': 0.1}
GREP_ME***Best score of [ExtraTreesRegressor] estimator, pipeline:| preprocessor:log_poly | transfomer: StandardScaler | reducer: RFE run are
0.56882011871
####################################################################################
################# Runing the itteration 28  of the GridSearchCV ####################
####################################################################################
***Starting [GradientBoostingRegressor] estimator run, pipeline: | preprocessor:log_poly | transfomer: StandardScaler | reducer: RFE 
##param_grid##
{}
Fitting 4 folds for each of 1 candidates, totalling 4 fits
[CV]  ................................................................
[CV] ................................................. , total=   1.3s
[CV]  ................................................................
[CV] ................................................. , total=   1.3s
[CV]  ................................................................
[CV] ................................................. , total=   1.3s
GREP_ME***Results of [GradientBoostingRegressor] estimatorrun are
{'std_test_score': array([ 0.01290693]), 'mean_test_score': array([ 0.60612773]), 'split0_test_score': array([ 0.62406636]), 'split3_train_score': array([ 0.76743178]), 'split1_test_score': array([ 0.59216697]), 'split0_train_score': array([ 0.77201634]), 'split2_train_score': array([ 0.76319616]), 'rank_test_score': array([1], dtype=int32), 'std_score_time': array([ 0.00024287]), 'split2_test_score': array([ 0.59572017]), 'mean_fit_time': array([ 1.31276441]), 'std_train_score': array([ 0.00810588]), 'params': ({},), 'mean_score_time': array([ 0.00504643]), 'std_fit_time': array([ 0.0214475]), 'split1_train_score': array([ 0.78482633]), 'mean_train_score': array([ 0.77186765]), 'split3_test_score': array([ 0.61255742])}
GREP_ME***Best params of [GradientBoostingRegressor] estimator,pipeline:| preprocessor:log_poly | transfomer: StandardScaler | reducer: RFE  run are
{'reducer__n_features_to_select': 193, 'preprocessor__kw_args': {'pw': 1}, 'reducer__step': 0.1}
GREP_ME***Best score of [GradientBoostingRegressor] estimator, pipeline:| preprocessor:log_poly | transfomer: StandardScaler | reducer: RFE run are
0.606127729904
####################################################################################
################# Runing the itteration 29  of the GridSearchCV ####################
####################################################################################
***Starting [BaggingRegressor] estimator run, pipeline: | preprocessor:log_poly | transfomer: StandardScaler | reducer: RFE 
##param_grid##
{}
Fitting 4 folds for each of 1 candidates, totalling 4 fits
[CV]  ................................................................
[CV] ................................................. , total=   0.6s
[CV]  ................................................................
[CV] ................................................. , total=   0.6s
[CV]  ................................................................
[CV] ................................................. , total=   0.6s
[CV]  ................................................................
[CV] ................................................. , total=   0.6s
GREP_ME***Results of [BaggingRegressor] estimatorrun are
{'std_test_score': array([ 0.03003103]), 'mean_test_score': array([ 0.68371113]), 'split0_test_score': array([ 0.71146312]), 'split3_train_score': array([ 0.94285002]), 'split1_test_score': array([ 0.7136717]), 'split0_train_score': array([ 0.94608122]), 'split2_train_score': array([ 0.94806845]), 'rank_test_score': array([1], dtype=int32), 'std_score_time': array([ 0.00151985]), 'split2_test_score': array([ 0.64314429]), 'mean_fit_time': array([ 0.55150795]), 'std_train_score': array([ 0.00231445]), 'params': ({},), 'mean_score_time': array([ 0.00940907]), 'std_fit_time': array([ 0.00657033]), 'split1_train_score': array([ 0.94249319]), 'mean_train_score': array([ 0.94487322]), 'split3_test_score': array([ 0.66656543])}
GREP_ME***Best params of [BaggingRegressor] estimator,pipeline:| preprocessor:log_poly | transfomer: StandardScaler | reducer: RFE  run are
{'reducer__n_features_to_select': 57, 'preprocessor__kw_args': {'pw': 1}, 'reducer__step': 0.1}
GREP_ME***Best score of [BaggingRegressor] estimator, pipeline:| preprocessor:log_poly | transfomer: StandardScaler | reducer: RFE run are
0.683711134697
####################################################################################
################# Runing the itteration 30  of the GridSearchCV ####################
####################################################################################
***Starting [ExtraTreesRegressor] estimator run, pipeline: | preprocessor:log_poly | transfomer: StandardScaler | reducer: RFE 
##param_grid##
{}
Fitting 4 folds for each of 1 candidates, totalling 4 fits
[CV]  ................................................................
[CV] ................................................. , total=   0.3s
[CV]  ................................................................
[CV] ................................................. , total=   0.3s
[CV]  ................................................................
[CV] ................................................. , total=   0.3s
[CV]  ................................................................
[CV] ................................................. , total=   0.3s
GREP_ME***Results of [ExtraTreesRegressor] estimatorrun are
{'std_test_score': array([ 0.03468428]), 'mean_test_score': array([ 0.68322209]), 'split0_test_score': array([ 0.71665072]), 'split3_train_score': array([ 1.]), 'split1_test_score': array([ 0.7191396]), 'split0_train_score': array([ 1.]), 'split2_train_score': array([ 1.]), 'rank_test_score': array([1], dtype=int32), 'std_score_time': array([ 0.00049643]), 'split2_test_score': array([ 0.64862339]), 'mean_fit_time': array([ 0.29548454]), 'std_train_score': array([ 0.]), 'params': ({},), 'mean_score_time': array([ 0.00744694]), 'std_fit_time': array([ 0.0038203]), 'split1_train_score': array([ 1.]), 'mean_train_score': array([ 1.]), 'split3_test_score': array([ 0.64847463])}
GREP_ME***Best params of [ExtraTreesRegressor] estimator,pipeline:| preprocessor:log_poly | transfomer: StandardScaler | reducer: RFE  run are
{'reducer__n_features_to_select': 57, 'preprocessor__kw_args': {'pw': 1}, 'reducer__step': 0.1}
GREP_ME***Best score of [ExtraTreesRegressor] estimator, pipeline:| preprocessor:log_poly | transfomer: StandardScaler | reducer: RFE run are
0.683222087722
####################################################################################
################# Runing the itteration 31  of the GridSearchCV ####################
####################################################################################
***Starting [GradientBoostingRegressor] estimator run, pipeline: | preprocessor:log_poly | transfomer: StandardScaler | reducer: RFE 
##param_grid##
{}
Fitting 4 folds for each of 1 candidates, totalling 4 fits
[CV]  ................................................................
[CV] ................................................. , total=   0.5s
[CV]  ................................................................
[CV] ................................................. , total=   0.6s
[CV]  ................................................................
[CV] ................................................. , total=   0.6s
[CV]  ................................................................
[CV] ................................................. , total=   0.6s
GREP_ME***Results of [GradientBoostingRegressor] estimatorrun are
{'std_test_score': array([ 0.03854528]), 'mean_test_score': array([ 0.71127707]), 'split0_test_score': array([ 0.75359752]), 'split3_train_score': array([ 0.85045516]), 'split1_test_score': array([ 0.72420709]), 'split0_train_score': array([ 0.84762559]), 'split2_train_score': array([ 0.85364607]), 'rank_test_score': array([1], dtype=int32), 'std_score_time': array([ 0.0002707]), 'split2_test_score': array([ 0.64859159]), 'mean_fit_time': array([ 0.57900828]), 'std_train_score': array([ 0.00252787]), 'params': ({},), 'mean_score_time': array([ 0.00412673]), 'std_fit_time': array([ 0.0253091]), 'split1_train_score': array([ 0.84743115]), 'mean_train_score': array([ 0.84978949]), 'split3_test_score': array([ 0.71871208])}
GREP_ME***Best params of [GradientBoostingRegressor] estimator,pipeline:| preprocessor:log_poly | transfomer: StandardScaler | reducer: RFE  run are
{'reducer__n_features_to_select': 57, 'preprocessor__kw_args': {'pw': 1}, 'reducer__step': 0.1}
GREP_ME***Best score of [GradientBoostingRegressor] estimator, pipeline:| preprocessor:log_poly | transfomer: StandardScaler | reducer: RFE run are
0.711277072693
####################################################################################
################# Runing the itteration 32  of the GridSearchCV ####################
####################################################################################
***Starting [BaggingRegressor] estimator run, pipeline: | preprocessor:log_poly | transfomer: StandardScaler | reducer: RFE 
##param_grid##
{}
Fitting 4 folds for each of 1 candidates, totalling 4 fits
[CV]  ................................................................
[CV] ................................................. , total=   0.9s
[CV]  ................................................................
[CV] ................................................. , total=   0.9s
[CV]  ................................................................
[CV] ................................................. , total=   0.9s
[CV]  ................................................................
[CV] ................................................. , total=   0.9s
GREP_ME***Results of [BaggingRegressor] estimatorrun are
{'std_test_score': array([ 0.01058133]), 'mean_test_score': array([ 0.62530354]), 'split0_test_score': array([ 0.61960092]), 'split3_train_score': array([ 0.9403697]), 'split1_test_score': array([ 0.61936728]), 'split0_train_score': array([ 0.93187287]), 'split2_train_score': array([ 0.94020941]), 'rank_test_score': array([1], dtype=int32), 'std_score_time': array([ 0.00023069]), 'split2_test_score': array([ 0.64362033]), 'mean_fit_time': array([ 0.89634526]), 'std_train_score': array([ 0.00348909]), 'params': ({},), 'mean_score_time': array([ 0.00961441]), 'std_fit_time': array([ 0.01289267]), 'split1_train_score': array([ 0.93609107]), 'mean_train_score': array([ 0.93713576]), 'split3_test_score': array([ 0.61862562])}
GREP_ME***Best params of [BaggingRegressor] estimator,pipeline:| preprocessor:log_poly | transfomer: StandardScaler | reducer: RFE  run are
{'reducer__n_features_to_select': 121, 'preprocessor__kw_args': {'pw': 2}, 'reducer__step': 0.1}
GREP_ME***Best score of [BaggingRegressor] estimator, pipeline:| preprocessor:log_poly | transfomer: StandardScaler | reducer: RFE run are
0.625303537848
####################################################################################
################# Runing the itteration 33  of the GridSearchCV ####################
####################################################################################
***Starting [ExtraTreesRegressor] estimator run, pipeline: | preprocessor:log_poly | transfomer: StandardScaler | reducer: RFE 
##param_grid##
{}
Fitting 4 folds for each of 1 candidates, totalling 4 fits
[CV]  ................................................................
[CV] ................................................. , total=   0.5s
[CV]  ................................................................
[CV] ................................................. , total=   0.6s
[CV]  ................................................................
[CV] ................................................. , total=   0.5s
[CV]  ................................................................
[CV] ................................................. , total=   0.6s
GREP_ME***Results of [ExtraTreesRegressor] estimatorrun are
{'std_test_score': array([ 0.00927024]), 'mean_test_score': array([ 0.63116906]), 'split0_test_score': array([ 0.63784934]), 'split3_train_score': array([ 1.]), 'split1_test_score': array([ 0.63968953]), 'split0_train_score': array([ 1.]), 'split2_train_score': array([ 1.]), 'rank_test_score': array([1], dtype=int32), 'std_score_time': array([ 0.00054698]), 'split2_test_score': array([ 0.61611909]), 'mean_fit_time': array([ 0.54117793]), 'std_train_score': array([ 0.]), 'params': ({},), 'mean_score_time': array([ 0.00814998]), 'std_fit_time': array([ 0.01593547]), 'split1_train_score': array([ 1.]), 'mean_train_score': array([ 1.]), 'split3_test_score': array([ 0.63101829])}
GREP_ME***Best params of [ExtraTreesRegressor] estimator,pipeline:| preprocessor:log_poly | transfomer: StandardScaler | reducer: RFE  run are
{'reducer__n_features_to_select': 121, 'preprocessor__kw_args': {'pw': 2}, 'reducer__step': 0.1}
GREP_ME***Best score of [ExtraTreesRegressor] estimator, pipeline:| preprocessor:log_poly | transfomer: StandardScaler | reducer: RFE run are
0.631169064373
####################################################################################
################# Runing the itteration 34  of the GridSearchCV ####################
####################################################################################
***Starting [GradientBoostingRegressor] estimator run, pipeline: | preprocessor:log_poly | transfomer: StandardScaler | reducer: RFE 
##param_grid##
{}
Fitting 4 folds for each of 1 candidates, totalling 4 fits
[CV]  ................................................................
[CV] ................................................. , total=   1.0s
[CV]  ................................................................
[CV] ................................................. , total=   1.0s
[CV]  ................................................................
[CV] ................................................. , total=   1.0s
GREP_ME***Results of [GradientBoostingRegressor] estimatorrun are
{'std_test_score': array([ 0.01339805]), 'mean_test_score': array([ 0.66516535]), 'split0_test_score': array([ 0.64398878]), 'split3_train_score': array([ 0.80322652]), 'split1_test_score': array([ 0.67952457]), 'split0_train_score': array([ 0.80610312]), 'split2_train_score': array([ 0.8138927]), 'rank_test_score': array([1], dtype=int32), 'std_score_time': array([ 0.00203557]), 'split2_test_score': array([ 0.66409306]), 'mean_fit_time': array([ 0.98005152]), 'std_train_score': array([ 0.00399799]), 'params': ({},), 'mean_score_time': array([ 0.00563532]), 'std_fit_time': array([ 0.03666473]), 'split1_train_score': array([ 0.80573117]), 'mean_train_score': array([ 0.80723838]), 'split3_test_score': array([ 0.67305501])}
GREP_ME***Best params of [GradientBoostingRegressor] estimator,pipeline:| preprocessor:log_poly | transfomer: StandardScaler | reducer: RFE  run are
{'reducer__n_features_to_select': 121, 'preprocessor__kw_args': {'pw': 2}, 'reducer__step': 0.1}
GREP_ME***Best score of [GradientBoostingRegressor] estimator, pipeline:| preprocessor:log_poly | transfomer: StandardScaler | reducer: RFE run are
0.665165353933
####################################################################################
################# Runing the itteration 35  of the GridSearchCV ####################
####################################################################################
***Starting [BaggingRegressor] estimator run, pipeline: | preprocessor:log_poly | transfomer: StandardScaler | reducer: RFE 
##param_grid##
{}
Fitting 4 folds for each of 1 candidates, totalling 4 fits
[CV]  ................................................................
[CV] ................................................. , total=   1.1s
[CV]  ................................................................
[CV] ................................................. , total=   1.1s
[CV]  ................................................................
[CV] ................................................. , total=   1.1s
[CV]  ................................................................
[CV] ................................................. , total=   1.1s
GREP_ME***Results of [BaggingRegressor] estimatorrun are
{'std_test_score': array([ 0.05983493]), 'mean_test_score': array([ 0.62304535]), 'split0_test_score': array([ 0.70765336]), 'split3_train_score': array([ 0.94020347]), 'split1_test_score': array([ 0.64868862]), 'split0_train_score': array([ 0.93793015]), 'split2_train_score': array([ 0.94059322]), 'rank_test_score': array([1], dtype=int32), 'std_score_time': array([ 0.00107693]), 'split2_test_score': array([ 0.58253322]), 'mean_fit_time': array([ 1.09335905]), 'std_train_score': array([ 0.00225192]), 'params': ({},), 'mean_score_time': array([ 0.01405901]), 'std_fit_time': array([ 0.01610821]), 'split1_train_score': array([ 0.93493559]), 'mean_train_score': array([ 0.93841561]), 'split3_test_score': array([ 0.5533062])}
GREP_ME***Best params of [BaggingRegressor] estimator,pipeline:| preprocessor:log_poly | transfomer: StandardScaler | reducer: RFE  run are
{'reducer__n_features_to_select': 203, 'preprocessor__kw_args': {'pw': 2}, 'reducer__step': 0.1}
GREP_ME***Best score of [BaggingRegressor] estimator, pipeline:| preprocessor:log_poly | transfomer: StandardScaler | reducer: RFE run are
0.623045349662
####################################################################################
################# Runing the itteration 36  of the GridSearchCV ####################
####################################################################################
***Starting [ExtraTreesRegressor] estimator run, pipeline: | preprocessor:log_poly | transfomer: StandardScaler | reducer: RFE 
##param_grid##
{}
Fitting 4 folds for each of 1 candidates, totalling 4 fits
[CV]  ................................................................
[CV] ................................................. , total=   0.8s
[CV]  ................................................................
[CV] ................................................. , total=   0.8s
[CV]  ................................................................
[CV] ................................................. , total=   0.8s
[CV]  ................................................................
[CV] ................................................. , total=   0.8s
GREP_ME***Results of [ExtraTreesRegressor] estimatorrun are
{'std_test_score': array([ 0.07323436]), 'mean_test_score': array([ 0.61365241]), 'split0_test_score': array([ 0.70744946]), 'split3_train_score': array([ 1.]), 'split1_test_score': array([ 0.65617086]), 'split0_train_score': array([ 1.]), 'split2_train_score': array([ 1.]), 'rank_test_score': array([1], dtype=int32), 'std_score_time': array([ 0.00021418]), 'split2_test_score': array([ 0.57339111]), 'mean_fit_time': array([ 0.76493758]), 'std_train_score': array([ 0.]), 'params': ({},), 'mean_score_time': array([ 0.00755227]), 'std_fit_time': array([ 0.00504919]), 'split1_train_score': array([ 1.]), 'mean_train_score': array([ 1.]), 'split3_test_score': array([ 0.51759821])}
GREP_ME***Best params of [ExtraTreesRegressor] estimator,pipeline:| preprocessor:log_poly | transfomer: StandardScaler | reducer: RFE  run are
{'reducer__n_features_to_select': 203, 'preprocessor__kw_args': {'pw': 2}, 'reducer__step': 0.1}
GREP_ME***Best score of [ExtraTreesRegressor] estimator, pipeline:| preprocessor:log_poly | transfomer: StandardScaler | reducer: RFE run are
0.613652408796
####################################################################################
################# Runing the itteration 37  of the GridSearchCV ####################
####################################################################################
***Starting [GradientBoostingRegressor] estimator run, pipeline: | preprocessor:log_poly | transfomer: StandardScaler | reducer: RFE 
##param_grid##
{}
Fitting 4 folds for each of 1 candidates, totalling 4 fits
[CV]  ................................................................
[CV] ................................................. , total=   1.4s
[CV]  ................................................................
[CV] ................................................. , total=   1.4s
[CV]  ................................................................
[CV] ................................................. , total=   1.5s
GREP_ME***Results of [GradientBoostingRegressor] estimatorrun are
{'std_test_score': array([ 0.05863147]), 'mean_test_score': array([ 0.66058975]), 'split0_test_score': array([ 0.72682737]), 'split3_train_score': array([ 0.81271653]), 'split1_test_score': array([ 0.68239099]), 'split0_train_score': array([ 0.7990873]), 'split2_train_score': array([ 0.80824478]), 'rank_test_score': array([1], dtype=int32), 'std_score_time': array([ 0.00021455]), 'split2_test_score': array([ 0.66663257]), 'mean_fit_time': array([ 1.44505453]), 'std_train_score': array([ 0.00900998]), 'params': ({},), 'mean_score_time': array([ 0.00513184]), 'std_fit_time': array([ 0.0304881]), 'split1_train_score': array([ 0.78924033]), 'mean_train_score': array([ 0.80232223]), 'split3_test_score': array([ 0.56650806])}
GREP_ME***Best params of [GradientBoostingRegressor] estimator,pipeline:| preprocessor:log_poly | transfomer: StandardScaler | reducer: RFE  run are
{'reducer__n_features_to_select': 203, 'preprocessor__kw_args': {'pw': 2}, 'reducer__step': 0.1}
GREP_ME***Best score of [GradientBoostingRegressor] estimator, pipeline:| preprocessor:log_poly | transfomer: StandardScaler | reducer: RFE run are
0.66058974608
####################################################################################
################# Runing the itteration 38  of the GridSearchCV ####################
####################################################################################
***Starting [BaggingRegressor] estimator run, pipeline: | preprocessor:log_poly | transfomer: StandardScaler | reducer: RFE 
##param_grid##
{}
Fitting 4 folds for each of 1 candidates, totalling 4 fits
[CV]  ................................................................
[CV] ................................................. , total=   0.9s
[CV]  ................................................................
[CV] ................................................. , total=   0.9s
[CV]  ................................................................
[CV] ................................................. , total=   0.9s
[CV]  ................................................................
[CV] ................................................. , total=   1.0s
GREP_ME***Results of [BaggingRegressor] estimatorrun are
{'std_test_score': array([ 0.01702202]), 'mean_test_score': array([ 0.71737126]), 'split0_test_score': array([ 0.71145542]), 'split3_train_score': array([ 0.95686825]), 'split1_test_score': array([ 0.71930516]), 'split0_train_score': array([ 0.94992746]), 'split2_train_score': array([ 0.94709604]), 'rank_test_score': array([1], dtype=int32), 'std_score_time': array([ 0.00020536]), 'split2_test_score': array([ 0.69577905]), 'mean_fit_time': array([ 0.911071]), 'std_train_score': array([ 0.00524043]), 'params': ({},), 'mean_score_time': array([ 0.00708294]), 'std_fit_time': array([ 0.0292825]), 'split1_train_score': array([ 0.96018813]), 'mean_train_score': array([ 0.95351997]), 'split3_test_score': array([ 0.74294539])}
GREP_ME***Best params of [BaggingRegressor] estimator,pipeline:| preprocessor:log_poly | transfomer: StandardScaler | reducer: RFE  run are
{'reducer__n_features_to_select': 63, 'preprocessor__kw_args': {'pw': 3}, 'reducer__step': 0.1}
GREP_ME***Best score of [BaggingRegressor] estimator, pipeline:| preprocessor:log_poly | transfomer: StandardScaler | reducer: RFE run are
0.717371256511
####################################################################################
################# Runing the itteration 39  of the GridSearchCV ####################
####################################################################################
***Starting [ExtraTreesRegressor] estimator run, pipeline: | preprocessor:log_poly | transfomer: StandardScaler | reducer: RFE 
##param_grid##
{}
Fitting 4 folds for each of 1 candidates, totalling 4 fits
[CV]  ................................................................
[CV] ................................................. , total=   0.4s
[CV]  ................................................................
[CV] ................................................. , total=   0.4s
[CV]  ................................................................
[CV] ................................................. , total=   0.4s
[CV]  ................................................................
[CV] ................................................. , total=   0.4s
GREP_ME***Results of [ExtraTreesRegressor] estimatorrun are
{'std_test_score': array([ 0.02086098]), 'mean_test_score': array([ 0.73547265]), 'split0_test_score': array([ 0.70745988]), 'split3_train_score': array([ 1.]), 'split1_test_score': array([ 0.72537554]), 'split0_train_score': array([ 1.]), 'split2_train_score': array([ 1.]), 'rank_test_score': array([1], dtype=int32), 'std_score_time': array([ 0.00038476]), 'split2_test_score': array([ 0.76252361]), 'mean_fit_time': array([ 0.3975082]), 'std_train_score': array([ 0.]), 'params': ({},), 'mean_score_time': array([ 0.0062511]), 'std_fit_time': array([ 0.00571762]), 'split1_train_score': array([ 1.]), 'mean_train_score': array([ 1.]), 'split3_test_score': array([ 0.74653159])}
GREP_ME***Best params of [ExtraTreesRegressor] estimator,pipeline:| preprocessor:log_poly | transfomer: StandardScaler | reducer: RFE  run are
{'reducer__n_features_to_select': 63, 'preprocessor__kw_args': {'pw': 3}, 'reducer__step': 0.1}
GREP_ME***Best score of [ExtraTreesRegressor] estimator, pipeline:| preprocessor:log_poly | transfomer: StandardScaler | reducer: RFE run are
0.735472654789
####################################################################################
################# Runing the itteration 40  of the GridSearchCV ####################
####################################################################################
***Starting [GradientBoostingRegressor] estimator run, pipeline: | preprocessor:log_poly | transfomer: StandardScaler | reducer: RFE 
##param_grid##
{}
Fitting 4 folds for each of 1 candidates, totalling 4 fits
[CV]  ................................................................
[CV] ................................................. , total=   0.8s
[CV]  ................................................................
[CV] ................................................. , total=   0.8s
[CV]  ................................................................
[CV] ................................................. , total=   0.8s
[CV]  ................................................................
[CV] ................................................. , total=   0.8s
GREP_ME***Results of [GradientBoostingRegressor] estimatorrun are
{'std_test_score': array([ 0.02422398]), 'mean_test_score': array([ 0.77920908]), 'split0_test_score': array([ 0.76183932]), 'split3_train_score': array([ 0.87834036]), 'split1_test_score': array([ 0.75337609]), 'split0_train_score': array([ 0.88761256]), 'split2_train_score': array([ 0.8922137]), 'rank_test_score': array([1], dtype=int32), 'std_score_time': array([  4.75587922e-05]), 'split2_test_score': array([ 0.81572543]), 'mean_fit_time': array([ 0.76164752]), 'std_train_score': array([ 0.0053408]), 'params': ({},), 'mean_score_time': array([ 0.00349528]), 'std_fit_time': array([ 0.01461859]), 'split1_train_score': array([ 0.89041065]), 'mean_train_score': array([ 0.88714432]), 'split3_test_score': array([ 0.78589548])}
GREP_ME***Best params of [GradientBoostingRegressor] estimator,pipeline:| preprocessor:log_poly | transfomer: StandardScaler | reducer: RFE  run are
{'reducer__n_features_to_select': 63, 'preprocessor__kw_args': {'pw': 3}, 'reducer__step': 0.1}
GREP_ME***Best score of [GradientBoostingRegressor] estimator, pipeline:| preprocessor:log_poly | transfomer: StandardScaler | reducer: RFE run are
0.779209082575
#########################################
###Finished all estimators for cl: label_gross_6
#########################################
#########################################
#######Printing results for cl: label_gross_6
#########################################
{'BaggingRegressor': {'pipe': '| preprocessor:log_poly | transfomer: StandardScaler | reducer: RFE', 'best_cfg': {'reducer__n_features_to_select': 66, 'preprocessor__kw_args': {'pw': 4}, 'reducer__step': 0.1}, 'score': 0.75527175878534336}, 'GradientBoostingRegressor': {'pipe': '| preprocessor:log_poly | transfomer: StandardScaler | reducer: RFE', 'best_cfg': {'reducer__n_features_to_select': 66, 'preprocessor__kw_args': {'pw': 4}, 'reducer__step': 0.1}, 'score': 0.78225019825657183}, 'ExtraTreesRegressor': {'pipe': '| preprocessor:log_poly | transfomer: StandardScaler | reducer: RFE', 'best_cfg': {'reducer__n_features_to_select': 66, 'preprocessor__kw_args': {'pw': 4}, 'reducer__step': 0.1}, 'score': 0.74646258333655247}}
priting simply sorted numbers, grep them to find the best cfg or cl: label_gross_6
[0.74646258333655247, 0.75527175878534336, 0.78225019825657183]
