#########################################
###Starting all estimators for cl: label_gross_7
#########################################

LogPol True
n_components
[193, 115, 57]
pw_lst
[{'pw': 1}]
####################################################################################
################# Runing the itteration 1  of pipeline precomp      ###############
####################################################################################
| preprocessor:log_poly | transfomer: StandardScaler | reducer: RFE
{'preprocessor__kw_args': [{'pw': 1}], 'reducer__n_features_to_select': [193, 115, 57], 'reducer__step': [0.1]}
Starting precomp pipline for {'reducer__n_features_to_select': 193, 'preprocessor__kw_args': {'pw': 1}, 'reducer__step': 0.1}
Finished precomp pipline for {'reducer__n_features_to_select': 193, 'preprocessor__kw_args': {'pw': 1}, 'reducer__step': 0.1}
Starting precomp pipline for {'reducer__n_features_to_select': 115, 'preprocessor__kw_args': {'pw': 1}, 'reducer__step': 0.1}
Finished precomp pipline for {'reducer__n_features_to_select': 115, 'preprocessor__kw_args': {'pw': 1}, 'reducer__step': 0.1}
Starting precomp pipline for {'reducer__n_features_to_select': 57, 'preprocessor__kw_args': {'pw': 1}, 'reducer__step': 0.1}
Finished precomp pipline for {'reducer__n_features_to_select': 57, 'preprocessor__kw_args': {'pw': 1}, 'reducer__step': 0.1}

LogPol True
n_components
[203, 121, 60]
pw_lst
[{'pw': 1}, {'pw': 2}]
####################################################################################
################# Runing the itteration 2  of pipeline precomp      ###############
####################################################################################
| preprocessor:log_poly | transfomer: StandardScaler | reducer: RFE
{'preprocessor__kw_args': [{'pw': 2}], 'reducer__n_features_to_select': [203, 121, 60], 'reducer__step': [0.1]}
Starting precomp pipline for {'reducer__n_features_to_select': 203, 'preprocessor__kw_args': {'pw': 2}, 'reducer__step': 0.1}
Finished precomp pipline for {'reducer__n_features_to_select': 203, 'preprocessor__kw_args': {'pw': 2}, 'reducer__step': 0.1}
Starting precomp pipline for {'reducer__n_features_to_select': 121, 'preprocessor__kw_args': {'pw': 2}, 'reducer__step': 0.1}
Finished precomp pipline for {'reducer__n_features_to_select': 121, 'preprocessor__kw_args': {'pw': 2}, 'reducer__step': 0.1}
Starting precomp pipline for {'reducer__n_features_to_select': 60, 'preprocessor__kw_args': {'pw': 2}, 'reducer__step': 0.1}
Finished precomp pipline for {'reducer__n_features_to_select': 60, 'preprocessor__kw_args': {'pw': 2}, 'reducer__step': 0.1}

LogPol True
n_components
[213, 127, 63]
pw_lst
[{'pw': 1}, {'pw': 2}, {'pw': 3}]
####################################################################################
################# Runing the itteration 3  of pipeline precomp      ###############
####################################################################################
| preprocessor:log_poly | transfomer: StandardScaler | reducer: RFE
{'preprocessor__kw_args': [{'pw': 3}], 'reducer__n_features_to_select': [213, 127, 63], 'reducer__step': [0.1]}
Starting precomp pipline for {'reducer__n_features_to_select': 213, 'preprocessor__kw_args': {'pw': 3}, 'reducer__step': 0.1}
Finished precomp pipline for {'reducer__n_features_to_select': 213, 'preprocessor__kw_args': {'pw': 3}, 'reducer__step': 0.1}
Starting precomp pipline for {'reducer__n_features_to_select': 127, 'preprocessor__kw_args': {'pw': 3}, 'reducer__step': 0.1}
Finished precomp pipline for {'reducer__n_features_to_select': 127, 'preprocessor__kw_args': {'pw': 3}, 'reducer__step': 0.1}
Starting precomp pipline for {'reducer__n_features_to_select': 63, 'preprocessor__kw_args': {'pw': 3}, 'reducer__step': 0.1}
Finished precomp pipline for {'reducer__n_features_to_select': 63, 'preprocessor__kw_args': {'pw': 3}, 'reducer__step': 0.1}

LogPol True
n_components
[223, 133, 66]
pw_lst
[{'pw': 1}, {'pw': 2}, {'pw': 3}, {'pw': 4}]
####################################################################################
################# Runing the itteration 4  of pipeline precomp      ###############
####################################################################################
| preprocessor:log_poly | transfomer: StandardScaler | reducer: RFE
{'preprocessor__kw_args': [{'pw': 4}], 'reducer__n_features_to_select': [223, 133, 66], 'reducer__step': [0.1]}
Starting precomp pipline for {'reducer__n_features_to_select': 223, 'preprocessor__kw_args': {'pw': 4}, 'reducer__step': 0.1}
Finished precomp pipline for {'reducer__n_features_to_select': 223, 'preprocessor__kw_args': {'pw': 4}, 'reducer__step': 0.1}
Starting precomp pipline for {'reducer__n_features_to_select': 133, 'preprocessor__kw_args': {'pw': 4}, 'reducer__step': 0.1}
Finished precomp pipline for {'reducer__n_features_to_select': 133, 'preprocessor__kw_args': {'pw': 4}, 'reducer__step': 0.1}
Starting precomp pipline for {'reducer__n_features_to_select': 66, 'preprocessor__kw_args': {'pw': 4}, 'reducer__step': 0.1}
Finished precomp pipline for {'reducer__n_features_to_select': 66, 'preprocessor__kw_args': {'pw': 4}, 'reducer__step': 0.1}
####################################################################################
################# Runing the itteration 5  of the GridSearchCV ####################
####################################################################################
***Starting [BaggingRegressor] estimator run, pipeline: | preprocessor:log_poly | transfomer: StandardScaler | reducer: RFE 
##param_grid##
{}
Fitting 4 folds for each of 1 candidates, totalling 4 fits
[CV]  ................................................................
[CV] ................................................. , total=   1.3s
[CV]  ................................................................
[CV] ................................................. , total=   1.3s
GREP_ME***Results of [BaggingRegressor] estimatorrun are
{'split2_test_score': array([ 0.66900225]), 'std_score_time': array([ 0.00127665]), 'mean_test_score': array([ 0.6630742]), 'split1_train_score': array([ 0.9499195]), 'split0_train_score': array([ 0.94534459]), 'std_test_score': array([ 0.01032762]), 'rank_test_score': array([1], dtype=int32), 'params': ({},), 'std_fit_time': array([ 0.04693085]), 'mean_score_time': array([ 0.01408088]), 'split0_test_score': array([ 0.6685831]), 'split2_train_score': array([ 0.94901798]), 'split3_train_score': array([ 0.94566198]), 'mean_train_score': array([ 0.94748601]), 'split3_test_score': array([ 0.66951608]), 'std_train_score': array([ 0.00201132]), 'mean_fit_time': array([ 1.28476006]), 'split1_test_score': array([ 0.64519539])}
GREP_ME***Best params of [BaggingRegressor] estimator,pipeline:| preprocessor:log_poly | transfomer: StandardScaler | reducer: RFE  run are
{'reducer__n_features_to_select': 213, 'preprocessor__kw_args': {'pw': 3}, 'reducer__step': 0.1}
GREP_ME***Best score of [BaggingRegressor] estimator, pipeline:| preprocessor:log_poly | transfomer: StandardScaler | reducer: RFE run are
0.663074204679
####################################################################################
################# Runing the itteration 6  of the GridSearchCV ####################
####################################################################################
***Starting [ExtraTreesRegressor] estimator run, pipeline: | preprocessor:log_poly | transfomer: StandardScaler | reducer: RFE 
##param_grid##
{}
Fitting 4 folds for each of 1 candidates, totalling 4 fits
[CV]  ................................................................
[CV] ................................................. , total=   0.8s
[CV]  ................................................................
[CV] ................................................. , total=   0.8s
[CV]  ................................................................
[CV] ................................................. , total=   0.9s
[CV]  ................................................................
[CV] ................................................. , total=   0.8s
GREP_ME***Results of [ExtraTreesRegressor] estimatorrun are
{'split2_test_score': array([ 0.64876346]), 'std_score_time': array([ 0.00061692]), 'mean_test_score': array([ 0.65452319]), 'split1_train_score': array([ 1.]), 'split0_train_score': array([ 1.]), 'std_test_score': array([ 0.02419116]), 'rank_test_score': array([1], dtype=int32), 'params': ({},), 'std_fit_time': array([ 0.02164813]), 'mean_score_time': array([ 0.00948435]), 'split0_test_score': array([ 0.67916367]), 'split2_train_score': array([ 1.]), 'split3_train_score': array([ 1.]), 'mean_train_score': array([ 1.]), 'split3_test_score': array([ 0.67267157]), 'std_train_score': array([ 0.]), 'mean_fit_time': array([ 0.82450432]), 'split1_test_score': array([ 0.61749406])}
GREP_ME***Best params of [ExtraTreesRegressor] estimator,pipeline:| preprocessor:log_poly | transfomer: StandardScaler | reducer: RFE  run are
{'reducer__n_features_to_select': 213, 'preprocessor__kw_args': {'pw': 3}, 'reducer__step': 0.1}
GREP_ME***Best score of [ExtraTreesRegressor] estimator, pipeline:| preprocessor:log_poly | transfomer: StandardScaler | reducer: RFE run are
0.654523187743
####################################################################################
################# Runing the itteration 7  of the GridSearchCV ####################
####################################################################################
***Starting [GradientBoostingRegressor] estimator run, pipeline: | preprocessor:log_poly | transfomer: StandardScaler | reducer: RFE 
##param_grid##
{}
Fitting 4 folds for each of 1 candidates, totalling 4 fits
[CV]  ................................................................
[CV] ................................................. , total=   1.6s
[CV]  ................................................................
[CV] ................................................. , total=   1.5s
[CV]  ................................................................
[CV] ................................................. , total=   1.6s
[CV]  ................................................................
[CV] ................................................. , total=   1.6s
GREP_ME***Results of [GradientBoostingRegressor] estimatorrun are
{'split2_test_score': array([ 0.70985211]), 'std_score_time': array([ 0.00290119]), 'mean_test_score': array([ 0.70308677]), 'split1_train_score': array([ 0.82949634]), 'split0_train_score': array([ 0.82225043]), 'std_test_score': array([ 0.00529769]), 'rank_test_score': array([1], dtype=int32), 'params': ({},), 'std_fit_time': array([ 0.02121038]), 'mean_score_time': array([ 0.00968379]), 'split0_test_score': array([ 0.70323835]), 'split2_train_score': array([ 0.82780171]), 'split3_train_score': array([ 0.80396756]), 'mean_train_score': array([ 0.82087901]), 'split3_test_score': array([ 0.70424066]), 'std_train_score': array([ 0.01012497]), 'mean_fit_time': array([ 1.56250256]), 'split1_test_score': array([ 0.69501597])}
GREP_ME***Best params of [GradientBoostingRegressor] estimator,pipeline:| preprocessor:log_poly | transfomer: StandardScaler | reducer: RFE  run are
{'reducer__n_features_to_select': 213, 'preprocessor__kw_args': {'pw': 3}, 'reducer__step': 0.1}
GREP_ME***Best score of [GradientBoostingRegressor] estimator, pipeline:| preprocessor:log_poly | transfomer: StandardScaler | reducer: RFE run are
0.703086770071
####################################################################################
################# Runing the itteration 8  of the GridSearchCV ####################
####################################################################################
***Starting [BaggingRegressor] estimator run, pipeline: | preprocessor:log_poly | transfomer: StandardScaler | reducer: RFE 
##param_grid##
{}
Fitting 4 folds for each of 1 candidates, totalling 4 fits
[CV]  ................................................................
[CV] ................................................. , total=   1.0s
[CV]  ................................................................
[CV] ................................................. , total=   1.0s
GREP_ME***Results of [BaggingRegressor] estimatorrun are
{'split2_test_score': array([ 0.77733835]), 'std_score_time': array([ 0.00047542]), 'mean_test_score': array([ 0.76637304]), 'split1_train_score': array([ 0.9647073]), 'split0_train_score': array([ 0.96236602]), 'std_test_score': array([ 0.03191384]), 'rank_test_score': array([1], dtype=int32), 'params': ({},), 'std_fit_time': array([ 0.0128445]), 'mean_score_time': array([ 0.00709081]), 'split0_test_score': array([ 0.76597841]), 'split2_train_score': array([ 0.96431527]), 'split3_train_score': array([ 0.96078404]), 'mean_train_score': array([ 0.96304316]), 'split3_test_score': array([ 0.80523353]), 'std_train_score': array([ 0.00157716]), 'mean_fit_time': array([ 0.99398756]), 'split1_test_score': array([ 0.71694187])}
GREP_ME***Best params of [BaggingRegressor] estimator,pipeline:| preprocessor:log_poly | transfomer: StandardScaler | reducer: RFE  run are
{'reducer__n_features_to_select': 66, 'preprocessor__kw_args': {'pw': 4}, 'reducer__step': 0.1}
GREP_ME***Best score of [BaggingRegressor] estimator, pipeline:| preprocessor:log_poly | transfomer: StandardScaler | reducer: RFE run are
0.766373041154
####################################################################################
################# Runing the itteration 9  of the GridSearchCV ####################
####################################################################################
***Starting [ExtraTreesRegressor] estimator run, pipeline: | preprocessor:log_poly | transfomer: StandardScaler | reducer: RFE 
##param_grid##
{}
Fitting 4 folds for each of 1 candidates, totalling 4 fits
[CV]  ................................................................
[CV] ................................................. , total=   0.4s
[CV]  ................................................................
[CV] ................................................. , total=   0.4s
[CV]  ................................................................
[CV] ................................................. , total=   0.4s
[CV]  ................................................................
[CV] ................................................. , total=   0.4s
GREP_ME***Results of [ExtraTreesRegressor] estimatorrun are
{'split2_test_score': array([ 0.74413653]), 'std_score_time': array([ 0.00036873]), 'mean_test_score': array([ 0.75782109]), 'split1_train_score': array([ 1.]), 'split0_train_score': array([ 1.]), 'std_test_score': array([ 0.03935434]), 'rank_test_score': array([1], dtype=int32), 'params': ({},), 'std_fit_time': array([ 0.00119653]), 'mean_score_time': array([ 0.00617945]), 'split0_test_score': array([ 0.75040622]), 'split2_train_score': array([ 1.]), 'split3_train_score': array([ 1.]), 'mean_train_score': array([ 1.]), 'split3_test_score': array([ 0.82189752]), 'std_train_score': array([ 0.]), 'mean_fit_time': array([ 0.43566883]), 'split1_test_score': array([ 0.7148441])}
GREP_ME***Best params of [ExtraTreesRegressor] estimator,pipeline:| preprocessor:log_poly | transfomer: StandardScaler | reducer: RFE  run are
{'reducer__n_features_to_select': 66, 'preprocessor__kw_args': {'pw': 4}, 'reducer__step': 0.1}
GREP_ME***Best score of [ExtraTreesRegressor] estimator, pipeline:| preprocessor:log_poly | transfomer: StandardScaler | reducer: RFE run are
0.757821090321
####################################################################################
################# Runing the itteration 10  of the GridSearchCV ####################
####################################################################################
***Starting [GradientBoostingRegressor] estimator run, pipeline: | preprocessor:log_poly | transfomer: StandardScaler | reducer: RFE 
##param_grid##
{}
Fitting 4 folds for each of 1 candidates, totalling 4 fits
[CV]  ................................................................
[CV] ................................................. , total=   0.8s
[CV]  ................................................................
[CV] ................................................. , total=   0.8s
[CV]  ................................................................
[CV] ................................................. , total=   0.8s
GREP_ME***Results of [GradientBoostingRegressor] estimatorrun are
{'split2_test_score': array([ 0.80600821]), 'std_score_time': array([  4.69572640e-05]), 'mean_test_score': array([ 0.78977625]), 'split1_train_score': array([ 0.90155907]), 'split0_train_score': array([ 0.90648177]), 'std_test_score': array([ 0.0425469]), 'rank_test_score': array([1], dtype=int32), 'params': ({},), 'std_fit_time': array([ 0.01368685]), 'mean_score_time': array([ 0.00345206]), 'split0_test_score': array([ 0.77659237]), 'split2_train_score': array([ 0.89066729]), 'split3_train_score': array([ 0.88621351]), 'mean_train_score': array([ 0.89623041]), 'split3_test_score': array([ 0.84655752]), 'std_train_score': array([ 0.0081359]), 'mean_fit_time': array([ 0.81993419]), 'split1_test_score': array([ 0.7299469])}
GREP_ME***Best params of [GradientBoostingRegressor] estimator,pipeline:| preprocessor:log_poly | transfomer: StandardScaler | reducer: RFE  run are
{'reducer__n_features_to_select': 66, 'preprocessor__kw_args': {'pw': 4}, 'reducer__step': 0.1}
GREP_ME***Best score of [GradientBoostingRegressor] estimator, pipeline:| preprocessor:log_poly | transfomer: StandardScaler | reducer: RFE run are
0.789776249933
####################################################################################
################# Runing the itteration 11  of the GridSearchCV ####################
####################################################################################
***Starting [BaggingRegressor] estimator run, pipeline: | preprocessor:log_poly | transfomer: StandardScaler | reducer: RFE 
##param_grid##
{}
Fitting 4 folds for each of 1 candidates, totalling 4 fits
GREP_ME***Results of [BaggingRegressor] estimatorrun are
{'split2_test_score': array([ 0.59712534]), 'std_score_time': array([ 0.00100798]), 'mean_test_score': array([ 0.67952012]), 'split1_train_score': array([ 0.94537092]), 'split0_train_score': array([ 0.94431422]), 'std_test_score': array([ 0.0551213]), 'rank_test_score': array([1], dtype=int32), 'params': ({},), 'std_fit_time': array([ 0.0225533]), 'mean_score_time': array([ 0.01394969]), 'split0_test_score': array([ 0.69057171]), 'split2_train_score': array([ 0.94579833]), 'split3_train_score': array([ 0.93417573]), 'mean_train_score': array([ 0.9424148]), 'split3_test_score': array([ 0.75191683]), 'std_train_score': array([ 0.00478741]), 'mean_fit_time': array([ 1.55789393]), 'split1_test_score': array([ 0.67846661])}
GREP_ME***Best params of [BaggingRegressor] estimator,pipeline:| preprocessor:log_poly | transfomer: StandardScaler | reducer: RFE  run are
{'reducer__n_features_to_select': 223, 'preprocessor__kw_args': {'pw': 4}, 'reducer__step': 0.1}
GREP_ME***Best score of [BaggingRegressor] estimator, pipeline:| preprocessor:log_poly | transfomer: StandardScaler | reducer: RFE run are
0.67952012044
####################################################################################
################# Runing the itteration 12  of the GridSearchCV ####################
####################################################################################
***Starting [ExtraTreesRegressor] estimator run, pipeline: | preprocessor:log_poly | transfomer: StandardScaler | reducer: RFE 
##param_grid##
{}
Fitting 4 folds for each of 1 candidates, totalling 4 fits
[CV]  ................................................................
[CV] ................................................. , total=   1.0s
[CV]  ................................................................
[CV] ................................................. , total=   0.9s
[CV]  ................................................................
[CV] ................................................. , total=   1.0s
GREP_ME***Results of [ExtraTreesRegressor] estimatorrun are
{'split2_test_score': array([ 0.63051447]), 'std_score_time': array([ 0.00195388]), 'mean_test_score': array([ 0.65582306]), 'split1_train_score': array([ 1.]), 'split0_train_score': array([ 1.]), 'std_test_score': array([ 0.02874732]), 'rank_test_score': array([1], dtype=int32), 'params': ({},), 'std_fit_time': array([ 0.0250295]), 'mean_score_time': array([ 0.01047015]), 'split0_test_score': array([ 0.64800994]), 'split2_train_score': array([ 1.]), 'split3_train_score': array([ 1.]), 'mean_train_score': array([ 1.]), 'split3_test_score': array([ 0.70444276]), 'std_train_score': array([ 0.]), 'mean_fit_time': array([ 0.94040263]), 'split1_test_score': array([ 0.64032507])}
GREP_ME***Best params of [ExtraTreesRegressor] estimator,pipeline:| preprocessor:log_poly | transfomer: StandardScaler | reducer: RFE  run are
{'reducer__n_features_to_select': 223, 'preprocessor__kw_args': {'pw': 4}, 'reducer__step': 0.1}
GREP_ME***Best score of [ExtraTreesRegressor] estimator, pipeline:| preprocessor:log_poly | transfomer: StandardScaler | reducer: RFE run are
0.65582305926
####################################################################################
################# Runing the itteration 13  of the GridSearchCV ####################
####################################################################################
***Starting [GradientBoostingRegressor] estimator run, pipeline: | preprocessor:log_poly | transfomer: StandardScaler | reducer: RFE 
##param_grid##
{}
Fitting 4 folds for each of 1 candidates, totalling 4 fits
[CV]  ................................................................
[CV] ................................................. , total=   1.7s
[CV]  ................................................................
[CV] ................................................. , total=   1.7s
[CV]  ................................................................
[CV] ................................................. , total=   1.7s
[CV]  ................................................................
[CV] ................................................. , total=   1.7s
GREP_ME***Results of [GradientBoostingRegressor] estimatorrun are
{'split2_test_score': array([ 0.65085898]), 'std_score_time': array([ 0.00278553]), 'mean_test_score': array([ 0.70600214]), 'split1_train_score': array([ 0.8282763]), 'split0_train_score': array([ 0.83102445]), 'std_test_score': array([ 0.044456]), 'rank_test_score': array([1], dtype=int32), 'params': ({},), 'std_fit_time': array([ 0.01952063]), 'mean_score_time': array([ 0.00993443]), 'split0_test_score': array([ 0.68628055]), 'split2_train_score': array([ 0.84503044]), 'split3_train_score': array([ 0.81982591]), 'mean_train_score': array([ 0.83103928]), 'split3_test_score': array([ 0.77235916]), 'std_train_score': array([ 0.00907092]), 'mean_fit_time': array([ 1.68899238]), 'split1_test_score': array([ 0.71450986])}
GREP_ME***Best params of [GradientBoostingRegressor] estimator,pipeline:| preprocessor:log_poly | transfomer: StandardScaler | reducer: RFE  run are
{'reducer__n_features_to_select': 223, 'preprocessor__kw_args': {'pw': 4}, 'reducer__step': 0.1}
GREP_ME***Best score of [GradientBoostingRegressor] estimator, pipeline:| preprocessor:log_poly | transfomer: StandardScaler | reducer: RFE run are
0.706002137296
####################################################################################
################# Runing the itteration 14  of the GridSearchCV ####################
####################################################################################
***Starting [BaggingRegressor] estimator run, pipeline: | preprocessor:log_poly | transfomer: StandardScaler | reducer: RFE 
##param_grid##
{}
Fitting 4 folds for each of 1 candidates, totalling 4 fits
[CV]  ................................................................
[CV] ................................................. , total=   0.7s
[CV]  ................................................................
[CV] ................................................. , total=   0.7s
[CV]  ................................................................
[CV] ................................................. , total=   0.7s
[CV]  ................................................................
[CV] ................................................. , total=   0.8s
GREP_ME***Results of [BaggingRegressor] estimatorrun are
{'split2_test_score': array([ 0.80563744]), 'std_score_time': array([ 0.00025174]), 'mean_test_score': array([ 0.75930624]), 'split1_train_score': array([ 0.95524034]), 'split0_train_score': array([ 0.94436231]), 'std_test_score': array([ 0.0512656]), 'rank_test_score': array([1], dtype=int32), 'params': ({},), 'std_fit_time': array([ 0.0165191]), 'mean_score_time': array([ 0.00677299]), 'split0_test_score': array([ 0.80196467]), 'split2_train_score': array([ 0.94622122]), 'split3_train_score': array([ 0.96546281]), 'mean_train_score': array([ 0.95282167]), 'split3_test_score': array([ 0.67884792]), 'std_train_score': array([ 0.00837817]), 'mean_fit_time': array([ 0.72756386]), 'split1_test_score': array([ 0.75077494])}
GREP_ME***Best params of [BaggingRegressor] estimator,pipeline:| preprocessor:log_poly | transfomer: StandardScaler | reducer: RFE  run are
{'reducer__n_features_to_select': 60, 'preprocessor__kw_args': {'pw': 2}, 'reducer__step': 0.1}
GREP_ME***Best score of [BaggingRegressor] estimator, pipeline:| preprocessor:log_poly | transfomer: StandardScaler | reducer: RFE run are
0.759306241304
####################################################################################
################# Runing the itteration 15  of the GridSearchCV ####################
####################################################################################
***Starting [ExtraTreesRegressor] estimator run, pipeline: | preprocessor:log_poly | transfomer: StandardScaler | reducer: RFE 
##param_grid##
{}
Fitting 4 folds for each of 1 candidates, totalling 4 fits
[CV]  ................................................................
[CV] ................................................. , total=   0.4s
[CV]  ................................................................
[CV] ................................................. , total=   0.4s
[CV]  ................................................................
[CV] ................................................. , total=   0.4s
[CV]  ................................................................
[CV] ................................................. , total=   0.4s
GREP_ME***Results of [ExtraTreesRegressor] estimatorrun are
{'split2_test_score': array([ 0.7961587]), 'std_score_time': array([ 0.00025624]), 'mean_test_score': array([ 0.76266049]), 'split1_train_score': array([ 1.]), 'split0_train_score': array([ 1.]), 'std_test_score': array([ 0.04940786]), 'rank_test_score': array([1], dtype=int32), 'params': ({},), 'std_fit_time': array([ 0.00272642]), 'mean_score_time': array([ 0.00635469]), 'split0_test_score': array([ 0.80418102]), 'split2_train_score': array([ 1.]), 'split3_train_score': array([ 1.]), 'mean_train_score': array([ 1.]), 'split3_test_score': array([ 0.67984904]), 'std_train_score': array([ 0.]), 'mean_fit_time': array([ 0.34830457]), 'split1_test_score': array([ 0.77045318])}
GREP_ME***Best params of [ExtraTreesRegressor] estimator,pipeline:| preprocessor:log_poly | transfomer: StandardScaler | reducer: RFE  run are
{'reducer__n_features_to_select': 60, 'preprocessor__kw_args': {'pw': 2}, 'reducer__step': 0.1}
GREP_ME***Best score of [ExtraTreesRegressor] estimator, pipeline:| preprocessor:log_poly | transfomer: StandardScaler | reducer: RFE run are
0.762660486547
####################################################################################
################# Runing the itteration 16  of the GridSearchCV ####################
####################################################################################
***Starting [GradientBoostingRegressor] estimator run, pipeline: | preprocessor:log_poly | transfomer: StandardScaler | reducer: RFE 
##param_grid##
{}
Fitting 4 folds for each of 1 candidates, totalling 4 fits
[CV]  ................................................................
[CV] ................................................. , total=   0.7s
[CV]  ................................................................
[CV] ................................................. , total=   0.7s
GREP_ME***Results of [GradientBoostingRegressor] estimatorrun are
{'split2_test_score': array([ 0.82270138]), 'std_score_time': array([ 0.00039683]), 'mean_test_score': array([ 0.7813774]), 'split1_train_score': array([ 0.8786634]), 'split0_train_score': array([ 0.87851246]), 'std_test_score': array([ 0.05748093]), 'rank_test_score': array([1], dtype=int32), 'params': ({},), 'std_fit_time': array([ 0.0544859]), 'mean_score_time': array([ 0.00373113]), 'split0_test_score': array([ 0.82092009]), 'split2_train_score': array([ 0.8759963]), 'split3_train_score': array([ 0.88709252]), 'mean_train_score': array([ 0.88006617]), 'split3_test_score': array([ 0.68317199]), 'std_train_score': array([ 0.00419271]), 'mean_fit_time': array([ 0.72211522]), 'split1_test_score': array([ 0.79871613])}
GREP_ME***Best params of [GradientBoostingRegressor] estimator,pipeline:| preprocessor:log_poly | transfomer: StandardScaler | reducer: RFE  run are
{'reducer__n_features_to_select': 60, 'preprocessor__kw_args': {'pw': 2}, 'reducer__step': 0.1}
GREP_ME***Best score of [GradientBoostingRegressor] estimator, pipeline:| preprocessor:log_poly | transfomer: StandardScaler | reducer: RFE run are
0.781377396603
####################################################################################
################# Runing the itteration 17  of the GridSearchCV ####################
####################################################################################
***Starting [BaggingRegressor] estimator run, pipeline: | preprocessor:log_poly | transfomer: StandardScaler | reducer: RFE 
##param_grid##
{}
Fitting 4 folds for each of 1 candidates, totalling 4 fits
[CV]  ................................................................
[CV] ................................................. , total=   0.7s
[CV]  ................................................................
[CV] ................................................. , total=   0.7s
[CV]  ................................................................
[CV] ................................................. , total=   0.7s
[CV]  ................................................................
[CV] ................................................. , total=   0.7s
GREP_ME***Results of [BaggingRegressor] estimatorrun are
{'split2_test_score': array([ 0.57391281]), 'std_score_time': array([ 0.00020743]), 'mean_test_score': array([ 0.60293652]), 'split1_train_score': array([ 0.93631086]), 'split0_train_score': array([ 0.94892786]), 'std_test_score': array([ 0.04927189]), 'rank_test_score': array([1], dtype=int32), 'params': ({},), 'std_fit_time': array([ 0.00880382]), 'mean_score_time': array([ 0.00934672]), 'split0_test_score': array([ 0.5729644]), 'split2_train_score': array([ 0.93022861]), 'split3_train_score': array([ 0.92448126]), 'mean_train_score': array([ 0.93498715]), 'split3_test_score': array([ 0.68824625]), 'std_train_score': array([ 0.00907073]), 'mean_fit_time': array([ 0.68377739]), 'split1_test_score': array([ 0.57662262])}
GREP_ME***Best params of [BaggingRegressor] estimator,pipeline:| preprocessor:log_poly | transfomer: StandardScaler | reducer: RFE  run are
{'reducer__n_features_to_select': 115, 'preprocessor__kw_args': {'pw': 1}, 'reducer__step': 0.1}
GREP_ME***Best score of [BaggingRegressor] estimator, pipeline:| preprocessor:log_poly | transfomer: StandardScaler | reducer: RFE run are
0.602936520681
####################################################################################
################# Runing the itteration 18  of the GridSearchCV ####################
####################################################################################
***Starting [ExtraTreesRegressor] estimator run, pipeline: | preprocessor:log_poly | transfomer: StandardScaler | reducer: RFE 
##param_grid##
{}
Fitting 4 folds for each of 1 candidates, totalling 4 fits
[CV]  ................................................................
[CV] ................................................. , total=   0.5s
[CV]  ................................................................
[CV] ................................................. , total=   0.5s
[CV]  ................................................................
[CV] ................................................. , total=   0.5s
[CV]  ................................................................
[CV] ................................................. , total=   0.5s
GREP_ME***Results of [ExtraTreesRegressor] estimatorrun are
{'split2_test_score': array([ 0.54600172]), 'std_score_time': array([  9.77300084e-05]), 'mean_test_score': array([ 0.59691103]), 'split1_train_score': array([ 1.]), 'split0_train_score': array([ 1.]), 'std_test_score': array([ 0.03840062]), 'rank_test_score': array([1], dtype=int32), 'params': ({},), 'std_fit_time': array([ 0.00509835]), 'mean_score_time': array([ 0.00872368]), 'split0_test_score': array([ 0.61771027]), 'split2_train_score': array([ 1.]), 'split3_train_score': array([ 1.]), 'mean_train_score': array([ 1.]), 'split3_test_score': array([ 0.64675655]), 'std_train_score': array([ 0.]), 'mean_fit_time': array([ 0.4723081]), 'split1_test_score': array([ 0.57717558])}
GREP_ME***Best params of [ExtraTreesRegressor] estimator,pipeline:| preprocessor:log_poly | transfomer: StandardScaler | reducer: RFE  run are
{'reducer__n_features_to_select': 115, 'preprocessor__kw_args': {'pw': 1}, 'reducer__step': 0.1}
GREP_ME***Best score of [ExtraTreesRegressor] estimator, pipeline:| preprocessor:log_poly | transfomer: StandardScaler | reducer: RFE run are
0.596911028563
####################################################################################
################# Runing the itteration 19  of the GridSearchCV ####################
####################################################################################
***Starting [GradientBoostingRegressor] estimator run, pipeline: | preprocessor:log_poly | transfomer: StandardScaler | reducer: RFE 
##param_grid##
{}
Fitting 4 folds for each of 1 candidates, totalling 4 fits
[CV]  ................................................................
[CV] ................................................. , total=   0.9s
[CV]  ................................................................
[CV] ................................................. , total=   0.9s
[CV]  ................................................................
[CV] ................................................. , total=   0.9s
GREP_ME***Results of [GradientBoostingRegressor] estimatorrun are
{'split2_test_score': array([ 0.62958332]), 'std_score_time': array([ 0.00110557]), 'mean_test_score': array([ 0.65052445]), 'split1_train_score': array([ 0.80124705]), 'split0_train_score': array([ 0.81093414]), 'std_test_score': array([ 0.03164482]), 'rank_test_score': array([1], dtype=int32), 'params': ({},), 'std_fit_time': array([ 0.02370209]), 'mean_score_time': array([ 0.00572312]), 'split0_test_score': array([ 0.62727633]), 'split2_train_score': array([ 0.794936]), 'split3_train_score': array([ 0.78572841]), 'mean_train_score': array([ 0.7982114]), 'split3_test_score': array([ 0.70463648]), 'std_train_score': array([ 0.00918745]), 'mean_fit_time': array([ 0.89646292]), 'split1_test_score': array([ 0.64060169])}
GREP_ME***Best params of [GradientBoostingRegressor] estimator,pipeline:| preprocessor:log_poly | transfomer: StandardScaler | reducer: RFE  run are
{'reducer__n_features_to_select': 115, 'preprocessor__kw_args': {'pw': 1}, 'reducer__step': 0.1}
GREP_ME***Best score of [GradientBoostingRegressor] estimator, pipeline:| preprocessor:log_poly | transfomer: StandardScaler | reducer: RFE run are
0.650524454992
####################################################################################
################# Runing the itteration 20  of the GridSearchCV ####################
####################################################################################
***Starting [BaggingRegressor] estimator run, pipeline: | preprocessor:log_poly | transfomer: StandardScaler | reducer: RFE 
##param_grid##
{}
Fitting 4 folds for each of 1 candidates, totalling 4 fits
[CV]  ................................................................
[CV] ................................................. , total=   1.3s
GREP_ME***Results of [BaggingRegressor] estimatorrun are
{'split2_test_score': array([ 0.64793619]), 'std_score_time': array([ 0.00305331]), 'mean_test_score': array([ 0.66393866]), 'split1_train_score': array([ 0.94121733]), 'split0_train_score': array([ 0.92696615]), 'std_test_score': array([ 0.03720074]), 'rank_test_score': array([1], dtype=int32), 'params': ({},), 'std_fit_time': array([ 0.03165373]), 'mean_score_time': array([ 0.01499456]), 'split0_test_score': array([ 0.72624499]), 'split2_train_score': array([ 0.94004139]), 'split3_train_score': array([ 0.93866646]), 'mean_train_score': array([ 0.93672283]), 'split3_test_score': array([ 0.6535421]), 'std_train_score': array([ 0.00570491]), 'mean_fit_time': array([ 1.27528316]), 'split1_test_score': array([ 0.62803137])}
GREP_ME***Best params of [BaggingRegressor] estimator,pipeline:| preprocessor:log_poly | transfomer: StandardScaler | reducer: RFE  run are
{'reducer__n_features_to_select': 133, 'preprocessor__kw_args': {'pw': 4}, 'reducer__step': 0.1}
GREP_ME***Best score of [BaggingRegressor] estimator, pipeline:| preprocessor:log_poly | transfomer: StandardScaler | reducer: RFE run are
0.663938661873
####################################################################################
################# Runing the itteration 21  of the GridSearchCV ####################
####################################################################################
***Starting [ExtraTreesRegressor] estimator run, pipeline: | preprocessor:log_poly | transfomer: StandardScaler | reducer: RFE 
##param_grid##
{}
Fitting 4 folds for each of 1 candidates, totalling 4 fits
[CV]  ................................................................
[CV] ................................................. , total=   0.7s
[CV]  ................................................................
[CV] ................................................. , total=   0.7s
[CV]  ................................................................
[CV] ................................................. , total=   0.7s
[CV]  ................................................................
[CV] ................................................. , total=   0.7s
GREP_ME***Results of [ExtraTreesRegressor] estimatorrun are
{'split2_test_score': array([ 0.64535662]), 'std_score_time': array([ 0.00100211]), 'mean_test_score': array([ 0.64919863]), 'split1_train_score': array([ 1.]), 'split0_train_score': array([ 1.]), 'std_test_score': array([ 0.04122583]), 'rank_test_score': array([1], dtype=int32), 'params': ({},), 'std_fit_time': array([ 0.003246]), 'mean_score_time': array([ 0.00864947]), 'split0_test_score': array([ 0.71387495]), 'split2_train_score': array([ 1.]), 'split3_train_score': array([ 1.]), 'mean_train_score': array([ 1.]), 'split3_test_score': array([ 0.63814747]), 'std_train_score': array([ 0.]), 'mean_fit_time': array([ 0.65714848]), 'split1_test_score': array([ 0.59941548])}
GREP_ME***Best params of [ExtraTreesRegressor] estimator,pipeline:| preprocessor:log_poly | transfomer: StandardScaler | reducer: RFE  run are
{'reducer__n_features_to_select': 133, 'preprocessor__kw_args': {'pw': 4}, 'reducer__step': 0.1}
GREP_ME***Best score of [ExtraTreesRegressor] estimator, pipeline:| preprocessor:log_poly | transfomer: StandardScaler | reducer: RFE run are
0.649198628912
####################################################################################
################# Runing the itteration 22  of the GridSearchCV ####################
####################################################################################
***Starting [GradientBoostingRegressor] estimator run, pipeline: | preprocessor:log_poly | transfomer: StandardScaler | reducer: RFE 
##param_grid##
{}
Fitting 4 folds for each of 1 candidates, totalling 4 fits
[CV]  ................................................................
[CV] ................................................. , total=   1.2s
[CV]  ................................................................
[CV] ................................................. , total=   1.2s
[CV]  ................................................................
[CV] ................................................. , total=   1.2s
[CV]  ................................................................
[CV] ................................................. , total=   1.2s
GREP_ME***Results of [GradientBoostingRegressor] estimatorrun are
{'split2_test_score': array([ 0.67779366]), 'std_score_time': array([ 0.00289539]), 'mean_test_score': array([ 0.69928931]), 'split1_train_score': array([ 0.83188981]), 'split0_train_score': array([ 0.8110429]), 'std_test_score': array([ 0.03324967]), 'rank_test_score': array([1], dtype=int32), 'params': ({},), 'std_fit_time': array([ 0.0248611]), 'mean_score_time': array([ 0.0097391]), 'split0_test_score': array([ 0.75623409]), 'split2_train_score': array([ 0.82261305]), 'split3_train_score': array([ 0.80780491]), 'mean_train_score': array([ 0.81833767]), 'split3_test_score': array([ 0.68823822]), 'std_train_score': array([ 0.00956676]), 'mean_fit_time': array([ 1.20673591]), 'split1_test_score': array([ 0.67489128])}
GREP_ME***Best params of [GradientBoostingRegressor] estimator,pipeline:| preprocessor:log_poly | transfomer: StandardScaler | reducer: RFE  run are
{'reducer__n_features_to_select': 133, 'preprocessor__kw_args': {'pw': 4}, 'reducer__step': 0.1}
GREP_ME***Best score of [GradientBoostingRegressor] estimator, pipeline:| preprocessor:log_poly | transfomer: StandardScaler | reducer: RFE run are
0.699289313194
