#########################################
###Starting all estimators for cl: label_gross_7
#########################################
####################################################################################
################# Runing the itteration 1  of pipeline precomp      ###############
####################################################################################
| preprocessor:log_poly | transfomer: StandardScaler | reducer: RFE
{'reducer__step': [0.1], 'preprocessor__kw_args': [{'pw': 3}], 'reducer__n_features_to_select': [63]}
Starting precomp pipline for {'reducer__step': 0.1, 'preprocessor__kw_args': {'pw': 3}, 'reducer__n_features_to_select': 63} for tmp_class
Finished precomp pipline for {'reducer__step': 0.1, 'preprocessor__kw_args': {'pw': 3}, 'reducer__n_features_to_select': 63}
####################################################################################
################# Runing the itteration 2  of pipeline precomp      ###############
####################################################################################
| preprocessor:log_poly | transfomer: StandardScaler | reducer: RFE
{'reducer__step': [0.1], 'preprocessor__kw_args': [{'pw': 4}], 'reducer__n_features_to_select': [66]}
Starting precomp pipline for {'reducer__step': 0.1, 'preprocessor__kw_args': {'pw': 4}, 'reducer__n_features_to_select': 66} for tmp_class
Finished precomp pipline for {'reducer__step': 0.1, 'preprocessor__kw_args': {'pw': 4}, 'reducer__n_features_to_select': 66}
####################################################################################
################# Runing the itteration 3  of pipeline precomp      ###############
####################################################################################
| preprocessor:log_poly | transfomer: StandardScaler | reducer: RFE
{'reducer__step': [0.1], 'preprocessor__kw_args': [{'pw': 3}], 'reducer__n_features_to_select': [63]}
Starting precomp pipline for {'reducer__step': 0.1, 'preprocessor__kw_args': {'pw': 3}, 'reducer__n_features_to_select': 63} for tmp_reg
Finished precomp pipline for {'reducer__step': 0.1, 'preprocessor__kw_args': {'pw': 3}, 'reducer__n_features_to_select': 63}
####################################################################################
################# Runing the itteration 4  of pipeline precomp      ###############
####################################################################################
| preprocessor:log_poly | transfomer: StandardScaler | reducer: RFE
{'reducer__step': [0.1], 'preprocessor__kw_args': [{'pw': 4}], 'reducer__n_features_to_select': [66]}
Starting precomp pipline for {'reducer__step': 0.1, 'preprocessor__kw_args': {'pw': 4}, 'reducer__n_features_to_select': 66} for tmp_reg
Finished precomp pipline for {'reducer__step': 0.1, 'preprocessor__kw_args': {'pw': 4}, 'reducer__n_features_to_select': 66}
i have finshed precomputing pipeline
####################################################################################
################# Runing the itteration 5  of class precomp     ###############
####################################################################################
{'model__max_leaf_nodes': [None, 50], 'model__n_estimators': [500, 1000], 'model__max_depth': [3, 5, 10]}

Starting precomp class for GradientBoostingClassifier
Precomp class [GradientBoostingClassifier] estimator,pipeline:| preprocessor:log_poly | transfomer: StandardScaler | reducer: RFE  params:
{'reducer__step': 0.1, 'preprocessor__kw_args': {'pw': 3}, 'reducer__n_features_to_select': 63}
Precomp class [GradientBoostingClassifier] estimator, model params:
{'model__max_leaf_nodes': None, 'model__n_estimators': 500, 'model__max_depth': 3}
Precomp Classify train score is: 
0.944503171247
Precomp Classify valid score is: 
0.456653312185
Precomp Classify test  score is: 
0.474128827878
Finished precomp class for GradientBoostingClassifier

Starting precomp class for GradientBoostingClassifier
Precomp class [GradientBoostingClassifier] estimator,pipeline:| preprocessor:log_poly | transfomer: StandardScaler | reducer: RFE  params:
{'reducer__step': 0.1, 'preprocessor__kw_args': {'pw': 3}, 'reducer__n_features_to_select': 63}
Precomp class [GradientBoostingClassifier] estimator, model params:
{'model__max_leaf_nodes': 50, 'model__n_estimators': 500, 'model__max_depth': 3}
Precomp Classify train score is: 
0.999207188161
Precomp Classify valid score is: 
0.459033646151
Precomp Classify test  score is: 
0.475184794087
Finished precomp class for GradientBoostingClassifier

Starting precomp class for GradientBoostingClassifier
Precomp class [GradientBoostingClassifier] estimator,pipeline:| preprocessor:log_poly | transfomer: StandardScaler | reducer: RFE  params:
{'reducer__step': 0.1, 'preprocessor__kw_args': {'pw': 3}, 'reducer__n_features_to_select': 63}
Precomp class [GradientBoostingClassifier] estimator, model params:
{'model__max_leaf_nodes': None, 'model__n_estimators': 500, 'model__max_depth': 10}
Precomp Classify train score is: 
1.0
Precomp Classify valid score is: 
0.477000024648
Precomp Classify test  score is: 
0.486800422386
Finished precomp class for GradientBoostingClassifier

Starting precomp class for GradientBoostingClassifier
Precomp class [GradientBoostingClassifier] estimator,pipeline:| preprocessor:log_poly | transfomer: StandardScaler | reducer: RFE  params:
{'reducer__step': 0.1, 'preprocessor__kw_args': {'pw': 3}, 'reducer__n_features_to_select': 63}
Precomp class [GradientBoostingClassifier] estimator, model params:
{'model__max_leaf_nodes': None, 'model__n_estimators': 500, 'model__max_depth': 5}
Precomp Classify train score is: 
1.0
Precomp Classify valid score is: 
0.464300759125
Precomp Classify test  score is: 
0.47096092925
Finished precomp class for GradientBoostingClassifier

Starting precomp class for GradientBoostingClassifier
Precomp class [GradientBoostingClassifier] estimator,pipeline:| preprocessor:log_poly | transfomer: StandardScaler | reducer: RFE  params:
{'reducer__step': 0.1, 'preprocessor__kw_args': {'pw': 3}, 'reducer__n_features_to_select': 63}
Precomp class [GradientBoostingClassifier] estimator, model params:
{'model__max_leaf_nodes': None, 'model__n_estimators': 1000, 'model__max_depth': 10}
Precomp Classify train score is: 
1.0
Precomp Classify valid score is: 
0.473824792083
Precomp Classify test  score is: 
0.486800422386
Finished precomp class for GradientBoostingClassifier

Starting precomp class for GradientBoostingClassifier
Precomp class [GradientBoostingClassifier] estimator,pipeline:| preprocessor:log_poly | transfomer: StandardScaler | reducer: RFE  params:
{'reducer__step': 0.1, 'preprocessor__kw_args': {'pw': 3}, 'reducer__n_features_to_select': 63}
Precomp class [GradientBoostingClassifier] estimator, model params:
{'model__max_leaf_nodes': None, 'model__n_estimators': 1000, 'model__max_depth': 3}
Precomp Classify train score is: 
0.997093023256
Precomp Classify valid score is: 
0.446617770211
Precomp Classify test  score is: 
0.468848996832
Finished precomp class for GradientBoostingClassifier

Starting precomp class for GradientBoostingClassifier
Precomp class [GradientBoostingClassifier] estimator,pipeline:| preprocessor:log_poly | transfomer: StandardScaler | reducer: RFE  params:
{'reducer__step': 0.1, 'preprocessor__kw_args': {'pw': 3}, 'reducer__n_features_to_select': 63}
Precomp class [GradientBoostingClassifier] estimator, model params:
{'model__max_leaf_nodes': 50, 'model__n_estimators': 500, 'model__max_depth': 10}
Precomp Classify train score is: 
1.0
Precomp Classify valid score is: 
0.481494464953
Precomp Classify test  score is: 
0.491024287223
Finished precomp class for GradientBoostingClassifier

Starting precomp class for GradientBoostingClassifier
Precomp class [GradientBoostingClassifier] estimator,pipeline:| preprocessor:log_poly | transfomer: StandardScaler | reducer: RFE  params:
{'reducer__step': 0.1, 'preprocessor__kw_args': {'pw': 3}, 'reducer__n_features_to_select': 63}
Precomp class [GradientBoostingClassifier] estimator, model params:
{'model__max_leaf_nodes': 50, 'model__n_estimators': 500, 'model__max_depth': 5}
Precomp Classify train score is: 
1.0
Precomp Classify valid score is: 
0.473832553153
Precomp Classify test  score is: 
0.473072861668
Finished precomp class for GradientBoostingClassifier

Starting precomp class for GradientBoostingClassifier
Precomp class [GradientBoostingClassifier] estimator,pipeline:| preprocessor:log_poly | transfomer: StandardScaler | reducer: RFE  params:
{'reducer__step': 0.1, 'preprocessor__kw_args': {'pw': 3}, 'reducer__n_features_to_select': 63}
Precomp class [GradientBoostingClassifier] estimator, model params:
{'model__max_leaf_nodes': 50, 'model__n_estimators': 1000, 'model__max_depth': 10}
Precomp Classify train score is: 
1.0
Precomp Classify valid score is: 
0.481503035966
Precomp Classify test  score is: 
0.484688489968
Finished precomp class for GradientBoostingClassifier

Starting precomp class for GradientBoostingClassifier
Precomp class [GradientBoostingClassifier] estimator,pipeline:| preprocessor:log_poly | transfomer: StandardScaler | reducer: RFE  params:
{'reducer__step': 0.1, 'preprocessor__kw_args': {'pw': 3}, 'reducer__n_features_to_select': 63}
Precomp class [GradientBoostingClassifier] estimator, model params:
{'model__max_leaf_nodes': 50, 'model__n_estimators': 1000, 'model__max_depth': 3}
Precomp Classify train score is: 
1.0
Precomp Classify valid score is: 
0.457176351596
Precomp Classify test  score is: 
0.461457233369
Finished precomp class for GradientBoostingClassifier

Starting precomp class for GradientBoostingClassifier
Precomp class [GradientBoostingClassifier] estimator,pipeline:| preprocessor:log_poly | transfomer: StandardScaler | reducer: RFE  params:
{'reducer__step': 0.1, 'preprocessor__kw_args': {'pw': 3}, 'reducer__n_features_to_select': 63}
Precomp class [GradientBoostingClassifier] estimator, model params:
{'model__max_leaf_nodes': 50, 'model__n_estimators': 1000, 'model__max_depth': 5}
Precomp Classify train score is: 
1.0
Precomp Classify valid score is: 
0.465356248803
Precomp Classify test  score is: 
0.477296726505
Finished precomp class for GradientBoostingClassifier

Starting precomp class for GradientBoostingClassifier
Precomp class [GradientBoostingClassifier] estimator,pipeline:| preprocessor:log_poly | transfomer: StandardScaler | reducer: RFE  params:
{'reducer__step': 0.1, 'preprocessor__kw_args': {'pw': 3}, 'reducer__n_features_to_select': 63}
Precomp class [GradientBoostingClassifier] estimator, model params:
{'model__max_leaf_nodes': None, 'model__n_estimators': 1000, 'model__max_depth': 5}
Precomp Classify train score is: 
1.0
Precomp Classify valid score is: 
0.464034126529
Precomp Classify test  score is: 
0.474128827878
Finished precomp class for GradientBoostingClassifier
####################################################################################
################# Runing the itteration 6  of class precomp     ###############
####################################################################################
{'model__max_iter': [400], 'model__hidden_layer_sizes': [100], 'model__learning_rate_init': [0.01, 0.1], 'model__activation': ['identity', 'logistic', 'tanh', 'relu'], 'model__solver': ['lbfgs']}

Starting precomp class for MLPClassifier
Precomp class [MLPClassifier] estimator,pipeline:| preprocessor:log_poly | transfomer: StandardScaler | reducer: RFE  params:
{'reducer__step': 0.1, 'preprocessor__kw_args': {'pw': 3}, 'reducer__n_features_to_select': 63}
Precomp class [MLPClassifier] estimator, model params:
{'model__max_iter': 400, 'model__solver': 'lbfgs', 'model__learning_rate_init': 0.01, 'model__activation': 'identity', 'model__hidden_layer_sizes': 100}
Precomp Classify train score is: 
0.530391120507
Precomp Classify valid score is: 
0.485745683608
Precomp Classify test  score is: 
0.498416050686
Finished precomp class for MLPClassifier

Starting precomp class for MLPClassifier
Precomp class [MLPClassifier] estimator,pipeline:| preprocessor:log_poly | transfomer: StandardScaler | reducer: RFE  params:
{'reducer__step': 0.1, 'preprocessor__kw_args': {'pw': 3}, 'reducer__n_features_to_select': 63}
Precomp class [MLPClassifier] estimator, model params:
{'model__max_iter': 400, 'model__solver': 'lbfgs', 'model__learning_rate_init': 0.1, 'model__activation': 'identity', 'model__hidden_layer_sizes': 100}
Precomp Classify train score is: 
0.530391120507
Precomp Classify valid score is: 
0.485745683608
Precomp Classify test  score is: 
0.498416050686
Finished precomp class for MLPClassifier

Starting precomp class for MLPClassifier
Precomp class [MLPClassifier] estimator,pipeline:| preprocessor:log_poly | transfomer: StandardScaler | reducer: RFE  params:
{'reducer__step': 0.1, 'preprocessor__kw_args': {'pw': 3}, 'reducer__n_features_to_select': 63}
Precomp class [MLPClassifier] estimator, model params:
{'model__max_iter': 400, 'model__solver': 'lbfgs', 'model__learning_rate_init': 0.1, 'model__activation': 'tanh', 'model__hidden_layer_sizes': 100}
Precomp Classify train score is: 
1.0
Precomp Classify valid score is: 
0.397987170077
Precomp Classify test  score is: 
0.392819429778
Finished precomp class for MLPClassifier

Starting precomp class for MLPClassifier
Precomp class [MLPClassifier] estimator,pipeline:| preprocessor:log_poly | transfomer: StandardScaler | reducer: RFE  params:
{'reducer__step': 0.1, 'preprocessor__kw_args': {'pw': 3}, 'reducer__n_features_to_select': 63}
Precomp class [MLPClassifier] estimator, model params:
{'model__max_iter': 400, 'model__solver': 'lbfgs', 'model__learning_rate_init': 0.01, 'model__activation': 'tanh', 'model__hidden_layer_sizes': 100}
Precomp Classify train score is: 
1.0
Precomp Classify valid score is: 
0.397987170077
Precomp Classify test  score is: 
0.392819429778
Finished precomp class for MLPClassifier

Starting precomp class for MLPClassifier
Precomp class [MLPClassifier] estimator,pipeline:| preprocessor:log_poly | transfomer: StandardScaler | reducer: RFE  params:
{'reducer__step': 0.1, 'preprocessor__kw_args': {'pw': 3}, 'reducer__n_features_to_select': 63}
Precomp class [MLPClassifier] estimator, model params:
{'model__max_iter': 400, 'model__solver': 'lbfgs', 'model__learning_rate_init': 0.1, 'model__activation': 'relu', 'model__hidden_layer_sizes': 100}
Precomp Classify train score is: 
0.883720930233
Precomp Classify valid score is: 
0.386633497573
Precomp Classify test  score is: 
0.417106652587
Finished precomp class for MLPClassifier

Starting precomp class for MLPClassifier
Precomp class [MLPClassifier] estimator,pipeline:| preprocessor:log_poly | transfomer: StandardScaler | reducer: RFE  params:
{'reducer__step': 0.1, 'preprocessor__kw_args': {'pw': 3}, 'reducer__n_features_to_select': 63}
Precomp class [MLPClassifier] estimator, model params:
{'model__max_iter': 400, 'model__solver': 'lbfgs', 'model__learning_rate_init': 0.01, 'model__activation': 'relu', 'model__hidden_layer_sizes': 100}
Precomp Classify train score is: 
0.883720930233
Precomp Classify valid score is: 
0.386633497573
Precomp Classify test  score is: 
0.417106652587
Finished precomp class for MLPClassifier

Starting precomp class for MLPClassifier
Precomp class [MLPClassifier] estimator,pipeline:| preprocessor:log_poly | transfomer: StandardScaler | reducer: RFE  params:
{'reducer__step': 0.1, 'preprocessor__kw_args': {'pw': 3}, 'reducer__n_features_to_select': 63}
Precomp class [MLPClassifier] estimator, model params:
{'model__max_iter': 400, 'model__solver': 'lbfgs', 'model__learning_rate_init': 0.01, 'model__activation': 'logistic', 'model__hidden_layer_sizes': 100}
Precomp Classify train score is: 
0.954545454545
Precomp Classify valid score is: 
0.407766330153
Precomp Classify test  score is: 
0.406546990496
Finished precomp class for MLPClassifier

Starting precomp class for MLPClassifier
Precomp class [MLPClassifier] estimator,pipeline:| preprocessor:log_poly | transfomer: StandardScaler | reducer: RFE  params:
{'reducer__step': 0.1, 'preprocessor__kw_args': {'pw': 3}, 'reducer__n_features_to_select': 63}
Precomp class [MLPClassifier] estimator, model params:
{'model__max_iter': 400, 'model__solver': 'lbfgs', 'model__learning_rate_init': 0.1, 'model__activation': 'logistic', 'model__hidden_layer_sizes': 100}
Precomp Classify train score is: 
0.954545454545
Precomp Classify valid score is: 
0.407766330153
Precomp Classify test  score is: 
0.406546990496
Finished precomp class for MLPClassifier
####################################################################################
################# Runing the itteration 7  of class precomp     ###############
####################################################################################
{'model__loss': ['hinge', 'squared_hinge'], 'model__C': array([  1.00000000e-04,   1.00000000e+00,   1.00000000e+04])}

Starting precomp class for LinearSVC
Precomp class [LinearSVC] estimator,pipeline:| preprocessor:log_poly | transfomer: StandardScaler | reducer: RFE  params:
{'reducer__step': 0.1, 'preprocessor__kw_args': {'pw': 3}, 'reducer__n_features_to_select': 63}
Precomp class [LinearSVC] estimator, model params:
{'model__loss': 'hinge', 'model__C': 0.0001}
Precomp Classify train score is: 
0.432875264271
Precomp Classify valid score is: 
0.408305039374
Precomp Classify test  score is: 
0.422386483633
Finished precomp class for LinearSVC

Starting precomp class for LinearSVC
Precomp class [LinearSVC] estimator,pipeline:| preprocessor:log_poly | transfomer: StandardScaler | reducer: RFE  params:
{'reducer__step': 0.1, 'preprocessor__kw_args': {'pw': 3}, 'reducer__n_features_to_select': 63}
Precomp class [LinearSVC] estimator, model params:
{'model__loss': 'squared_hinge', 'model__C': 0.0001}
Precomp Classify train score is: 
0.484143763214
Precomp Classify valid score is: 
0.463780664146
Precomp Classify test  score is: 
0.474128827878
Finished precomp class for LinearSVC

Starting precomp class for LinearSVC
Precomp class [LinearSVC] estimator,pipeline:| preprocessor:log_poly | transfomer: StandardScaler | reducer: RFE  params:
{'reducer__step': 0.1, 'preprocessor__kw_args': {'pw': 3}, 'reducer__n_features_to_select': 63}
Precomp class [LinearSVC] estimator, model params:
{'model__loss': 'hinge', 'model__C': 1.0}
Precomp Classify train score is: 
0.475687103594
Precomp Classify valid score is: 
0.457452172629
Precomp Classify test  score is: 
0.45934530095
Finished precomp class for LinearSVC

Starting precomp class for LinearSVC
Precomp class [LinearSVC] estimator,pipeline:| preprocessor:log_poly | transfomer: StandardScaler | reducer: RFE  params:
{'reducer__step': 0.1, 'preprocessor__kw_args': {'pw': 3}, 'reducer__n_features_to_select': 63}
Precomp class [LinearSVC] estimator, model params:
{'model__loss': 'squared_hinge', 'model__C': 1.0}
Precomp Classify train score is: 
0.52378435518
Precomp Classify valid score is: 
0.492861327605
Precomp Classify test  score is: 
0.493136219641
Finished precomp class for LinearSVC

Starting precomp class for LinearSVC
Precomp class [LinearSVC] estimator,pipeline:| preprocessor:log_poly | transfomer: StandardScaler | reducer: RFE  params:
{'reducer__step': 0.1, 'preprocessor__kw_args': {'pw': 3}, 'reducer__n_features_to_select': 63}
Precomp class [LinearSVC] estimator, model params:
{'model__loss': 'hinge', 'model__C': 10000.0}
Precomp Classify train score is: 
0.393234672304
Precomp Classify valid score is: 
0.355468664942
Precomp Classify test  score is: 
0.370644139388
Finished precomp class for LinearSVC

Starting precomp class for LinearSVC
Precomp class [LinearSVC] estimator,pipeline:| preprocessor:log_poly | transfomer: StandardScaler | reducer: RFE  params:
{'reducer__step': 0.1, 'preprocessor__kw_args': {'pw': 3}, 'reducer__n_features_to_select': 63}
Precomp class [LinearSVC] estimator, model params:
{'model__loss': 'squared_hinge', 'model__C': 10000.0}
Precomp Classify train score is: 
0.368657505285
Precomp Classify valid score is: 
0.347495121026
Precomp Classify test  score is: 
0.349524815206
Finished precomp class for LinearSVC
####################################################################################
################# Runing the itteration 8  of class precomp     ###############
####################################################################################
{'model__max_iter': [50, 100], 'model__C': array([  1.00000000e-04,   1.00000000e+00,   1.00000000e+04]), 'model__solver': ['newton-cg', 'lbfgs', 'liblinear', 'sag']}

Starting precomp class for LogisticRegression
Precomp class [LogisticRegression] estimator,pipeline:| preprocessor:log_poly | transfomer: StandardScaler | reducer: RFE  params:
{'reducer__step': 0.1, 'preprocessor__kw_args': {'pw': 3}, 'reducer__n_features_to_select': 63}
Precomp class [LogisticRegression] estimator, model params:
{'model__max_iter': 50, 'model__C': 0.0001, 'model__solver': 'liblinear'}
Precomp Classify train score is: 
0.44476744186
Precomp Classify valid score is: 
0.424151472498
Precomp Classify test  score is: 
0.42555438226
Finished precomp class for LogisticRegression

Starting precomp class for LogisticRegression
Precomp class [LogisticRegression] estimator,pipeline:| preprocessor:log_poly | transfomer: StandardScaler | reducer: RFE  params:
{'reducer__step': 0.1, 'preprocessor__kw_args': {'pw': 3}, 'reducer__n_features_to_select': 63}
Precomp class [LogisticRegression] estimator, model params:
{'model__max_iter': 50, 'model__C': 0.0001, 'model__solver': 'lbfgs'}
Precomp Classify train score is: 
0.348837209302
Precomp Classify valid score is: 
0.348573374326
Precomp Classify test  score is: 
0.368532206969
Finished precomp class for LogisticRegression

Starting precomp class for LogisticRegression
Precomp class [LogisticRegression] estimator,pipeline:| preprocessor:log_poly | transfomer: StandardScaler | reducer: RFE  params:
{'reducer__step': 0.1, 'preprocessor__kw_args': {'pw': 3}, 'reducer__n_features_to_select': 63}
Precomp class [LogisticRegression] estimator, model params:
{'model__max_iter': 100, 'model__C': 0.0001, 'model__solver': 'liblinear'}
Precomp Classify train score is: 
0.44476744186
Precomp Classify valid score is: 
0.424151472498
Precomp Classify test  score is: 
0.42555438226
Finished precomp class for LogisticRegression

Starting precomp class for LogisticRegression
Precomp class [LogisticRegression] estimator,pipeline:| preprocessor:log_poly | transfomer: StandardScaler | reducer: RFE  params:
{'reducer__step': 0.1, 'preprocessor__kw_args': {'pw': 3}, 'reducer__n_features_to_select': 63}
Precomp class [LogisticRegression] estimator, model params:
{'model__max_iter': 100, 'model__C': 0.0001, 'model__solver': 'lbfgs'}
Precomp Classify train score is: 
0.348837209302
Precomp Classify valid score is: 
0.348573374326
Precomp Classify test  score is: 
0.368532206969
Finished precomp class for LogisticRegression

Starting precomp class for LogisticRegression
Precomp class [LogisticRegression] estimator,pipeline:| preprocessor:log_poly | transfomer: StandardScaler | reducer: RFE  params:
{'reducer__step': 0.1, 'preprocessor__kw_args': {'pw': 3}, 'reducer__n_features_to_select': 63}
Precomp class [LogisticRegression] estimator, model params:
{'model__max_iter': 100, 'model__C': 0.0001, 'model__solver': 'newton-cg'}
Precomp Classify train score is: 
0.348837209302
Precomp Classify valid score is: 
0.348573374326
Precomp Classify test  score is: 
0.368532206969
Finished precomp class for LogisticRegression

Starting precomp class for LogisticRegression
Precomp class [LogisticRegression] estimator,pipeline:| preprocessor:log_poly | transfomer: StandardScaler | reducer: RFE  params:
{'reducer__step': 0.1, 'preprocessor__kw_args': {'pw': 3}, 'reducer__n_features_to_select': 63}
Precomp class [LogisticRegression] estimator, model params:
{'model__max_iter': 50, 'model__C': 0.0001, 'model__solver': 'newton-cg'}
Precomp Classify train score is: 
0.348837209302
Precomp Classify valid score is: 
0.348573374326
Precomp Classify test  score is: 
0.368532206969
Finished precomp class for LogisticRegression

Starting precomp class for LogisticRegression
Precomp class [LogisticRegression] estimator,pipeline:| preprocessor:log_poly | transfomer: StandardScaler | reducer: RFE  params:
{'reducer__step': 0.1, 'preprocessor__kw_args': {'pw': 3}, 'reducer__n_features_to_select': 63}
Precomp class [LogisticRegression] estimator, model params:
{'model__max_iter': 50, 'model__C': 0.0001, 'model__solver': 'sag'}
Precomp Classify train score is: 
0.348837209302
Precomp Classify valid score is: 
0.348573374326
Precomp Classify test  score is: 
0.368532206969
Finished precomp class for LogisticRegression

Starting precomp class for LogisticRegression
Precomp class [LogisticRegression] estimator,pipeline:| preprocessor:log_poly | transfomer: StandardScaler | reducer: RFE  params:
{'reducer__step': 0.1, 'preprocessor__kw_args': {'pw': 3}, 'reducer__n_features_to_select': 63}
Precomp class [LogisticRegression] estimator, model params:
{'model__max_iter': 100, 'model__C': 0.0001, 'model__solver': 'sag'}
Precomp Classify train score is: 
0.348837209302
Precomp Classify valid score is: 
0.348573374326
Precomp Classify test  score is: 
0.368532206969
Finished precomp class for LogisticRegression

Starting precomp class for LogisticRegression
Precomp class [LogisticRegression] estimator,pipeline:| preprocessor:log_poly | transfomer: StandardScaler | reducer: RFE  params:
{'reducer__step': 0.1, 'preprocessor__kw_args': {'pw': 3}, 'reducer__n_features_to_select': 63}
Precomp class [LogisticRegression] estimator, model params:
{'model__max_iter': 50, 'model__C': 1.0, 'model__solver': 'liblinear'}
Precomp Classify train score is: 
0.522198731501
Precomp Classify valid score is: 
0.494453451812
Precomp Classify test  score is: 
0.488912354805
Finished precomp class for LogisticRegression

Starting precomp class for LogisticRegression
Precomp class [LogisticRegression] estimator,pipeline:| preprocessor:log_poly | transfomer: StandardScaler | reducer: RFE  params:
{'reducer__step': 0.1, 'preprocessor__kw_args': {'pw': 3}, 'reducer__n_features_to_select': 63}
Precomp class [LogisticRegression] estimator, model params:
{'model__max_iter': 50, 'model__C': 10000.0, 'model__solver': 'lbfgs'}
Precomp Classify train score is: 
0.523520084567
Precomp Classify valid score is: 
0.490227136252
Precomp Classify test  score is: 
0.488912354805
Finished precomp class for LogisticRegression

Starting precomp class for LogisticRegression
Precomp class [LogisticRegression] estimator,pipeline:| preprocessor:log_poly | transfomer: StandardScaler | reducer: RFE  params:
{'reducer__step': 0.1, 'preprocessor__kw_args': {'pw': 3}, 'reducer__n_features_to_select': 63}
Precomp class [LogisticRegression] estimator, model params:
{'model__max_iter': 50, 'model__C': 1.0, 'model__solver': 'sag'}
Precomp Classify train score is: 
0.517706131078
Precomp Classify valid score is: 
0.494182624986
Precomp Classify test  score is: 
0.488912354805
Finished precomp class for LogisticRegression

Starting precomp class for LogisticRegression
Precomp class [LogisticRegression] estimator,pipeline:| preprocessor:log_poly | transfomer: StandardScaler | reducer: RFE  params:
{'reducer__step': 0.1, 'preprocessor__kw_args': {'pw': 3}, 'reducer__n_features_to_select': 63}
Precomp class [LogisticRegression] estimator, model params:
{'model__max_iter': 100, 'model__C': 1.0, 'model__solver': 'liblinear'}
Precomp Classify train score is: 
0.522198731501
Precomp Classify valid score is: 
0.494453451812
Precomp Classify test  score is: 
0.488912354805
Finished precomp class for LogisticRegression

Starting precomp class for LogisticRegression
Precomp class [LogisticRegression] estimator,pipeline:| preprocessor:log_poly | transfomer: StandardScaler | reducer: RFE  params:
{'reducer__step': 0.1, 'preprocessor__kw_args': {'pw': 3}, 'reducer__n_features_to_select': 63}
Precomp class [LogisticRegression] estimator, model params:
{'model__max_iter': 50, 'model__C': 10000.0, 'model__solver': 'sag'}
Precomp Classify train score is: 
0.517441860465
Precomp Classify valid score is: 
0.495504959712
Precomp Classify test  score is: 
0.486800422386
Finished precomp class for LogisticRegression

Starting precomp class for LogisticRegression
Precomp class [LogisticRegression] estimator,pipeline:| preprocessor:log_poly | transfomer: StandardScaler | reducer: RFE  params:
{'reducer__step': 0.1, 'preprocessor__kw_args': {'pw': 3}, 'reducer__n_features_to_select': 63}
Precomp class [LogisticRegression] estimator, model params:
{'model__max_iter': 50, 'model__C': 1.0, 'model__solver': 'lbfgs'}
Precomp Classify train score is: 
0.522198731501
Precomp Classify valid score is: 
0.492074590063
Precomp Classify test  score is: 
0.488912354805
Finished precomp class for LogisticRegression

Starting precomp class for LogisticRegression
Precomp class [LogisticRegression] estimator,pipeline:| preprocessor:log_poly | transfomer: StandardScaler | reducer: RFE  params:
{'reducer__step': 0.1, 'preprocessor__kw_args': {'pw': 3}, 'reducer__n_features_to_select': 63}
Precomp class [LogisticRegression] estimator, model params:
{'model__max_iter': 100, 'model__C': 1.0, 'model__solver': 'sag'}
Precomp Classify train score is: 
0.523255813953
Precomp Classify valid score is: 
0.497883821461
Precomp Classify test  score is: 
0.492080253432
Finished precomp class for LogisticRegression

Starting precomp class for LogisticRegression
Precomp class [LogisticRegression] estimator,pipeline:| preprocessor:log_poly | transfomer: StandardScaler | reducer: RFE  params:
{'reducer__step': 0.1, 'preprocessor__kw_args': {'pw': 3}, 'reducer__n_features_to_select': 63}
Precomp class [LogisticRegression] estimator, model params:
{'model__max_iter': 100, 'model__C': 1.0, 'model__solver': 'lbfgs'}
Precomp Classify train score is: 
0.522198731501
Precomp Classify valid score is: 
0.49286866377
Precomp Classify test  score is: 
0.489968321014
Finished precomp class for LogisticRegression

Starting precomp class for LogisticRegression
Precomp class [LogisticRegression] estimator,pipeline:| preprocessor:log_poly | transfomer: StandardScaler | reducer: RFE  params:
{'reducer__step': 0.1, 'preprocessor__kw_args': {'pw': 3}, 'reducer__n_features_to_select': 63}
Precomp class [LogisticRegression] estimator, model params:
{'model__max_iter': 100, 'model__C': 10000.0, 'model__solver': 'sag'}
Precomp Classify train score is: 
0.522727272727
Precomp Classify valid score is: 
0.498412502402
Precomp Classify test  score is: 
0.492080253432
Finished precomp class for LogisticRegression

Starting precomp class for LogisticRegression
Precomp class [LogisticRegression] estimator,pipeline:| preprocessor:log_poly | transfomer: StandardScaler | reducer: RFE  params:
{'reducer__step': 0.1, 'preprocessor__kw_args': {'pw': 3}, 'reducer__n_features_to_select': 63}
Precomp class [LogisticRegression] estimator, model params:
{'model__max_iter': 100, 'model__C': 1.0, 'model__solver': 'newton-cg'}
Precomp Classify train score is: 
0.522198731501
Precomp Classify valid score is: 
0.49313237685
Precomp Classify test  score is: 
0.488912354805
Finished precomp class for LogisticRegression

Starting precomp class for LogisticRegression
Precomp class [LogisticRegression] estimator,pipeline:| preprocessor:log_poly | transfomer: StandardScaler | reducer: RFE  params:
{'reducer__step': 0.1, 'preprocessor__kw_args': {'pw': 3}, 'reducer__n_features_to_select': 63}
Precomp class [LogisticRegression] estimator, model params:
{'model__max_iter': 50, 'model__C': 1.0, 'model__solver': 'newton-cg'}
Precomp Classify train score is: 
0.522198731501
Precomp Classify valid score is: 
0.49313237685
Precomp Classify test  score is: 
0.488912354805
Finished precomp class for LogisticRegression

Starting precomp class for LogisticRegression
Precomp class [LogisticRegression] estimator,pipeline:| preprocessor:log_poly | transfomer: StandardScaler | reducer: RFE  params:
{'reducer__step': 0.1, 'preprocessor__kw_args': {'pw': 3}, 'reducer__n_features_to_select': 63}
Precomp class [LogisticRegression] estimator, model params:
{'model__max_iter': 100, 'model__C': 10000.0, 'model__solver': 'lbfgs'}
Precomp Classify train score is: 
0.526955602537
Precomp Classify valid score is: 
0.485734588084
Precomp Classify test  score is: 
0.49419218585
Finished precomp class for LogisticRegression

Starting precomp class for LogisticRegression
Precomp class [LogisticRegression] estimator,pipeline:| preprocessor:log_poly | transfomer: StandardScaler | reducer: RFE  params:
{'reducer__step': 0.1, 'preprocessor__kw_args': {'pw': 3}, 'reducer__n_features_to_select': 63}
Precomp class [LogisticRegression] estimator, model params:
{'model__max_iter': 50, 'model__C': 10000.0, 'model__solver': 'liblinear'}
Precomp Classify train score is: 
0.523255813953
Precomp Classify valid score is: 
0.489692798831
Precomp Classify test  score is: 
0.495248152059
Finished precomp class for LogisticRegression

Starting precomp class for LogisticRegression
Precomp class [LogisticRegression] estimator,pipeline:| preprocessor:log_poly | transfomer: StandardScaler | reducer: RFE  params:
{'reducer__step': 0.1, 'preprocessor__kw_args': {'pw': 3}, 'reducer__n_features_to_select': 63}
Precomp class [LogisticRegression] estimator, model params:
{'model__max_iter': 100, 'model__C': 10000.0, 'model__solver': 'newton-cg'}
Precomp Classify train score is: 
0.523255813953
Precomp Classify valid score is: 
0.490221899694
Precomp Classify test  score is: 
0.49419218585
Finished precomp class for LogisticRegression

Starting precomp class for LogisticRegression
Precomp class [LogisticRegression] estimator,pipeline:| preprocessor:log_poly | transfomer: StandardScaler | reducer: RFE  params:
{'reducer__step': 0.1, 'preprocessor__kw_args': {'pw': 3}, 'reducer__n_features_to_select': 63}
Precomp class [LogisticRegression] estimator, model params:
{'model__max_iter': 50, 'model__C': 10000.0, 'model__solver': 'newton-cg'}
Precomp Classify train score is: 
0.523255813953
Precomp Classify valid score is: 
0.490221899694
Precomp Classify test  score is: 
0.49419218585
Finished precomp class for LogisticRegression

Starting precomp class for LogisticRegression
Precomp class [LogisticRegression] estimator,pipeline:| preprocessor:log_poly | transfomer: StandardScaler | reducer: RFE  params:
{'reducer__step': 0.1, 'preprocessor__kw_args': {'pw': 3}, 'reducer__n_features_to_select': 63}
Precomp class [LogisticRegression] estimator, model params:
{'model__max_iter': 100, 'model__C': 10000.0, 'model__solver': 'liblinear'}
Precomp Classify train score is: 
0.523255813953
Precomp Classify valid score is: 
0.489692798831
Precomp Classify test  score is: 
0.49419218585
Finished precomp class for LogisticRegression
####################################################################################
################# Runing the itteration 9  of class precomp     ###############
####################################################################################
{'model__max_leaf_nodes': [None, 50], 'model__n_estimators': [500, 1000], 'model__max_depth': [3, 5, 10]}

Starting precomp class for GradientBoostingClassifier
Precomp class [GradientBoostingClassifier] estimator,pipeline:| preprocessor:log_poly | transfomer: StandardScaler | reducer: RFE  params:
{'reducer__step': 0.1, 'preprocessor__kw_args': {'pw': 4}, 'reducer__n_features_to_select': 66}
Precomp class [GradientBoostingClassifier] estimator, model params:
{'model__max_leaf_nodes': None, 'model__n_estimators': 500, 'model__max_depth': 3}
Precomp Classify train score is: 
0.947145877378
Precomp Classify valid score is: 
0.45031750942
Precomp Classify test  score is: 
0.485744456177
Finished precomp class for GradientBoostingClassifier

Starting precomp class for GradientBoostingClassifier
Precomp class [GradientBoostingClassifier] estimator,pipeline:| preprocessor:log_poly | transfomer: StandardScaler | reducer: RFE  params:
{'reducer__step': 0.1, 'preprocessor__kw_args': {'pw': 4}, 'reducer__n_features_to_select': 66}
Precomp class [GradientBoostingClassifier] estimator, model params:
{'model__max_leaf_nodes': 50, 'model__n_estimators': 500, 'model__max_depth': 3}
Precomp Classify train score is: 
1.0
Precomp Classify valid score is: 
0.455585062248
Precomp Classify test  score is: 
0.479408658923
Finished precomp class for GradientBoostingClassifier

Starting precomp class for GradientBoostingClassifier
Precomp class [GradientBoostingClassifier] estimator,pipeline:| preprocessor:log_poly | transfomer: StandardScaler | reducer: RFE  params:
{'reducer__step': 0.1, 'preprocessor__kw_args': {'pw': 4}, 'reducer__n_features_to_select': 66}
Precomp class [GradientBoostingClassifier] estimator, model params:
{'model__max_leaf_nodes': None, 'model__n_estimators': 500, 'model__max_depth': 10}
Precomp Classify train score is: 
1.0
Precomp Classify valid score is: 
0.471195609887
Precomp Classify test  score is: 
0.472016895459
Finished precomp class for GradientBoostingClassifier

Starting precomp class for GradientBoostingClassifier
Precomp class [GradientBoostingClassifier] estimator,pipeline:| preprocessor:log_poly | transfomer: StandardScaler | reducer: RFE  params:
{'reducer__step': 0.1, 'preprocessor__kw_args': {'pw': 4}, 'reducer__n_features_to_select': 66}
Precomp class [GradientBoostingClassifier] estimator, model params:
{'model__max_leaf_nodes': None, 'model__n_estimators': 500, 'model__max_depth': 5}
Precomp Classify train score is: 
1.0
Precomp Classify valid score is: 
0.46113474988
Precomp Classify test  score is: 
0.472016895459
Finished precomp class for GradientBoostingClassifier

Starting precomp class for GradientBoostingClassifier
Precomp class [GradientBoostingClassifier] estimator,pipeline:| preprocessor:log_poly | transfomer: StandardScaler | reducer: RFE  params:
{'reducer__step': 0.1, 'preprocessor__kw_args': {'pw': 4}, 'reducer__n_features_to_select': 66}
Precomp class [GradientBoostingClassifier] estimator, model params:
{'model__max_leaf_nodes': None, 'model__n_estimators': 1000, 'model__max_depth': 3}
Precomp Classify train score is: 
0.998150105708
Precomp Classify valid score is: 
0.442117890861
Precomp Classify test  score is: 
0.478352692714
Finished precomp class for GradientBoostingClassifier

Starting precomp class for GradientBoostingClassifier
Precomp class [GradientBoostingClassifier] estimator,pipeline:| preprocessor:log_poly | transfomer: StandardScaler | reducer: RFE  params:
{'reducer__step': 0.1, 'preprocessor__kw_args': {'pw': 4}, 'reducer__n_features_to_select': 66}
Precomp class [GradientBoostingClassifier] estimator, model params:
{'model__max_leaf_nodes': None, 'model__n_estimators': 1000, 'model__max_depth': 10}
Precomp Classify train score is: 
1.0
Precomp Classify valid score is: 
0.469072725065
Precomp Classify test  score is: 
0.472016895459
Finished precomp class for GradientBoostingClassifier

Starting precomp class for GradientBoostingClassifier
Precomp class [GradientBoostingClassifier] estimator,pipeline:| preprocessor:log_poly | transfomer: StandardScaler | reducer: RFE  params:
{'reducer__step': 0.1, 'preprocessor__kw_args': {'pw': 4}, 'reducer__n_features_to_select': 66}
Precomp class [GradientBoostingClassifier] estimator, model params:
{'model__max_leaf_nodes': 50, 'model__n_estimators': 500, 'model__max_depth': 10}
Precomp Classify train score is: 
1.0
Precomp Classify valid score is: 
0.474096671205
Precomp Classify test  score is: 
0.496304118268
Finished precomp class for GradientBoostingClassifier

Starting precomp class for GradientBoostingClassifier
Precomp class [GradientBoostingClassifier] estimator,pipeline:| preprocessor:log_poly | transfomer: StandardScaler | reducer: RFE  params:
{'reducer__step': 0.1, 'preprocessor__kw_args': {'pw': 4}, 'reducer__n_features_to_select': 66}
Precomp class [GradientBoostingClassifier] estimator, model params:
{'model__max_leaf_nodes': 50, 'model__n_estimators': 500, 'model__max_depth': 5}
Precomp Classify train score is: 
1.0
Precomp Classify valid score is: 
0.464311869599
Precomp Classify test  score is: 
0.466737064414
Finished precomp class for GradientBoostingClassifier

Starting precomp class for GradientBoostingClassifier
Precomp class [GradientBoostingClassifier] estimator,pipeline:| preprocessor:log_poly | transfomer: StandardScaler | reducer: RFE  params:
{'reducer__step': 0.1, 'preprocessor__kw_args': {'pw': 4}, 'reducer__n_features_to_select': 66}
Precomp class [GradientBoostingClassifier] estimator, model params:
{'model__max_leaf_nodes': 50, 'model__n_estimators': 1000, 'model__max_depth': 10}
Precomp Classify train score is: 
1.0
Precomp Classify valid score is: 
0.470661909823
Precomp Classify test  score is: 
0.49419218585
Finished precomp class for GradientBoostingClassifier

Starting precomp class for GradientBoostingClassifier
Precomp class [GradientBoostingClassifier] estimator,pipeline:| preprocessor:log_poly | transfomer: StandardScaler | reducer: RFE  params:
{'reducer__step': 0.1, 'preprocessor__kw_args': {'pw': 4}, 'reducer__n_features_to_select': 66}
Precomp class [GradientBoostingClassifier] estimator, model params:
{'model__max_leaf_nodes': 50, 'model__n_estimators': 1000, 'model__max_depth': 3}
Precomp Classify train score is: 
1.0
Precomp Classify valid score is: 
0.45030137484
Precomp Classify test  score is: 
0.480464625132
Finished precomp class for GradientBoostingClassifier

Starting precomp class for GradientBoostingClassifier
Precomp class [GradientBoostingClassifier] estimator,pipeline:| preprocessor:log_poly | transfomer: StandardScaler | reducer: RFE  params:
{'reducer__step': 0.1, 'preprocessor__kw_args': {'pw': 4}, 'reducer__n_features_to_select': 66}
Precomp class [GradientBoostingClassifier] estimator, model params:
{'model__max_leaf_nodes': 50, 'model__n_estimators': 1000, 'model__max_depth': 5}
Precomp Classify train score is: 
1.0
Precomp Classify valid score is: 
0.465627080612
Precomp Classify test  score is: 
0.456177402323
Finished precomp class for GradientBoostingClassifier

Starting precomp class for GradientBoostingClassifier
Precomp class [GradientBoostingClassifier] estimator,pipeline:| preprocessor:log_poly | transfomer: StandardScaler | reducer: RFE  params:
{'reducer__step': 0.1, 'preprocessor__kw_args': {'pw': 4}, 'reducer__n_features_to_select': 66}
Precomp class [GradientBoostingClassifier] estimator, model params:
{'model__max_leaf_nodes': None, 'model__n_estimators': 1000, 'model__max_depth': 5}
Precomp Classify train score is: 
1.0
Precomp Classify valid score is: 
0.452147361418
Precomp Classify test  score is: 
0.47096092925
Finished precomp class for GradientBoostingClassifier
####################################################################################
################# Runing the itteration 10  of class precomp     ###############
####################################################################################
{'model__max_iter': [400], 'model__hidden_layer_sizes': [100], 'model__learning_rate_init': [0.01, 0.1], 'model__activation': ['identity', 'logistic', 'tanh', 'relu'], 'model__solver': ['lbfgs']}

Starting precomp class for MLPClassifier
Precomp class [MLPClassifier] estimator,pipeline:| preprocessor:log_poly | transfomer: StandardScaler | reducer: RFE  params:
{'reducer__step': 0.1, 'preprocessor__kw_args': {'pw': 4}, 'reducer__n_features_to_select': 66}
Precomp class [MLPClassifier] estimator, model params:
{'model__max_iter': 400, 'model__solver': 'lbfgs', 'model__learning_rate_init': 0.1, 'model__activation': 'identity', 'model__hidden_layer_sizes': 100}
Precomp Classify train score is: 
0.529334038055
Precomp Classify valid score is: 
0.489448974707
Precomp Classify test  score is: 
0.497360084477
Finished precomp class for MLPClassifier

Starting precomp class for MLPClassifier
Precomp class [MLPClassifier] estimator,pipeline:| preprocessor:log_poly | transfomer: StandardScaler | reducer: RFE  params:
{'reducer__step': 0.1, 'preprocessor__kw_args': {'pw': 4}, 'reducer__n_features_to_select': 66}
Precomp class [MLPClassifier] estimator, model params:
{'model__max_iter': 400, 'model__solver': 'lbfgs', 'model__learning_rate_init': 0.01, 'model__activation': 'identity', 'model__hidden_layer_sizes': 100}
Precomp Classify train score is: 
0.529334038055
Precomp Classify valid score is: 
0.489448974707
Precomp Classify test  score is: 
0.497360084477
Finished precomp class for MLPClassifier

Starting precomp class for MLPClassifier
Precomp class [MLPClassifier] estimator,pipeline:| preprocessor:log_poly | transfomer: StandardScaler | reducer: RFE  params:
{'reducer__step': 0.1, 'preprocessor__kw_args': {'pw': 4}, 'reducer__n_features_to_select': 66}
Precomp class [MLPClassifier] estimator, model params:
{'model__max_iter': 400, 'model__solver': 'lbfgs', 'model__learning_rate_init': 0.1, 'model__activation': 'tanh', 'model__hidden_layer_sizes': 100}
Precomp Classify train score is: 
1.0
Precomp Classify valid score is: 
0.368381377568
Precomp Classify test  score is: 
0.374868004224
Finished precomp class for MLPClassifier

Starting precomp class for MLPClassifier
Precomp class [MLPClassifier] estimator,pipeline:| preprocessor:log_poly | transfomer: StandardScaler | reducer: RFE  params:
{'reducer__step': 0.1, 'preprocessor__kw_args': {'pw': 4}, 'reducer__n_features_to_select': 66}
Precomp class [MLPClassifier] estimator, model params:
{'model__max_iter': 400, 'model__solver': 'lbfgs', 'model__learning_rate_init': 0.01, 'model__activation': 'tanh', 'model__hidden_layer_sizes': 100}
Precomp Classify train score is: 
1.0
Precomp Classify valid score is: 
0.368381377568
Precomp Classify test  score is: 
0.374868004224
Finished precomp class for MLPClassifier

Starting precomp class for MLPClassifier
Precomp class [MLPClassifier] estimator,pipeline:| preprocessor:log_poly | transfomer: StandardScaler | reducer: RFE  params:
{'reducer__step': 0.1, 'preprocessor__kw_args': {'pw': 4}, 'reducer__n_features_to_select': 66}
Precomp class [MLPClassifier] estimator, model params:
{'model__max_iter': 400, 'model__solver': 'lbfgs', 'model__learning_rate_init': 0.01, 'model__activation': 'relu', 'model__hidden_layer_sizes': 100}
Precomp Classify train score is: 
0.877906976744
Precomp Classify valid score is: 
0.393765038781
Precomp Classify test  score is: 
0.401267159451
Finished precomp class for MLPClassifier

Starting precomp class for MLPClassifier
Precomp class [MLPClassifier] estimator,pipeline:| preprocessor:log_poly | transfomer: StandardScaler | reducer: RFE  params:
{'reducer__step': 0.1, 'preprocessor__kw_args': {'pw': 4}, 'reducer__n_features_to_select': 66}
Precomp class [MLPClassifier] estimator, model params:
{'model__max_iter': 400, 'model__solver': 'lbfgs', 'model__learning_rate_init': 0.1, 'model__activation': 'relu', 'model__hidden_layer_sizes': 100}
Precomp Classify train score is: 
0.877906976744
Precomp Classify valid score is: 
0.393765038781
Precomp Classify test  score is: 
0.401267159451
Finished precomp class for MLPClassifier

Starting precomp class for MLPClassifier
Precomp class [MLPClassifier] estimator,pipeline:| preprocessor:log_poly | transfomer: StandardScaler | reducer: RFE  params:
{'reducer__step': 0.1, 'preprocessor__kw_args': {'pw': 4}, 'reducer__n_features_to_select': 66}
Precomp class [MLPClassifier] estimator, model params:
{'model__max_iter': 400, 'model__solver': 'lbfgs', 'model__learning_rate_init': 0.1, 'model__activation': 'logistic', 'model__hidden_layer_sizes': 100}
Precomp Classify train score is: 
0.951374207188
Precomp Classify valid score is: 
0.37896173008
Precomp Classify test  score is: 
0.399155227033
Finished precomp class for MLPClassifier

Starting precomp class for MLPClassifier
Precomp class [MLPClassifier] estimator,pipeline:| preprocessor:log_poly | transfomer: StandardScaler | reducer: RFE  params:
{'reducer__step': 0.1, 'preprocessor__kw_args': {'pw': 4}, 'reducer__n_features_to_select': 66}
Precomp class [MLPClassifier] estimator, model params:
{'model__max_iter': 400, 'model__solver': 'lbfgs', 'model__learning_rate_init': 0.01, 'model__activation': 'logistic', 'model__hidden_layer_sizes': 100}
Precomp Classify train score is: 
0.951374207188
Precomp Classify valid score is: 
0.37896173008
Precomp Classify test  score is: 
0.399155227033
Finished precomp class for MLPClassifier
####################################################################################
################# Runing the itteration 11  of class precomp     ###############
####################################################################################
{'model__loss': ['hinge', 'squared_hinge'], 'model__C': array([  1.00000000e-04,   1.00000000e+00,   1.00000000e+04])}

Starting precomp class for LinearSVC
Precomp class [LinearSVC] estimator,pipeline:| preprocessor:log_poly | transfomer: StandardScaler | reducer: RFE  params:
{'reducer__step': 0.1, 'preprocessor__kw_args': {'pw': 4}, 'reducer__n_features_to_select': 66}
Precomp class [LinearSVC] estimator, model params:
{'model__loss': 'hinge', 'model__C': 0.0001}
Precomp Classify train score is: 
0.428382663848
Precomp Classify valid score is: 
0.407244110652
Precomp Classify test  score is: 
0.418162618796
Finished precomp class for LinearSVC

Starting precomp class for LinearSVC
Precomp class [LinearSVC] estimator,pipeline:| preprocessor:log_poly | transfomer: StandardScaler | reducer: RFE  params:
{'reducer__step': 0.1, 'preprocessor__kw_args': {'pw': 4}, 'reducer__n_features_to_select': 66}
Precomp class [LinearSVC] estimator, model params:
{'model__loss': 'squared_hinge', 'model__C': 0.0001}
Precomp Classify train score is: 
0.479915433404
Precomp Classify valid score is: 
0.461667402632
Precomp Classify test  score is: 
0.47096092925
Finished precomp class for LinearSVC

Starting precomp class for LinearSVC
Precomp class [LinearSVC] estimator,pipeline:| preprocessor:log_poly | transfomer: StandardScaler | reducer: RFE  params:
{'reducer__step': 0.1, 'preprocessor__kw_args': {'pw': 4}, 'reducer__n_features_to_select': 66}
Precomp class [LinearSVC] estimator, model params:
{'model__loss': 'hinge', 'model__C': 1.0}
Precomp Classify train score is: 
0.474894291755
Precomp Classify valid score is: 
0.449786071582
Precomp Classify test  score is: 
0.465681098205
Finished precomp class for LinearSVC

Starting precomp class for LinearSVC
Precomp class [LinearSVC] estimator,pipeline:| preprocessor:log_poly | transfomer: StandardScaler | reducer: RFE  params:
{'reducer__step': 0.1, 'preprocessor__kw_args': {'pw': 4}, 'reducer__n_features_to_select': 66}
Precomp class [LinearSVC] estimator, model params:
{'model__loss': 'squared_hinge', 'model__C': 1.0}
Precomp Classify train score is: 
0.520348837209
Precomp Classify valid score is: 
0.495235372717
Precomp Classify test  score is: 
0.484688489968
Finished precomp class for LinearSVC

Starting precomp class for LinearSVC
Precomp class [LinearSVC] estimator,pipeline:| preprocessor:log_poly | transfomer: StandardScaler | reducer: RFE  params:
{'reducer__step': 0.1, 'preprocessor__kw_args': {'pw': 4}, 'reducer__n_features_to_select': 66}
Precomp class [LinearSVC] estimator, model params:
{'model__loss': 'squared_hinge', 'model__C': 10000.0}
Precomp Classify train score is: 
0.329281183932
Precomp Classify valid score is: 
0.331932007719
Precomp Classify test  score is: 
0.316789862724
Finished precomp class for LinearSVC

Starting precomp class for LinearSVC
Precomp class [LinearSVC] estimator,pipeline:| preprocessor:log_poly | transfomer: StandardScaler | reducer: RFE  params:
{'reducer__step': 0.1, 'preprocessor__kw_args': {'pw': 4}, 'reducer__n_features_to_select': 66}
Precomp class [LinearSVC] estimator, model params:
{'model__loss': 'hinge', 'model__C': 10000.0}
Precomp Classify train score is: 
0.323467230444
Precomp Classify valid score is: 
0.336413060375
Precomp Classify test  score is: 
0.309398099261
Finished precomp class for LinearSVC
####################################################################################
################# Runing the itteration 12  of class precomp     ###############
####################################################################################
{'model__max_iter': [50, 100], 'model__C': array([  1.00000000e-04,   1.00000000e+00,   1.00000000e+04]), 'model__solver': ['newton-cg', 'lbfgs', 'liblinear', 'sag']}

Starting precomp class for LogisticRegression
Precomp class [LogisticRegression] estimator,pipeline:| preprocessor:log_poly | transfomer: StandardScaler | reducer: RFE  params:
{'reducer__step': 0.1, 'preprocessor__kw_args': {'pw': 4}, 'reducer__n_features_to_select': 66}
Precomp class [LogisticRegression] estimator, model params:
{'model__max_iter': 50, 'model__C': 0.0001, 'model__solver': 'lbfgs'}
Precomp Classify train score is: 
0.349101479915
Precomp Classify valid score is: 
0.348309033855
Precomp Classify test  score is: 
0.370644139388
Finished precomp class for LogisticRegression

Starting precomp class for LogisticRegression
Precomp class [LogisticRegression] estimator,pipeline:| preprocessor:log_poly | transfomer: StandardScaler | reducer: RFE  params:
{'reducer__step': 0.1, 'preprocessor__kw_args': {'pw': 4}, 'reducer__n_features_to_select': 66}
Precomp class [LogisticRegression] estimator, model params:
{'model__max_iter': 50, 'model__C': 0.0001, 'model__solver': 'liblinear'}
Precomp Classify train score is: 
0.439217758985
Precomp Classify valid score is: 
0.419918873068
Precomp Classify test  score is: 
0.417106652587
Finished precomp class for LogisticRegression

Starting precomp class for LogisticRegression
Precomp class [LogisticRegression] estimator,pipeline:| preprocessor:log_poly | transfomer: StandardScaler | reducer: RFE  params:
{'reducer__step': 0.1, 'preprocessor__kw_args': {'pw': 4}, 'reducer__n_features_to_select': 66}
Precomp class [LogisticRegression] estimator, model params:
{'model__max_iter': 100, 'model__C': 0.0001, 'model__solver': 'lbfgs'}
Precomp Classify train score is: 
0.349101479915
Precomp Classify valid score is: 
0.348309033855
Precomp Classify test  score is: 
0.370644139388
Finished precomp class for LogisticRegression

Starting precomp class for LogisticRegression
Precomp class [LogisticRegression] estimator,pipeline:| preprocessor:log_poly | transfomer: StandardScaler | reducer: RFE  params:
{'reducer__step': 0.1, 'preprocessor__kw_args': {'pw': 4}, 'reducer__n_features_to_select': 66}
Precomp class [LogisticRegression] estimator, model params:
{'model__max_iter': 100, 'model__C': 0.0001, 'model__solver': 'liblinear'}
Precomp Classify train score is: 
0.439217758985
Precomp Classify valid score is: 
0.419918873068
Precomp Classify test  score is: 
0.417106652587
Finished precomp class for LogisticRegression

Starting precomp class for LogisticRegression
Precomp class [LogisticRegression] estimator,pipeline:| preprocessor:log_poly | transfomer: StandardScaler | reducer: RFE  params:
{'reducer__step': 0.1, 'preprocessor__kw_args': {'pw': 4}, 'reducer__n_features_to_select': 66}
Precomp class [LogisticRegression] estimator, model params:
{'model__max_iter': 50, 'model__C': 0.0001, 'model__solver': 'newton-cg'}
Precomp Classify train score is: 
0.349101479915
Precomp Classify valid score is: 
0.348309033855
Precomp Classify test  score is: 
0.370644139388
Finished precomp class for LogisticRegression

Starting precomp class for LogisticRegression
Precomp class [LogisticRegression] estimator,pipeline:| preprocessor:log_poly | transfomer: StandardScaler | reducer: RFE  params:
{'reducer__step': 0.1, 'preprocessor__kw_args': {'pw': 4}, 'reducer__n_features_to_select': 66}
Precomp class [LogisticRegression] estimator, model params:
{'model__max_iter': 100, 'model__C': 0.0001, 'model__solver': 'newton-cg'}
Precomp Classify train score is: 
0.349101479915
Precomp Classify valid score is: 
0.348309033855
Precomp Classify test  score is: 
0.370644139388
Finished precomp class for LogisticRegression

Starting precomp class for LogisticRegression
Precomp class [LogisticRegression] estimator,pipeline:| preprocessor:log_poly | transfomer: StandardScaler | reducer: RFE  params:
{'reducer__step': 0.1, 'preprocessor__kw_args': {'pw': 4}, 'reducer__n_features_to_select': 66}
Precomp class [LogisticRegression] estimator, model params:
{'model__max_iter': 50, 'model__C': 0.0001, 'model__solver': 'sag'}
Precomp Classify train score is: 
0.349101479915
Precomp Classify valid score is: 
0.348309033855
Precomp Classify test  score is: 
0.370644139388
Finished precomp class for LogisticRegression

Starting precomp class for LogisticRegression
Precomp class [LogisticRegression] estimator,pipeline:| preprocessor:log_poly | transfomer: StandardScaler | reducer: RFE  params:
{'reducer__step': 0.1, 'preprocessor__kw_args': {'pw': 4}, 'reducer__n_features_to_select': 66}
Precomp class [LogisticRegression] estimator, model params:
{'model__max_iter': 50, 'model__C': 1.0, 'model__solver': 'liblinear'}
Precomp Classify train score is: 
0.520348837209
Precomp Classify valid score is: 
0.494458693354
Precomp Classify test  score is: 
0.48257655755
Finished precomp class for LogisticRegression

Starting precomp class for LogisticRegression
Precomp class [LogisticRegression] estimator,pipeline:| preprocessor:log_poly | transfomer: StandardScaler | reducer: RFE  params:
{'reducer__step': 0.1, 'preprocessor__kw_args': {'pw': 4}, 'reducer__n_features_to_select': 66}
Precomp class [LogisticRegression] estimator, model params:
{'model__max_iter': 50, 'model__C': 10000.0, 'model__solver': 'sag'}
Precomp Classify train score is: 
0.510570824524
Precomp Classify valid score is: 
0.491278851621
Precomp Classify test  score is: 
0.487856388596
Finished precomp class for LogisticRegression

Starting precomp class for LogisticRegression
Precomp class [LogisticRegression] estimator,pipeline:| preprocessor:log_poly | transfomer: StandardScaler | reducer: RFE  params:
{'reducer__step': 0.1, 'preprocessor__kw_args': {'pw': 4}, 'reducer__n_features_to_select': 66}
Precomp class [LogisticRegression] estimator, model params:
{'model__max_iter': 50, 'model__C': 1.0, 'model__solver': 'lbfgs'}
Precomp Classify train score is: 
0.51955602537
Precomp Classify valid score is: 
0.493402586252
Precomp Classify test  score is: 
0.480464625132
Finished precomp class for LogisticRegression

Starting precomp class for LogisticRegression
Precomp class [LogisticRegression] estimator,pipeline:| preprocessor:log_poly | transfomer: StandardScaler | reducer: RFE  params:
{'reducer__step': 0.1, 'preprocessor__kw_args': {'pw': 4}, 'reducer__n_features_to_select': 66}
Precomp class [LogisticRegression] estimator, model params:
{'model__max_iter': 100, 'model__C': 1.0, 'model__solver': 'liblinear'}
Precomp Classify train score is: 
0.520348837209
Precomp Classify valid score is: 
0.494458693354
Precomp Classify test  score is: 
0.48257655755
Finished precomp class for LogisticRegression

Starting precomp class for LogisticRegression
Precomp class [LogisticRegression] estimator,pipeline:| preprocessor:log_poly | transfomer: StandardScaler | reducer: RFE  params:
{'reducer__step': 0.1, 'preprocessor__kw_args': {'pw': 4}, 'reducer__n_features_to_select': 66}
Precomp class [LogisticRegression] estimator, model params:
{'model__max_iter': 50, 'model__C': 1.0, 'model__solver': 'sag'}
Precomp Classify train score is: 
0.510306553911
Precomp Classify valid score is: 
0.491014511151
Precomp Classify test  score is: 
0.487856388596
Finished precomp class for LogisticRegression

Starting precomp class for LogisticRegression
Precomp class [LogisticRegression] estimator,pipeline:| preprocessor:log_poly | transfomer: StandardScaler | reducer: RFE  params:
{'reducer__step': 0.1, 'preprocessor__kw_args': {'pw': 4}, 'reducer__n_features_to_select': 66}
Precomp class [LogisticRegression] estimator, model params:
{'model__max_iter': 100, 'model__C': 0.0001, 'model__solver': 'sag'}
Precomp Classify train score is: 
0.349101479915
Precomp Classify valid score is: 
0.348309033855
Precomp Classify test  score is: 
0.370644139388
Finished precomp class for LogisticRegression

Starting precomp class for LogisticRegression
Precomp class [LogisticRegression] estimator,pipeline:| preprocessor:log_poly | transfomer: StandardScaler | reducer: RFE  params:
{'reducer__step': 0.1, 'preprocessor__kw_args': {'pw': 4}, 'reducer__n_features_to_select': 66}
Precomp class [LogisticRegression] estimator, model params:
{'model__max_iter': 50, 'model__C': 10000.0, 'model__solver': 'lbfgs'}
Precomp Classify train score is: 
0.521670190275
Precomp Classify valid score is: 
0.488907948444
Precomp Classify test  score is: 
0.476240760296
Finished precomp class for LogisticRegression

Starting precomp class for LogisticRegression
Precomp class [LogisticRegression] estimator,pipeline:| preprocessor:log_poly | transfomer: StandardScaler | reducer: RFE  params:
{'reducer__step': 0.1, 'preprocessor__kw_args': {'pw': 4}, 'reducer__n_features_to_select': 66}
Precomp class [LogisticRegression] estimator, model params:
{'model__max_iter': 100, 'model__C': 1.0, 'model__solver': 'lbfgs'}
Precomp Classify train score is: 
0.519820295983
Precomp Classify valid score is: 
0.494723453746
Precomp Classify test  score is: 
0.484688489968
Finished precomp class for LogisticRegression

Starting precomp class for LogisticRegression
Precomp class [LogisticRegression] estimator,pipeline:| preprocessor:log_poly | transfomer: StandardScaler | reducer: RFE  params:
{'reducer__step': 0.1, 'preprocessor__kw_args': {'pw': 4}, 'reducer__n_features_to_select': 66}
Precomp class [LogisticRegression] estimator, model params:
{'model__max_iter': 100, 'model__C': 1.0, 'model__solver': 'sag'}
Precomp Classify train score is: 
0.5161205074
Precomp Classify valid score is: 
0.497090177642
Precomp Classify test  score is: 
0.488912354805
Finished precomp class for LogisticRegression

Starting precomp class for LogisticRegression
Precomp class [LogisticRegression] estimator,pipeline:| preprocessor:log_poly | transfomer: StandardScaler | reducer: RFE  params:
{'reducer__step': 0.1, 'preprocessor__kw_args': {'pw': 4}, 'reducer__n_features_to_select': 66}
Precomp class [LogisticRegression] estimator, model params:
{'model__max_iter': 50, 'model__C': 1.0, 'model__solver': 'newton-cg'}
Precomp Classify train score is: 
0.520084566596
Precomp Classify valid score is: 
0.494459740665
Precomp Classify test  score is: 
0.483632523759
Finished precomp class for LogisticRegression

Starting precomp class for LogisticRegression
Precomp class [LogisticRegression] estimator,pipeline:| preprocessor:log_poly | transfomer: StandardScaler | reducer: RFE  params:
{'reducer__step': 0.1, 'preprocessor__kw_args': {'pw': 4}, 'reducer__n_features_to_select': 66}
Precomp class [LogisticRegression] estimator, model params:
{'model__max_iter': 100, 'model__C': 1.0, 'model__solver': 'newton-cg'}
Precomp Classify train score is: 
0.520084566596
Precomp Classify valid score is: 
0.494459740665
Precomp Classify test  score is: 
0.483632523759
Finished precomp class for LogisticRegression

Starting precomp class for LogisticRegression
Precomp class [LogisticRegression] estimator,pipeline:| preprocessor:log_poly | transfomer: StandardScaler | reducer: RFE  params:
{'reducer__step': 0.1, 'preprocessor__kw_args': {'pw': 4}, 'reducer__n_features_to_select': 66}
Precomp class [LogisticRegression] estimator, model params:
{'model__max_iter': 100, 'model__C': 10000.0, 'model__solver': 'lbfgs'}
Precomp Classify train score is: 
0.522198731501
Precomp Classify valid score is: 
0.48917814788
Precomp Classify test  score is: 
0.485744456177
Finished precomp class for LogisticRegression

Starting precomp class for LogisticRegression
Precomp class [LogisticRegression] estimator,pipeline:| preprocessor:log_poly | transfomer: StandardScaler | reducer: RFE  params:
{'reducer__step': 0.1, 'preprocessor__kw_args': {'pw': 4}, 'reducer__n_features_to_select': 66}
Precomp class [LogisticRegression] estimator, model params:
{'model__max_iter': 100, 'model__C': 10000.0, 'model__solver': 'sag'}
Precomp Classify train score is: 
0.516649048626
Precomp Classify valid score is: 
0.497618858583
Precomp Classify test  score is: 
0.488912354805
Finished precomp class for LogisticRegression

Starting precomp class for LogisticRegression
Precomp class [LogisticRegression] estimator,pipeline:| preprocessor:log_poly | transfomer: StandardScaler | reducer: RFE  params:
{'reducer__step': 0.1, 'preprocessor__kw_args': {'pw': 4}, 'reducer__n_features_to_select': 66}
Precomp class [LogisticRegression] estimator, model params:
{'model__max_iter': 100, 'model__C': 10000.0, 'model__solver': 'newton-cg'}
Precomp Classify train score is: 
0.529598308668
Precomp Classify valid score is: 
0.487313729614
Precomp Classify test  score is: 
0.484688489968
Finished precomp class for LogisticRegression

Starting precomp class for LogisticRegression
Precomp class [LogisticRegression] estimator,pipeline:| preprocessor:log_poly | transfomer: StandardScaler | reducer: RFE  params:
{'reducer__step': 0.1, 'preprocessor__kw_args': {'pw': 4}, 'reducer__n_features_to_select': 66}
Precomp class [LogisticRegression] estimator, model params:
{'model__max_iter': 50, 'model__C': 10000.0, 'model__solver': 'liblinear'}
Precomp Classify train score is: 
0.528541226216
Precomp Classify valid score is: 
0.489427618518
Precomp Classify test  score is: 
0.484688489968
Finished precomp class for LogisticRegression

Starting precomp class for LogisticRegression
Precomp class [LogisticRegression] estimator,pipeline:| preprocessor:log_poly | transfomer: StandardScaler | reducer: RFE  params:
{'reducer__step': 0.1, 'preprocessor__kw_args': {'pw': 4}, 'reducer__n_features_to_select': 66}
Precomp class [LogisticRegression] estimator, model params:
{'model__max_iter': 50, 'model__C': 10000.0, 'model__solver': 'newton-cg'}
Precomp Classify train score is: 
0.529598308668
Precomp Classify valid score is: 
0.487313729614
Precomp Classify test  score is: 
0.484688489968
Finished precomp class for LogisticRegression

Starting precomp class for LogisticRegression
Precomp class [LogisticRegression] estimator,pipeline:| preprocessor:log_poly | transfomer: StandardScaler | reducer: RFE  params:
{'reducer__step': 0.1, 'preprocessor__kw_args': {'pw': 4}, 'reducer__n_features_to_select': 66}
Precomp class [LogisticRegression] estimator, model params:
{'model__max_iter': 100, 'model__C': 10000.0, 'model__solver': 'liblinear'}
Precomp Classify train score is: 
0.529598308668
Precomp Classify valid score is: 
0.487050436455
Precomp Classify test  score is: 
0.486800422386
Finished precomp class for LogisticRegression
i have finshed precomputing classification
#########################################
###Finished all estimators for cl: label_gross_7
#########################################
#########################################
#######Printing results for cl: label_gross_7
#########################################
{}
priting simply sorted numbers, grep them to find the best cfg or cl: label_gross_7
[]
