#########################################
###Starting all estimators for cl: label_gross_3
#########################################

LogPol True
n_components
[193, 115, 57]
pw_lst
[{'pw': 1}]
####################################################################################
################# Runing the itteration 1  of pipeline precomp      ###############
####################################################################################
| preprocessor:log_poly | transfomer: StandardScaler | reducer: RFE
{'reducer__step': [0.1], 'preprocessor__kw_args': [{'pw': 1}], 'reducer__n_features_to_select': [193, 115, 57]}
Starting precomp pipline for {'reducer__step': 0.1, 'preprocessor__kw_args': {'pw': 1}, 'reducer__n_features_to_select': 193}
Finished precomp pipline for {'reducer__step': 0.1, 'preprocessor__kw_args': {'pw': 1}, 'reducer__n_features_to_select': 193}
Starting precomp pipline for {'reducer__step': 0.1, 'preprocessor__kw_args': {'pw': 1}, 'reducer__n_features_to_select': 115}
Finished precomp pipline for {'reducer__step': 0.1, 'preprocessor__kw_args': {'pw': 1}, 'reducer__n_features_to_select': 115}
Starting precomp pipline for {'reducer__step': 0.1, 'preprocessor__kw_args': {'pw': 1}, 'reducer__n_features_to_select': 57}
Finished precomp pipline for {'reducer__step': 0.1, 'preprocessor__kw_args': {'pw': 1}, 'reducer__n_features_to_select': 57}

LogPol True
n_components
[203, 121, 60]
pw_lst
[{'pw': 1}, {'pw': 2}]
####################################################################################
################# Runing the itteration 2  of pipeline precomp      ###############
####################################################################################
| preprocessor:log_poly | transfomer: StandardScaler | reducer: RFE
{'reducer__step': [0.1], 'preprocessor__kw_args': [{'pw': 2}], 'reducer__n_features_to_select': [203, 121, 60]}
Starting precomp pipline for {'reducer__step': 0.1, 'preprocessor__kw_args': {'pw': 2}, 'reducer__n_features_to_select': 203}
Finished precomp pipline for {'reducer__step': 0.1, 'preprocessor__kw_args': {'pw': 2}, 'reducer__n_features_to_select': 203}
Starting precomp pipline for {'reducer__step': 0.1, 'preprocessor__kw_args': {'pw': 2}, 'reducer__n_features_to_select': 121}
Finished precomp pipline for {'reducer__step': 0.1, 'preprocessor__kw_args': {'pw': 2}, 'reducer__n_features_to_select': 121}
Starting precomp pipline for {'reducer__step': 0.1, 'preprocessor__kw_args': {'pw': 2}, 'reducer__n_features_to_select': 60}
Finished precomp pipline for {'reducer__step': 0.1, 'preprocessor__kw_args': {'pw': 2}, 'reducer__n_features_to_select': 60}

LogPol True
n_components
[213, 127, 63]
pw_lst
[{'pw': 1}, {'pw': 2}, {'pw': 3}]
####################################################################################
################# Runing the itteration 3  of pipeline precomp      ###############
####################################################################################
| preprocessor:log_poly | transfomer: StandardScaler | reducer: RFE
{'reducer__step': [0.1], 'preprocessor__kw_args': [{'pw': 3}], 'reducer__n_features_to_select': [213, 127, 63]}
Starting precomp pipline for {'reducer__step': 0.1, 'preprocessor__kw_args': {'pw': 3}, 'reducer__n_features_to_select': 213}
Finished precomp pipline for {'reducer__step': 0.1, 'preprocessor__kw_args': {'pw': 3}, 'reducer__n_features_to_select': 213}
Starting precomp pipline for {'reducer__step': 0.1, 'preprocessor__kw_args': {'pw': 3}, 'reducer__n_features_to_select': 127}
Finished precomp pipline for {'reducer__step': 0.1, 'preprocessor__kw_args': {'pw': 3}, 'reducer__n_features_to_select': 127}
Starting precomp pipline for {'reducer__step': 0.1, 'preprocessor__kw_args': {'pw': 3}, 'reducer__n_features_to_select': 63}
Finished precomp pipline for {'reducer__step': 0.1, 'preprocessor__kw_args': {'pw': 3}, 'reducer__n_features_to_select': 63}

LogPol True
n_components
[223, 133, 66]
pw_lst
[{'pw': 1}, {'pw': 2}, {'pw': 3}, {'pw': 4}]
####################################################################################
################# Runing the itteration 4  of pipeline precomp      ###############
####################################################################################
| preprocessor:log_poly | transfomer: StandardScaler | reducer: RFE
{'reducer__step': [0.1], 'preprocessor__kw_args': [{'pw': 4}], 'reducer__n_features_to_select': [223, 133, 66]}
Starting precomp pipline for {'reducer__step': 0.1, 'preprocessor__kw_args': {'pw': 4}, 'reducer__n_features_to_select': 223}
Finished precomp pipline for {'reducer__step': 0.1, 'preprocessor__kw_args': {'pw': 4}, 'reducer__n_features_to_select': 223}
Starting precomp pipline for {'reducer__step': 0.1, 'preprocessor__kw_args': {'pw': 4}, 'reducer__n_features_to_select': 133}
Finished precomp pipline for {'reducer__step': 0.1, 'preprocessor__kw_args': {'pw': 4}, 'reducer__n_features_to_select': 133}
Starting precomp pipline for {'reducer__step': 0.1, 'preprocessor__kw_args': {'pw': 4}, 'reducer__n_features_to_select': 66}
Finished precomp pipline for {'reducer__step': 0.1, 'preprocessor__kw_args': {'pw': 4}, 'reducer__n_features_to_select': 66}
Preclassifying results
Classify score is :0.836945031712
####################################################################################
################# Runing the itteration 5  of the GridSearchCV ####################
####################################################################################
***Starting [BaggingRegressor] estimator run, pipeline: | preprocessor:log_poly | transfomer: StandardScaler | reducer: RFE 
##param_grid##
{}
Fitting 5 folds for each of 1 candidates, totalling 5 fits
[CV]  ................................................................
[CV] ................................................. , total=   1.1s
[CV]  ................................................................
[CV] ................................................. , total=   1.1s
[CV]  ................................................................
[CV] ................................................. , total=   1.1s
[CV]  ................................................................
[CV] ................................................. , total=   1.1s
[CV]  ................................................................
[CV] ................................................. , total=   1.1s
GREP_ME***Results of [BaggingRegressor] estimatorrun are
{'mean_train_score': array([ 0.92403357]), 'std_fit_time': array([ 0.02824112]), 'std_test_score': array([ 0.04146527]), 'std_score_time': array([ 0.00049015]), 'split3_test_score': array([ 0.59129543]), 'params': ({},), 'mean_test_score': array([ 0.57762861]), 'rank_test_score': array([1], dtype=int32), 'split1_train_score': array([ 0.92210866]), 'std_train_score': array([ 0.00437652]), 'mean_fit_time': array([ 1.08308845]), 'mean_score_time': array([ 0.0106513]), 'split4_test_score': array([ 0.60596421]), 'split0_test_score': array([ 0.50012569]), 'split2_test_score': array([ 0.61739495]), 'split2_train_score': array([ 0.92640798]), 'split1_test_score': array([ 0.57340018]), 'split4_train_score': array([ 0.92797085]), 'split3_train_score': array([ 0.92737656]), 'split0_train_score': array([ 0.91630382])}
GREP_ME***Best params of [BaggingRegressor] estimator,pipeline:| preprocessor:log_poly | transfomer: StandardScaler | reducer: RFE  run are
{'reducer__step': 0.1, 'preprocessor__kw_args': {'pw': 3}, 'reducer__n_features_to_select': 213}
GREP_ME***Best score of [BaggingRegressor] estimator, pipeline:| preprocessor:log_poly | transfomer: StandardScaler | reducer: RFE run are
0.577628605326
####################################################################################
################# Runing the itteration 6  of the GridSearchCV ####################
####################################################################################
***Starting [ExtraTreesRegressor] estimator run, pipeline: | preprocessor:log_poly | transfomer: StandardScaler | reducer: RFE 
##param_grid##
{}
Fitting 5 folds for each of 1 candidates, totalling 5 fits
[CV]  ................................................................
[CV] ................................................. , total=   0.7s
[CV]  ................................................................
[CV] ................................................. , total=   0.7s
[CV]  ................................................................
[CV] ................................................. , total=   0.7s
[CV]  ................................................................
[CV] ................................................. , total=   0.8s
GREP_ME***Results of [ExtraTreesRegressor] estimatorrun are
{'mean_train_score': array([ 1.]), 'std_fit_time': array([ 0.0407238]), 'std_test_score': array([ 0.01905492]), 'std_score_time': array([ 0.00125352]), 'split3_test_score': array([ 0.55853579]), 'params': ({},), 'mean_test_score': array([ 0.58192606]), 'rank_test_score': array([1], dtype=int32), 'split1_train_score': array([ 1.]), 'std_train_score': array([ 0.]), 'mean_fit_time': array([ 0.72283082]), 'mean_score_time': array([ 0.00710521]), 'split4_test_score': array([ 0.57723949]), 'split0_test_score': array([ 0.59012106]), 'split2_test_score': array([ 0.61401396]), 'split2_train_score': array([ 1.]), 'split1_test_score': array([ 0.56971384]), 'split4_train_score': array([ 1.]), 'split3_train_score': array([ 1.]), 'split0_train_score': array([ 1.])}
GREP_ME***Best params of [ExtraTreesRegressor] estimator,pipeline:| preprocessor:log_poly | transfomer: StandardScaler | reducer: RFE  run are
{'reducer__step': 0.1, 'preprocessor__kw_args': {'pw': 3}, 'reducer__n_features_to_select': 213}
GREP_ME***Best score of [ExtraTreesRegressor] estimator, pipeline:| preprocessor:log_poly | transfomer: StandardScaler | reducer: RFE run are
0.581926064898
####################################################################################
################# Runing the itteration 7  of the GridSearchCV ####################
####################################################################################
***Starting [GradientBoostingRegressor] estimator run, pipeline: | preprocessor:log_poly | transfomer: StandardScaler | reducer: RFE 
##param_grid##
{}
Fitting 5 folds for each of 1 candidates, totalling 5 fits
[CV]  ................................................................
[CV] ................................................. , total=   1.5s
[CV]  ................................................................
[CV] ................................................. , total=   1.4s
[CV]  ................................................................
[CV] ................................................. , total=   1.4s
[CV]  ................................................................
[CV] ................................................. , total=   1.9s
GREP_ME***Results of [GradientBoostingRegressor] estimatorrun are
{'mean_train_score': array([ 0.79878171]), 'std_fit_time': array([ 0.18204253]), 'std_test_score': array([ 0.03016123]), 'std_score_time': array([ 0.00041441]), 'split3_test_score': array([ 0.60271369]), 'params': ({},), 'mean_test_score': array([ 0.62437078]), 'rank_test_score': array([1], dtype=int32), 'split1_train_score': array([ 0.78851976]), 'std_train_score': array([ 0.00763556]), 'mean_fit_time': array([ 1.51128197]), 'mean_score_time': array([ 0.00581532]), 'split4_test_score': array([ 0.62977499]), 'split0_test_score': array([ 0.68071932]), 'split2_test_score': array([ 0.59839364]), 'split2_train_score': array([ 0.79651424]), 'split1_test_score': array([ 0.6102594]), 'split4_train_score': array([ 0.79639852]), 'split3_train_score': array([ 0.81190313]), 'split0_train_score': array([ 0.80057291])}
GREP_ME***Best params of [GradientBoostingRegressor] estimator,pipeline:| preprocessor:log_poly | transfomer: StandardScaler | reducer: RFE  run are
{'reducer__step': 0.1, 'preprocessor__kw_args': {'pw': 3}, 'reducer__n_features_to_select': 213}
GREP_ME***Best score of [GradientBoostingRegressor] estimator, pipeline:| preprocessor:log_poly | transfomer: StandardScaler | reducer: RFE run are
0.624370780291
Preclassifying results
Classify score is :0.947938689218
####################################################################################
################# Runing the itteration 8  of the GridSearchCV ####################
####################################################################################
***Starting [BaggingRegressor] estimator run, pipeline: | preprocessor:log_poly | transfomer: StandardScaler | reducer: RFE 
##param_grid##
{}
Fitting 5 folds for each of 1 candidates, totalling 5 fits
[CV]  ................................................................
[CV] ................................................. , total=   0.9s
[CV]  ................................................................
[CV] ................................................. , total=   0.9s
[CV]  ................................................................
[CV] ................................................. , total=   0.9s
[CV]  ................................................................
[CV] ................................................. , total=   1.0s
GREP_ME***Results of [BaggingRegressor] estimatorrun are
{'mean_train_score': array([ 0.9427325]), 'std_fit_time': array([ 0.08935322]), 'std_test_score': array([ 0.05306531]), 'std_score_time': array([ 0.00314314]), 'split3_test_score': array([ 0.67887336]), 'params': ({},), 'mean_test_score': array([ 0.64177502]), 'rank_test_score': array([1], dtype=int32), 'split1_train_score': array([ 0.93685953]), 'std_train_score': array([ 0.00351324]), 'mean_fit_time': array([ 0.95596313]), 'mean_score_time': array([ 0.00854454]), 'split4_test_score': array([ 0.64766681]), 'split0_test_score': array([ 0.67498013]), 'split2_test_score': array([ 0.66948448]), 'split2_train_score': array([ 0.94414905]), 'split1_test_score': array([ 0.53787811]), 'split4_train_score': array([ 0.94108639]), 'split3_train_score': array([ 0.94717767]), 'split0_train_score': array([ 0.94438985])}
GREP_ME***Best params of [BaggingRegressor] estimator,pipeline:| preprocessor:log_poly | transfomer: StandardScaler | reducer: RFE  run are
{'reducer__step': 0.1, 'preprocessor__kw_args': {'pw': 4}, 'reducer__n_features_to_select': 66}
GREP_ME***Best score of [BaggingRegressor] estimator, pipeline:| preprocessor:log_poly | transfomer: StandardScaler | reducer: RFE run are
0.641775024508
####################################################################################
################# Runing the itteration 9  of the GridSearchCV ####################
####################################################################################
***Starting [ExtraTreesRegressor] estimator run, pipeline: | preprocessor:log_poly | transfomer: StandardScaler | reducer: RFE 
##param_grid##
{}
Fitting 5 folds for each of 1 candidates, totalling 5 fits
[CV]  ................................................................
[CV] ................................................. , total=   0.4s
[CV]  ................................................................
[CV] ................................................. , total=   0.4s
[CV]  ................................................................
[CV] ................................................. , total=   0.4s
[CV]  ................................................................
[CV] ................................................. , total=   0.6s
[CV]  ................................................................
[CV] ................................................. , total=   0.5s
GREP_ME***Results of [ExtraTreesRegressor] estimatorrun are
{'mean_train_score': array([ 1.]), 'std_fit_time': array([ 0.0737236]), 'std_test_score': array([ 0.02032384]), 'std_score_time': array([ 0.00080072]), 'split3_test_score': array([ 0.63877898]), 'params': ({},), 'mean_test_score': array([ 0.66477516]), 'rank_test_score': array([1], dtype=int32), 'split1_train_score': array([ 1.]), 'std_train_score': array([ 0.]), 'mean_fit_time': array([ 0.45431972]), 'mean_score_time': array([ 0.00553832]), 'split4_test_score': array([ 0.6685122]), 'split0_test_score': array([ 0.64425685]), 'split2_test_score': array([ 0.69057267]), 'split2_train_score': array([ 1.]), 'split1_test_score': array([ 0.68176002]), 'split4_train_score': array([ 1.]), 'split3_train_score': array([ 1.]), 'split0_train_score': array([ 1.])}
GREP_ME***Best params of [ExtraTreesRegressor] estimator,pipeline:| preprocessor:log_poly | transfomer: StandardScaler | reducer: RFE  run are
{'reducer__step': 0.1, 'preprocessor__kw_args': {'pw': 4}, 'reducer__n_features_to_select': 66}
GREP_ME***Best score of [ExtraTreesRegressor] estimator, pipeline:| preprocessor:log_poly | transfomer: StandardScaler | reducer: RFE run are
0.664775159846
####################################################################################
################# Runing the itteration 10  of the GridSearchCV ####################
####################################################################################
***Starting [GradientBoostingRegressor] estimator run, pipeline: | preprocessor:log_poly | transfomer: StandardScaler | reducer: RFE 
##param_grid##
{}
Fitting 5 folds for each of 1 candidates, totalling 5 fits
[CV]  ................................................................
[CV] ................................................. , total=   0.8s
[CV]  ................................................................
[CV] ................................................. , total=   0.8s
[CV]  ................................................................
[CV] ................................................. , total=   0.8s
[CV]  ................................................................
[CV] ................................................. , total=   0.8s
GREP_ME***Results of [GradientBoostingRegressor] estimatorrun are
{'mean_train_score': array([ 0.85136962]), 'std_fit_time': array([ 0.02390022]), 'std_test_score': array([ 0.02305424]), 'std_score_time': array([ 0.00031638]), 'split3_test_score': array([ 0.70796694]), 'params': ({},), 'mean_test_score': array([ 0.6831449]), 'rank_test_score': array([1], dtype=int32), 'split1_train_score': array([ 0.8483955]), 'std_train_score': array([ 0.00397122]), 'mean_fit_time': array([ 0.80450382]), 'mean_score_time': array([ 0.00299082]), 'split4_test_score': array([ 0.64509879]), 'split0_test_score': array([ 0.69369285]), 'split2_test_score': array([ 0.69995544]), 'split2_train_score': array([ 0.85565381]), 'split1_test_score': array([ 0.66896021]), 'split4_train_score': array([ 0.84550242]), 'split3_train_score': array([ 0.85549823]), 'split0_train_score': array([ 0.85179816])}
GREP_ME***Best params of [GradientBoostingRegressor] estimator,pipeline:| preprocessor:log_poly | transfomer: StandardScaler | reducer: RFE  run are
{'reducer__step': 0.1, 'preprocessor__kw_args': {'pw': 4}, 'reducer__n_features_to_select': 66}
GREP_ME***Best score of [GradientBoostingRegressor] estimator, pipeline:| preprocessor:log_poly | transfomer: StandardScaler | reducer: RFE run are
0.683144898711
Preclassifying results
Classify score is :0.844873150106
####################################################################################
################# Runing the itteration 11  of the GridSearchCV ####################
####################################################################################
***Starting [BaggingRegressor] estimator run, pipeline: | preprocessor:log_poly | transfomer: StandardScaler | reducer: RFE 
##param_grid##
{}
Fitting 5 folds for each of 1 candidates, totalling 5 fits
[CV]  ................................................................
[CV] ................................................. , total=   1.2s
[CV]  ................................................................
[CV] ................................................. , total=   1.2s
[CV]  ................................................................
[CV] ................................................. , total=   1.3s
[CV]  ................................................................
[CV] ................................................. , total=   1.3s
GREP_ME***Results of [BaggingRegressor] estimatorrun are
{'mean_train_score': array([ 0.92411262]), 'std_fit_time': array([ 0.08297739]), 'std_test_score': array([ 0.0291713]), 'std_score_time': array([ 0.00145375]), 'split3_test_score': array([ 0.62739706]), 'params': ({},), 'mean_test_score': array([ 0.6187365]), 'rank_test_score': array([1], dtype=int32), 'split1_train_score': array([ 0.91847989]), 'std_train_score': array([ 0.01008433]), 'mean_fit_time': array([ 1.26926246]), 'mean_score_time': array([ 0.01225047]), 'split4_test_score': array([ 0.62785326]), 'split0_test_score': array([ 0.56881548]), 'split2_test_score': array([ 0.65812301]), 'split2_train_score': array([ 0.91192039]), 'split1_test_score': array([ 0.61150575]), 'split4_train_score': array([ 0.94079547]), 'split3_train_score': array([ 0.92963953]), 'split0_train_score': array([ 0.91972783])}
GREP_ME***Best params of [BaggingRegressor] estimator,pipeline:| preprocessor:log_poly | transfomer: StandardScaler | reducer: RFE  run are
{'reducer__step': 0.1, 'preprocessor__kw_args': {'pw': 4}, 'reducer__n_features_to_select': 223}
GREP_ME***Best score of [BaggingRegressor] estimator, pipeline:| preprocessor:log_poly | transfomer: StandardScaler | reducer: RFE run are
0.618736501908
####################################################################################
################# Runing the itteration 12  of the GridSearchCV ####################
####################################################################################
***Starting [ExtraTreesRegressor] estimator run, pipeline: | preprocessor:log_poly | transfomer: StandardScaler | reducer: RFE 
##param_grid##
{}
Fitting 5 folds for each of 1 candidates, totalling 5 fits
[CV]  ................................................................
[CV] ................................................. , total=   0.8s
[CV]  ................................................................
[CV] ................................................. , total=   0.8s
[CV]  ................................................................
[CV] ................................................. , total=   0.8s
[CV]  ................................................................
[CV] ................................................. , total=   0.8s
[CV]  ................................................................
[CV] ................................................. , total=   0.8s
GREP_ME***Results of [ExtraTreesRegressor] estimatorrun are
{'mean_train_score': array([ 1.]), 'std_fit_time': array([ 0.01211306]), 'std_test_score': array([ 0.03598716]), 'std_score_time': array([ 0.00014963]), 'split3_test_score': array([ 0.59332959]), 'params': ({},), 'mean_test_score': array([ 0.60069331]), 'rank_test_score': array([1], dtype=int32), 'split1_train_score': array([ 1.]), 'std_train_score': array([ 0.]), 'mean_fit_time': array([ 0.77919927]), 'mean_score_time': array([ 0.00669174]), 'split4_test_score': array([ 0.63731783]), 'split0_test_score': array([ 0.53442755]), 'split2_test_score': array([ 0.62027692]), 'split2_train_score': array([ 1.]), 'split1_test_score': array([ 0.61816304]), 'split4_train_score': array([ 1.]), 'split3_train_score': array([ 1.]), 'split0_train_score': array([ 1.])}
GREP_ME***Best params of [ExtraTreesRegressor] estimator,pipeline:| preprocessor:log_poly | transfomer: StandardScaler | reducer: RFE  run are
{'reducer__step': 0.1, 'preprocessor__kw_args': {'pw': 4}, 'reducer__n_features_to_select': 223}
GREP_ME***Best score of [ExtraTreesRegressor] estimator, pipeline:| preprocessor:log_poly | transfomer: StandardScaler | reducer: RFE run are
0.600693311088
####################################################################################
################# Runing the itteration 13  of the GridSearchCV ####################
####################################################################################
***Starting [GradientBoostingRegressor] estimator run, pipeline: | preprocessor:log_poly | transfomer: StandardScaler | reducer: RFE 
##param_grid##
{}
Fitting 5 folds for each of 1 candidates, totalling 5 fits
[CV]  ................................................................
[CV] ................................................. , total=   1.5s
GREP_ME***Results of [GradientBoostingRegressor] estimatorrun are
{'mean_train_score': array([ 0.79728017]), 'std_fit_time': array([ 0.03129233]), 'std_test_score': array([ 0.01204622]), 'std_score_time': array([ 0.00166221]), 'split3_test_score': array([ 0.64981093]), 'params': ({},), 'mean_test_score': array([ 0.64336279]), 'rank_test_score': array([1], dtype=int32), 'split1_train_score': array([ 0.79922133]), 'std_train_score': array([ 0.00703019]), 'mean_fit_time': array([ 1.49963641]), 'mean_score_time': array([ 0.00610247]), 'split4_test_score': array([ 0.64879788]), 'split0_test_score': array([ 0.62039065]), 'split2_test_score': array([ 0.64320976]), 'split2_train_score': array([ 0.80405283]), 'split1_test_score': array([ 0.65461191]), 'split4_train_score': array([ 0.7971477]), 'split3_train_score': array([ 0.78402726]), 'split0_train_score': array([ 0.80195172])}
GREP_ME***Best params of [GradientBoostingRegressor] estimator,pipeline:| preprocessor:log_poly | transfomer: StandardScaler | reducer: RFE  run are
{'reducer__step': 0.1, 'preprocessor__kw_args': {'pw': 4}, 'reducer__n_features_to_select': 223}
GREP_ME***Best score of [GradientBoostingRegressor] estimator, pipeline:| preprocessor:log_poly | transfomer: StandardScaler | reducer: RFE run are
0.643362791373
Preclassifying results
Classify score is :0.912790697674
####################################################################################
################# Runing the itteration 14  of the GridSearchCV ####################
####################################################################################
***Starting [BaggingRegressor] estimator run, pipeline: | preprocessor:log_poly | transfomer: StandardScaler | reducer: RFE 
##param_grid##
{}
Fitting 5 folds for each of 1 candidates, totalling 5 fits
[CV]  ................................................................
[CV] ................................................. , total=   0.6s
[CV]  ................................................................
[CV] ................................................. , total=   0.6s
[CV]  ................................................................
[CV] ................................................. , total=   0.6s
[CV]  ................................................................
[CV] ................................................. , total=   0.6s
[CV]  ................................................................
[CV] ................................................. , total=   0.6s
GREP_ME***Results of [BaggingRegressor] estimatorrun are
{'mean_train_score': array([ 0.93378664]), 'std_fit_time': array([ 0.01703783]), 'std_test_score': array([ 0.08379249]), 'std_score_time': array([ 0.00047993]), 'split3_test_score': array([ 0.55110735]), 'params': ({},), 'mean_test_score': array([ 0.60285468]), 'rank_test_score': array([1], dtype=int32), 'split1_train_score': array([ 0.9415998]), 'std_train_score': array([ 0.00658561]), 'mean_fit_time': array([ 0.62068639]), 'mean_score_time': array([ 0.00592394]), 'split4_test_score': array([ 0.60531468]), 'split0_test_score': array([ 0.6763129]), 'split2_test_score': array([ 0.47517533]), 'split2_train_score': array([ 0.9327485]), 'split1_test_score': array([ 0.7063664]), 'split4_train_score': array([ 0.92302569]), 'split3_train_score': array([ 0.9318435]), 'split0_train_score': array([ 0.93971573])}
GREP_ME***Best params of [BaggingRegressor] estimator,pipeline:| preprocessor:log_poly | transfomer: StandardScaler | reducer: RFE  run are
{'reducer__step': 0.1, 'preprocessor__kw_args': {'pw': 2}, 'reducer__n_features_to_select': 60}
GREP_ME***Best score of [BaggingRegressor] estimator, pipeline:| preprocessor:log_poly | transfomer: StandardScaler | reducer: RFE run are
0.602854680532
####################################################################################
################# Runing the itteration 15  of the GridSearchCV ####################
####################################################################################
***Starting [ExtraTreesRegressor] estimator run, pipeline: | preprocessor:log_poly | transfomer: StandardScaler | reducer: RFE 
##param_grid##
{}
Fitting 5 folds for each of 1 candidates, totalling 5 fits
[CV]  ................................................................
[CV] ................................................. , total=   0.3s
[CV]  ................................................................
[CV] ................................................. , total=   0.3s
[CV]  ................................................................
[CV] ................................................. , total=   0.3s
[CV]  ................................................................
[CV] ................................................. , total=   0.3s
[CV]  ................................................................
[CV] ................................................. , total=   0.3s
GREP_ME***Results of [ExtraTreesRegressor] estimatorrun are
{'mean_train_score': array([ 1.]), 'std_fit_time': array([ 0.01501153]), 'std_test_score': array([ 0.06740115]), 'std_score_time': array([ 0.00033551]), 'split3_test_score': array([ 0.57093779]), 'params': ({},), 'mean_test_score': array([ 0.61370365]), 'rank_test_score': array([1], dtype=int32), 'split1_train_score': array([ 1.]), 'std_train_score': array([ 0.]), 'mean_fit_time': array([ 0.32012305]), 'mean_score_time': array([ 0.00547733]), 'split4_test_score': array([ 0.59890695]), 'split0_test_score': array([ 0.71270351]), 'split2_test_score': array([ 0.52226211]), 'split2_train_score': array([ 1.]), 'split1_test_score': array([ 0.66368836]), 'split4_train_score': array([ 1.]), 'split3_train_score': array([ 1.]), 'split0_train_score': array([ 1.])}
GREP_ME***Best params of [ExtraTreesRegressor] estimator,pipeline:| preprocessor:log_poly | transfomer: StandardScaler | reducer: RFE  run are
{'reducer__step': 0.1, 'preprocessor__kw_args': {'pw': 2}, 'reducer__n_features_to_select': 60}
GREP_ME***Best score of [ExtraTreesRegressor] estimator, pipeline:| preprocessor:log_poly | transfomer: StandardScaler | reducer: RFE run are
0.613703652287
####################################################################################
################# Runing the itteration 16  of the GridSearchCV ####################
####################################################################################
***Starting [GradientBoostingRegressor] estimator run, pipeline: | preprocessor:log_poly | transfomer: StandardScaler | reducer: RFE 
##param_grid##
{}
Fitting 5 folds for each of 1 candidates, totalling 5 fits
[CV]  ................................................................
[CV] ................................................. , total=   0.6s
[CV]  ................................................................
[CV] ................................................. , total=   0.6s
[CV]  ................................................................
[CV] ................................................. , total=   0.6s
[CV]  ................................................................
[CV] ................................................. , total=   0.6s
GREP_ME***Results of [GradientBoostingRegressor] estimatorrun are
{'mean_train_score': array([ 0.8149615]), 'std_fit_time': array([ 0.00787518]), 'std_test_score': array([ 0.08278401]), 'std_score_time': array([  5.74723501e-05]), 'split3_test_score': array([ 0.61115511]), 'params': ({},), 'mean_test_score': array([ 0.65526922]), 'rank_test_score': array([1], dtype=int32), 'split1_train_score': array([ 0.80942333]), 'std_train_score': array([ 0.01492778]), 'mean_fit_time': array([ 0.62775593]), 'mean_score_time': array([ 0.00289526]), 'split4_test_score': array([ 0.64347474]), 'split0_test_score': array([ 0.75707718]), 'split2_test_score': array([ 0.5304467]), 'split2_train_score': array([ 0.83269618]), 'split1_test_score': array([ 0.73417678]), 'split4_train_score': array([ 0.79878028]), 'split3_train_score': array([ 0.83275311]), 'split0_train_score': array([ 0.80115461])}
GREP_ME***Best params of [GradientBoostingRegressor] estimator,pipeline:| preprocessor:log_poly | transfomer: StandardScaler | reducer: RFE  run are
{'reducer__step': 0.1, 'preprocessor__kw_args': {'pw': 2}, 'reducer__n_features_to_select': 60}
GREP_ME***Best score of [GradientBoostingRegressor] estimator, pipeline:| preprocessor:log_poly | transfomer: StandardScaler | reducer: RFE run are
0.655269218323
Preclassifying results
Classify score is :0.809989429175
####################################################################################
################# Runing the itteration 17  of the GridSearchCV ####################
####################################################################################
***Starting [BaggingRegressor] estimator run, pipeline: | preprocessor:log_poly | transfomer: StandardScaler | reducer: RFE 
##param_grid##
{}
Fitting 5 folds for each of 1 candidates, totalling 5 fits
[CV]  ................................................................
[CV] ................................................. , total=   0.6s
[CV]  ................................................................
[CV] ................................................. , total=   0.6s
[CV]  ................................................................
[CV] ................................................. , total=   0.6s
[CV]  ................................................................
[CV] ................................................. , total=   0.6s
[CV]  ................................................................
[CV] ................................................. , total=   0.6s
GREP_ME***Results of [BaggingRegressor] estimatorrun are
{'mean_train_score': array([ 0.91533303]), 'std_fit_time': array([ 0.01684503]), 'std_test_score': array([ 0.06234652]), 'std_score_time': array([ 0.00017291]), 'split3_test_score': array([ 0.51657995]), 'params': ({},), 'mean_test_score': array([ 0.52207063]), 'rank_test_score': array([1], dtype=int32), 'split1_train_score': array([ 0.92094316]), 'std_train_score': array([ 0.00355294]), 'mean_fit_time': array([ 0.59551253]), 'mean_score_time': array([ 0.00679035]), 'split4_test_score': array([ 0.55265047]), 'split0_test_score': array([ 0.40594028]), 'split2_test_score': array([ 0.58800853]), 'split2_train_score': array([ 0.91143014]), 'split1_test_score': array([ 0.54721433]), 'split4_train_score': array([ 0.91749836]), 'split3_train_score': array([ 0.91194354]), 'split0_train_score': array([ 0.91484996])}
GREP_ME***Best params of [BaggingRegressor] estimator,pipeline:| preprocessor:log_poly | transfomer: StandardScaler | reducer: RFE  run are
{'reducer__step': 0.1, 'preprocessor__kw_args': {'pw': 1}, 'reducer__n_features_to_select': 115}
GREP_ME***Best score of [BaggingRegressor] estimator, pipeline:| preprocessor:log_poly | transfomer: StandardScaler | reducer: RFE run are
0.522070631997
####################################################################################
################# Runing the itteration 18  of the GridSearchCV ####################
####################################################################################
***Starting [ExtraTreesRegressor] estimator run, pipeline: | preprocessor:log_poly | transfomer: StandardScaler | reducer: RFE 
##param_grid##
{}
Fitting 5 folds for each of 1 candidates, totalling 5 fits
[CV]  ................................................................
[CV] ................................................. , total=   0.4s
[CV]  ................................................................
[CV] ................................................. , total=   0.4s
[CV]  ................................................................
[CV] ................................................. , total=   0.4s
[CV]  ................................................................
[CV] ................................................. , total=   0.4s
[CV]  ................................................................
[CV] ................................................. , total=   0.4s
GREP_ME***Results of [ExtraTreesRegressor] estimatorrun are
{'mean_train_score': array([ 1.]), 'std_fit_time': array([ 0.00554113]), 'std_test_score': array([ 0.02907702]), 'std_score_time': array([ 0.00018668]), 'split3_test_score': array([ 0.48777399]), 'params': ({},), 'mean_test_score': array([ 0.53465838]), 'rank_test_score': array([1], dtype=int32), 'split1_train_score': array([ 1.]), 'std_train_score': array([ 0.]), 'mean_fit_time': array([ 0.39573689]), 'mean_score_time': array([ 0.00588322]), 'split4_test_score': array([ 0.56550238]), 'split0_test_score': array([ 0.51527738]), 'split2_test_score': array([ 0.54632313]), 'split2_train_score': array([ 1.]), 'split1_test_score': array([ 0.55845578]), 'split4_train_score': array([ 1.]), 'split3_train_score': array([ 1.]), 'split0_train_score': array([ 1.])}
GREP_ME***Best params of [ExtraTreesRegressor] estimator,pipeline:| preprocessor:log_poly | transfomer: StandardScaler | reducer: RFE  run are
{'reducer__step': 0.1, 'preprocessor__kw_args': {'pw': 1}, 'reducer__n_features_to_select': 115}
GREP_ME***Best score of [ExtraTreesRegressor] estimator, pipeline:| preprocessor:log_poly | transfomer: StandardScaler | reducer: RFE run are
0.534658380569
####################################################################################
################# Runing the itteration 19  of the GridSearchCV ####################
####################################################################################
***Starting [GradientBoostingRegressor] estimator run, pipeline: | preprocessor:log_poly | transfomer: StandardScaler | reducer: RFE 
##param_grid##
{}
Fitting 5 folds for each of 1 candidates, totalling 5 fits
[CV]  ................................................................
[CV] ................................................. , total=   0.8s
[CV]  ................................................................
[CV] ................................................. , total=   0.8s
[CV]  ................................................................
[CV] ................................................. , total=   0.8s
[CV]  ................................................................
[CV] ................................................. , total=   0.8s
[CV]  ................................................................
[CV] ................................................. , total=   0.9s
GREP_ME***Results of [GradientBoostingRegressor] estimatorrun are
{'mean_train_score': array([ 0.77351462]), 'std_fit_time': array([ 0.0326919]), 'std_test_score': array([ 0.06546015]), 'std_score_time': array([ 0.00026365]), 'split3_test_score': array([ 0.60674455]), 'params': ({},), 'mean_test_score': array([ 0.60144277]), 'rank_test_score': array([1], dtype=int32), 'split1_train_score': array([ 0.75936924]), 'std_train_score': array([ 0.01336736]), 'mean_fit_time': array([ 0.80479321]), 'mean_score_time': array([ 0.0033308]), 'split4_test_score': array([ 0.66520792]), 'split0_test_score': array([ 0.48549558]), 'split2_test_score': array([ 0.66223573]), 'split2_train_score': array([ 0.76680167]), 'split1_test_score': array([ 0.58761429]), 'split4_train_score': array([ 0.76518292]), 'split3_train_score': array([ 0.77936804]), 'split0_train_score': array([ 0.79685121])}
GREP_ME***Best params of [GradientBoostingRegressor] estimator,pipeline:| preprocessor:log_poly | transfomer: StandardScaler | reducer: RFE  run are
{'reducer__step': 0.1, 'preprocessor__kw_args': {'pw': 1}, 'reducer__n_features_to_select': 115}
GREP_ME***Best score of [GradientBoostingRegressor] estimator, pipeline:| preprocessor:log_poly | transfomer: StandardScaler | reducer: RFE run are
0.601442767118
Preclassifying results
Classify score is :0.853065539112
####################################################################################
################# Runing the itteration 20  of the GridSearchCV ####################
####################################################################################
***Starting [BaggingRegressor] estimator run, pipeline: | preprocessor:log_poly | transfomer: StandardScaler | reducer: RFE 
##param_grid##
{}
Fitting 5 folds for each of 1 candidates, totalling 5 fits
[CV]  ................................................................
[CV] ................................................. , total=   1.0s
[CV]  ................................................................
[CV] ................................................. , total=   1.1s
[CV]  ................................................................
[CV] ................................................. , total=   1.1s
[CV]  ................................................................
[CV] ................................................. , total=   1.1s
GREP_ME***Results of [BaggingRegressor] estimatorrun are
{'mean_train_score': array([ 0.93524352]), 'std_fit_time': array([ 0.04108708]), 'std_test_score': array([ 0.05810623]), 'std_score_time': array([ 0.00024281]), 'split3_test_score': array([ 0.56409947]), 'params': ({},), 'mean_test_score': array([ 0.57108673]), 'rank_test_score': array([1], dtype=int32), 'split1_train_score': array([ 0.94613238]), 'std_train_score': array([ 0.00661366]), 'mean_fit_time': array([ 1.06784735]), 'mean_score_time': array([ 0.00767579]), 'split4_test_score': array([ 0.65786452]), 'split0_test_score': array([ 0.58195364]), 'split2_test_score': array([ 0.57626759]), 'split2_train_score': array([ 0.93439633]), 'split1_test_score': array([ 0.47536306]), 'split4_train_score': array([ 0.92567892]), 'split3_train_score': array([ 0.93302734]), 'split0_train_score': array([ 0.93698262])}
GREP_ME***Best params of [BaggingRegressor] estimator,pipeline:| preprocessor:log_poly | transfomer: StandardScaler | reducer: RFE  run are
{'reducer__step': 0.1, 'preprocessor__kw_args': {'pw': 4}, 'reducer__n_features_to_select': 133}
GREP_ME***Best score of [BaggingRegressor] estimator, pipeline:| preprocessor:log_poly | transfomer: StandardScaler | reducer: RFE run are
0.571086727917
####################################################################################
################# Runing the itteration 21  of the GridSearchCV ####################
####################################################################################
***Starting [ExtraTreesRegressor] estimator run, pipeline: | preprocessor:log_poly | transfomer: StandardScaler | reducer: RFE 
##param_grid##
{}
Fitting 5 folds for each of 1 candidates, totalling 5 fits
[CV]  ................................................................
[CV] ................................................. , total=   0.6s
[CV]  ................................................................
[CV] ................................................. , total=   0.6s
[CV]  ................................................................
[CV] ................................................. , total=   0.6s
[CV]  ................................................................
[CV] ................................................. , total=   0.6s
[CV]  ................................................................
[CV] ................................................. , total=   0.6s
GREP_ME***Results of [ExtraTreesRegressor] estimatorrun are
{'mean_train_score': array([ 1.]), 'std_fit_time': array([ 0.01634332]), 'std_test_score': array([ 0.03389928]), 'std_score_time': array([ 0.00063061]), 'split3_test_score': array([ 0.56591956]), 'params': ({},), 'mean_test_score': array([ 0.58742843]), 'rank_test_score': array([1], dtype=int32), 'split1_train_score': array([ 1.]), 'std_train_score': array([ 0.]), 'mean_fit_time': array([ 0.57518454]), 'mean_score_time': array([ 0.00618806]), 'split4_test_score': array([ 0.63301576]), 'split0_test_score': array([ 0.617194]), 'split2_test_score': array([ 0.5814394]), 'split2_train_score': array([ 1.]), 'split1_test_score': array([ 0.53963367]), 'split4_train_score': array([ 1.]), 'split3_train_score': array([ 1.]), 'split0_train_score': array([ 1.])}
GREP_ME***Best params of [ExtraTreesRegressor] estimator,pipeline:| preprocessor:log_poly | transfomer: StandardScaler | reducer: RFE  run are
{'reducer__step': 0.1, 'preprocessor__kw_args': {'pw': 4}, 'reducer__n_features_to_select': 133}
GREP_ME***Best score of [ExtraTreesRegressor] estimator, pipeline:| preprocessor:log_poly | transfomer: StandardScaler | reducer: RFE run are
0.587428433119
####################################################################################
################# Runing the itteration 22  of the GridSearchCV ####################
####################################################################################
***Starting [GradientBoostingRegressor] estimator run, pipeline: | preprocessor:log_poly | transfomer: StandardScaler | reducer: RFE 
##param_grid##
{}
Fitting 5 folds for each of 1 candidates, totalling 5 fits
[CV]  ................................................................
[CV] ................................................. , total=   1.1s
[CV]  ................................................................
[CV] ................................................. , total=   1.2s
[CV]  ................................................................
[CV] ................................................. , total=   1.2s
GREP_ME***Results of [GradientBoostingRegressor] estimatorrun are
{'mean_train_score': array([ 0.8035747]), 'std_fit_time': array([ 0.01604073]), 'std_test_score': array([ 0.04541974]), 'std_score_time': array([ 0.00123225]), 'split3_test_score': array([ 0.60806213]), 'params': ({},), 'mean_test_score': array([ 0.63802614]), 'rank_test_score': array([1], dtype=int32), 'split1_train_score': array([ 0.81317286]), 'std_train_score': array([ 0.00848524]), 'mean_fit_time': array([ 1.14163866]), 'mean_score_time': array([ 0.00449357]), 'split4_test_score': array([ 0.69827947]), 'split0_test_score': array([ 0.66539834]), 'split2_test_score': array([ 0.65035361]), 'split2_train_score': array([ 0.79681901]), 'split1_test_score': array([ 0.56811672]), 'split4_train_score': array([ 0.80228274]), 'split3_train_score': array([ 0.81327229]), 'split0_train_score': array([ 0.79232658])}
GREP_ME***Best params of [GradientBoostingRegressor] estimator,pipeline:| preprocessor:log_poly | transfomer: StandardScaler | reducer: RFE  run are
{'reducer__step': 0.1, 'preprocessor__kw_args': {'pw': 4}, 'reducer__n_features_to_select': 133}
GREP_ME***Best score of [GradientBoostingRegressor] estimator, pipeline:| preprocessor:log_poly | transfomer: StandardScaler | reducer: RFE run are
0.638026136729
Preclassifying results
Classify score is :0.842758985201
####################################################################################
################# Runing the itteration 23  of the GridSearchCV ####################
####################################################################################
***Starting [BaggingRegressor] estimator run, pipeline: | preprocessor:log_poly | transfomer: StandardScaler | reducer: RFE 
##param_grid##
{}
Fitting 5 folds for each of 1 candidates, totalling 5 fits
[CV]  ................................................................
[CV] ................................................. , total=   0.9s
[CV]  ................................................................
[CV] ................................................. , total=   0.9s
[CV]  ................................................................
[CV] ................................................. , total=   0.9s
[CV]  ................................................................
[CV] ................................................. , total=   0.9s
GREP_ME***Results of [BaggingRegressor] estimatorrun are
{'mean_train_score': array([ 0.92394735]), 'std_fit_time': array([ 0.00801314]), 'std_test_score': array([ 0.05709033]), 'std_score_time': array([ 0.00131742]), 'split3_test_score': array([ 0.47837421]), 'params': ({},), 'mean_test_score': array([ 0.55597514]), 'rank_test_score': array([1], dtype=int32), 'split1_train_score': array([ 0.92620109]), 'std_train_score': array([ 0.00478753]), 'mean_fit_time': array([ 0.92662339]), 'mean_score_time': array([ 0.00891128]), 'split4_test_score': array([ 0.61454296]), 'split0_test_score': array([ 0.62876545]), 'split2_test_score': array([ 0.52187327]), 'split2_train_score': array([ 0.93081128]), 'split1_test_score': array([ 0.53639718]), 'split4_train_score': array([ 0.91964859]), 'split3_train_score': array([ 0.92555779]), 'split0_train_score': array([ 0.917518])}
GREP_ME***Best params of [BaggingRegressor] estimator,pipeline:| preprocessor:log_poly | transfomer: StandardScaler | reducer: RFE  run are
{'reducer__step': 0.1, 'preprocessor__kw_args': {'pw': 3}, 'reducer__n_features_to_select': 127}
GREP_ME***Best score of [BaggingRegressor] estimator, pipeline:| preprocessor:log_poly | transfomer: StandardScaler | reducer: RFE run are
0.555975137144
####################################################################################
################# Runing the itteration 24  of the GridSearchCV ####################
####################################################################################
***Starting [ExtraTreesRegressor] estimator run, pipeline: | preprocessor:log_poly | transfomer: StandardScaler | reducer: RFE 
##param_grid##
{}
Fitting 5 folds for each of 1 candidates, totalling 5 fits
[CV]  ................................................................
[CV] ................................................. , total=   0.5s
[CV]  ................................................................
[CV] ................................................. , total=   0.5s
[CV]  ................................................................
[CV] ................................................. , total=   0.6s
[CV]  ................................................................
[CV] ................................................. , total=   0.6s
[CV]  ................................................................
[CV] ................................................. , total=   0.6s
GREP_ME***Results of [ExtraTreesRegressor] estimatorrun are
{'mean_train_score': array([ 1.]), 'std_fit_time': array([ 0.02070521]), 'std_test_score': array([ 0.05511468]), 'std_score_time': array([  2.80821868e-05]), 'split3_test_score': array([ 0.52245077]), 'params': ({},), 'mean_test_score': array([ 0.56019215]), 'rank_test_score': array([1], dtype=int32), 'split1_train_score': array([ 1.]), 'std_train_score': array([ 0.]), 'mean_fit_time': array([ 0.53512287]), 'mean_score_time': array([ 0.00606732]), 'split4_test_score': array([ 0.62276714]), 'split0_test_score': array([ 0.62828231]), 'split2_test_score': array([ 0.49252007]), 'split2_train_score': array([ 1.]), 'split1_test_score': array([ 0.53502312]), 'split4_train_score': array([ 1.]), 'split3_train_score': array([ 1.]), 'split0_train_score': array([ 1.])}
GREP_ME***Best params of [ExtraTreesRegressor] estimator,pipeline:| preprocessor:log_poly | transfomer: StandardScaler | reducer: RFE  run are
{'reducer__step': 0.1, 'preprocessor__kw_args': {'pw': 3}, 'reducer__n_features_to_select': 127}
GREP_ME***Best score of [ExtraTreesRegressor] estimator, pipeline:| preprocessor:log_poly | transfomer: StandardScaler | reducer: RFE run are
0.560192149367
####################################################################################
################# Runing the itteration 25  of the GridSearchCV ####################
####################################################################################
***Starting [GradientBoostingRegressor] estimator run, pipeline: | preprocessor:log_poly | transfomer: StandardScaler | reducer: RFE 
##param_grid##
{}
Fitting 5 folds for each of 1 candidates, totalling 5 fits
[CV]  ................................................................
[CV] ................................................. , total=   1.0s
[CV]  ................................................................
[CV] ................................................. , total=   1.0s
GREP_ME***Results of [GradientBoostingRegressor] estimatorrun are
{'mean_train_score': array([ 0.7870485]), 'std_fit_time': array([ 0.0147869]), 'std_test_score': array([ 0.03922593]), 'std_score_time': array([ 0.00084562]), 'split3_test_score': array([ 0.56074178]), 'params': ({},), 'mean_test_score': array([ 0.60328107]), 'rank_test_score': array([1], dtype=int32), 'split1_train_score': array([ 0.77369605]), 'std_train_score': array([ 0.00813519]), 'mean_fit_time': array([ 0.99468904]), 'mean_score_time': array([ 0.00507331]), 'split4_test_score': array([ 0.63849984]), 'split0_test_score': array([ 0.65675586]), 'split2_test_score': array([ 0.56124686]), 'split2_train_score': array([ 0.79187139]), 'split1_test_score': array([ 0.59920755]), 'split4_train_score': array([ 0.78289193]), 'split3_train_score': array([ 0.79736727]), 'split0_train_score': array([ 0.78941586])}
GREP_ME***Best params of [GradientBoostingRegressor] estimator,pipeline:| preprocessor:log_poly | transfomer: StandardScaler | reducer: RFE  run are
{'reducer__step': 0.1, 'preprocessor__kw_args': {'pw': 3}, 'reducer__n_features_to_select': 127}
GREP_ME***Best score of [GradientBoostingRegressor] estimator, pipeline:| preprocessor:log_poly | transfomer: StandardScaler | reducer: RFE run are
0.603281072533
Preclassifying results
Classify score is :0.775105708245
####################################################################################
################# Runing the itteration 26  of the GridSearchCV ####################
####################################################################################
***Starting [BaggingRegressor] estimator run, pipeline: | preprocessor:log_poly | transfomer: StandardScaler | reducer: RFE 
##param_grid##
{}
Fitting 5 folds for each of 1 candidates, totalling 5 fits
[CV]  ................................................................
[CV] ................................................. , total=   0.7s
[CV]  ................................................................
[CV] ................................................. , total=   0.7s
[CV]  ................................................................
[CV] ................................................. , total=   0.7s
[CV]  ................................................................
[CV] ................................................. , total=   0.8s
GREP_ME***Results of [BaggingRegressor] estimatorrun are
{'mean_train_score': array([ 0.91962771]), 'std_fit_time': array([ 0.03556237]), 'std_test_score': array([ 0.02837049]), 'std_score_time': array([ 0.00117684]), 'split3_test_score': array([ 0.49691872]), 'params': ({},), 'mean_test_score': array([ 0.52649244]), 'rank_test_score': array([1], dtype=int32), 'split1_train_score': array([ 0.91572966]), 'std_train_score': array([ 0.00538684]), 'mean_fit_time': array([ 0.70664172]), 'mean_score_time': array([ 0.01120286]), 'split4_test_score': array([ 0.56872548]), 'split0_test_score': array([ 0.49562164]), 'split2_test_score': array([ 0.52449889]), 'split2_train_score': array([ 0.91507145]), 'split1_test_score': array([ 0.54675327]), 'split4_train_score': array([ 0.91507981]), 'split3_train_score': array([ 0.92752947]), 'split0_train_score': array([ 0.92472815])}
GREP_ME***Best params of [BaggingRegressor] estimator,pipeline:| preprocessor:log_poly | transfomer: StandardScaler | reducer: RFE  run are
{'reducer__step': 0.1, 'preprocessor__kw_args': {'pw': 1}, 'reducer__n_features_to_select': 193}
GREP_ME***Best score of [BaggingRegressor] estimator, pipeline:| preprocessor:log_poly | transfomer: StandardScaler | reducer: RFE run are
0.52649244196
####################################################################################
################# Runing the itteration 27  of the GridSearchCV ####################
####################################################################################
***Starting [ExtraTreesRegressor] estimator run, pipeline: | preprocessor:log_poly | transfomer: StandardScaler | reducer: RFE 
##param_grid##
{}
Fitting 5 folds for each of 1 candidates, totalling 5 fits
[CV]  ................................................................
[CV] ................................................. , total=   0.6s
[CV]  ................................................................
[CV] ................................................. , total=   0.6s
[CV]  ................................................................
[CV] ................................................. , total=   0.6s
[CV]  ................................................................
[CV] ................................................. , total=   0.6s
[CV]  ................................................................
[CV] ................................................. , total=   0.6s
GREP_ME***Results of [ExtraTreesRegressor] estimatorrun are
{'mean_train_score': array([ 1.]), 'std_fit_time': array([ 0.02345391]), 'std_test_score': array([ 0.07247734]), 'std_score_time': array([ 0.00045075]), 'split3_test_score': array([ 0.42836032]), 'params': ({},), 'mean_test_score': array([ 0.50597277]), 'rank_test_score': array([1], dtype=int32), 'split1_train_score': array([ 1.]), 'std_train_score': array([ 0.]), 'mean_fit_time': array([ 0.58044167]), 'mean_score_time': array([ 0.00735679]), 'split4_test_score': array([ 0.41947005]), 'split0_test_score': array([ 0.52290795]), 'split2_test_score': array([ 0.5506925]), 'split2_train_score': array([ 1.]), 'split1_test_score': array([ 0.60831876]), 'split4_train_score': array([ 1.]), 'split3_train_score': array([ 1.]), 'split0_train_score': array([ 1.])}
GREP_ME***Best params of [ExtraTreesRegressor] estimator,pipeline:| preprocessor:log_poly | transfomer: StandardScaler | reducer: RFE  run are
{'reducer__step': 0.1, 'preprocessor__kw_args': {'pw': 1}, 'reducer__n_features_to_select': 193}
GREP_ME***Best score of [ExtraTreesRegressor] estimator, pipeline:| preprocessor:log_poly | transfomer: StandardScaler | reducer: RFE run are
0.505972770772
####################################################################################
################# Runing the itteration 28  of the GridSearchCV ####################
####################################################################################
***Starting [GradientBoostingRegressor] estimator run, pipeline: | preprocessor:log_poly | transfomer: StandardScaler | reducer: RFE 
##param_grid##
{}
Fitting 5 folds for each of 1 candidates, totalling 5 fits
[CV]  ................................................................
[CV] ................................................. , total=   1.1s
[CV]  ................................................................
[CV] ................................................. , total=   1.1s
[CV]  ................................................................
[CV] ................................................. , total=   1.2s
GREP_ME***Results of [GradientBoostingRegressor] estimatorrun are
{'mean_train_score': array([ 0.76394605]), 'std_fit_time': array([ 0.05884012]), 'std_test_score': array([ 0.04788641]), 'std_score_time': array([ 0.0032684]), 'split3_test_score': array([ 0.48636137]), 'params': ({},), 'mean_test_score': array([ 0.56630608]), 'rank_test_score': array([1], dtype=int32), 'split1_train_score': array([ 0.76260849]), 'std_train_score': array([ 0.00806416]), 'mean_fit_time': array([ 1.18550696]), 'mean_score_time': array([ 0.00730195]), 'split4_test_score': array([ 0.5818076]), 'split0_test_score': array([ 0.54051093]), 'split2_test_score': array([ 0.60462903]), 'split2_train_score': array([ 0.75785328]), 'split1_test_score': array([ 0.61824195]), 'split4_train_score': array([ 0.76998641]), 'split3_train_score': array([ 0.7757943]), 'split0_train_score': array([ 0.75348777])}
GREP_ME***Best params of [GradientBoostingRegressor] estimator,pipeline:| preprocessor:log_poly | transfomer: StandardScaler | reducer: RFE  run are
{'reducer__step': 0.1, 'preprocessor__kw_args': {'pw': 1}, 'reducer__n_features_to_select': 193}
GREP_ME***Best score of [GradientBoostingRegressor] estimator, pipeline:| preprocessor:log_poly | transfomer: StandardScaler | reducer: RFE run are
0.566306081673
Preclassifying results
Classify score is :0.876585623679
####################################################################################
################# Runing the itteration 29  of the GridSearchCV ####################
####################################################################################
***Starting [BaggingRegressor] estimator run, pipeline: | preprocessor:log_poly | transfomer: StandardScaler | reducer: RFE 
##param_grid##
{}
Fitting 5 folds for each of 1 candidates, totalling 5 fits
[CV]  ................................................................
[CV] ................................................. , total=   0.4s
[CV]  ................................................................
[CV] ................................................. , total=   0.4s
GREP_ME***Results of [BaggingRegressor] estimatorrun are
{'mean_train_score': array([ 0.92763003]), 'std_fit_time': array([ 0.02712439]), 'std_test_score': array([ 0.03714456]), 'std_score_time': array([ 0.00039395]), 'split3_test_score': array([ 0.64691302]), 'params': ({},), 'mean_test_score': array([ 0.6319602]), 'rank_test_score': array([1], dtype=int32), 'split1_train_score': array([ 0.93312057]), 'std_train_score': array([ 0.00548711]), 'mean_fit_time': array([ 0.45898209]), 'mean_score_time': array([ 0.00598969]), 'split4_test_score': array([ 0.6875805]), 'split0_test_score': array([ 0.59048466]), 'split2_test_score': array([ 0.59059456]), 'split2_train_score': array([ 0.9289615]), 'split1_test_score': array([ 0.64430175]), 'split4_train_score': array([ 0.92091806]), 'split3_train_score': array([ 0.92151008]), 'split0_train_score': array([ 0.93363992])}
GREP_ME***Best params of [BaggingRegressor] estimator,pipeline:| preprocessor:log_poly | transfomer: StandardScaler | reducer: RFE  run are
{'reducer__step': 0.1, 'preprocessor__kw_args': {'pw': 1}, 'reducer__n_features_to_select': 57}
GREP_ME***Best score of [BaggingRegressor] estimator, pipeline:| preprocessor:log_poly | transfomer: StandardScaler | reducer: RFE run are
0.631960203809
####################################################################################
################# Runing the itteration 30  of the GridSearchCV ####################
####################################################################################
***Starting [ExtraTreesRegressor] estimator run, pipeline: | preprocessor:log_poly | transfomer: StandardScaler | reducer: RFE 
##param_grid##
{}
Fitting 5 folds for each of 1 candidates, totalling 5 fits
[CV]  ................................................................
[CV] ................................................. , total=   0.3s
[CV]  ................................................................
[CV] ................................................. , total=   0.3s
[CV]  ................................................................
[CV] ................................................. , total=   0.2s
[CV]  ................................................................
[CV] ................................................. , total=   0.3s
[CV]  ................................................................
[CV] ................................................. , total=   0.3s
GREP_ME***Results of [ExtraTreesRegressor] estimatorrun are
{'mean_train_score': array([ 1.]), 'std_fit_time': array([ 0.00356125]), 'std_test_score': array([ 0.03701303]), 'std_score_time': array([ 0.00018554]), 'split3_test_score': array([ 0.6621123]), 'params': ({},), 'mean_test_score': array([ 0.62461085]), 'rank_test_score': array([1], dtype=int32), 'split1_train_score': array([ 1.]), 'std_train_score': array([ 0.]), 'mean_fit_time': array([ 0.24990997]), 'mean_score_time': array([ 0.0051332]), 'split4_test_score': array([ 0.67225885]), 'split0_test_score': array([ 0.60324468]), 'split2_test_score': array([ 0.57420795]), 'split2_train_score': array([ 1.]), 'split1_test_score': array([ 0.6112934]), 'split4_train_score': array([ 1.]), 'split3_train_score': array([ 1.]), 'split0_train_score': array([ 1.])}
GREP_ME***Best params of [ExtraTreesRegressor] estimator,pipeline:| preprocessor:log_poly | transfomer: StandardScaler | reducer: RFE  run are
{'reducer__step': 0.1, 'preprocessor__kw_args': {'pw': 1}, 'reducer__n_features_to_select': 57}
GREP_ME***Best score of [ExtraTreesRegressor] estimator, pipeline:| preprocessor:log_poly | transfomer: StandardScaler | reducer: RFE run are
0.624610846767
####################################################################################
################# Runing the itteration 31  of the GridSearchCV ####################
####################################################################################
***Starting [GradientBoostingRegressor] estimator run, pipeline: | preprocessor:log_poly | transfomer: StandardScaler | reducer: RFE 
##param_grid##
{}
Fitting 5 folds for each of 1 candidates, totalling 5 fits
[CV]  ................................................................
[CV] ................................................. , total=   0.5s
[CV]  ................................................................
[CV] ................................................. , total=   0.5s
[CV]  ................................................................
[CV] ................................................. , total=   0.5s
[CV]  ................................................................
[CV] ................................................. , total=   0.5s
GREP_ME***Results of [GradientBoostingRegressor] estimatorrun are
{'mean_train_score': array([ 0.80849381]), 'std_fit_time': array([ 0.01717315]), 'std_test_score': array([ 0.0349602]), 'std_score_time': array([  6.86550465e-05]), 'split3_test_score': array([ 0.66912398]), 'params': ({},), 'mean_test_score': array([ 0.64750237]), 'rank_test_score': array([1], dtype=int32), 'split1_train_score': array([ 0.78563089]), 'std_train_score': array([ 0.01188179]), 'mean_fit_time': array([ 0.50413284]), 'mean_score_time': array([ 0.00287189]), 'split4_test_score': array([ 0.70220837]), 'split0_test_score': array([ 0.60382447]), 'split2_test_score': array([ 0.62085091]), 'split2_train_score': array([ 0.81617505]), 'split1_test_score': array([ 0.64157641]), 'split4_train_score': array([ 0.80823647]), 'split3_train_score': array([ 0.81464466]), 'split0_train_score': array([ 0.817782])}
GREP_ME***Best params of [GradientBoostingRegressor] estimator,pipeline:| preprocessor:log_poly | transfomer: StandardScaler | reducer: RFE  run are
{'reducer__step': 0.1, 'preprocessor__kw_args': {'pw': 1}, 'reducer__n_features_to_select': 57}
GREP_ME***Best score of [GradientBoostingRegressor] estimator, pipeline:| preprocessor:log_poly | transfomer: StandardScaler | reducer: RFE run are
0.647502373178
Preclassifying results
Classify score is :0.830338266385
####################################################################################
################# Runing the itteration 32  of the GridSearchCV ####################
####################################################################################
***Starting [BaggingRegressor] estimator run, pipeline: | preprocessor:log_poly | transfomer: StandardScaler | reducer: RFE 
##param_grid##
{}
Fitting 5 folds for each of 1 candidates, totalling 5 fits
[CV]  ................................................................
[CV] ................................................. , total=   0.7s
[CV]  ................................................................
[CV] ................................................. , total=   0.8s
[CV]  ................................................................
[CV] ................................................. , total=   0.8s
[CV]  ................................................................
[CV] ................................................. , total=   0.8s
[CV]  ................................................................
[CV] ................................................. , total=   0.8s
GREP_ME***Results of [BaggingRegressor] estimatorrun are
{'mean_train_score': array([ 0.91948675]), 'std_fit_time': array([ 0.00814425]), 'std_test_score': array([ 0.02007907]), 'std_score_time': array([ 0.00094169]), 'split3_test_score': array([ 0.54882852]), 'params': ({},), 'mean_test_score': array([ 0.56296654]), 'rank_test_score': array([1], dtype=int32), 'split1_train_score': array([ 0.91341192]), 'std_train_score': array([ 0.00497519]), 'mean_fit_time': array([ 0.75540671]), 'mean_score_time': array([ 0.008532]), 'split4_test_score': array([ 0.60023398]), 'split0_test_score': array([ 0.56628844]), 'split2_test_score': array([ 0.54389899]), 'split2_train_score': array([ 0.91932926]), 'split1_test_score': array([ 0.55563199]), 'split4_train_score': array([ 0.91859651]), 'split3_train_score': array([ 0.92855604]), 'split0_train_score': array([ 0.91754004])}
GREP_ME***Best params of [BaggingRegressor] estimator,pipeline:| preprocessor:log_poly | transfomer: StandardScaler | reducer: RFE  run are
{'reducer__step': 0.1, 'preprocessor__kw_args': {'pw': 2}, 'reducer__n_features_to_select': 121}
GREP_ME***Best score of [BaggingRegressor] estimator, pipeline:| preprocessor:log_poly | transfomer: StandardScaler | reducer: RFE run are
0.56296653569
####################################################################################
################# Runing the itteration 33  of the GridSearchCV ####################
####################################################################################
***Starting [ExtraTreesRegressor] estimator run, pipeline: | preprocessor:log_poly | transfomer: StandardScaler | reducer: RFE 
##param_grid##
{}
Fitting 5 folds for each of 1 candidates, totalling 5 fits
[CV]  ................................................................
[CV] ................................................. , total=   0.4s
[CV]  ................................................................
[CV] ................................................. , total=   0.5s
[CV]  ................................................................
[CV] ................................................. , total=   0.5s
[CV]  ................................................................
[CV] ................................................. , total=   0.5s
[CV]  ................................................................
[CV] ................................................. , total=   0.5s
GREP_ME***Results of [ExtraTreesRegressor] estimatorrun are
{'mean_train_score': array([ 1.]), 'std_fit_time': array([ 0.03102491]), 'std_test_score': array([ 0.06037379]), 'std_score_time': array([ 0.00014402]), 'split3_test_score': array([ 0.53124819]), 'params': ({},), 'mean_test_score': array([ 0.5432989]), 'rank_test_score': array([1], dtype=int32), 'split1_train_score': array([ 1.]), 'std_train_score': array([ 0.]), 'mean_fit_time': array([ 0.47892365]), 'mean_score_time': array([ 0.00588198]), 'split4_test_score': array([ 0.64315774]), 'split0_test_score': array([ 0.53801437]), 'split2_test_score': array([ 0.45365616]), 'split2_train_score': array([ 1.]), 'split1_test_score': array([ 0.55054998]), 'split4_train_score': array([ 1.]), 'split3_train_score': array([ 1.]), 'split0_train_score': array([ 1.])}
GREP_ME***Best params of [ExtraTreesRegressor] estimator,pipeline:| preprocessor:log_poly | transfomer: StandardScaler | reducer: RFE  run are
{'reducer__step': 0.1, 'preprocessor__kw_args': {'pw': 2}, 'reducer__n_features_to_select': 121}
GREP_ME***Best score of [ExtraTreesRegressor] estimator, pipeline:| preprocessor:log_poly | transfomer: StandardScaler | reducer: RFE run are
0.543298904214
####################################################################################
################# Runing the itteration 34  of the GridSearchCV ####################
####################################################################################
***Starting [GradientBoostingRegressor] estimator run, pipeline: | preprocessor:log_poly | transfomer: StandardScaler | reducer: RFE 
##param_grid##
{}
Fitting 5 folds for each of 1 candidates, totalling 5 fits
[CV]  ................................................................
[CV] ................................................. , total=   0.9s
[CV]  ................................................................
[CV] ................................................. , total=   0.9s
[CV]  ................................................................
[CV] ................................................. , total=   0.9s
[CV]  ................................................................
[CV] ................................................. , total=   1.0s
GREP_ME***Results of [GradientBoostingRegressor] estimatorrun are
{'mean_train_score': array([ 0.78737138]), 'std_fit_time': array([ 0.0244097]), 'std_test_score': array([ 0.0476042]), 'std_score_time': array([ 0.00020278]), 'split3_test_score': array([ 0.58243682]), 'params': ({},), 'mean_test_score': array([ 0.57925042]), 'rank_test_score': array([1], dtype=int32), 'split1_train_score': array([ 0.79900693]), 'std_train_score': array([ 0.00967731]), 'mean_fit_time': array([ 0.93275461]), 'mean_score_time': array([ 0.00392981]), 'split4_test_score': array([ 0.63224004]), 'split0_test_score': array([ 0.62255264]), 'split2_test_score': array([ 0.50041401]), 'split2_train_score': array([ 0.77343839]), 'split1_test_score': array([ 0.55867858]), 'split4_train_score': array([ 0.78962206]), 'split3_train_score': array([ 0.79557005]), 'split0_train_score': array([ 0.77921947])}
GREP_ME***Best params of [GradientBoostingRegressor] estimator,pipeline:| preprocessor:log_poly | transfomer: StandardScaler | reducer: RFE  run are
{'reducer__step': 0.1, 'preprocessor__kw_args': {'pw': 2}, 'reducer__n_features_to_select': 121}
GREP_ME***Best score of [GradientBoostingRegressor] estimator, pipeline:| preprocessor:log_poly | transfomer: StandardScaler | reducer: RFE run are
0.579250418228
Preclassifying results
Classify score is :0.824260042283
####################################################################################
################# Runing the itteration 35  of the GridSearchCV ####################
####################################################################################
***Starting [BaggingRegressor] estimator run, pipeline: | preprocessor:log_poly | transfomer: StandardScaler | reducer: RFE 
##param_grid##
{}
Fitting 5 folds for each of 1 candidates, totalling 5 fits
[CV]  ................................................................
[CV] ................................................. , total=   0.9s
[CV]  ................................................................
[CV] ................................................. , total=   0.9s
[CV]  ................................................................
[CV] ................................................. , total=   1.0s
GREP_ME***Results of [BaggingRegressor] estimatorrun are
{'mean_train_score': array([ 0.9237458]), 'std_fit_time': array([ 0.05167456]), 'std_test_score': array([ 0.04262736]), 'std_score_time': array([ 0.00126392]), 'split3_test_score': array([ 0.64886312]), 'params': ({},), 'mean_test_score': array([ 0.58825459]), 'rank_test_score': array([1], dtype=int32), 'split1_train_score': array([ 0.93112238]), 'std_train_score': array([ 0.00440455]), 'mean_fit_time': array([ 0.93802705]), 'mean_score_time': array([ 0.01126103]), 'split4_test_score': array([ 0.576668]), 'split0_test_score': array([ 0.57241132]), 'split2_test_score': array([ 0.61895276]), 'split2_train_score': array([ 0.91991496]), 'split1_test_score': array([ 0.52436246]), 'split4_train_score': array([ 0.92507019]), 'split3_train_score': array([ 0.91863698]), 'split0_train_score': array([ 0.92398448])}
GREP_ME***Best params of [BaggingRegressor] estimator,pipeline:| preprocessor:log_poly | transfomer: StandardScaler | reducer: RFE  run are
{'reducer__step': 0.1, 'preprocessor__kw_args': {'pw': 2}, 'reducer__n_features_to_select': 203}
GREP_ME***Best score of [BaggingRegressor] estimator, pipeline:| preprocessor:log_poly | transfomer: StandardScaler | reducer: RFE run are
0.588254592641
####################################################################################
################# Runing the itteration 36  of the GridSearchCV ####################
####################################################################################
***Starting [ExtraTreesRegressor] estimator run, pipeline: | preprocessor:log_poly | transfomer: StandardScaler | reducer: RFE 
##param_grid##
{}
Fitting 5 folds for each of 1 candidates, totalling 5 fits
[CV]  ................................................................
[CV] ................................................. , total=   0.6s
[CV]  ................................................................
[CV] ................................................. , total=   0.6s
[CV]  ................................................................
[CV] ................................................. , total=   0.7s
[CV]  ................................................................
[CV] ................................................. , total=   0.7s
[CV]  ................................................................
[CV] ................................................. , total=   0.7s
GREP_ME***Results of [ExtraTreesRegressor] estimatorrun are
{'mean_train_score': array([ 1.]), 'std_fit_time': array([ 0.0225193]), 'std_test_score': array([ 0.04262816]), 'std_score_time': array([ 0.00022378]), 'split3_test_score': array([ 0.62785028]), 'params': ({},), 'mean_test_score': array([ 0.57945996]), 'rank_test_score': array([1], dtype=int32), 'split1_train_score': array([ 1.]), 'std_train_score': array([ 0.]), 'mean_fit_time': array([ 0.66050391]), 'mean_score_time': array([ 0.00694742]), 'split4_test_score': array([ 0.54531463]), 'split0_test_score': array([ 0.54779508]), 'split2_test_score': array([ 0.63517825]), 'split2_train_score': array([ 1.]), 'split1_test_score': array([ 0.54111647]), 'split4_train_score': array([ 1.]), 'split3_train_score': array([ 1.]), 'split0_train_score': array([ 1.])}
GREP_ME***Best params of [ExtraTreesRegressor] estimator,pipeline:| preprocessor:log_poly | transfomer: StandardScaler | reducer: RFE  run are
{'reducer__step': 0.1, 'preprocessor__kw_args': {'pw': 2}, 'reducer__n_features_to_select': 203}
GREP_ME***Best score of [ExtraTreesRegressor] estimator, pipeline:| preprocessor:log_poly | transfomer: StandardScaler | reducer: RFE run are
0.579459964984
####################################################################################
################# Runing the itteration 37  of the GridSearchCV ####################
####################################################################################
***Starting [GradientBoostingRegressor] estimator run, pipeline: | preprocessor:log_poly | transfomer: StandardScaler | reducer: RFE 
##param_grid##
{}
Fitting 5 folds for each of 1 candidates, totalling 5 fits
[CV]  ................................................................
[CV] ................................................. , total=   1.3s
[CV]  ................................................................
[CV] ................................................. , total=   1.3s
[CV]  ................................................................
[CV] ................................................. , total=   1.4s
[CV]  ................................................................
[CV] ................................................. , total=   1.4s
GREP_ME***Results of [GradientBoostingRegressor] estimatorrun are
{'mean_train_score': array([ 0.78917545]), 'std_fit_time': array([ 0.06594465]), 'std_test_score': array([ 0.04783784]), 'std_score_time': array([ 0.00150372]), 'split3_test_score': array([ 0.68448817]), 'params': ({},), 'mean_test_score': array([ 0.62598104]), 'rank_test_score': array([1], dtype=int32), 'split1_train_score': array([ 0.78970776]), 'std_train_score': array([ 0.00466607]), 'mean_fit_time': array([ 1.32598376]), 'mean_score_time': array([ 0.00587912]), 'split4_test_score': array([ 0.59415517]), 'split0_test_score': array([ 0.61090767]), 'split2_test_score': array([ 0.67807661]), 'split2_train_score': array([ 0.78735845]), 'split1_test_score': array([ 0.56223556]), 'split4_train_score': array([ 0.79152485]), 'split3_train_score': array([ 0.78160074]), 'split0_train_score': array([ 0.79568545])}
GREP_ME***Best params of [GradientBoostingRegressor] estimator,pipeline:| preprocessor:log_poly | transfomer: StandardScaler | reducer: RFE  run are
{'reducer__step': 0.1, 'preprocessor__kw_args': {'pw': 2}, 'reducer__n_features_to_select': 203}
GREP_ME***Best score of [GradientBoostingRegressor] estimator, pipeline:| preprocessor:log_poly | transfomer: StandardScaler | reducer: RFE run are
0.62598104024
Preclassifying results
Classify score is :0.940010570825
####################################################################################
################# Runing the itteration 38  of the GridSearchCV ####################
####################################################################################
***Starting [BaggingRegressor] estimator run, pipeline: | preprocessor:log_poly | transfomer: StandardScaler | reducer: RFE 
##param_grid##
{}
Fitting 5 folds for each of 1 candidates, totalling 5 fits
[CV]  ................................................................
[CV] ................................................. , total=   0.7s
[CV]  ................................................................
[CV] ................................................. , total=   0.7s
[CV]  ................................................................
[CV] ................................................. , total=   0.7s
[CV]  ................................................................
[CV] ................................................. , total=   0.8s
[CV]  ................................................................
[CV] ................................................. , total=   0.8s
GREP_ME***Results of [BaggingRegressor] estimatorrun are
{'mean_train_score': array([ 0.9399644]), 'std_fit_time': array([ 0.0101016]), 'std_test_score': array([ 0.04284166]), 'std_score_time': array([ 0.00041113]), 'split3_test_score': array([ 0.70515424]), 'params': ({},), 'mean_test_score': array([ 0.69122727]), 'rank_test_score': array([1], dtype=int32), 'split1_train_score': array([ 0.94137094]), 'std_train_score': array([ 0.00508408]), 'mean_fit_time': array([ 0.73634777]), 'mean_score_time': array([ 0.00620594]), 'split4_test_score': array([ 0.74644632]), 'split0_test_score': array([ 0.61585014]), 'split2_test_score': array([ 0.70519497]), 'split2_train_score': array([ 0.93901217]), 'split1_test_score': array([ 0.68356362]), 'split4_train_score': array([ 0.93406901]), 'split3_train_score': array([ 0.93648832]), 'split0_train_score': array([ 0.94888154])}
GREP_ME***Best params of [BaggingRegressor] estimator,pipeline:| preprocessor:log_poly | transfomer: StandardScaler | reducer: RFE  run are
{'reducer__step': 0.1, 'preprocessor__kw_args': {'pw': 3}, 'reducer__n_features_to_select': 63}
GREP_ME***Best score of [BaggingRegressor] estimator, pipeline:| preprocessor:log_poly | transfomer: StandardScaler | reducer: RFE run are
0.691227268759
####################################################################################
################# Runing the itteration 39  of the GridSearchCV ####################
####################################################################################
***Starting [ExtraTreesRegressor] estimator run, pipeline: | preprocessor:log_poly | transfomer: StandardScaler | reducer: RFE 
##param_grid##
{}
Fitting 5 folds for each of 1 candidates, totalling 5 fits
[CV]  ................................................................
[CV] ................................................. , total=   0.3s
[CV]  ................................................................
[CV] ................................................. , total=   0.3s
[CV]  ................................................................
[CV] ................................................. , total=   0.4s
[CV]  ................................................................
[CV] ................................................. , total=   0.4s
[CV]  ................................................................
[CV] ................................................. , total=   0.4s
GREP_ME***Results of [ExtraTreesRegressor] estimatorrun are
{'mean_train_score': array([ 1.]), 'std_fit_time': array([ 0.01628675]), 'std_test_score': array([ 0.04158914]), 'std_score_time': array([ 0.00018224]), 'split3_test_score': array([ 0.69171385]), 'params': ({},), 'mean_test_score': array([ 0.68226514]), 'rank_test_score': array([1], dtype=int32), 'split1_train_score': array([ 1.]), 'std_train_score': array([ 0.]), 'mean_fit_time': array([ 0.35708938]), 'mean_score_time': array([ 0.0051589]), 'split4_test_score': array([ 0.73445669]), 'split0_test_score': array([ 0.6131424]), 'split2_test_score': array([ 0.7087333]), 'split2_train_score': array([ 1.]), 'split1_test_score': array([ 0.66334841]), 'split4_train_score': array([ 1.]), 'split3_train_score': array([ 1.]), 'split0_train_score': array([ 1.])}
GREP_ME***Best params of [ExtraTreesRegressor] estimator,pipeline:| preprocessor:log_poly | transfomer: StandardScaler | reducer: RFE  run are
{'reducer__step': 0.1, 'preprocessor__kw_args': {'pw': 3}, 'reducer__n_features_to_select': 63}
GREP_ME***Best score of [ExtraTreesRegressor] estimator, pipeline:| preprocessor:log_poly | transfomer: StandardScaler | reducer: RFE run are
0.682265138528
####################################################################################
################# Runing the itteration 40  of the GridSearchCV ####################
####################################################################################
***Starting [GradientBoostingRegressor] estimator run, pipeline: | preprocessor:log_poly | transfomer: StandardScaler | reducer: RFE 
##param_grid##
{}
Fitting 5 folds for each of 1 candidates, totalling 5 fits
[CV]  ................................................................
[CV] ................................................. , total=   0.7s
[CV]  ................................................................
[CV] ................................................. , total=   0.7s
[CV]  ................................................................
[CV] ................................................. , total=   0.7s
[CV]  ................................................................
[CV] ................................................. , total=   0.7s
GREP_ME***Results of [GradientBoostingRegressor] estimatorrun are
{'mean_train_score': array([ 0.84748478]), 'std_fit_time': array([ 0.01055293]), 'std_test_score': array([ 0.04371683]), 'std_score_time': array([ 0.00015437]), 'split3_test_score': array([ 0.7018464]), 'params': ({},), 'mean_test_score': array([ 0.70444411]), 'rank_test_score': array([1], dtype=int32), 'split1_train_score': array([ 0.85008891]), 'std_train_score': array([ 0.005138]), 'mean_fit_time': array([ 0.7034699]), 'mean_score_time': array([ 0.00300074]), 'split4_test_score': array([ 0.75363706]), 'split0_test_score': array([ 0.6260023]), 'split2_test_score': array([ 0.73568867]), 'split2_train_score': array([ 0.85162261]), 'split1_test_score': array([ 0.70511111]), 'split4_train_score': array([ 0.84243447]), 'split3_train_score': array([ 0.85300902]), 'split0_train_score': array([ 0.84026888])}
GREP_ME***Best params of [GradientBoostingRegressor] estimator,pipeline:| preprocessor:log_poly | transfomer: StandardScaler | reducer: RFE  run are
{'reducer__step': 0.1, 'preprocessor__kw_args': {'pw': 3}, 'reducer__n_features_to_select': 63}
GREP_ME***Best score of [GradientBoostingRegressor] estimator, pipeline:| preprocessor:log_poly | transfomer: StandardScaler | reducer: RFE run are
0.70444411124
#########################################
###Finished all estimators for cl: label_gross_3
#########################################
#########################################
#######Printing results for cl: label_gross_3
#########################################
{'GradientBoostingRegressor': {'pipe': '| preprocessor:log_poly | transfomer: StandardScaler | reducer: RFE', 'score': 0.70444411124037598, 'best_cfg': {'reducer__step': 0.1, 'preprocessor__kw_args': {'pw': 3}, 'reducer__n_features_to_select': 63}}, 'BaggingRegressor': {'pipe': '| preprocessor:log_poly | transfomer: StandardScaler | reducer: RFE', 'score': 0.69122726875920104, 'best_cfg': {'reducer__step': 0.1, 'preprocessor__kw_args': {'pw': 3}, 'reducer__n_features_to_select': 63}}, 'ExtraTreesRegressor': {'pipe': '| preprocessor:log_poly | transfomer: StandardScaler | reducer: RFE', 'score': 0.68226513852837134, 'best_cfg': {'reducer__step': 0.1, 'preprocessor__kw_args': {'pw': 3}, 'reducer__n_features_to_select': 63}}}
priting simply sorted numbers, grep them to find the best cfg or cl: label_gross_3
[0.68226513852837134, 0.69122726875920104, 0.70444411124037598]
