#########################################
###Starting all estimators for cl: label_gross_10
#########################################

LogPol True
n_components
[193, 115, 57]
pw_lst
[{'pw': 1}]
####################################################################################
################# Runing the itteration 1  of pipeline precomp      ###############
####################################################################################
| preprocessor:log_poly | transfomer: StandardScaler | reducer: RFE
{'reducer__step': [0.1], 'preprocessor__kw_args': [{'pw': 1}], 'reducer__n_features_to_select': [193, 115, 57]}
Starting precomp pipline for {'reducer__step': 0.1, 'preprocessor__kw_args': {'pw': 1}, 'reducer__n_features_to_select': 193}
Finished precomp pipline for {'reducer__step': 0.1, 'preprocessor__kw_args': {'pw': 1}, 'reducer__n_features_to_select': 193}
Starting precomp pipline for {'reducer__step': 0.1, 'preprocessor__kw_args': {'pw': 1}, 'reducer__n_features_to_select': 115}
Finished precomp pipline for {'reducer__step': 0.1, 'preprocessor__kw_args': {'pw': 1}, 'reducer__n_features_to_select': 115}
Starting precomp pipline for {'reducer__step': 0.1, 'preprocessor__kw_args': {'pw': 1}, 'reducer__n_features_to_select': 57}
Finished precomp pipline for {'reducer__step': 0.1, 'preprocessor__kw_args': {'pw': 1}, 'reducer__n_features_to_select': 57}

LogPol True
n_components
[203, 121, 60]
pw_lst
[{'pw': 1}, {'pw': 2}]
####################################################################################
################# Runing the itteration 2  of pipeline precomp      ###############
####################################################################################
| preprocessor:log_poly | transfomer: StandardScaler | reducer: RFE
{'reducer__step': [0.1], 'preprocessor__kw_args': [{'pw': 2}], 'reducer__n_features_to_select': [203, 121, 60]}
Starting precomp pipline for {'reducer__step': 0.1, 'preprocessor__kw_args': {'pw': 2}, 'reducer__n_features_to_select': 203}
Finished precomp pipline for {'reducer__step': 0.1, 'preprocessor__kw_args': {'pw': 2}, 'reducer__n_features_to_select': 203}
Starting precomp pipline for {'reducer__step': 0.1, 'preprocessor__kw_args': {'pw': 2}, 'reducer__n_features_to_select': 121}
Finished precomp pipline for {'reducer__step': 0.1, 'preprocessor__kw_args': {'pw': 2}, 'reducer__n_features_to_select': 121}
Starting precomp pipline for {'reducer__step': 0.1, 'preprocessor__kw_args': {'pw': 2}, 'reducer__n_features_to_select': 60}
Finished precomp pipline for {'reducer__step': 0.1, 'preprocessor__kw_args': {'pw': 2}, 'reducer__n_features_to_select': 60}

LogPol True
n_components
[213, 127, 63]
pw_lst
[{'pw': 1}, {'pw': 2}, {'pw': 3}]
####################################################################################
################# Runing the itteration 3  of pipeline precomp      ###############
####################################################################################
| preprocessor:log_poly | transfomer: StandardScaler | reducer: RFE
{'reducer__step': [0.1], 'preprocessor__kw_args': [{'pw': 3}], 'reducer__n_features_to_select': [213, 127, 63]}
Starting precomp pipline for {'reducer__step': 0.1, 'preprocessor__kw_args': {'pw': 3}, 'reducer__n_features_to_select': 213}
Finished precomp pipline for {'reducer__step': 0.1, 'preprocessor__kw_args': {'pw': 3}, 'reducer__n_features_to_select': 213}
Starting precomp pipline for {'reducer__step': 0.1, 'preprocessor__kw_args': {'pw': 3}, 'reducer__n_features_to_select': 127}
Finished precomp pipline for {'reducer__step': 0.1, 'preprocessor__kw_args': {'pw': 3}, 'reducer__n_features_to_select': 127}
Starting precomp pipline for {'reducer__step': 0.1, 'preprocessor__kw_args': {'pw': 3}, 'reducer__n_features_to_select': 63}
Finished precomp pipline for {'reducer__step': 0.1, 'preprocessor__kw_args': {'pw': 3}, 'reducer__n_features_to_select': 63}

LogPol True
n_components
[223, 133, 66]
pw_lst
[{'pw': 1}, {'pw': 2}, {'pw': 3}, {'pw': 4}]
####################################################################################
################# Runing the itteration 4  of pipeline precomp      ###############
####################################################################################
| preprocessor:log_poly | transfomer: StandardScaler | reducer: RFE
{'reducer__step': [0.1], 'preprocessor__kw_args': [{'pw': 4}], 'reducer__n_features_to_select': [223, 133, 66]}
Starting precomp pipline for {'reducer__step': 0.1, 'preprocessor__kw_args': {'pw': 4}, 'reducer__n_features_to_select': 223}
Finished precomp pipline for {'reducer__step': 0.1, 'preprocessor__kw_args': {'pw': 4}, 'reducer__n_features_to_select': 223}
Starting precomp pipline for {'reducer__step': 0.1, 'preprocessor__kw_args': {'pw': 4}, 'reducer__n_features_to_select': 133}
Finished precomp pipline for {'reducer__step': 0.1, 'preprocessor__kw_args': {'pw': 4}, 'reducer__n_features_to_select': 133}
Starting precomp pipline for {'reducer__step': 0.1, 'preprocessor__kw_args': {'pw': 4}, 'reducer__n_features_to_select': 66}
Finished precomp pipline for {'reducer__step': 0.1, 'preprocessor__kw_args': {'pw': 4}, 'reducer__n_features_to_select': 66}
Preclassifying results
Classify score is :0.661997885835
####################################################################################
################# Runing the itteration 5  of the GridSearchCV ####################
####################################################################################
***Starting [BaggingRegressor] estimator run, pipeline: | preprocessor:log_poly | transfomer: StandardScaler | reducer: RFE 
##param_grid##
{}
Fitting 5 folds for each of 1 candidates, totalling 5 fits
[CV]  ................................................................
[CV] ................................................. , total=   1.1s
[CV]  ................................................................
[CV] ................................................. , total=   1.1s
GREP_ME***Results of [BaggingRegressor] estimatorrun are
{'mean_train_score': array([ 0.95488446]), 'std_fit_time': array([ 0.04039941]), 'std_test_score': array([ 0.04329369]), 'std_score_time': array([ 0.00213098]), 'split3_test_score': array([ 0.63740939]), 'params': ({},), 'mean_test_score': array([ 0.70969054]), 'rank_test_score': array([1], dtype=int32), 'split1_train_score': array([ 0.95383711]), 'std_train_score': array([ 0.00128476]), 'mean_fit_time': array([ 1.1061202]), 'mean_score_time': array([ 0.01235142]), 'split4_test_score': array([ 0.71209319]), 'split0_test_score': array([ 0.69555201]), 'split2_test_score': array([ 0.73739476]), 'split2_train_score': array([ 0.95538635]), 'split1_test_score': array([ 0.76600651]), 'split4_train_score': array([ 0.95568049]), 'split3_train_score': array([ 0.9565254]), 'split0_train_score': array([ 0.95299295])}
GREP_ME***Best params of [BaggingRegressor] estimator,pipeline:| preprocessor:log_poly | transfomer: StandardScaler | reducer: RFE  run are
{'reducer__step': 0.1, 'preprocessor__kw_args': {'pw': 3}, 'reducer__n_features_to_select': 213}
GREP_ME***Best score of [BaggingRegressor] estimator, pipeline:| preprocessor:log_poly | transfomer: StandardScaler | reducer: RFE run are
0.709690536069
####################################################################################
################# Runing the itteration 6  of the GridSearchCV ####################
####################################################################################
***Starting [ExtraTreesRegressor] estimator run, pipeline: | preprocessor:log_poly | transfomer: StandardScaler | reducer: RFE 
##param_grid##
{}
Fitting 5 folds for each of 1 candidates, totalling 5 fits
[CV]  ................................................................
[CV] ................................................. , total=   0.7s
[CV]  ................................................................
[CV] ................................................. , total=   0.6s
[CV]  ................................................................
[CV] ................................................. , total=   0.7s
[CV]  ................................................................
[CV] ................................................. , total=   0.7s
[CV]  ................................................................
[CV] ................................................. , total=   0.7s
GREP_ME***Results of [ExtraTreesRegressor] estimatorrun are
{'mean_train_score': array([ 1.]), 'std_fit_time': array([ 0.02226818]), 'std_test_score': array([ 0.0460319]), 'std_score_time': array([ 0.00057675]), 'split3_test_score': array([ 0.64067744]), 'params': ({},), 'mean_test_score': array([ 0.71547749]), 'rank_test_score': array([1], dtype=int32), 'split1_train_score': array([ 1.]), 'std_train_score': array([ 0.]), 'mean_fit_time': array([ 0.6637372]), 'mean_score_time': array([ 0.00603833]), 'split4_test_score': array([ 0.6933559]), 'split0_test_score': array([ 0.74095043]), 'split2_test_score': array([ 0.72560526]), 'split2_train_score': array([ 1.]), 'split1_test_score': array([ 0.7767692]), 'split4_train_score': array([ 1.]), 'split3_train_score': array([ 1.]), 'split0_train_score': array([ 1.])}
GREP_ME***Best params of [ExtraTreesRegressor] estimator,pipeline:| preprocessor:log_poly | transfomer: StandardScaler | reducer: RFE  run are
{'reducer__step': 0.1, 'preprocessor__kw_args': {'pw': 3}, 'reducer__n_features_to_select': 213}
GREP_ME***Best score of [ExtraTreesRegressor] estimator, pipeline:| preprocessor:log_poly | transfomer: StandardScaler | reducer: RFE run are
0.715477491197
####################################################################################
################# Runing the itteration 7  of the GridSearchCV ####################
####################################################################################
***Starting [GradientBoostingRegressor] estimator run, pipeline: | preprocessor:log_poly | transfomer: StandardScaler | reducer: RFE 
##param_grid##
{}
Fitting 5 folds for each of 1 candidates, totalling 5 fits
[CV]  ................................................................
[CV] ................................................. , total=   1.4s
[CV]  ................................................................
[CV] ................................................. , total=   1.6s
[CV]  ................................................................
[CV] ................................................. , total=   1.5s
GREP_ME***Results of [GradientBoostingRegressor] estimatorrun are
{'mean_train_score': array([ 0.87093589]), 'std_fit_time': array([ 0.07911357]), 'std_test_score': array([ 0.03730496]), 'std_score_time': array([ 0.00225082]), 'split3_test_score': array([ 0.69758596]), 'params': ({},), 'mean_test_score': array([ 0.75488693]), 'rank_test_score': array([1], dtype=int32), 'split1_train_score': array([ 0.87197363]), 'std_train_score': array([ 0.00577191]), 'mean_fit_time': array([ 1.48216581]), 'mean_score_time': array([ 0.0063633]), 'split4_test_score': array([ 0.75943886]), 'split0_test_score': array([ 0.72985447]), 'split2_test_score': array([ 0.79339574]), 'split2_train_score': array([ 0.87295398]), 'split1_test_score': array([ 0.79416563]), 'split4_train_score': array([ 0.87511508]), 'split3_train_score': array([ 0.85964419]), 'split0_train_score': array([ 0.8749926])}
GREP_ME***Best params of [GradientBoostingRegressor] estimator,pipeline:| preprocessor:log_poly | transfomer: StandardScaler | reducer: RFE  run are
{'reducer__step': 0.1, 'preprocessor__kw_args': {'pw': 3}, 'reducer__n_features_to_select': 213}
GREP_ME***Best score of [GradientBoostingRegressor] estimator, pipeline:| preprocessor:log_poly | transfomer: StandardScaler | reducer: RFE run are
0.754886931147
Preclassifying results
Classify score is :0.866807610994
####################################################################################
################# Runing the itteration 8  of the GridSearchCV ####################
####################################################################################
***Starting [BaggingRegressor] estimator run, pipeline: | preprocessor:log_poly | transfomer: StandardScaler | reducer: RFE 
##param_grid##
{}
Fitting 5 folds for each of 1 candidates, totalling 5 fits
[CV]  ................................................................
[CV] ................................................. , total=   0.9s
[CV]  ................................................................
[CV] ................................................. , total=   0.9s
[CV]  ................................................................
[CV] ................................................. , total=   0.9s
[CV]  ................................................................
[CV] ................................................. , total=   0.9s
[CV]  ................................................................
[CV] ................................................. , total=   1.0s
GREP_ME***Results of [BaggingRegressor] estimatorrun are
{'mean_train_score': array([ 0.96125374]), 'std_fit_time': array([ 0.02421727]), 'std_test_score': array([ 0.05798395]), 'std_score_time': array([ 0.00014883]), 'split3_test_score': array([ 0.7004922]), 'params': ({},), 'mean_test_score': array([ 0.78767778]), 'rank_test_score': array([1], dtype=int32), 'split1_train_score': array([ 0.96406418]), 'std_train_score': array([ 0.00477753]), 'mean_fit_time': array([ 0.9088903]), 'mean_score_time': array([ 0.00529828]), 'split4_test_score': array([ 0.83698904]), 'split0_test_score': array([ 0.82624418]), 'split2_test_score': array([ 0.83878887]), 'split2_train_score': array([ 0.96213735]), 'split1_test_score': array([ 0.73593973]), 'split4_train_score': array([ 0.9571038]), 'split3_train_score': array([ 0.96811943]), 'split0_train_score': array([ 0.95484396])}
GREP_ME***Best params of [BaggingRegressor] estimator,pipeline:| preprocessor:log_poly | transfomer: StandardScaler | reducer: RFE  run are
{'reducer__step': 0.1, 'preprocessor__kw_args': {'pw': 4}, 'reducer__n_features_to_select': 66}
GREP_ME***Best score of [BaggingRegressor] estimator, pipeline:| preprocessor:log_poly | transfomer: StandardScaler | reducer: RFE run are
0.787677777598
####################################################################################
################# Runing the itteration 9  of the GridSearchCV ####################
####################################################################################
***Starting [ExtraTreesRegressor] estimator run, pipeline: | preprocessor:log_poly | transfomer: StandardScaler | reducer: RFE 
##param_grid##
{}
Fitting 5 folds for each of 1 candidates, totalling 5 fits
[CV]  ................................................................
[CV] ................................................. , total=   0.4s
[CV]  ................................................................
[CV] ................................................. , total=   0.4s
[CV]  ................................................................
[CV] ................................................. , total=   0.4s
[CV]  ................................................................
[CV] ................................................. , total=   0.4s
[CV]  ................................................................
[CV] ................................................. , total=   0.4s
GREP_ME***Results of [ExtraTreesRegressor] estimatorrun are
{'mean_train_score': array([ 1.]), 'std_fit_time': array([ 0.00820936]), 'std_test_score': array([ 0.03887368]), 'std_score_time': array([ 0.00039688]), 'split3_test_score': array([ 0.73795166]), 'params': ({},), 'mean_test_score': array([ 0.78170488]), 'rank_test_score': array([1], dtype=int32), 'split1_train_score': array([ 1.]), 'std_train_score': array([ 0.]), 'mean_fit_time': array([ 0.37383947]), 'mean_score_time': array([ 0.00513935]), 'split4_test_score': array([ 0.81066299]), 'split0_test_score': array([ 0.80317258]), 'split2_test_score': array([ 0.82485889]), 'split2_train_score': array([ 1.]), 'split1_test_score': array([ 0.73191652]), 'split4_train_score': array([ 1.]), 'split3_train_score': array([ 1.]), 'split0_train_score': array([ 1.])}
GREP_ME***Best params of [ExtraTreesRegressor] estimator,pipeline:| preprocessor:log_poly | transfomer: StandardScaler | reducer: RFE  run are
{'reducer__step': 0.1, 'preprocessor__kw_args': {'pw': 4}, 'reducer__n_features_to_select': 66}
GREP_ME***Best score of [ExtraTreesRegressor] estimator, pipeline:| preprocessor:log_poly | transfomer: StandardScaler | reducer: RFE run are
0.781704876157
####################################################################################
################# Runing the itteration 10  of the GridSearchCV ####################
####################################################################################
***Starting [GradientBoostingRegressor] estimator run, pipeline: | preprocessor:log_poly | transfomer: StandardScaler | reducer: RFE 
##param_grid##
{}
Fitting 5 folds for each of 1 candidates, totalling 5 fits
[CV]  ................................................................
[CV] ................................................. , total=   0.7s
[CV]  ................................................................
[CV] ................................................. , total=   0.7s
[CV]  ................................................................
[CV] ................................................. , total=   0.7s
[CV]  ................................................................
[CV] ................................................. , total=   0.7s
[CV]  ................................................................
[CV] ................................................. , total=   0.7s
GREP_ME***Results of [GradientBoostingRegressor] estimatorrun are
{'mean_train_score': array([ 0.92258961]), 'std_fit_time': array([ 0.00581455]), 'std_test_score': array([ 0.05624362]), 'std_score_time': array([ 0.00011709]), 'split3_test_score': array([ 0.7104058]), 'params': ({},), 'mean_test_score': array([ 0.79058887]), 'rank_test_score': array([1], dtype=int32), 'split1_train_score': array([ 0.93548718]), 'std_train_score': array([ 0.00705489]), 'mean_fit_time': array([ 0.73714838]), 'mean_score_time': array([ 0.00264225]), 'split4_test_score': array([ 0.84211146]), 'split0_test_score': array([ 0.82467807]), 'split2_test_score': array([ 0.84061389]), 'split2_train_score': array([ 0.91687126]), 'split1_test_score': array([ 0.73520319]), 'split4_train_score': array([ 0.9155713]), 'split3_train_score': array([ 0.92198912]), 'split0_train_score': array([ 0.92302919])}
GREP_ME***Best params of [GradientBoostingRegressor] estimator,pipeline:| preprocessor:log_poly | transfomer: StandardScaler | reducer: RFE  run are
{'reducer__step': 0.1, 'preprocessor__kw_args': {'pw': 4}, 'reducer__n_features_to_select': 66}
GREP_ME***Best score of [GradientBoostingRegressor] estimator, pipeline:| preprocessor:log_poly | transfomer: StandardScaler | reducer: RFE run are
0.790588871247
Preclassifying results
Classify score is :0.703488372093
####################################################################################
################# Runing the itteration 11  of the GridSearchCV ####################
####################################################################################
***Starting [BaggingRegressor] estimator run, pipeline: | preprocessor:log_poly | transfomer: StandardScaler | reducer: RFE 
##param_grid##
{}
Fitting 5 folds for each of 1 candidates, totalling 5 fits
[CV]  ................................................................
[CV] ................................................. , total=   1.2s
[CV]  ................................................................
[CV] ................................................. , total=   1.2s
[CV]  ................................................................
[CV] ................................................. , total=   1.3s
[CV]  ................................................................
[CV] ................................................. , total=   1.4s
GREP_ME***Results of [BaggingRegressor] estimatorrun are
{'mean_train_score': array([ 0.95758283]), 'std_fit_time': array([ 0.07749965]), 'std_test_score': array([ 0.0232686]), 'std_score_time': array([ 0.00183818]), 'split3_test_score': array([ 0.74565299]), 'params': ({},), 'mean_test_score': array([ 0.73360091]), 'rank_test_score': array([1], dtype=int32), 'split1_train_score': array([ 0.9617873]), 'std_train_score': array([ 0.00435228]), 'mean_fit_time': array([ 1.26971245]), 'mean_score_time': array([ 0.01321244]), 'split4_test_score': array([ 0.7097869]), 'split0_test_score': array([ 0.76140516]), 'split2_test_score': array([ 0.74893659]), 'split2_train_score': array([ 0.95757041]), 'split1_test_score': array([ 0.70219144]), 'split4_train_score': array([ 0.95311496]), 'split3_train_score': array([ 0.96306089]), 'split0_train_score': array([ 0.9523806])}
GREP_ME***Best params of [BaggingRegressor] estimator,pipeline:| preprocessor:log_poly | transfomer: StandardScaler | reducer: RFE  run are
{'reducer__step': 0.1, 'preprocessor__kw_args': {'pw': 4}, 'reducer__n_features_to_select': 223}
GREP_ME***Best score of [BaggingRegressor] estimator, pipeline:| preprocessor:log_poly | transfomer: StandardScaler | reducer: RFE run are
0.733600908535
####################################################################################
################# Runing the itteration 12  of the GridSearchCV ####################
####################################################################################
***Starting [ExtraTreesRegressor] estimator run, pipeline: | preprocessor:log_poly | transfomer: StandardScaler | reducer: RFE 
##param_grid##
{}
Fitting 5 folds for each of 1 candidates, totalling 5 fits
[CV]  ................................................................
[CV] ................................................. , total=   0.7s
[CV]  ................................................................
[CV] ................................................. , total=   0.7s
[CV]  ................................................................
[CV] ................................................. , total=   0.8s
[CV]  ................................................................
[CV] ................................................. , total=   0.8s
[CV]  ................................................................
[CV] ................................................. , total=   0.8s
GREP_ME***Results of [ExtraTreesRegressor] estimatorrun are
{'mean_train_score': array([ 1.]), 'std_fit_time': array([ 0.0367215]), 'std_test_score': array([ 0.03188742]), 'std_score_time': array([ 0.00039311]), 'split3_test_score': array([ 0.71316621]), 'params': ({},), 'mean_test_score': array([ 0.72271994]), 'rank_test_score': array([1], dtype=int32), 'split1_train_score': array([ 1.]), 'std_train_score': array([ 0.]), 'mean_fit_time': array([ 0.74460564]), 'mean_score_time': array([ 0.00690589]), 'split4_test_score': array([ 0.71322831]), 'split0_test_score': array([ 0.76243843]), 'split2_test_score': array([ 0.75181024]), 'split2_train_score': array([ 1.]), 'split1_test_score': array([ 0.67294399]), 'split4_train_score': array([ 1.]), 'split3_train_score': array([ 1.]), 'split0_train_score': array([ 1.])}
GREP_ME***Best params of [ExtraTreesRegressor] estimator,pipeline:| preprocessor:log_poly | transfomer: StandardScaler | reducer: RFE  run are
{'reducer__step': 0.1, 'preprocessor__kw_args': {'pw': 4}, 'reducer__n_features_to_select': 223}
GREP_ME***Best score of [ExtraTreesRegressor] estimator, pipeline:| preprocessor:log_poly | transfomer: StandardScaler | reducer: RFE run are
0.722719944834
####################################################################################
################# Runing the itteration 13  of the GridSearchCV ####################
####################################################################################
***Starting [GradientBoostingRegressor] estimator run, pipeline: | preprocessor:log_poly | transfomer: StandardScaler | reducer: RFE 
##param_grid##
{}
Fitting 5 folds for each of 1 candidates, totalling 5 fits
[CV]  ................................................................
[CV] ................................................. , total=   1.5s
[CV]  ................................................................
[CV] ................................................. , total=   1.5s
GREP_ME***Results of [GradientBoostingRegressor] estimatorrun are
{'mean_train_score': array([ 0.8834973]), 'std_fit_time': array([ 0.09445056]), 'std_test_score': array([ 0.03088932]), 'std_score_time': array([ 0.00176188]), 'split3_test_score': array([ 0.79354018]), 'params': ({},), 'mean_test_score': array([ 0.77445596]), 'rank_test_score': array([1], dtype=int32), 'split1_train_score': array([ 0.90012535]), 'std_train_score': array([ 0.01035629]), 'mean_fit_time': array([ 1.57796445]), 'mean_score_time': array([ 0.00663543]), 'split4_test_score': array([ 0.76564223]), 'split0_test_score': array([ 0.81442913]), 'split2_test_score': array([ 0.77641198]), 'split2_train_score': array([ 0.88391673]), 'split1_test_score': array([ 0.72224464]), 'split4_train_score': array([ 0.86739933]), 'split3_train_score': array([ 0.88301087]), 'split0_train_score': array([ 0.8830342])}
GREP_ME***Best params of [GradientBoostingRegressor] estimator,pipeline:| preprocessor:log_poly | transfomer: StandardScaler | reducer: RFE  run are
{'reducer__step': 0.1, 'preprocessor__kw_args': {'pw': 4}, 'reducer__n_features_to_select': 223}
GREP_ME***Best score of [GradientBoostingRegressor] estimator, pipeline:| preprocessor:log_poly | transfomer: StandardScaler | reducer: RFE run are
0.774455959666
Preclassifying results
Classify score is :0.857822410148
####################################################################################
################# Runing the itteration 14  of the GridSearchCV ####################
####################################################################################
***Starting [BaggingRegressor] estimator run, pipeline: | preprocessor:log_poly | transfomer: StandardScaler | reducer: RFE 
##param_grid##
{}
Fitting 5 folds for each of 1 candidates, totalling 5 fits
[CV]  ................................................................
[CV] ................................................. , total=   0.6s
[CV]  ................................................................
[CV] ................................................. , total=   0.6s
[CV]  ................................................................
[CV] ................................................. , total=   0.8s
[CV]  ................................................................
[CV] ................................................. , total=   0.8s
[CV]  ................................................................
[CV] ................................................. , total=   0.8s
GREP_ME***Results of [BaggingRegressor] estimatorrun are
{'mean_train_score': array([ 0.9656452]), 'std_fit_time': array([ 0.07701824]), 'std_test_score': array([ 0.05554196]), 'std_score_time': array([ 0.00086808]), 'split3_test_score': array([ 0.80392057]), 'params': ({},), 'mean_test_score': array([ 0.76273179]), 'rank_test_score': array([1], dtype=int32), 'split1_train_score': array([ 0.96606596]), 'std_train_score': array([ 0.00183221]), 'mean_fit_time': array([ 0.71914296]), 'mean_score_time': array([ 0.00631928]), 'split4_test_score': array([ 0.7932952]), 'split0_test_score': array([ 0.6983255]), 'split2_test_score': array([ 0.69344287]), 'split2_train_score': array([ 0.96716569]), 'split1_test_score': array([ 0.8247152]), 'split4_train_score': array([ 0.96285992]), 'split3_train_score': array([ 0.9643091]), 'split0_train_score': array([ 0.96782535])}
GREP_ME***Best params of [BaggingRegressor] estimator,pipeline:| preprocessor:log_poly | transfomer: StandardScaler | reducer: RFE  run are
{'reducer__step': 0.1, 'preprocessor__kw_args': {'pw': 2}, 'reducer__n_features_to_select': 60}
GREP_ME***Best score of [BaggingRegressor] estimator, pipeline:| preprocessor:log_poly | transfomer: StandardScaler | reducer: RFE run are
0.762731792439
####################################################################################
################# Runing the itteration 15  of the GridSearchCV ####################
####################################################################################
***Starting [ExtraTreesRegressor] estimator run, pipeline: | preprocessor:log_poly | transfomer: StandardScaler | reducer: RFE 
##param_grid##
{}
Fitting 5 folds for each of 1 candidates, totalling 5 fits
[CV]  ................................................................
[CV] ................................................. , total=   0.3s
[CV]  ................................................................
[CV] ................................................. , total=   0.3s
[CV]  ................................................................
[CV] ................................................. , total=   0.4s
[CV]  ................................................................
[CV] ................................................. , total=   0.4s
[CV]  ................................................................
[CV] ................................................. , total=   0.4s
GREP_ME***Results of [ExtraTreesRegressor] estimatorrun are
{'mean_train_score': array([ 1.]), 'std_fit_time': array([ 0.01667884]), 'std_test_score': array([ 0.05002777]), 'std_score_time': array([ 0.00013732]), 'split3_test_score': array([ 0.82986896]), 'params': ({},), 'mean_test_score': array([ 0.77571748]), 'rank_test_score': array([1], dtype=int32), 'split1_train_score': array([ 1.]), 'std_train_score': array([ 0.]), 'mean_fit_time': array([ 0.35234747]), 'mean_score_time': array([ 0.00537858]), 'split4_test_score': array([ 0.75745937]), 'split0_test_score': array([ 0.75030329]), 'split2_test_score': array([ 0.70510439]), 'split2_train_score': array([ 1.]), 'split1_test_score': array([ 0.83582729]), 'split4_train_score': array([ 1.]), 'split3_train_score': array([ 1.]), 'split0_train_score': array([ 1.])}
GREP_ME***Best params of [ExtraTreesRegressor] estimator,pipeline:| preprocessor:log_poly | transfomer: StandardScaler | reducer: RFE  run are
{'reducer__step': 0.1, 'preprocessor__kw_args': {'pw': 2}, 'reducer__n_features_to_select': 60}
GREP_ME***Best score of [ExtraTreesRegressor] estimator, pipeline:| preprocessor:log_poly | transfomer: StandardScaler | reducer: RFE run are
0.775717484086
####################################################################################
################# Runing the itteration 16  of the GridSearchCV ####################
####################################################################################
***Starting [GradientBoostingRegressor] estimator run, pipeline: | preprocessor:log_poly | transfomer: StandardScaler | reducer: RFE 
##param_grid##
{}
Fitting 5 folds for each of 1 candidates, totalling 5 fits
[CV]  ................................................................
[CV] ................................................. , total=   0.6s
[CV]  ................................................................
[CV] ................................................. , total=   0.6s
[CV]  ................................................................
[CV] ................................................. , total=   0.6s
[CV]  ................................................................
[CV] ................................................. , total=   0.6s
[CV]  ................................................................
[CV] ................................................. , total=   0.7s
GREP_ME***Results of [GradientBoostingRegressor] estimatorrun are
{'mean_train_score': array([ 0.92178355]), 'std_fit_time': array([ 0.03066316]), 'std_test_score': array([ 0.04317342]), 'std_score_time': array([ 0.00012063]), 'split3_test_score': array([ 0.82359405]), 'params': ({},), 'mean_test_score': array([ 0.80601186]), 'rank_test_score': array([1], dtype=int32), 'split1_train_score': array([ 0.9231901]), 'std_train_score': array([ 0.00145962]), 'mean_fit_time': array([ 0.61693673]), 'mean_score_time': array([ 0.00279074]), 'split4_test_score': array([ 0.84628166]), 'split0_test_score': array([ 0.79327512]), 'split2_test_score': array([ 0.72775341]), 'split2_train_score': array([ 0.92389464]), 'split1_test_score': array([ 0.83920826]), 'split4_train_score': array([ 0.92069075]), 'split3_train_score': array([ 0.92036712]), 'split0_train_score': array([ 0.92077515])}
GREP_ME***Best params of [GradientBoostingRegressor] estimator,pipeline:| preprocessor:log_poly | transfomer: StandardScaler | reducer: RFE  run are
{'reducer__step': 0.1, 'preprocessor__kw_args': {'pw': 2}, 'reducer__n_features_to_select': 60}
GREP_ME***Best score of [GradientBoostingRegressor] estimator, pipeline:| preprocessor:log_poly | transfomer: StandardScaler | reducer: RFE run are
0.806011861446
Preclassifying results
Classify score is :0.573467230444
####################################################################################
################# Runing the itteration 17  of the GridSearchCV ####################
####################################################################################
***Starting [BaggingRegressor] estimator run, pipeline: | preprocessor:log_poly | transfomer: StandardScaler | reducer: RFE 
##param_grid##
{}
Fitting 5 folds for each of 1 candidates, totalling 5 fits
[CV]  ................................................................
[CV] ................................................. , total=   0.5s
[CV]  ................................................................
[CV] ................................................. , total=   0.6s
[CV]  ................................................................
[CV] ................................................. , total=   0.6s
[CV]  ................................................................
[CV] ................................................. , total=   0.6s
[CV]  ................................................................
[CV] ................................................. , total=   0.6s
GREP_ME***Results of [BaggingRegressor] estimatorrun are
{'mean_train_score': array([ 0.94979867]), 'std_fit_time': array([ 0.0291333]), 'std_test_score': array([ 0.03440343]), 'std_score_time': array([ 0.00034224]), 'split3_test_score': array([ 0.6965794]), 'params': ({},), 'mean_test_score': array([ 0.68787847]), 'rank_test_score': array([1], dtype=int32), 'split1_train_score': array([ 0.95009663]), 'std_train_score': array([ 0.00173003]), 'mean_fit_time': array([ 0.56971788]), 'mean_score_time': array([ 0.00763383]), 'split4_test_score': array([ 0.71581833]), 'split0_test_score': array([ 0.62878226]), 'split2_test_score': array([ 0.67347518]), 'split2_train_score': array([ 0.95222793]), 'split1_test_score': array([ 0.72477411]), 'split4_train_score': array([ 0.95088694]), 'split3_train_score': array([ 0.94738518]), 'split0_train_score': array([ 0.94839668])}
GREP_ME***Best params of [BaggingRegressor] estimator,pipeline:| preprocessor:log_poly | transfomer: StandardScaler | reducer: RFE  run are
{'reducer__step': 0.1, 'preprocessor__kw_args': {'pw': 1}, 'reducer__n_features_to_select': 115}
GREP_ME***Best score of [BaggingRegressor] estimator, pipeline:| preprocessor:log_poly | transfomer: StandardScaler | reducer: RFE run are
0.687878472282
####################################################################################
################# Runing the itteration 18  of the GridSearchCV ####################
####################################################################################
***Starting [ExtraTreesRegressor] estimator run, pipeline: | preprocessor:log_poly | transfomer: StandardScaler | reducer: RFE 
##param_grid##
{}
Fitting 5 folds for each of 1 candidates, totalling 5 fits
[CV]  ................................................................
[CV] ................................................. , total=   0.4s
[CV]  ................................................................
[CV] ................................................. , total=   0.4s
[CV]  ................................................................
[CV] ................................................. , total=   0.4s
[CV]  ................................................................
[CV] ................................................. , total=   0.4s
[CV]  ................................................................
[CV] ................................................. , total=   0.4s
GREP_ME***Results of [ExtraTreesRegressor] estimatorrun are
{'mean_train_score': array([ 1.]), 'std_fit_time': array([ 0.02186105]), 'std_test_score': array([ 0.02296716]), 'std_score_time': array([ 0.00052539]), 'split3_test_score': array([ 0.6545401]), 'params': ({},), 'mean_test_score': array([ 0.66962675]), 'rank_test_score': array([1], dtype=int32), 'split1_train_score': array([ 1.]), 'std_train_score': array([ 0.]), 'mean_fit_time': array([ 0.39569635]), 'mean_score_time': array([ 0.0067235]), 'split4_test_score': array([ 0.6711305]), 'split0_test_score': array([ 0.64525978]), 'split2_test_score': array([ 0.66522566]), 'split2_train_score': array([ 1.]), 'split1_test_score': array([ 0.71197969]), 'split4_train_score': array([ 1.]), 'split3_train_score': array([ 1.]), 'split0_train_score': array([ 1.])}
GREP_ME***Best params of [ExtraTreesRegressor] estimator,pipeline:| preprocessor:log_poly | transfomer: StandardScaler | reducer: RFE  run are
{'reducer__step': 0.1, 'preprocessor__kw_args': {'pw': 1}, 'reducer__n_features_to_select': 115}
GREP_ME***Best score of [ExtraTreesRegressor] estimator, pipeline:| preprocessor:log_poly | transfomer: StandardScaler | reducer: RFE run are
0.669626749717
####################################################################################
################# Runing the itteration 19  of the GridSearchCV ####################
####################################################################################
***Starting [GradientBoostingRegressor] estimator run, pipeline: | preprocessor:log_poly | transfomer: StandardScaler | reducer: RFE 
##param_grid##
{}
Fitting 5 folds for each of 1 candidates, totalling 5 fits
[CV]  ................................................................
[CV] ................................................. , total=   0.8s
[CV]  ................................................................
[CV] ................................................. , total=   0.8s
[CV]  ................................................................
[CV] ................................................. , total=   0.8s
[CV]  ................................................................
[CV] ................................................. , total=   0.8s
[CV]  ................................................................
[CV] ................................................. , total=   0.8s
GREP_ME***Results of [GradientBoostingRegressor] estimatorrun are
{'mean_train_score': array([ 0.84625485]), 'std_fit_time': array([ 0.03173316]), 'std_test_score': array([ 0.04335585]), 'std_score_time': array([ 0.00027515]), 'split3_test_score': array([ 0.73492711]), 'params': ({},), 'mean_test_score': array([ 0.71657943]), 'rank_test_score': array([1], dtype=int32), 'split1_train_score': array([ 0.84782425]), 'std_train_score': array([ 0.00675241]), 'mean_fit_time': array([ 0.78215446]), 'mean_score_time': array([ 0.00375481]), 'split4_test_score': array([ 0.74313697]), 'split0_test_score': array([ 0.64902571]), 'split2_test_score': array([ 0.68588326]), 'split2_train_score': array([ 0.85344791]), 'split1_test_score': array([ 0.76995916]), 'split4_train_score': array([ 0.83388386]), 'split3_train_score': array([ 0.84539269]), 'split0_train_score': array([ 0.85072553])}
GREP_ME***Best params of [GradientBoostingRegressor] estimator,pipeline:| preprocessor:log_poly | transfomer: StandardScaler | reducer: RFE  run are
{'reducer__step': 0.1, 'preprocessor__kw_args': {'pw': 1}, 'reducer__n_features_to_select': 115}
GREP_ME***Best score of [GradientBoostingRegressor] estimator, pipeline:| preprocessor:log_poly | transfomer: StandardScaler | reducer: RFE run are
0.716579425234
Preclassifying results
Classify score is :0.747621564482
####################################################################################
################# Runing the itteration 20  of the GridSearchCV ####################
####################################################################################
***Starting [BaggingRegressor] estimator run, pipeline: | preprocessor:log_poly | transfomer: StandardScaler | reducer: RFE 
##param_grid##
{}
Fitting 5 folds for each of 1 candidates, totalling 5 fits
[CV]  ................................................................
[CV] ................................................. , total=   1.1s
[CV]  ................................................................
[CV] ................................................. , total=   1.0s
[CV]  ................................................................
[CV] ................................................. , total=   1.1s
[CV]  ................................................................
[CV] ................................................. , total=   1.1s
GREP_ME***Results of [BaggingRegressor] estimatorrun are
{'mean_train_score': array([ 0.96259696]), 'std_fit_time': array([ 0.0275269]), 'std_test_score': array([ 0.03996601]), 'std_score_time': array([ 0.00154958]), 'split3_test_score': array([ 0.8014542]), 'params': ({},), 'mean_test_score': array([ 0.76078065]), 'rank_test_score': array([1], dtype=int32), 'split1_train_score': array([ 0.96215811]), 'std_train_score': array([ 0.00340289]), 'mean_fit_time': array([ 1.06302881]), 'mean_score_time': array([ 0.00948305]), 'split4_test_score': array([ 0.76563054]), 'split0_test_score': array([ 0.77464434]), 'split2_test_score': array([ 0.7777338]), 'split2_train_score': array([ 0.96519257]), 'split1_test_score': array([ 0.68444677]), 'split4_train_score': array([ 0.96018565]), 'split3_train_score': array([ 0.96747406]), 'split0_train_score': array([ 0.9579744])}
GREP_ME***Best params of [BaggingRegressor] estimator,pipeline:| preprocessor:log_poly | transfomer: StandardScaler | reducer: RFE  run are
{'reducer__step': 0.1, 'preprocessor__kw_args': {'pw': 4}, 'reducer__n_features_to_select': 133}
GREP_ME***Best score of [BaggingRegressor] estimator, pipeline:| preprocessor:log_poly | transfomer: StandardScaler | reducer: RFE run are
0.760780647405
####################################################################################
################# Runing the itteration 21  of the GridSearchCV ####################
####################################################################################
***Starting [ExtraTreesRegressor] estimator run, pipeline: | preprocessor:log_poly | transfomer: StandardScaler | reducer: RFE 
##param_grid##
{}
Fitting 5 folds for each of 1 candidates, totalling 5 fits
[CV]  ................................................................
[CV] ................................................. , total=   0.6s
[CV]  ................................................................
[CV] ................................................. , total=   0.6s
[CV]  ................................................................
[CV] ................................................. , total=   0.6s
[CV]  ................................................................
[CV] ................................................. , total=   0.7s
[CV]  ................................................................
[CV] ................................................. , total=   0.7s
GREP_ME***Results of [ExtraTreesRegressor] estimatorrun are
{'mean_train_score': array([ 1.]), 'std_fit_time': array([ 0.04114098]), 'std_test_score': array([ 0.04003339]), 'std_score_time': array([ 0.00025742]), 'split3_test_score': array([ 0.77541814]), 'params': ({},), 'mean_test_score': array([ 0.73845842]), 'rank_test_score': array([1], dtype=int32), 'split1_train_score': array([ 1.]), 'std_train_score': array([ 0.]), 'mean_fit_time': array([ 0.64129901]), 'mean_score_time': array([ 0.00627303]), 'split4_test_score': array([ 0.7810161]), 'split0_test_score': array([ 0.71448566]), 'split2_test_score': array([ 0.74760788]), 'split2_train_score': array([ 1.]), 'split1_test_score': array([ 0.67382056]), 'split4_train_score': array([ 1.]), 'split3_train_score': array([ 1.]), 'split0_train_score': array([ 1.])}
GREP_ME***Best params of [ExtraTreesRegressor] estimator,pipeline:| preprocessor:log_poly | transfomer: StandardScaler | reducer: RFE  run are
{'reducer__step': 0.1, 'preprocessor__kw_args': {'pw': 4}, 'reducer__n_features_to_select': 133}
GREP_ME***Best score of [ExtraTreesRegressor] estimator, pipeline:| preprocessor:log_poly | transfomer: StandardScaler | reducer: RFE run are
0.738458424277
####################################################################################
################# Runing the itteration 22  of the GridSearchCV ####################
####################################################################################
***Starting [GradientBoostingRegressor] estimator run, pipeline: | preprocessor:log_poly | transfomer: StandardScaler | reducer: RFE 
##param_grid##
{}
Fitting 5 folds for each of 1 candidates, totalling 5 fits
[CV]  ................................................................
[CV] ................................................. , total=   1.0s
[CV]  ................................................................
[CV] ................................................. , total=   1.1s
GREP_ME***Results of [GradientBoostingRegressor] estimatorrun are
{'mean_train_score': array([ 0.89872789]), 'std_fit_time': array([ 0.02240844]), 'std_test_score': array([ 0.03842508]), 'std_score_time': array([ 0.00111571]), 'split3_test_score': array([ 0.80537506]), 'params': ({},), 'mean_test_score': array([ 0.77250399]), 'rank_test_score': array([1], dtype=int32), 'split1_train_score': array([ 0.89733964]), 'std_train_score': array([ 0.00322393]), 'mean_fit_time': array([ 1.0769248]), 'mean_score_time': array([ 0.00533128]), 'split4_test_score': array([ 0.76900449]), 'split0_test_score': array([ 0.78875701]), 'split2_test_score': array([ 0.7996022]), 'split2_train_score': array([ 0.90279718]), 'split1_test_score': array([ 0.6997766]), 'split4_train_score': array([ 0.90059432]), 'split3_train_score': array([ 0.89958935]), 'split0_train_score': array([ 0.89331897])}
GREP_ME***Best params of [GradientBoostingRegressor] estimator,pipeline:| preprocessor:log_poly | transfomer: StandardScaler | reducer: RFE  run are
{'reducer__step': 0.1, 'preprocessor__kw_args': {'pw': 4}, 'reducer__n_features_to_select': 133}
GREP_ME***Best score of [GradientBoostingRegressor] estimator, pipeline:| preprocessor:log_poly | transfomer: StandardScaler | reducer: RFE run are
0.772503994619
Preclassifying results
Classify score is :0.697410147992
####################################################################################
################# Runing the itteration 23  of the GridSearchCV ####################
####################################################################################
***Starting [BaggingRegressor] estimator run, pipeline: | preprocessor:log_poly | transfomer: StandardScaler | reducer: RFE 
##param_grid##
{}
Fitting 5 folds for each of 1 candidates, totalling 5 fits
[CV]  ................................................................
[CV] ................................................. , total=   0.8s
[CV]  ................................................................
[CV] ................................................. , total=   0.9s
[CV]  ................................................................
[CV] ................................................. , total=   1.0s
[CV]  ................................................................
[CV] ................................................. , total=   1.1s
[CV]  ................................................................
[CV] ................................................. , total=   1.2s
GREP_ME***Results of [BaggingRegressor] estimatorrun are
{'mean_train_score': array([ 0.94563683]), 'std_fit_time': array([ 0.11974463]), 'std_test_score': array([ 0.04277953]), 'std_score_time': array([ 0.00127847]), 'split3_test_score': array([ 0.67475572]), 'params': ({},), 'mean_test_score': array([ 0.71695653]), 'rank_test_score': array([1], dtype=int32), 'split1_train_score': array([ 0.94063712]), 'std_train_score': array([ 0.01031508]), 'mean_fit_time': array([ 0.98850784]), 'mean_score_time': array([ 0.00916448]), 'split4_test_score': array([ 0.68618368]), 'split0_test_score': array([ 0.78039175]), 'split2_test_score': array([ 0.75600022]), 'split2_train_score': array([ 0.93474754]), 'split1_test_score': array([ 0.68741061]), 'split4_train_score': array([ 0.95993718]), 'split3_train_score': array([ 0.95598806]), 'split0_train_score': array([ 0.93687425])}
GREP_ME***Best params of [BaggingRegressor] estimator,pipeline:| preprocessor:log_poly | transfomer: StandardScaler | reducer: RFE  run are
{'reducer__step': 0.1, 'preprocessor__kw_args': {'pw': 3}, 'reducer__n_features_to_select': 127}
GREP_ME***Best score of [BaggingRegressor] estimator, pipeline:| preprocessor:log_poly | transfomer: StandardScaler | reducer: RFE run are
0.7169565276
####################################################################################
################# Runing the itteration 24  of the GridSearchCV ####################
####################################################################################
***Starting [ExtraTreesRegressor] estimator run, pipeline: | preprocessor:log_poly | transfomer: StandardScaler | reducer: RFE 
##param_grid##
{}
Fitting 5 folds for each of 1 candidates, totalling 5 fits
[CV]  ................................................................
[CV] ................................................. , total=   0.5s
[CV]  ................................................................
[CV] ................................................. , total=   0.5s
[CV]  ................................................................
[CV] ................................................. , total=   0.5s
[CV]  ................................................................
[CV] ................................................. , total=   0.5s
[CV]  ................................................................
[CV] ................................................. , total=   0.5s
GREP_ME***Results of [ExtraTreesRegressor] estimatorrun are
{'mean_train_score': array([ 1.]), 'std_fit_time': array([ 0.01925292]), 'std_test_score': array([ 0.02748894]), 'std_score_time': array([  3.45145790e-05]), 'split3_test_score': array([ 0.72756866]), 'params': ({},), 'mean_test_score': array([ 0.73098625]), 'rank_test_score': array([1], dtype=int32), 'split1_train_score': array([ 1.]), 'std_train_score': array([ 0.]), 'mean_fit_time': array([ 0.50104604]), 'mean_score_time': array([ 0.0060513]), 'split4_test_score': array([ 0.70499455]), 'split0_test_score': array([ 0.78222709]), 'split2_test_score': array([ 0.7306875]), 'split2_train_score': array([ 1.]), 'split1_test_score': array([ 0.70941909]), 'split4_train_score': array([ 1.]), 'split3_train_score': array([ 1.]), 'split0_train_score': array([ 1.])}
GREP_ME***Best params of [ExtraTreesRegressor] estimator,pipeline:| preprocessor:log_poly | transfomer: StandardScaler | reducer: RFE  run are
{'reducer__step': 0.1, 'preprocessor__kw_args': {'pw': 3}, 'reducer__n_features_to_select': 127}
GREP_ME***Best score of [ExtraTreesRegressor] estimator, pipeline:| preprocessor:log_poly | transfomer: StandardScaler | reducer: RFE run are
0.730986245841
####################################################################################
################# Runing the itteration 25  of the GridSearchCV ####################
####################################################################################
***Starting [GradientBoostingRegressor] estimator run, pipeline: | preprocessor:log_poly | transfomer: StandardScaler | reducer: RFE 
##param_grid##
{}
Fitting 5 folds for each of 1 candidates, totalling 5 fits
[CV]  ................................................................
[CV] ................................................. , total=   0.9s
[CV]  ................................................................
[CV] ................................................. , total=   1.1s
GREP_ME***Results of [GradientBoostingRegressor] estimatorrun are
{'mean_train_score': array([ 0.88111484]), 'std_fit_time': array([ 0.07137607]), 'std_test_score': array([ 0.04319806]), 'std_score_time': array([ 0.00083752]), 'split3_test_score': array([ 0.74393985]), 'params': ({},), 'mean_test_score': array([ 0.76143179]), 'rank_test_score': array([1], dtype=int32), 'split1_train_score': array([ 0.88789548]), 'std_train_score': array([ 0.00515084]), 'mean_fit_time': array([ 1.0276155]), 'mean_score_time': array([ 0.00446968]), 'split4_test_score': array([ 0.70562941]), 'split0_test_score': array([ 0.81726383]), 'split2_test_score': array([ 0.80648359]), 'split2_train_score': array([ 0.88190082]), 'split1_test_score': array([ 0.73376853]), 'split4_train_score': array([ 0.88487456]), 'split3_train_score': array([ 0.87347904]), 'split0_train_score': array([ 0.87742432])}
GREP_ME***Best params of [GradientBoostingRegressor] estimator,pipeline:| preprocessor:log_poly | transfomer: StandardScaler | reducer: RFE  run are
{'reducer__step': 0.1, 'preprocessor__kw_args': {'pw': 3}, 'reducer__n_features_to_select': 127}
GREP_ME***Best score of [GradientBoostingRegressor] estimator, pipeline:| preprocessor:log_poly | transfomer: StandardScaler | reducer: RFE run are
0.761431787054
Preclassifying results
Classify score is :0.490750528541
####################################################################################
################# Runing the itteration 26  of the GridSearchCV ####################
####################################################################################
***Starting [BaggingRegressor] estimator run, pipeline: | preprocessor:log_poly | transfomer: StandardScaler | reducer: RFE 
##param_grid##
{}
Fitting 5 folds for each of 1 candidates, totalling 5 fits
[CV]  ................................................................
[CV] ................................................. , total=   0.7s
[CV]  ................................................................
[CV] ................................................. , total=   0.7s
[CV]  ................................................................
[CV] ................................................. , total=   0.7s
[CV]  ................................................................
[CV] ................................................. , total=   0.8s
GREP_ME***Results of [BaggingRegressor] estimatorrun are
{'mean_train_score': array([ 0.92497091]), 'std_fit_time': array([ 0.05682287]), 'std_test_score': array([ 0.0566419]), 'std_score_time': array([ 0.00097888]), 'split3_test_score': array([ 0.62511499]), 'params': ({},), 'mean_test_score': array([ 0.57174206]), 'rank_test_score': array([1], dtype=int32), 'split1_train_score': array([ 0.92689595]), 'std_train_score': array([ 0.0036633]), 'mean_fit_time': array([ 0.72251596]), 'mean_score_time': array([ 0.0113903]), 'split4_test_score': array([ 0.57790498]), 'split0_test_score': array([ 0.62060026]), 'split2_test_score': array([ 0.46810314]), 'split2_train_score': array([ 0.92867085]), 'split1_test_score': array([ 0.56699505]), 'split4_train_score': array([ 0.9272148]), 'split3_train_score': array([ 0.92365458]), 'split0_train_score': array([ 0.91841837])}
GREP_ME***Best params of [BaggingRegressor] estimator,pipeline:| preprocessor:log_poly | transfomer: StandardScaler | reducer: RFE  run are
{'reducer__step': 0.1, 'preprocessor__kw_args': {'pw': 1}, 'reducer__n_features_to_select': 193}
GREP_ME***Best score of [BaggingRegressor] estimator, pipeline:| preprocessor:log_poly | transfomer: StandardScaler | reducer: RFE run are
0.571742055436
####################################################################################
################# Runing the itteration 27  of the GridSearchCV ####################
####################################################################################
***Starting [ExtraTreesRegressor] estimator run, pipeline: | preprocessor:log_poly | transfomer: StandardScaler | reducer: RFE 
##param_grid##
{}
Fitting 5 folds for each of 1 candidates, totalling 5 fits
[CV]  ................................................................
[CV] ................................................. , total=   0.5s
[CV]  ................................................................
[CV] ................................................. , total=   0.5s
[CV]  ................................................................
[CV] ................................................. , total=   0.5s
[CV]  ................................................................
[CV] ................................................. , total=   0.6s
[CV]  ................................................................
[CV] ................................................. , total=   0.6s
GREP_ME***Results of [ExtraTreesRegressor] estimatorrun are
{'mean_train_score': array([ 1.]), 'std_fit_time': array([ 0.01824159]), 'std_test_score': array([ 0.05647269]), 'std_score_time': array([ 0.00035141]), 'split3_test_score': array([ 0.64410156]), 'params': ({},), 'mean_test_score': array([ 0.54536155]), 'rank_test_score': array([1], dtype=int32), 'split1_train_score': array([ 1.]), 'std_train_score': array([ 0.]), 'mean_fit_time': array([ 0.53329644]), 'mean_score_time': array([ 0.00627561]), 'split4_test_score': array([ 0.50585867]), 'split0_test_score': array([ 0.56700919]), 'split2_test_score': array([ 0.48380294]), 'split2_train_score': array([ 1.]), 'split1_test_score': array([ 0.52598318]), 'split4_train_score': array([ 1.]), 'split3_train_score': array([ 1.]), 'split0_train_score': array([ 1.])}
GREP_ME***Best params of [ExtraTreesRegressor] estimator,pipeline:| preprocessor:log_poly | transfomer: StandardScaler | reducer: RFE  run are
{'reducer__step': 0.1, 'preprocessor__kw_args': {'pw': 1}, 'reducer__n_features_to_select': 193}
GREP_ME***Best score of [ExtraTreesRegressor] estimator, pipeline:| preprocessor:log_poly | transfomer: StandardScaler | reducer: RFE run are
0.545361546557
####################################################################################
################# Runing the itteration 28  of the GridSearchCV ####################
####################################################################################
***Starting [GradientBoostingRegressor] estimator run, pipeline: | preprocessor:log_poly | transfomer: StandardScaler | reducer: RFE 
##param_grid##
{}
Fitting 5 folds for each of 1 candidates, totalling 5 fits
[CV]  ................................................................
[CV] ................................................. , total=   1.1s
[CV]  ................................................................
[CV] ................................................. , total=   1.1s
[CV]  ................................................................
[CV] ................................................. , total=   1.1s
[CV]  ................................................................
[CV] ................................................. , total=   1.1s
GREP_ME***Results of [GradientBoostingRegressor] estimatorrun are
{'mean_train_score': array([ 0.79463963]), 'std_fit_time': array([ 0.02785668]), 'std_test_score': array([ 0.05786087]), 'std_score_time': array([ 0.00161463]), 'split3_test_score': array([ 0.66767424]), 'params': ({},), 'mean_test_score': array([ 0.60346524]), 'rank_test_score': array([1], dtype=int32), 'split1_train_score': array([ 0.80415829]), 'std_train_score': array([ 0.00881924]), 'mean_fit_time': array([ 1.13072896]), 'mean_score_time': array([ 0.00532355]), 'split4_test_score': array([ 0.57680013]), 'split0_test_score': array([ 0.64912379]), 'split2_test_score': array([ 0.50548535]), 'split2_train_score': array([ 0.79570577]), 'split1_test_score': array([ 0.61820748]), 'split4_train_score': array([ 0.80420445]), 'split3_train_score': array([ 0.78341072]), 'split0_train_score': array([ 0.78571891])}
GREP_ME***Best params of [GradientBoostingRegressor] estimator,pipeline:| preprocessor:log_poly | transfomer: StandardScaler | reducer: RFE  run are
{'reducer__step': 0.1, 'preprocessor__kw_args': {'pw': 1}, 'reducer__n_features_to_select': 193}
GREP_ME***Best score of [GradientBoostingRegressor] estimator, pipeline:| preprocessor:log_poly | transfomer: StandardScaler | reducer: RFE run are
0.60346524415
Preclassifying results
Classify score is :0.761099365751
####################################################################################
################# Runing the itteration 29  of the GridSearchCV ####################
####################################################################################
***Starting [BaggingRegressor] estimator run, pipeline: | preprocessor:log_poly | transfomer: StandardScaler | reducer: RFE 
##param_grid##
{}
Fitting 5 folds for each of 1 candidates, totalling 5 fits
[CV]  ................................................................
[CV] ................................................. , total=   0.5s
[CV]  ................................................................
[CV] ................................................. , total=   0.5s
[CV]  ................................................................
[CV] ................................................. , total=   0.5s
[CV]  ................................................................
[CV] ................................................. , total=   0.5s
[CV]  ................................................................
[CV] ................................................. , total=   0.6s
GREP_ME***Results of [BaggingRegressor] estimatorrun are
{'mean_train_score': array([ 0.95801288]), 'std_fit_time': array([ 0.03666947]), 'std_test_score': array([ 0.04849819]), 'std_score_time': array([ 0.00027342]), 'split3_test_score': array([ 0.77143438]), 'params': ({},), 'mean_test_score': array([ 0.75349421]), 'rank_test_score': array([1], dtype=int32), 'split1_train_score': array([ 0.95980124]), 'std_train_score': array([ 0.00284305]), 'mean_fit_time': array([ 0.48017921]), 'mean_score_time': array([ 0.00550981]), 'split4_test_score': array([ 0.72226507]), 'split0_test_score': array([ 0.76285206]), 'split2_test_score': array([ 0.82743327]), 'split2_train_score': array([ 0.9530807]), 'split1_test_score': array([ 0.68344503]), 'split4_train_score': array([ 0.96141509]), 'split3_train_score': array([ 0.9586842]), 'split0_train_score': array([ 0.95708317])}
GREP_ME***Best params of [BaggingRegressor] estimator,pipeline:| preprocessor:log_poly | transfomer: StandardScaler | reducer: RFE  run are
{'reducer__step': 0.1, 'preprocessor__kw_args': {'pw': 1}, 'reducer__n_features_to_select': 57}
GREP_ME***Best score of [BaggingRegressor] estimator, pipeline:| preprocessor:log_poly | transfomer: StandardScaler | reducer: RFE run are
0.753494214415
####################################################################################
################# Runing the itteration 30  of the GridSearchCV ####################
####################################################################################
***Starting [ExtraTreesRegressor] estimator run, pipeline: | preprocessor:log_poly | transfomer: StandardScaler | reducer: RFE 
##param_grid##
{}
Fitting 5 folds for each of 1 candidates, totalling 5 fits
[CV]  ................................................................
[CV] ................................................. , total=   0.3s
[CV]  ................................................................
[CV] ................................................. , total=   0.3s
[CV]  ................................................................
[CV] ................................................. , total=   0.3s
[CV]  ................................................................
[CV] ................................................. , total=   0.3s
[CV]  ................................................................
[CV] ................................................. , total=   0.4s
GREP_ME***Results of [ExtraTreesRegressor] estimatorrun are
{'mean_train_score': array([ 1.]), 'std_fit_time': array([ 0.0300261]), 'std_test_score': array([ 0.03963586]), 'std_score_time': array([ 0.00030514]), 'split3_test_score': array([ 0.71482251]), 'params': ({},), 'mean_test_score': array([ 0.72368029]), 'rank_test_score': array([1], dtype=int32), 'split1_train_score': array([ 1.]), 'std_train_score': array([ 0.]), 'mean_fit_time': array([ 0.28746009]), 'mean_score_time': array([ 0.00543728]), 'split4_test_score': array([ 0.67543085]), 'split0_test_score': array([ 0.72881222]), 'split2_test_score': array([ 0.79477916]), 'split2_train_score': array([ 1.]), 'split1_test_score': array([ 0.70449297]), 'split4_train_score': array([ 1.]), 'split3_train_score': array([ 1.]), 'split0_train_score': array([ 1.])}
GREP_ME***Best params of [ExtraTreesRegressor] estimator,pipeline:| preprocessor:log_poly | transfomer: StandardScaler | reducer: RFE  run are
{'reducer__step': 0.1, 'preprocessor__kw_args': {'pw': 1}, 'reducer__n_features_to_select': 57}
GREP_ME***Best score of [ExtraTreesRegressor] estimator, pipeline:| preprocessor:log_poly | transfomer: StandardScaler | reducer: RFE run are
0.7236802926
####################################################################################
################# Runing the itteration 31  of the GridSearchCV ####################
####################################################################################
***Starting [GradientBoostingRegressor] estimator run, pipeline: | preprocessor:log_poly | transfomer: StandardScaler | reducer: RFE 
##param_grid##
{}
Fitting 5 folds for each of 1 candidates, totalling 5 fits
[CV]  ................................................................
[CV] ................................................. , total=   0.5s
[CV]  ................................................................
[CV] ................................................. , total=   0.5s
[CV]  ................................................................
[CV] ................................................. , total=   0.5s
[CV]  ................................................................
[CV] ................................................. , total=   0.5s
[CV]  ................................................................
[CV] ................................................. , total=   0.5s
GREP_ME***Results of [GradientBoostingRegressor] estimatorrun are
{'mean_train_score': array([ 0.90298961]), 'std_fit_time': array([ 0.0164648]), 'std_test_score': array([ 0.04104183]), 'std_score_time': array([  5.18375726e-05]), 'split3_test_score': array([ 0.76450323]), 'params': ({},), 'mean_test_score': array([ 0.78056505]), 'rank_test_score': array([1], dtype=int32), 'split1_train_score': array([ 0.89905652]), 'std_train_score': array([ 0.00330627]), 'mean_fit_time': array([ 0.4862134]), 'mean_score_time': array([ 0.00266809]), 'split4_test_score': array([ 0.75572822]), 'split0_test_score': array([ 0.80965919]), 'split2_test_score': array([ 0.84402755]), 'split2_train_score': array([ 0.90648414]), 'split1_test_score': array([ 0.72887424]), 'split4_train_score': array([ 0.90228443]), 'split3_train_score': array([ 0.90715485]), 'split0_train_score': array([ 0.89996807])}
GREP_ME***Best params of [GradientBoostingRegressor] estimator,pipeline:| preprocessor:log_poly | transfomer: StandardScaler | reducer: RFE  run are
{'reducer__step': 0.1, 'preprocessor__kw_args': {'pw': 1}, 'reducer__n_features_to_select': 57}
GREP_ME***Best score of [GradientBoostingRegressor] estimator, pipeline:| preprocessor:log_poly | transfomer: StandardScaler | reducer: RFE run are
0.780565047233
Preclassifying results
Classify score is :0.636363636364
####################################################################################
################# Runing the itteration 32  of the GridSearchCV ####################
####################################################################################
***Starting [BaggingRegressor] estimator run, pipeline: | preprocessor:log_poly | transfomer: StandardScaler | reducer: RFE 
##param_grid##
{}
Fitting 5 folds for each of 1 candidates, totalling 5 fits
[CV]  ................................................................
[CV] ................................................. , total=   0.7s
[CV]  ................................................................
[CV] ................................................. , total=   0.7s
[CV]  ................................................................
[CV] ................................................. , total=   0.7s
[CV]  ................................................................
[CV] ................................................. , total=   0.8s
GREP_ME***Results of [BaggingRegressor] estimatorrun are
{'mean_train_score': array([ 0.94776974]), 'std_fit_time': array([ 0.01195523]), 'std_test_score': array([ 0.03507526]), 'std_score_time': array([ 0.00026924]), 'split3_test_score': array([ 0.74313417]), 'params': ({},), 'mean_test_score': array([ 0.71256361]), 'rank_test_score': array([1], dtype=int32), 'split1_train_score': array([ 0.95302227]), 'std_train_score': array([ 0.00566842]), 'mean_fit_time': array([ 0.7376255]), 'mean_score_time': array([ 0.00728974]), 'split4_test_score': array([ 0.7029287]), 'split0_test_score': array([ 0.72130826]), 'split2_test_score': array([ 0.74570235]), 'split2_train_score': array([ 0.94247393]), 'split1_test_score': array([ 0.64973184]), 'split4_train_score': array([ 0.94568114]), 'split3_train_score': array([ 0.94182194]), 'split0_train_score': array([ 0.95584944])}
GREP_ME***Best params of [BaggingRegressor] estimator,pipeline:| preprocessor:log_poly | transfomer: StandardScaler | reducer: RFE  run are
{'reducer__step': 0.1, 'preprocessor__kw_args': {'pw': 2}, 'reducer__n_features_to_select': 121}
GREP_ME***Best score of [BaggingRegressor] estimator, pipeline:| preprocessor:log_poly | transfomer: StandardScaler | reducer: RFE run are
0.712563609476
####################################################################################
################# Runing the itteration 33  of the GridSearchCV ####################
####################################################################################
***Starting [ExtraTreesRegressor] estimator run, pipeline: | preprocessor:log_poly | transfomer: StandardScaler | reducer: RFE 
##param_grid##
{}
Fitting 5 folds for each of 1 candidates, totalling 5 fits
[CV]  ................................................................
[CV] ................................................. , total=   0.4s
[CV]  ................................................................
[CV] ................................................. , total=   0.4s
[CV]  ................................................................
[CV] ................................................. , total=   0.4s
[CV]  ................................................................
[CV] ................................................. , total=   0.4s
GREP_ME***Results of [ExtraTreesRegressor] estimatorrun are
{'mean_train_score': array([ 1.]), 'std_fit_time': array([ 0.00488084]), 'std_test_score': array([ 0.02922044]), 'std_score_time': array([ 0.00044115]), 'split3_test_score': array([ 0.72827608]), 'params': ({},), 'mean_test_score': array([ 0.70451364]), 'rank_test_score': array([1], dtype=int32), 'split1_train_score': array([ 1.]), 'std_train_score': array([ 0.]), 'mean_fit_time': array([ 0.43461108]), 'mean_score_time': array([ 0.00607448]), 'split4_test_score': array([ 0.67224313]), 'split0_test_score': array([ 0.70578208]), 'split2_test_score': array([ 0.74441552]), 'split2_train_score': array([ 1.]), 'split1_test_score': array([ 0.67180875]), 'split4_train_score': array([ 1.]), 'split3_train_score': array([ 1.]), 'split0_train_score': array([ 1.])}
GREP_ME***Best params of [ExtraTreesRegressor] estimator,pipeline:| preprocessor:log_poly | transfomer: StandardScaler | reducer: RFE  run are
{'reducer__step': 0.1, 'preprocessor__kw_args': {'pw': 2}, 'reducer__n_features_to_select': 121}
GREP_ME***Best score of [ExtraTreesRegressor] estimator, pipeline:| preprocessor:log_poly | transfomer: StandardScaler | reducer: RFE run are
0.704513638769
####################################################################################
################# Runing the itteration 34  of the GridSearchCV ####################
####################################################################################
***Starting [GradientBoostingRegressor] estimator run, pipeline: | preprocessor:log_poly | transfomer: StandardScaler | reducer: RFE 
##param_grid##
{}
Fitting 5 folds for each of 1 candidates, totalling 5 fits
[CV]  ................................................................
[CV] ................................................. , total=   0.9s
[CV]  ................................................................
[CV] ................................................. , total=   0.9s
[CV]  ................................................................
[CV] ................................................. , total=   0.9s
[CV]  ................................................................
[CV] ................................................. , total=   0.9s
[CV]  ................................................................
[CV] ................................................. , total=   0.9s
GREP_ME***Results of [GradientBoostingRegressor] estimatorrun are
{'mean_train_score': array([ 0.86452672]), 'std_fit_time': array([ 0.01656237]), 'std_test_score': array([ 0.03511687]), 'std_score_time': array([  8.00269426e-05]), 'split3_test_score': array([ 0.78023425]), 'params': ({},), 'mean_test_score': array([ 0.73692266]), 'rank_test_score': array([1], dtype=int32), 'split1_train_score': array([ 0.85458717]), 'std_train_score': array([ 0.00530598]), 'mean_fit_time': array([ 0.90418611]), 'mean_score_time': array([ 0.00334206]), 'split4_test_score': array([ 0.74722395]), 'split0_test_score': array([ 0.74802965]), 'split2_test_score': array([ 0.73591963]), 'split2_train_score': array([ 0.86632158]), 'split1_test_score': array([ 0.67321941]), 'split4_train_score': array([ 0.8704627]), 'split3_train_score': array([ 0.86489763]), 'split0_train_score': array([ 0.86636453])}
GREP_ME***Best params of [GradientBoostingRegressor] estimator,pipeline:| preprocessor:log_poly | transfomer: StandardScaler | reducer: RFE  run are
{'reducer__step': 0.1, 'preprocessor__kw_args': {'pw': 2}, 'reducer__n_features_to_select': 121}
GREP_ME***Best score of [GradientBoostingRegressor] estimator, pipeline:| preprocessor:log_poly | transfomer: StandardScaler | reducer: RFE run are
0.736922656264
Preclassifying results
Classify score is :0.622885835095
####################################################################################
################# Runing the itteration 35  of the GridSearchCV ####################
####################################################################################
***Starting [BaggingRegressor] estimator run, pipeline: | preprocessor:log_poly | transfomer: StandardScaler | reducer: RFE 
##param_grid##
{}
Fitting 5 folds for each of 1 candidates, totalling 5 fits
[CV]  ................................................................
[CV] ................................................. , total=   0.9s
[CV]  ................................................................
[CV] ................................................. , total=   0.9s
[CV]  ................................................................
[CV] ................................................. , total=   1.0s
[CV]  ................................................................
[CV] ................................................. , total=   1.0s
GREP_ME***Results of [BaggingRegressor] estimatorrun are
{'mean_train_score': array([ 0.94889355]), 'std_fit_time': array([ 0.04040463]), 'std_test_score': array([ 0.0513451]), 'std_score_time': array([ 0.00521518]), 'split3_test_score': array([ 0.73888526]), 'params': ({},), 'mean_test_score': array([ 0.66598267]), 'rank_test_score': array([1], dtype=int32), 'split1_train_score': array([ 0.94987307]), 'std_train_score': array([ 0.00210182]), 'mean_fit_time': array([ 0.93031793]), 'mean_score_time': array([ 0.01455994]), 'split4_test_score': array([ 0.64260609]), 'split0_test_score': array([ 0.63041242]), 'split2_test_score': array([ 0.71355365]), 'split2_train_score': array([ 0.94722365]), 'split1_test_score': array([ 0.60442505]), 'split4_train_score': array([ 0.95255365]), 'split3_train_score': array([ 0.94792549]), 'split0_train_score': array([ 0.94689189])}
GREP_ME***Best params of [BaggingRegressor] estimator,pipeline:| preprocessor:log_poly | transfomer: StandardScaler | reducer: RFE  run are
{'reducer__step': 0.1, 'preprocessor__kw_args': {'pw': 2}, 'reducer__n_features_to_select': 203}
GREP_ME***Best score of [BaggingRegressor] estimator, pipeline:| preprocessor:log_poly | transfomer: StandardScaler | reducer: RFE run are
0.665982668989
####################################################################################
################# Runing the itteration 36  of the GridSearchCV ####################
####################################################################################
***Starting [ExtraTreesRegressor] estimator run, pipeline: | preprocessor:log_poly | transfomer: StandardScaler | reducer: RFE 
##param_grid##
{}
Fitting 5 folds for each of 1 candidates, totalling 5 fits
[CV]  ................................................................
[CV] ................................................. , total=   0.6s
[CV]  ................................................................
[CV] ................................................. , total=   0.6s
[CV]  ................................................................
[CV] ................................................. , total=   0.6s
[CV]  ................................................................
[CV] ................................................. , total=   0.6s
[CV]  ................................................................
[CV] ................................................. , total=   0.6s
GREP_ME***Results of [ExtraTreesRegressor] estimatorrun are
{'mean_train_score': array([ 1.]), 'std_fit_time': array([ 0.0175904]), 'std_test_score': array([ 0.05777712]), 'std_score_time': array([ 0.00036165]), 'split3_test_score': array([ 0.70578492]), 'params': ({},), 'mean_test_score': array([ 0.66949796]), 'rank_test_score': array([1], dtype=int32), 'split1_train_score': array([ 1.]), 'std_train_score': array([ 0.]), 'mean_fit_time': array([ 0.59570165]), 'mean_score_time': array([ 0.00664864]), 'split4_test_score': array([ 0.61700181]), 'split0_test_score': array([ 0.6387707]), 'split2_test_score': array([ 0.76564738]), 'split2_train_score': array([ 1.]), 'split1_test_score': array([ 0.62021568]), 'split4_train_score': array([ 1.]), 'split3_train_score': array([ 1.]), 'split0_train_score': array([ 1.])}
GREP_ME***Best params of [ExtraTreesRegressor] estimator,pipeline:| preprocessor:log_poly | transfomer: StandardScaler | reducer: RFE  run are
{'reducer__step': 0.1, 'preprocessor__kw_args': {'pw': 2}, 'reducer__n_features_to_select': 203}
GREP_ME***Best score of [ExtraTreesRegressor] estimator, pipeline:| preprocessor:log_poly | transfomer: StandardScaler | reducer: RFE run are
0.669497964725
####################################################################################
################# Runing the itteration 37  of the GridSearchCV ####################
####################################################################################
***Starting [GradientBoostingRegressor] estimator run, pipeline: | preprocessor:log_poly | transfomer: StandardScaler | reducer: RFE 
##param_grid##
{}
Fitting 5 folds for each of 1 candidates, totalling 5 fits
[CV]  ................................................................
[CV] ................................................. , total=   1.3s
[CV]  ................................................................
[CV] ................................................. , total=   1.3s
[CV]  ................................................................
[CV] ................................................. , total=   1.2s
[CV]  ................................................................
[CV] ................................................. , total=   1.3s
GREP_ME***Results of [GradientBoostingRegressor] estimatorrun are
{'mean_train_score': array([ 0.84883305]), 'std_fit_time': array([ 0.03515206]), 'std_test_score': array([ 0.0552104]), 'std_score_time': array([ 0.0012348]), 'split3_test_score': array([ 0.77854563]), 'params': ({},), 'mean_test_score': array([ 0.72068276]), 'rank_test_score': array([1], dtype=int32), 'split1_train_score': array([ 0.85178782]), 'std_train_score': array([ 0.00447326]), 'mean_fit_time': array([ 1.27659655]), 'mean_score_time': array([ 0.00535851]), 'split4_test_score': array([ 0.63544178]), 'split0_test_score': array([ 0.69370444]), 'split2_test_score': array([ 0.78268554]), 'split2_train_score': array([ 0.843972]), 'split1_test_score': array([ 0.7129238]), 'split4_train_score': array([ 0.85415475]), 'split3_train_score': array([ 0.8430304]), 'split0_train_score': array([ 0.85122028])}
GREP_ME***Best params of [GradientBoostingRegressor] estimator,pipeline:| preprocessor:log_poly | transfomer: StandardScaler | reducer: RFE  run are
{'reducer__step': 0.1, 'preprocessor__kw_args': {'pw': 2}, 'reducer__n_features_to_select': 203}
GREP_ME***Best score of [GradientBoostingRegressor] estimator, pipeline:| preprocessor:log_poly | transfomer: StandardScaler | reducer: RFE run are
0.720682759513
Preclassifying results
Classify score is :0.869186046512
####################################################################################
################# Runing the itteration 38  of the GridSearchCV ####################
####################################################################################
***Starting [BaggingRegressor] estimator run, pipeline: | preprocessor:log_poly | transfomer: StandardScaler | reducer: RFE 
##param_grid##
{}
Fitting 5 folds for each of 1 candidates, totalling 5 fits
[CV]  ................................................................
[CV] ................................................. , total=   0.8s
[CV]  ................................................................
[CV] ................................................. , total=   0.8s
[CV]  ................................................................
[CV] ................................................. , total=   0.8s
[CV]  ................................................................
[CV] ................................................. , total=   0.8s
[CV]  ................................................................
[CV] ................................................. , total=   0.8s
GREP_ME***Results of [BaggingRegressor] estimatorrun are
{'mean_train_score': array([ 0.96120307]), 'std_fit_time': array([ 0.00528997]), 'std_test_score': array([ 0.04759277]), 'std_score_time': array([ 0.00029399]), 'split3_test_score': array([ 0.80714922]), 'params': ({},), 'mean_test_score': array([ 0.78388081]), 'rank_test_score': array([1], dtype=int32), 'split1_train_score': array([ 0.96590045]), 'std_train_score': array([ 0.00502802]), 'mean_fit_time': array([ 0.81371164]), 'mean_score_time': array([ 0.00559201]), 'split4_test_score': array([ 0.80605643]), 'split0_test_score': array([ 0.71199611]), 'split2_test_score': array([ 0.845963]), 'split2_train_score': array([ 0.9576914]), 'split1_test_score': array([ 0.74826856]), 'split4_train_score': array([ 0.95654664]), 'split3_train_score': array([ 0.95726823]), 'split0_train_score': array([ 0.96860864])}
GREP_ME***Best params of [BaggingRegressor] estimator,pipeline:| preprocessor:log_poly | transfomer: StandardScaler | reducer: RFE  run are
{'reducer__step': 0.1, 'preprocessor__kw_args': {'pw': 3}, 'reducer__n_features_to_select': 63}
GREP_ME***Best score of [BaggingRegressor] estimator, pipeline:| preprocessor:log_poly | transfomer: StandardScaler | reducer: RFE run are
0.78388080666
####################################################################################
################# Runing the itteration 39  of the GridSearchCV ####################
####################################################################################
***Starting [ExtraTreesRegressor] estimator run, pipeline: | preprocessor:log_poly | transfomer: StandardScaler | reducer: RFE 
##param_grid##
{}
Fitting 5 folds for each of 1 candidates, totalling 5 fits
[CV]  ................................................................
[CV] ................................................. , total=   0.4s
[CV]  ................................................................
[CV] ................................................. , total=   0.4s
[CV]  ................................................................
[CV] ................................................. , total=   0.3s
[CV]  ................................................................
[CV] ................................................. , total=   0.4s
[CV]  ................................................................
[CV] ................................................. , total=   0.5s
GREP_ME***Results of [ExtraTreesRegressor] estimatorrun are
{'mean_train_score': array([ 1.]), 'std_fit_time': array([ 0.04977624]), 'std_test_score': array([ 0.03699684]), 'std_score_time': array([ 0.00061135]), 'split3_test_score': array([ 0.80454533]), 'params': ({},), 'mean_test_score': array([ 0.76862017]), 'rank_test_score': array([1], dtype=int32), 'split1_train_score': array([ 1.]), 'std_train_score': array([ 0.]), 'mean_fit_time': array([ 0.38642006]), 'mean_score_time': array([ 0.00561833]), 'split4_test_score': array([ 0.76997816]), 'split0_test_score': array([ 0.70502027]), 'split2_test_score': array([ 0.80584481]), 'split2_train_score': array([ 1.]), 'split1_test_score': array([ 0.75771409]), 'split4_train_score': array([ 1.]), 'split3_train_score': array([ 1.]), 'split0_train_score': array([ 1.])}
GREP_ME***Best params of [ExtraTreesRegressor] estimator,pipeline:| preprocessor:log_poly | transfomer: StandardScaler | reducer: RFE  run are
{'reducer__step': 0.1, 'preprocessor__kw_args': {'pw': 3}, 'reducer__n_features_to_select': 63}
GREP_ME***Best score of [ExtraTreesRegressor] estimator, pipeline:| preprocessor:log_poly | transfomer: StandardScaler | reducer: RFE run are
0.768620171071
####################################################################################
################# Runing the itteration 40  of the GridSearchCV ####################
####################################################################################
***Starting [GradientBoostingRegressor] estimator run, pipeline: | preprocessor:log_poly | transfomer: StandardScaler | reducer: RFE 
##param_grid##
{}
Fitting 5 folds for each of 1 candidates, totalling 5 fits
[CV]  ................................................................
[CV] ................................................. , total=   0.7s
[CV]  ................................................................
[CV] ................................................. , total=   0.7s
[CV]  ................................................................
[CV] ................................................. , total=   0.7s
[CV]  ................................................................
[CV] ................................................. , total=   0.7s
GREP_ME***Results of [GradientBoostingRegressor] estimatorrun are
{'mean_train_score': array([ 0.93006152]), 'std_fit_time': array([ 0.01703913]), 'std_test_score': array([ 0.04538805]), 'std_score_time': array([ 0.0001382]), 'split3_test_score': array([ 0.84957194]), 'params': ({},), 'mean_test_score': array([ 0.81353469]), 'rank_test_score': array([1], dtype=int32), 'split1_train_score': array([ 0.93244724]), 'std_train_score': array([ 0.00218356]), 'mean_fit_time': array([ 0.69528646]), 'mean_score_time': array([ 0.00273185]), 'split4_test_score': array([ 0.83177545]), 'split0_test_score': array([ 0.74064355]), 'split2_test_score': array([ 0.86272744]), 'split2_train_score': array([ 0.92646404]), 'split1_test_score': array([ 0.78297915]), 'split4_train_score': array([ 0.93217703]), 'split3_train_score': array([ 0.92920814]), 'split0_train_score': array([ 0.93001117])}
GREP_ME***Best params of [GradientBoostingRegressor] estimator,pipeline:| preprocessor:log_poly | transfomer: StandardScaler | reducer: RFE  run are
{'reducer__step': 0.1, 'preprocessor__kw_args': {'pw': 3}, 'reducer__n_features_to_select': 63}
GREP_ME***Best score of [GradientBoostingRegressor] estimator, pipeline:| preprocessor:log_poly | transfomer: StandardScaler | reducer: RFE run are
0.813534685941
#########################################
###Finished all estimators for cl: label_gross_10
#########################################
#########################################
#######Printing results for cl: label_gross_10
#########################################
{'GradientBoostingRegressor': {'pipe': '| preprocessor:log_poly | transfomer: StandardScaler | reducer: RFE', 'score': 0.81353468594084799, 'best_cfg': {'reducer__step': 0.1, 'preprocessor__kw_args': {'pw': 3}, 'reducer__n_features_to_select': 63}}, 'BaggingRegressor': {'pipe': '| preprocessor:log_poly | transfomer: StandardScaler | reducer: RFE', 'score': 0.78767777759759761, 'best_cfg': {'reducer__step': 0.1, 'preprocessor__kw_args': {'pw': 4}, 'reducer__n_features_to_select': 66}}, 'ExtraTreesRegressor': {'pipe': '| preprocessor:log_poly | transfomer: StandardScaler | reducer: RFE', 'score': 0.78170487615735973, 'best_cfg': {'reducer__step': 0.1, 'preprocessor__kw_args': {'pw': 4}, 'reducer__n_features_to_select': 66}}}
priting simply sorted numbers, grep them to find the best cfg or cl: label_gross_10
[0.78170487615735973, 0.78767777759759761, 0.81353468594084799]
