#########################################
###Starting all estimators for cl: label_gross_6
#########################################

LogPol True
n_components
[193, 115, 57]
pw_lst
[{'pw': 1}]
####################################################################################
################# Runing the itteration 1  of pipeline precomp      ###############
####################################################################################
| preprocessor:log_poly | transfomer: StandardScaler | reducer: RFE
{'reducer__step': [0.1], 'preprocessor__kw_args': [{'pw': 1}], 'reducer__n_features_to_select': [193, 115, 57]}
Starting precomp pipline for {'reducer__step': 0.1, 'preprocessor__kw_args': {'pw': 1}, 'reducer__n_features_to_select': 193}
Finished precomp pipline for {'reducer__step': 0.1, 'preprocessor__kw_args': {'pw': 1}, 'reducer__n_features_to_select': 193}
Starting precomp pipline for {'reducer__step': 0.1, 'preprocessor__kw_args': {'pw': 1}, 'reducer__n_features_to_select': 115}
Finished precomp pipline for {'reducer__step': 0.1, 'preprocessor__kw_args': {'pw': 1}, 'reducer__n_features_to_select': 115}
Starting precomp pipline for {'reducer__step': 0.1, 'preprocessor__kw_args': {'pw': 1}, 'reducer__n_features_to_select': 57}
Finished precomp pipline for {'reducer__step': 0.1, 'preprocessor__kw_args': {'pw': 1}, 'reducer__n_features_to_select': 57}

LogPol True
n_components
[203, 121, 60]
pw_lst
[{'pw': 1}, {'pw': 2}]
####################################################################################
################# Runing the itteration 2  of pipeline precomp      ###############
####################################################################################
| preprocessor:log_poly | transfomer: StandardScaler | reducer: RFE
{'reducer__step': [0.1], 'preprocessor__kw_args': [{'pw': 2}], 'reducer__n_features_to_select': [203, 121, 60]}
Starting precomp pipline for {'reducer__step': 0.1, 'preprocessor__kw_args': {'pw': 2}, 'reducer__n_features_to_select': 203}
Finished precomp pipline for {'reducer__step': 0.1, 'preprocessor__kw_args': {'pw': 2}, 'reducer__n_features_to_select': 203}
Starting precomp pipline for {'reducer__step': 0.1, 'preprocessor__kw_args': {'pw': 2}, 'reducer__n_features_to_select': 121}
Finished precomp pipline for {'reducer__step': 0.1, 'preprocessor__kw_args': {'pw': 2}, 'reducer__n_features_to_select': 121}
Starting precomp pipline for {'reducer__step': 0.1, 'preprocessor__kw_args': {'pw': 2}, 'reducer__n_features_to_select': 60}
Finished precomp pipline for {'reducer__step': 0.1, 'preprocessor__kw_args': {'pw': 2}, 'reducer__n_features_to_select': 60}

LogPol True
n_components
[213, 127, 63]
pw_lst
[{'pw': 1}, {'pw': 2}, {'pw': 3}]
####################################################################################
################# Runing the itteration 3  of pipeline precomp      ###############
####################################################################################
| preprocessor:log_poly | transfomer: StandardScaler | reducer: RFE
{'reducer__step': [0.1], 'preprocessor__kw_args': [{'pw': 3}], 'reducer__n_features_to_select': [213, 127, 63]}
Starting precomp pipline for {'reducer__step': 0.1, 'preprocessor__kw_args': {'pw': 3}, 'reducer__n_features_to_select': 213}
Finished precomp pipline for {'reducer__step': 0.1, 'preprocessor__kw_args': {'pw': 3}, 'reducer__n_features_to_select': 213}
Starting precomp pipline for {'reducer__step': 0.1, 'preprocessor__kw_args': {'pw': 3}, 'reducer__n_features_to_select': 127}
Finished precomp pipline for {'reducer__step': 0.1, 'preprocessor__kw_args': {'pw': 3}, 'reducer__n_features_to_select': 127}
Starting precomp pipline for {'reducer__step': 0.1, 'preprocessor__kw_args': {'pw': 3}, 'reducer__n_features_to_select': 63}
Finished precomp pipline for {'reducer__step': 0.1, 'preprocessor__kw_args': {'pw': 3}, 'reducer__n_features_to_select': 63}

LogPol True
n_components
[223, 133, 66]
pw_lst
[{'pw': 1}, {'pw': 2}, {'pw': 3}, {'pw': 4}]
####################################################################################
################# Runing the itteration 4  of pipeline precomp      ###############
####################################################################################
| preprocessor:log_poly | transfomer: StandardScaler | reducer: RFE
{'reducer__step': [0.1], 'preprocessor__kw_args': [{'pw': 4}], 'reducer__n_features_to_select': [223, 133, 66]}
Starting precomp pipline for {'reducer__step': 0.1, 'preprocessor__kw_args': {'pw': 4}, 'reducer__n_features_to_select': 223}
Finished precomp pipline for {'reducer__step': 0.1, 'preprocessor__kw_args': {'pw': 4}, 'reducer__n_features_to_select': 223}
Starting precomp pipline for {'reducer__step': 0.1, 'preprocessor__kw_args': {'pw': 4}, 'reducer__n_features_to_select': 133}
Finished precomp pipline for {'reducer__step': 0.1, 'preprocessor__kw_args': {'pw': 4}, 'reducer__n_features_to_select': 133}
Starting precomp pipline for {'reducer__step': 0.1, 'preprocessor__kw_args': {'pw': 4}, 'reducer__n_features_to_select': 66}
Finished precomp pipline for {'reducer__step': 0.1, 'preprocessor__kw_args': {'pw': 4}, 'reducer__n_features_to_select': 66}
Preclassifying results
Classify score is :0.680761099366
####################################################################################
################# Runing the itteration 5  of the GridSearchCV ####################
####################################################################################
***Starting [BaggingRegressor] estimator run, pipeline: | preprocessor:log_poly | transfomer: StandardScaler | reducer: RFE 
##param_grid##
{}
Fitting 5 folds for each of 1 candidates, totalling 5 fits
[CV]  ................................................................
[CV] ................................................. , total=   1.1s
[CV]  ................................................................
[CV] ................................................. , total=   1.1s
[CV]  ................................................................
[CV] ................................................. , total=   1.1s
[CV]  ................................................................
[CV] ................................................. , total=   1.1s
[CV]  ................................................................
[CV] ................................................. , total=   1.1s
GREP_ME***Results of [BaggingRegressor] estimatorrun are
{'mean_train_score': array([ 0.93264658]), 'std_fit_time': array([ 0.01934562]), 'std_test_score': array([ 0.04911599]), 'std_score_time': array([ 0.00160488]), 'split3_test_score': array([ 0.65724993]), 'params': ({},), 'mean_test_score': array([ 0.61141403]), 'rank_test_score': array([1], dtype=int32), 'split1_train_score': array([ 0.94033831]), 'std_train_score': array([ 0.00819339]), 'mean_fit_time': array([ 1.09802809]), 'mean_score_time': array([ 0.01342578]), 'split4_test_score': array([ 0.61588316]), 'split0_test_score': array([ 0.55943057]), 'split2_test_score': array([ 0.67239828]), 'split2_train_score': array([ 0.92363419]), 'split1_test_score': array([ 0.55211412]), 'split4_train_score': array([ 0.92570371]), 'split3_train_score': array([ 0.92926415]), 'split0_train_score': array([ 0.94429253])}
GREP_ME***Best params of [BaggingRegressor] estimator,pipeline:| preprocessor:log_poly | transfomer: StandardScaler | reducer: RFE  run are
{'reducer__step': 0.1, 'preprocessor__kw_args': {'pw': 3}, 'reducer__n_features_to_select': 213}
GREP_ME***Best score of [BaggingRegressor] estimator, pipeline:| preprocessor:log_poly | transfomer: StandardScaler | reducer: RFE run are
0.611414031827
####################################################################################
################# Runing the itteration 6  of the GridSearchCV ####################
####################################################################################
***Starting [ExtraTreesRegressor] estimator run, pipeline: | preprocessor:log_poly | transfomer: StandardScaler | reducer: RFE 
##param_grid##
{}
Fitting 5 folds for each of 1 candidates, totalling 5 fits
[CV]  ................................................................
[CV] ................................................. , total=   0.7s
[CV]  ................................................................
[CV] ................................................. , total=   0.7s
[CV]  ................................................................
[CV] ................................................. , total=   0.7s
[CV]  ................................................................
[CV] ................................................. , total=   0.7s
[CV]  ................................................................
[CV] ................................................. , total=   0.8s
GREP_ME***Results of [ExtraTreesRegressor] estimatorrun are
{'mean_train_score': array([ 1.]), 'std_fit_time': array([ 0.03304743]), 'std_test_score': array([ 0.07213669]), 'std_score_time': array([ 0.0010672]), 'split3_test_score': array([ 0.61038314]), 'params': ({},), 'mean_test_score': array([ 0.56451429]), 'rank_test_score': array([1], dtype=int32), 'split1_train_score': array([ 1.]), 'std_train_score': array([ 0.]), 'mean_fit_time': array([ 0.70158396]), 'mean_score_time': array([ 0.00700736]), 'split4_test_score': array([ 0.5927685]), 'split0_test_score': array([ 0.43392595]), 'split2_test_score': array([ 0.63999297]), 'split2_train_score': array([ 1.]), 'split1_test_score': array([ 0.54553821]), 'split4_train_score': array([ 1.]), 'split3_train_score': array([ 1.]), 'split0_train_score': array([ 1.])}
GREP_ME***Best params of [ExtraTreesRegressor] estimator,pipeline:| preprocessor:log_poly | transfomer: StandardScaler | reducer: RFE  run are
{'reducer__step': 0.1, 'preprocessor__kw_args': {'pw': 3}, 'reducer__n_features_to_select': 213}
GREP_ME***Best score of [ExtraTreesRegressor] estimator, pipeline:| preprocessor:log_poly | transfomer: StandardScaler | reducer: RFE run are
0.564514288338
####################################################################################
################# Runing the itteration 7  of the GridSearchCV ####################
####################################################################################
***Starting [GradientBoostingRegressor] estimator run, pipeline: | preprocessor:log_poly | transfomer: StandardScaler | reducer: RFE 
##param_grid##
{}
Fitting 5 folds for each of 1 candidates, totalling 5 fits
[CV]  ................................................................
[CV] ................................................. , total=   1.3s
[CV]  ................................................................
[CV] ................................................. , total=   1.4s
[CV]  ................................................................
[CV] ................................................. , total=   1.3s
GREP_ME***Results of [GradientBoostingRegressor] estimatorrun are
{'mean_train_score': array([ 0.81755492]), 'std_fit_time': array([ 0.0188074]), 'std_test_score': array([ 0.04341534]), 'std_score_time': array([ 0.00112109]), 'split3_test_score': array([ 0.67325196]), 'params': ({},), 'mean_test_score': array([ 0.65008292]), 'rank_test_score': array([1], dtype=int32), 'split1_train_score': array([ 0.81057685]), 'std_train_score': array([ 0.00680557]), 'mean_fit_time': array([ 1.35180531]), 'mean_score_time': array([ 0.00732999]), 'split4_test_score': array([ 0.65083008]), 'split0_test_score': array([ 0.62433258]), 'split2_test_score': array([ 0.71510915]), 'split2_train_score': array([ 0.81272636]), 'split1_test_score': array([ 0.58689182]), 'split4_train_score': array([ 0.82532213]), 'split3_train_score': array([ 0.81282622]), 'split0_train_score': array([ 0.82632305])}
GREP_ME***Best params of [GradientBoostingRegressor] estimator,pipeline:| preprocessor:log_poly | transfomer: StandardScaler | reducer: RFE  run are
{'reducer__step': 0.1, 'preprocessor__kw_args': {'pw': 3}, 'reducer__n_features_to_select': 213}
GREP_ME***Best score of [GradientBoostingRegressor] estimator, pipeline:| preprocessor:log_poly | transfomer: StandardScaler | reducer: RFE run are
0.650082920562
Preclassifying results
Classify score is :0.899048625793
####################################################################################
################# Runing the itteration 8  of the GridSearchCV ####################
####################################################################################
***Starting [BaggingRegressor] estimator run, pipeline: | preprocessor:log_poly | transfomer: StandardScaler | reducer: RFE 
##param_grid##
{}
Fitting 5 folds for each of 1 candidates, totalling 5 fits
[CV]  ................................................................
[CV] ................................................. , total=   0.9s
[CV]  ................................................................
[CV] ................................................. , total=   0.9s
[CV]  ................................................................
[CV] ................................................. , total=   0.9s
[CV]  ................................................................
[CV] ................................................. , total=   0.9s
[CV]  ................................................................
[CV] ................................................. , total=   1.1s
GREP_ME***Results of [BaggingRegressor] estimatorrun are
{'mean_train_score': array([ 0.95243892]), 'std_fit_time': array([ 0.09155918]), 'std_test_score': array([ 0.05434334]), 'std_score_time': array([ 0.00047963]), 'split3_test_score': array([ 0.80292063]), 'params': ({},), 'mean_test_score': array([ 0.73775919]), 'rank_test_score': array([1], dtype=int32), 'split1_train_score': array([ 0.95087754]), 'std_train_score': array([ 0.00605153]), 'mean_fit_time': array([ 0.93397422]), 'mean_score_time': array([ 0.00572209]), 'split4_test_score': array([ 0.64822202]), 'split0_test_score': array([ 0.72879776]), 'split2_test_score': array([ 0.72372791]), 'split2_train_score': array([ 0.95359922]), 'split1_test_score': array([ 0.78500936]), 'split4_train_score': array([ 0.95985402]), 'split3_train_score': array([ 0.94187007]), 'split0_train_score': array([ 0.95599374])}
GREP_ME***Best params of [BaggingRegressor] estimator,pipeline:| preprocessor:log_poly | transfomer: StandardScaler | reducer: RFE  run are
{'reducer__step': 0.1, 'preprocessor__kw_args': {'pw': 4}, 'reducer__n_features_to_select': 66}
GREP_ME***Best score of [BaggingRegressor] estimator, pipeline:| preprocessor:log_poly | transfomer: StandardScaler | reducer: RFE run are
0.737759190196
####################################################################################
################# Runing the itteration 9  of the GridSearchCV ####################
####################################################################################
***Starting [ExtraTreesRegressor] estimator run, pipeline: | preprocessor:log_poly | transfomer: StandardScaler | reducer: RFE 
##param_grid##
{}
Fitting 5 folds for each of 1 candidates, totalling 5 fits
[CV]  ................................................................
[CV] ................................................. , total=   0.4s
[CV]  ................................................................
[CV] ................................................. , total=   0.4s
[CV]  ................................................................
[CV] ................................................. , total=   0.4s
[CV]  ................................................................
[CV] ................................................. , total=   0.4s
GREP_ME***Results of [ExtraTreesRegressor] estimatorrun are
{'mean_train_score': array([ 1.]), 'std_fit_time': array([ 0.01520629]), 'std_test_score': array([ 0.06290018]), 'std_score_time': array([ 0.00012723]), 'split3_test_score': array([ 0.77100107]), 'params': ({},), 'mean_test_score': array([ 0.73540418]), 'rank_test_score': array([1], dtype=int32), 'split1_train_score': array([ 1.]), 'std_train_score': array([ 0.]), 'mean_fit_time': array([ 0.39395337]), 'mean_score_time': array([ 0.0050776]), 'split4_test_score': array([ 0.63152224]), 'split0_test_score': array([ 0.74666853]), 'split2_test_score': array([ 0.70912917]), 'split2_train_score': array([ 1.]), 'split1_test_score': array([ 0.81856266]), 'split4_train_score': array([ 1.]), 'split3_train_score': array([ 1.]), 'split0_train_score': array([ 1.])}
GREP_ME***Best params of [ExtraTreesRegressor] estimator,pipeline:| preprocessor:log_poly | transfomer: StandardScaler | reducer: RFE  run are
{'reducer__step': 0.1, 'preprocessor__kw_args': {'pw': 4}, 'reducer__n_features_to_select': 66}
GREP_ME***Best score of [ExtraTreesRegressor] estimator, pipeline:| preprocessor:log_poly | transfomer: StandardScaler | reducer: RFE run are
0.735404179883
####################################################################################
################# Runing the itteration 10  of the GridSearchCV ####################
####################################################################################
***Starting [GradientBoostingRegressor] estimator run, pipeline: | preprocessor:log_poly | transfomer: StandardScaler | reducer: RFE 
##param_grid##
{}
Fitting 5 folds for each of 1 candidates, totalling 5 fits
[CV]  ................................................................
[CV] ................................................. , total=   0.7s
[CV]  ................................................................
[CV] ................................................. , total=   0.7s
[CV]  ................................................................
[CV] ................................................. , total=   0.7s
[CV]  ................................................................
[CV] ................................................. , total=   0.8s
GREP_ME***Results of [GradientBoostingRegressor] estimatorrun are
{'mean_train_score': array([ 0.9158884]), 'std_fit_time': array([ 0.0227162]), 'std_test_score': array([ 0.05008612]), 'std_score_time': array([ 0.0003453]), 'split3_test_score': array([ 0.82582992]), 'params': ({},), 'mean_test_score': array([ 0.77753188]), 'rank_test_score': array([1], dtype=int32), 'split1_train_score': array([ 0.91516697]), 'std_train_score': array([ 0.00173932]), 'mean_fit_time': array([ 0.7433176]), 'mean_score_time': array([ 0.00328207]), 'split4_test_score': array([ 0.69056814]), 'split0_test_score': array([ 0.76641839]), 'split2_test_score': array([ 0.77689246]), 'split2_train_score': array([ 0.91376984]), 'split1_test_score': array([ 0.82783559]), 'split4_train_score': array([ 0.91828147]), 'split3_train_score': array([ 0.91757657]), 'split0_train_score': array([ 0.91464712])}
GREP_ME***Best params of [GradientBoostingRegressor] estimator,pipeline:| preprocessor:log_poly | transfomer: StandardScaler | reducer: RFE  run are
{'reducer__step': 0.1, 'preprocessor__kw_args': {'pw': 4}, 'reducer__n_features_to_select': 66}
GREP_ME***Best score of [GradientBoostingRegressor] estimator, pipeline:| preprocessor:log_poly | transfomer: StandardScaler | reducer: RFE run are
0.777531878275
Preclassifying results
Classify score is :0.701902748414
####################################################################################
################# Runing the itteration 11  of the GridSearchCV ####################
####################################################################################
***Starting [BaggingRegressor] estimator run, pipeline: | preprocessor:log_poly | transfomer: StandardScaler | reducer: RFE 
##param_grid##
{}
Fitting 5 folds for each of 1 candidates, totalling 5 fits
[CV]  ................................................................
[CV] ................................................. , total=   1.3s
[CV]  ................................................................
[CV] ................................................. , total=   1.3s
[CV]  ................................................................
[CV] ................................................. , total=   1.4s
[CV]  ................................................................
[CV] ................................................. , total=   1.3s
[CV]  ................................................................
[CV] ................................................. , total=   1.4s
GREP_ME***Results of [BaggingRegressor] estimatorrun are
{'mean_train_score': array([ 0.93991916]), 'std_fit_time': array([ 0.05143647]), 'std_test_score': array([ 0.02885942]), 'std_score_time': array([ 0.00278569]), 'split3_test_score': array([ 0.73562247]), 'params': ({},), 'mean_test_score': array([ 0.6869599]), 'rank_test_score': array([1], dtype=int32), 'split1_train_score': array([ 0.94477704]), 'std_train_score': array([ 0.00289081]), 'mean_fit_time': array([ 1.32814498]), 'mean_score_time': array([ 0.01269584]), 'split4_test_score': array([ 0.66278723]), 'split0_test_score': array([ 0.65285807]), 'split2_test_score': array([ 0.69293671]), 'split2_train_score': array([ 0.93922388]), 'split1_test_score': array([ 0.69056308]), 'split4_train_score': array([ 0.93948505]), 'split3_train_score': array([ 0.93575685]), 'split0_train_score': array([ 0.94035297])}
GREP_ME***Best params of [BaggingRegressor] estimator,pipeline:| preprocessor:log_poly | transfomer: StandardScaler | reducer: RFE  run are
{'reducer__step': 0.1, 'preprocessor__kw_args': {'pw': 4}, 'reducer__n_features_to_select': 223}
GREP_ME***Best score of [BaggingRegressor] estimator, pipeline:| preprocessor:log_poly | transfomer: StandardScaler | reducer: RFE run are
0.686959897347
####################################################################################
################# Runing the itteration 12  of the GridSearchCV ####################
####################################################################################
***Starting [ExtraTreesRegressor] estimator run, pipeline: | preprocessor:log_poly | transfomer: StandardScaler | reducer: RFE 
##param_grid##
{}
Fitting 5 folds for each of 1 candidates, totalling 5 fits
[CV]  ................................................................
[CV] ................................................. , total=   0.8s
[CV]  ................................................................
[CV] ................................................. , total=   0.8s
[CV]  ................................................................
[CV] ................................................. , total=   0.8s
[CV]  ................................................................
[CV] ................................................. , total=   0.8s
[CV]  ................................................................
[CV] ................................................. , total=   0.8s
GREP_ME***Results of [ExtraTreesRegressor] estimatorrun are
{'mean_train_score': array([ 1.]), 'std_fit_time': array([ 0.01499623]), 'std_test_score': array([ 0.05155217]), 'std_score_time': array([ 0.00088667]), 'split3_test_score': array([ 0.72636545]), 'params': ({},), 'mean_test_score': array([ 0.65044221]), 'rank_test_score': array([1], dtype=int32), 'split1_train_score': array([ 1.]), 'std_train_score': array([ 0.]), 'mean_fit_time': array([ 0.78831167]), 'mean_score_time': array([ 0.00786233]), 'split4_test_score': array([ 0.57755503]), 'split0_test_score': array([ 0.62059229]), 'split2_test_score': array([ 0.64181434]), 'split2_train_score': array([ 1.]), 'split1_test_score': array([ 0.68578765]), 'split4_train_score': array([ 1.]), 'split3_train_score': array([ 1.]), 'split0_train_score': array([ 1.])}
GREP_ME***Best params of [ExtraTreesRegressor] estimator,pipeline:| preprocessor:log_poly | transfomer: StandardScaler | reducer: RFE  run are
{'reducer__step': 0.1, 'preprocessor__kw_args': {'pw': 4}, 'reducer__n_features_to_select': 223}
GREP_ME***Best score of [ExtraTreesRegressor] estimator, pipeline:| preprocessor:log_poly | transfomer: StandardScaler | reducer: RFE run are
0.650442208595
####################################################################################
################# Runing the itteration 13  of the GridSearchCV ####################
####################################################################################
***Starting [GradientBoostingRegressor] estimator run, pipeline: | preprocessor:log_poly | transfomer: StandardScaler | reducer: RFE 
##param_grid##
{}
Fitting 5 folds for each of 1 candidates, totalling 5 fits
[CV]  ................................................................
[CV] ................................................. , total=   1.4s
[CV]  ................................................................
[CV] ................................................. , total=   1.5s
[CV]  ................................................................
[CV] ................................................. , total=   1.5s
GREP_ME***Results of [GradientBoostingRegressor] estimatorrun are
{'mean_train_score': array([ 0.83617552]), 'std_fit_time': array([ 0.05326312]), 'std_test_score': array([ 0.02816237]), 'std_score_time': array([ 0.00188161]), 'split3_test_score': array([ 0.74061894]), 'params': ({},), 'mean_test_score': array([ 0.70151732]), 'rank_test_score': array([1], dtype=int32), 'split1_train_score': array([ 0.84810336]), 'std_train_score': array([ 0.00953128]), 'mean_fit_time': array([ 1.4719182]), 'mean_score_time': array([ 0.00632973]), 'split4_test_score': array([ 0.65381692]), 'split0_test_score': array([ 0.70039398]), 'split2_test_score': array([ 0.71394221]), 'split2_train_score': array([ 0.83064292]), 'split1_test_score': array([ 0.69875151]), 'split4_train_score': array([ 0.8473039]), 'split3_train_score': array([ 0.82882155]), 'split0_train_score': array([ 0.82600586])}
GREP_ME***Best params of [GradientBoostingRegressor] estimator,pipeline:| preprocessor:log_poly | transfomer: StandardScaler | reducer: RFE  run are
{'reducer__step': 0.1, 'preprocessor__kw_args': {'pw': 4}, 'reducer__n_features_to_select': 223}
GREP_ME***Best score of [GradientBoostingRegressor] estimator, pipeline:| preprocessor:log_poly | transfomer: StandardScaler | reducer: RFE run are
0.701517316171
Preclassifying results
Classify score is :0.845930232558
####################################################################################
################# Runing the itteration 14  of the GridSearchCV ####################
####################################################################################
***Starting [BaggingRegressor] estimator run, pipeline: | preprocessor:log_poly | transfomer: StandardScaler | reducer: RFE 
##param_grid##
{}
Fitting 5 folds for each of 1 candidates, totalling 5 fits
[CV]  ................................................................
[CV] ................................................. , total=   0.6s
[CV]  ................................................................
[CV] ................................................. , total=   0.7s
[CV]  ................................................................
[CV] ................................................. , total=   0.6s
[CV]  ................................................................
[CV] ................................................. , total=   0.7s
GREP_ME***Results of [BaggingRegressor] estimatorrun are
{'mean_train_score': array([ 0.95586318]), 'std_fit_time': array([ 0.02830319]), 'std_test_score': array([ 0.02765431]), 'std_score_time': array([ 0.00016918]), 'split3_test_score': array([ 0.76091618]), 'params': ({},), 'mean_test_score': array([ 0.73809734]), 'rank_test_score': array([1], dtype=int32), 'split1_train_score': array([ 0.95551148]), 'std_train_score': array([ 0.00461494]), 'mean_fit_time': array([ 0.65465255]), 'mean_score_time': array([ 0.00548916]), 'split4_test_score': array([ 0.71784319]), 'split0_test_score': array([ 0.75618724]), 'split2_test_score': array([ 0.76204444]), 'split2_train_score': array([ 0.9519697]), 'split1_test_score': array([ 0.6934689]), 'split4_train_score': array([ 0.95384368]), 'split3_train_score': array([ 0.95318588]), 'split0_train_score': array([ 0.96480518])}
GREP_ME***Best params of [BaggingRegressor] estimator,pipeline:| preprocessor:log_poly | transfomer: StandardScaler | reducer: RFE  run are
{'reducer__step': 0.1, 'preprocessor__kw_args': {'pw': 2}, 'reducer__n_features_to_select': 60}
GREP_ME***Best score of [BaggingRegressor] estimator, pipeline:| preprocessor:log_poly | transfomer: StandardScaler | reducer: RFE run are
0.738097341138
####################################################################################
################# Runing the itteration 15  of the GridSearchCV ####################
####################################################################################
***Starting [ExtraTreesRegressor] estimator run, pipeline: | preprocessor:log_poly | transfomer: StandardScaler | reducer: RFE 
##param_grid##
{}
Fitting 5 folds for each of 1 candidates, totalling 5 fits
[CV]  ................................................................
[CV] ................................................. , total=   0.3s
[CV]  ................................................................
[CV] ................................................. , total=   0.3s
[CV]  ................................................................
[CV] ................................................. , total=   0.3s
[CV]  ................................................................
[CV] ................................................. , total=   0.3s
GREP_ME***Results of [ExtraTreesRegressor] estimatorrun are
{'mean_train_score': array([ 1.]), 'std_fit_time': array([ 0.00926743]), 'std_test_score': array([ 0.03775636]), 'std_score_time': array([ 0.00038989]), 'split3_test_score': array([ 0.76913408]), 'params': ({},), 'mean_test_score': array([ 0.7564306]), 'rank_test_score': array([1], dtype=int32), 'split1_train_score': array([ 1.]), 'std_train_score': array([ 0.]), 'mean_fit_time': array([ 0.30336666]), 'mean_score_time': array([ 0.00539842]), 'split4_test_score': array([ 0.81039785]), 'split0_test_score': array([ 0.750957]), 'split2_test_score': array([ 0.75871348]), 'split2_train_score': array([ 1.]), 'split1_test_score': array([ 0.69302189]), 'split4_train_score': array([ 1.]), 'split3_train_score': array([ 1.]), 'split0_train_score': array([ 1.])}
GREP_ME***Best params of [ExtraTreesRegressor] estimator,pipeline:| preprocessor:log_poly | transfomer: StandardScaler | reducer: RFE  run are
{'reducer__step': 0.1, 'preprocessor__kw_args': {'pw': 2}, 'reducer__n_features_to_select': 60}
GREP_ME***Best score of [ExtraTreesRegressor] estimator, pipeline:| preprocessor:log_poly | transfomer: StandardScaler | reducer: RFE run are
0.75643059891
####################################################################################
################# Runing the itteration 16  of the GridSearchCV ####################
####################################################################################
***Starting [GradientBoostingRegressor] estimator run, pipeline: | preprocessor:log_poly | transfomer: StandardScaler | reducer: RFE 
##param_grid##
{}
Fitting 5 folds for each of 1 candidates, totalling 5 fits
[CV]  ................................................................
[CV] ................................................. , total=   0.6s
[CV]  ................................................................
[CV] ................................................. , total=   0.6s
[CV]  ................................................................
[CV] ................................................. , total=   0.6s
[CV]  ................................................................
[CV] ................................................. , total=   0.6s
GREP_ME***Results of [GradientBoostingRegressor] estimatorrun are
{'mean_train_score': array([ 0.89374117]), 'std_fit_time': array([ 0.01330395]), 'std_test_score': array([ 0.02716236]), 'std_score_time': array([  4.89193095e-05]), 'split3_test_score': array([ 0.80559588]), 'params': ({},), 'mean_test_score': array([ 0.77745225]), 'rank_test_score': array([1], dtype=int32), 'split1_train_score': array([ 0.89761882]), 'std_train_score': array([ 0.00355708]), 'mean_fit_time': array([ 0.58416991]), 'mean_score_time': array([ 0.00288692]), 'split4_test_score': array([ 0.80087807]), 'split0_test_score': array([ 0.78849413]), 'split2_test_score': array([ 0.75773373]), 'split2_train_score': array([ 0.89673253]), 'split1_test_score': array([ 0.73459035]), 'split4_train_score': array([ 0.89081]), 'split3_train_score': array([ 0.89515858]), 'split0_train_score': array([ 0.88838589])}
GREP_ME***Best params of [GradientBoostingRegressor] estimator,pipeline:| preprocessor:log_poly | transfomer: StandardScaler | reducer: RFE  run are
{'reducer__step': 0.1, 'preprocessor__kw_args': {'pw': 2}, 'reducer__n_features_to_select': 60}
GREP_ME***Best score of [GradientBoostingRegressor] estimator, pipeline:| preprocessor:log_poly | transfomer: StandardScaler | reducer: RFE run are
0.777452245808
Preclassifying results
Classify score is :0.623678646934
####################################################################################
################# Runing the itteration 17  of the GridSearchCV ####################
####################################################################################
***Starting [BaggingRegressor] estimator run, pipeline: | preprocessor:log_poly | transfomer: StandardScaler | reducer: RFE 
##param_grid##
{}
Fitting 5 folds for each of 1 candidates, totalling 5 fits
[CV]  ................................................................
[CV] ................................................. , total=   0.6s
[CV]  ................................................................
[CV] ................................................. , total=   0.6s
[CV]  ................................................................
[CV] ................................................. , total=   0.6s
[CV]  ................................................................
[CV] ................................................. , total=   0.6s
[CV]  ................................................................
[CV] ................................................. , total=   0.6s
GREP_ME***Results of [BaggingRegressor] estimatorrun are
{'mean_train_score': array([ 0.91967691]), 'std_fit_time': array([ 0.01910341]), 'std_test_score': array([ 0.0279913]), 'std_score_time': array([ 0.00111448]), 'split3_test_score': array([ 0.6150013]), 'params': ({},), 'mean_test_score': array([ 0.61711408]), 'rank_test_score': array([1], dtype=int32), 'split1_train_score': array([ 0.91345204]), 'std_train_score': array([ 0.00830769]), 'mean_fit_time': array([ 0.5793982]), 'mean_score_time': array([ 0.00777359]), 'split4_test_score': array([ 0.64419042]), 'split0_test_score': array([ 0.58835542]), 'split2_test_score': array([ 0.58478402]), 'split2_train_score': array([ 0.91371788]), 'split1_test_score': array([ 0.65327499]), 'split4_train_score': array([ 0.918631]), 'split3_train_score': array([ 0.93583701]), 'split0_train_score': array([ 0.91674663])}
GREP_ME***Best params of [BaggingRegressor] estimator,pipeline:| preprocessor:log_poly | transfomer: StandardScaler | reducer: RFE  run are
{'reducer__step': 0.1, 'preprocessor__kw_args': {'pw': 1}, 'reducer__n_features_to_select': 115}
GREP_ME***Best score of [BaggingRegressor] estimator, pipeline:| preprocessor:log_poly | transfomer: StandardScaler | reducer: RFE run are
0.617114078882
####################################################################################
################# Runing the itteration 18  of the GridSearchCV ####################
####################################################################################
***Starting [ExtraTreesRegressor] estimator run, pipeline: | preprocessor:log_poly | transfomer: StandardScaler | reducer: RFE 
##param_grid##
{}
Fitting 5 folds for each of 1 candidates, totalling 5 fits
[CV]  ................................................................
[CV] ................................................. , total=   0.4s
[CV]  ................................................................
[CV] ................................................. , total=   0.4s
[CV]  ................................................................
[CV] ................................................. , total=   0.4s
GREP_ME***Results of [ExtraTreesRegressor] estimatorrun are
{'mean_train_score': array([ 1.]), 'std_fit_time': array([ 0.00796995]), 'std_test_score': array([ 0.0404271]), 'std_score_time': array([ 0.0003848]), 'split3_test_score': array([ 0.57891178]), 'params': ({},), 'mean_test_score': array([ 0.59062361]), 'rank_test_score': array([1], dtype=int32), 'split1_train_score': array([ 1.]), 'std_train_score': array([ 0.]), 'mean_fit_time': array([ 0.39199371]), 'mean_score_time': array([ 0.00592027]), 'split4_test_score': array([ 0.53937859]), 'split0_test_score': array([ 0.60264277]), 'split2_test_score': array([ 0.57149681]), 'split2_train_score': array([ 1.]), 'split1_test_score': array([ 0.66062038]), 'split4_train_score': array([ 1.]), 'split3_train_score': array([ 1.]), 'split0_train_score': array([ 1.])}
GREP_ME***Best params of [ExtraTreesRegressor] estimator,pipeline:| preprocessor:log_poly | transfomer: StandardScaler | reducer: RFE  run are
{'reducer__step': 0.1, 'preprocessor__kw_args': {'pw': 1}, 'reducer__n_features_to_select': 115}
GREP_ME***Best score of [ExtraTreesRegressor] estimator, pipeline:| preprocessor:log_poly | transfomer: StandardScaler | reducer: RFE run are
0.590623605284
####################################################################################
################# Runing the itteration 19  of the GridSearchCV ####################
####################################################################################
***Starting [GradientBoostingRegressor] estimator run, pipeline: | preprocessor:log_poly | transfomer: StandardScaler | reducer: RFE 
##param_grid##
{}
Fitting 5 folds for each of 1 candidates, totalling 5 fits
[CV]  ................................................................
[CV] ................................................. , total=   0.8s
[CV]  ................................................................
[CV] ................................................. , total=   0.8s
[CV]  ................................................................
[CV] ................................................. , total=   0.8s
[CV]  ................................................................
[CV] ................................................. , total=   0.8s
[CV]  ................................................................
[CV] ................................................. , total=   0.8s
GREP_ME***Results of [GradientBoostingRegressor] estimatorrun are
{'mean_train_score': array([ 0.80696757]), 'std_fit_time': array([ 0.03616689]), 'std_test_score': array([ 0.02949938]), 'std_score_time': array([ 0.00020782]), 'split3_test_score': array([ 0.65357704]), 'params': ({},), 'mean_test_score': array([ 0.6349641]), 'rank_test_score': array([1], dtype=int32), 'split1_train_score': array([ 0.79783573]), 'std_train_score': array([ 0.00968329]), 'mean_fit_time': array([ 0.80236669]), 'mean_score_time': array([ 0.00333996]), 'split4_test_score': array([ 0.65861601]), 'split0_test_score': array([ 0.6058548]), 'split2_test_score': array([ 0.59296662]), 'split2_train_score': array([ 0.80072715]), 'split1_test_score': array([ 0.6638373]), 'split4_train_score': array([ 0.813395]), 'split3_train_score': array([ 0.79992519]), 'split0_train_score': array([ 0.82295476])}
GREP_ME***Best params of [GradientBoostingRegressor] estimator,pipeline:| preprocessor:log_poly | transfomer: StandardScaler | reducer: RFE  run are
{'reducer__step': 0.1, 'preprocessor__kw_args': {'pw': 1}, 'reducer__n_features_to_select': 115}
GREP_ME***Best score of [GradientBoostingRegressor] estimator, pipeline:| preprocessor:log_poly | transfomer: StandardScaler | reducer: RFE run are
0.634964104369
Preclassifying results
Classify score is :0.735465116279
####################################################################################
################# Runing the itteration 20  of the GridSearchCV ####################
####################################################################################
***Starting [BaggingRegressor] estimator run, pipeline: | preprocessor:log_poly | transfomer: StandardScaler | reducer: RFE 
##param_grid##
{}
Fitting 5 folds for each of 1 candidates, totalling 5 fits
[CV]  ................................................................
[CV] ................................................. , total=   1.1s
[CV]  ................................................................
[CV] ................................................. , total=   1.1s
[CV]  ................................................................
[CV] ................................................. , total=   1.1s
[CV]  ................................................................
[CV] ................................................. , total=   1.2s
GREP_ME***Results of [BaggingRegressor] estimatorrun are
{'mean_train_score': array([ 0.95206921]), 'std_fit_time': array([ 0.04698314]), 'std_test_score': array([ 0.03818181]), 'std_score_time': array([ 0.00075248]), 'split3_test_score': array([ 0.70235243]), 'params': ({},), 'mean_test_score': array([ 0.69815413]), 'rank_test_score': array([1], dtype=int32), 'split1_train_score': array([ 0.95563493]), 'std_train_score': array([ 0.00251847]), 'mean_fit_time': array([ 1.11167731]), 'mean_score_time': array([ 0.00806131]), 'split4_test_score': array([ 0.72055134]), 'split0_test_score': array([ 0.75518817]), 'split2_test_score': array([ 0.65308525]), 'split2_train_score': array([ 0.9514645]), 'split1_test_score': array([ 0.65962303]), 'split4_train_score': array([ 0.95068377]), 'split3_train_score': array([ 0.95406285]), 'split0_train_score': array([ 0.94849999])}
GREP_ME***Best params of [BaggingRegressor] estimator,pipeline:| preprocessor:log_poly | transfomer: StandardScaler | reducer: RFE  run are
{'reducer__step': 0.1, 'preprocessor__kw_args': {'pw': 4}, 'reducer__n_features_to_select': 133}
GREP_ME***Best score of [BaggingRegressor] estimator, pipeline:| preprocessor:log_poly | transfomer: StandardScaler | reducer: RFE run are
0.698154125153
####################################################################################
################# Runing the itteration 21  of the GridSearchCV ####################
####################################################################################
***Starting [ExtraTreesRegressor] estimator run, pipeline: | preprocessor:log_poly | transfomer: StandardScaler | reducer: RFE 
##param_grid##
{}
Fitting 5 folds for each of 1 candidates, totalling 5 fits
[CV]  ................................................................
[CV] ................................................. , total=   0.6s
[CV]  ................................................................
[CV] ................................................. , total=   0.6s
[CV]  ................................................................
[CV] ................................................. , total=   0.6s
[CV]  ................................................................
[CV] ................................................. , total=   0.6s
[CV]  ................................................................
[CV] ................................................. , total=   0.6s
GREP_ME***Results of [ExtraTreesRegressor] estimatorrun are
{'mean_train_score': array([ 1.]), 'std_fit_time': array([ 0.0220458]), 'std_test_score': array([ 0.02313389]), 'std_score_time': array([ 0.0001475]), 'split3_test_score': array([ 0.68304869]), 'params': ({},), 'mean_test_score': array([ 0.68043002]), 'rank_test_score': array([1], dtype=int32), 'split1_train_score': array([ 1.]), 'std_train_score': array([ 0.]), 'mean_fit_time': array([ 0.57967286]), 'mean_score_time': array([ 0.00585694]), 'split4_test_score': array([ 0.69692051]), 'split0_test_score': array([ 0.71283625]), 'split2_test_score': array([ 0.65790691]), 'split2_train_score': array([ 1.]), 'split1_test_score': array([ 0.65145955]), 'split4_train_score': array([ 1.]), 'split3_train_score': array([ 1.]), 'split0_train_score': array([ 1.])}
GREP_ME***Best params of [ExtraTreesRegressor] estimator,pipeline:| preprocessor:log_poly | transfomer: StandardScaler | reducer: RFE  run are
{'reducer__step': 0.1, 'preprocessor__kw_args': {'pw': 4}, 'reducer__n_features_to_select': 133}
GREP_ME***Best score of [ExtraTreesRegressor] estimator, pipeline:| preprocessor:log_poly | transfomer: StandardScaler | reducer: RFE run are
0.680430024031
####################################################################################
################# Runing the itteration 22  of the GridSearchCV ####################
####################################################################################
***Starting [GradientBoostingRegressor] estimator run, pipeline: | preprocessor:log_poly | transfomer: StandardScaler | reducer: RFE 
##param_grid##
{}
Fitting 5 folds for each of 1 candidates, totalling 5 fits
[CV]  ................................................................
[CV] ................................................. , total=   1.1s
[CV]  ................................................................
[CV] ................................................. , total=   1.1s
[CV]  ................................................................
[CV] ................................................. , total=   1.0s
[CV]  ................................................................
[CV] ................................................. , total=   1.1s
GREP_ME***Results of [GradientBoostingRegressor] estimatorrun are
{'mean_train_score': array([ 0.85257559]), 'std_fit_time': array([ 0.02469882]), 'std_test_score': array([ 0.02790874]), 'std_score_time': array([ 0.00078353]), 'split3_test_score': array([ 0.72678865]), 'params': ({},), 'mean_test_score': array([ 0.72963732]), 'rank_test_score': array([1], dtype=int32), 'split1_train_score': array([ 0.84749435]), 'std_train_score': array([ 0.00370205]), 'mean_fit_time': array([ 1.07197738]), 'mean_score_time': array([ 0.00422578]), 'split4_test_score': array([ 0.73466405]), 'split0_test_score': array([ 0.77564795]), 'split2_test_score': array([ 0.72261056]), 'split2_train_score': array([ 0.85199113]), 'split1_test_score': array([ 0.68848204]), 'split4_train_score': array([ 0.85183899]), 'split3_train_score': array([ 0.85904232]), 'split0_train_score': array([ 0.85251117])}
GREP_ME***Best params of [GradientBoostingRegressor] estimator,pipeline:| preprocessor:log_poly | transfomer: StandardScaler | reducer: RFE  run are
{'reducer__step': 0.1, 'preprocessor__kw_args': {'pw': 4}, 'reducer__n_features_to_select': 133}
GREP_ME***Best score of [GradientBoostingRegressor] estimator, pipeline:| preprocessor:log_poly | transfomer: StandardScaler | reducer: RFE run are
0.729637321734
Preclassifying results
Classify score is :0.703488372093
####################################################################################
################# Runing the itteration 23  of the GridSearchCV ####################
####################################################################################
***Starting [BaggingRegressor] estimator run, pipeline: | preprocessor:log_poly | transfomer: StandardScaler | reducer: RFE 
##param_grid##
{}
Fitting 5 folds for each of 1 candidates, totalling 5 fits
[CV]  ................................................................
[CV] ................................................. , total=   0.9s
[CV]  ................................................................
[CV] ................................................. , total=   1.0s
[CV]  ................................................................
[CV] ................................................. , total=   1.0s
[CV]  ................................................................
[CV] ................................................. , total=   1.0s
GREP_ME***Results of [BaggingRegressor] estimatorrun are
{'mean_train_score': array([ 0.92545053]), 'std_fit_time': array([ 0.03400186]), 'std_test_score': array([ 0.02678276]), 'std_score_time': array([ 0.00151679]), 'split3_test_score': array([ 0.61768763]), 'params': ({},), 'mean_test_score': array([ 0.62681588]), 'rank_test_score': array([1], dtype=int32), 'split1_train_score': array([ 0.9249357]), 'std_train_score': array([ 0.00513975]), 'mean_fit_time': array([ 0.96009784]), 'mean_score_time': array([ 0.01007619]), 'split4_test_score': array([ 0.5995087]), 'split0_test_score': array([ 0.6600438]), 'split2_test_score': array([ 0.65711126]), 'split2_train_score': array([ 0.92471931]), 'split1_test_score': array([ 0.59969195]), 'split4_train_score': array([ 0.9304448]), 'split3_train_score': array([ 0.91652951]), 'split0_train_score': array([ 0.93062334])}
GREP_ME***Best params of [BaggingRegressor] estimator,pipeline:| preprocessor:log_poly | transfomer: StandardScaler | reducer: RFE  run are
{'reducer__step': 0.1, 'preprocessor__kw_args': {'pw': 3}, 'reducer__n_features_to_select': 127}
GREP_ME***Best score of [BaggingRegressor] estimator, pipeline:| preprocessor:log_poly | transfomer: StandardScaler | reducer: RFE run are
0.626815880326
####################################################################################
################# Runing the itteration 24  of the GridSearchCV ####################
####################################################################################
***Starting [ExtraTreesRegressor] estimator run, pipeline: | preprocessor:log_poly | transfomer: StandardScaler | reducer: RFE 
##param_grid##
{}
Fitting 5 folds for each of 1 candidates, totalling 5 fits
[CV]  ................................................................
[CV] ................................................. , total=   0.5s
[CV]  ................................................................
[CV] ................................................. , total=   0.5s
[CV]  ................................................................
[CV] ................................................. , total=   0.5s
[CV]  ................................................................
[CV] ................................................. , total=   0.5s
[CV]  ................................................................
[CV] ................................................. , total=   0.5s
GREP_ME***Results of [ExtraTreesRegressor] estimatorrun are
{'mean_train_score': array([ 1.]), 'std_fit_time': array([ 0.00834787]), 'std_test_score': array([ 0.02846948]), 'std_score_time': array([ 0.00039421]), 'split3_test_score': array([ 0.62207261]), 'params': ({},), 'mean_test_score': array([ 0.62040722]), 'rank_test_score': array([1], dtype=int32), 'split1_train_score': array([ 1.]), 'std_train_score': array([ 0.]), 'mean_fit_time': array([ 0.49626012]), 'mean_score_time': array([ 0.00621347]), 'split4_test_score': array([ 0.57258811]), 'split0_test_score': array([ 0.66055223]), 'split2_test_score': array([ 0.63161917]), 'split2_train_score': array([ 1.]), 'split1_test_score': array([ 0.61514082]), 'split4_train_score': array([ 1.]), 'split3_train_score': array([ 1.]), 'split0_train_score': array([ 1.])}
GREP_ME***Best params of [ExtraTreesRegressor] estimator,pipeline:| preprocessor:log_poly | transfomer: StandardScaler | reducer: RFE  run are
{'reducer__step': 0.1, 'preprocessor__kw_args': {'pw': 3}, 'reducer__n_features_to_select': 127}
GREP_ME***Best score of [ExtraTreesRegressor] estimator, pipeline:| preprocessor:log_poly | transfomer: StandardScaler | reducer: RFE run are
0.620407222331
####################################################################################
################# Runing the itteration 25  of the GridSearchCV ####################
####################################################################################
***Starting [GradientBoostingRegressor] estimator run, pipeline: | preprocessor:log_poly | transfomer: StandardScaler | reducer: RFE 
##param_grid##
{}
Fitting 5 folds for each of 1 candidates, totalling 5 fits
[CV]  ................................................................
[CV] ................................................. , total=   0.9s
[CV]  ................................................................
[CV] ................................................. , total=   1.0s
[CV]  ................................................................
[CV] ................................................. , total=   1.0s
[CV]  ................................................................
[CV] ................................................. , total=   1.0s
GREP_ME***Results of [GradientBoostingRegressor] estimatorrun are
{'mean_train_score': array([ 0.83359442]), 'std_fit_time': array([ 0.03292935]), 'std_test_score': array([ 0.02831457]), 'std_score_time': array([ 0.00074857]), 'split3_test_score': array([ 0.67278864]), 'params': ({},), 'mean_test_score': array([ 0.67155266]), 'rank_test_score': array([1], dtype=int32), 'split1_train_score': array([ 0.8335552]), 'std_train_score': array([ 0.00454926]), 'mean_fit_time': array([ 0.98041735]), 'mean_score_time': array([ 0.00455432]), 'split4_test_score': array([ 0.63597064]), 'split0_test_score': array([ 0.70391866]), 'split2_test_score': array([ 0.70160658]), 'split2_train_score': array([ 0.83780586]), 'split1_test_score': array([ 0.64343177]), 'split4_train_score': array([ 0.82895666]), 'split3_train_score': array([ 0.83948951]), 'split0_train_score': array([ 0.82816485])}
GREP_ME***Best params of [GradientBoostingRegressor] estimator,pipeline:| preprocessor:log_poly | transfomer: StandardScaler | reducer: RFE  run are
{'reducer__step': 0.1, 'preprocessor__kw_args': {'pw': 3}, 'reducer__n_features_to_select': 127}
GREP_ME***Best score of [GradientBoostingRegressor] estimator, pipeline:| preprocessor:log_poly | transfomer: StandardScaler | reducer: RFE run are
0.67155265917
Preclassifying results
Classify score is :0.553118393235
####################################################################################
################# Runing the itteration 26  of the GridSearchCV ####################
####################################################################################
***Starting [BaggingRegressor] estimator run, pipeline: | preprocessor:log_poly | transfomer: StandardScaler | reducer: RFE 
##param_grid##
{}
Fitting 5 folds for each of 1 candidates, totalling 5 fits
[CV]  ................................................................
[CV] ................................................. , total=   0.7s
[CV]  ................................................................
[CV] ................................................. , total=   0.7s
[CV]  ................................................................
[CV] ................................................. , total=   0.7s
[CV]  ................................................................
[CV] ................................................. , total=   0.7s
GREP_ME***Results of [BaggingRegressor] estimatorrun are
{'mean_train_score': array([ 0.92499734]), 'std_fit_time': array([ 0.01249816]), 'std_test_score': array([ 0.02757949]), 'std_score_time': array([ 0.00224672]), 'split3_test_score': array([ 0.61295656]), 'params': ({},), 'mean_test_score': array([ 0.57539794]), 'rank_test_score': array([1], dtype=int32), 'split1_train_score': array([ 0.91833427]), 'std_train_score': array([ 0.00353086]), 'mean_fit_time': array([ 0.69910278]), 'mean_score_time': array([ 0.01086736]), 'split4_test_score': array([ 0.59463051]), 'split0_test_score': array([ 0.55154516]), 'split2_test_score': array([ 0.5375932]), 'split2_train_score': array([ 0.92769404]), 'split1_test_score': array([ 0.58028971]), 'split4_train_score': array([ 0.92497694]), 'split3_train_score': array([ 0.92582481]), 'split0_train_score': array([ 0.92815663])}
GREP_ME***Best params of [BaggingRegressor] estimator,pipeline:| preprocessor:log_poly | transfomer: StandardScaler | reducer: RFE  run are
{'reducer__step': 0.1, 'preprocessor__kw_args': {'pw': 1}, 'reducer__n_features_to_select': 193}
GREP_ME***Best score of [BaggingRegressor] estimator, pipeline:| preprocessor:log_poly | transfomer: StandardScaler | reducer: RFE run are
0.575397944623
####################################################################################
################# Runing the itteration 27  of the GridSearchCV ####################
####################################################################################
***Starting [ExtraTreesRegressor] estimator run, pipeline: | preprocessor:log_poly | transfomer: StandardScaler | reducer: RFE 
##param_grid##
{}
Fitting 5 folds for each of 1 candidates, totalling 5 fits
[CV]  ................................................................
[CV] ................................................. , total=   0.5s
[CV]  ................................................................
[CV] ................................................. , total=   0.6s
[CV]  ................................................................
[CV] ................................................. , total=   0.6s
[CV]  ................................................................
[CV] ................................................. , total=   0.6s
[CV]  ................................................................
[CV] ................................................. , total=   0.7s
GREP_ME***Results of [ExtraTreesRegressor] estimatorrun are
{'mean_train_score': array([ 1.]), 'std_fit_time': array([ 0.04260326]), 'std_test_score': array([ 0.00804822]), 'std_score_time': array([ 0.00066311]), 'split3_test_score': array([ 0.58625246]), 'params': ({},), 'mean_test_score': array([ 0.57181794]), 'rank_test_score': array([1], dtype=int32), 'split1_train_score': array([ 1.]), 'std_train_score': array([ 0.]), 'mean_fit_time': array([ 0.57648721]), 'mean_score_time': array([ 0.00726066]), 'split4_test_score': array([ 0.5628947]), 'split0_test_score': array([ 0.56589986]), 'split2_test_score': array([ 0.57265084]), 'split2_train_score': array([ 1.]), 'split1_test_score': array([ 0.57138004]), 'split4_train_score': array([ 1.]), 'split3_train_score': array([ 1.]), 'split0_train_score': array([ 1.])}
GREP_ME***Best params of [ExtraTreesRegressor] estimator,pipeline:| preprocessor:log_poly | transfomer: StandardScaler | reducer: RFE  run are
{'reducer__step': 0.1, 'preprocessor__kw_args': {'pw': 1}, 'reducer__n_features_to_select': 193}
GREP_ME***Best score of [ExtraTreesRegressor] estimator, pipeline:| preprocessor:log_poly | transfomer: StandardScaler | reducer: RFE run are
0.571817937744
####################################################################################
################# Runing the itteration 28  of the GridSearchCV ####################
####################################################################################
***Starting [GradientBoostingRegressor] estimator run, pipeline: | preprocessor:log_poly | transfomer: StandardScaler | reducer: RFE 
##param_grid##
{}
Fitting 5 folds for each of 1 candidates, totalling 5 fits
[CV]  ................................................................
[CV] ................................................. , total=   1.1s
[CV]  ................................................................
[CV] ................................................. , total=   1.3s
[CV]  ................................................................
[CV] ................................................. , total=   1.2s
[CV]  ................................................................
[CV] ................................................. , total=   1.3s
GREP_ME***Results of [GradientBoostingRegressor] estimatorrun are
{'mean_train_score': array([ 0.77755482]), 'std_fit_time': array([ 0.06760031]), 'std_test_score': array([ 0.03884131]), 'std_score_time': array([ 0.00334155]), 'split3_test_score': array([ 0.66645826]), 'params': ({},), 'mean_test_score': array([ 0.60172132]), 'rank_test_score': array([1], dtype=int32), 'split1_train_score': array([ 0.76938016]), 'std_train_score': array([ 0.00644065]), 'mean_fit_time': array([ 1.22672997]), 'mean_score_time': array([ 0.00773869]), 'split4_test_score': array([ 0.60415594]), 'split0_test_score': array([ 0.60579228]), 'split2_test_score': array([ 0.58598077]), 'split2_train_score': array([ 0.78669132]), 'split1_test_score': array([ 0.54622255]), 'split4_train_score': array([ 0.78140529]), 'split3_train_score': array([ 0.7712305]), 'split0_train_score': array([ 0.77906684])}
GREP_ME***Best params of [GradientBoostingRegressor] estimator,pipeline:| preprocessor:log_poly | transfomer: StandardScaler | reducer: RFE  run are
{'reducer__step': 0.1, 'preprocessor__kw_args': {'pw': 1}, 'reducer__n_features_to_select': 193}
GREP_ME***Best score of [GradientBoostingRegressor] estimator, pipeline:| preprocessor:log_poly | transfomer: StandardScaler | reducer: RFE run are
0.60172131562
Preclassifying results
Classify score is :0.766649048626
####################################################################################
################# Runing the itteration 29  of the GridSearchCV ####################
####################################################################################
***Starting [BaggingRegressor] estimator run, pipeline: | preprocessor:log_poly | transfomer: StandardScaler | reducer: RFE 
##param_grid##
{}
Fitting 5 folds for each of 1 candidates, totalling 5 fits
[CV]  ................................................................
[CV] ................................................. , total=   0.5s
[CV]  ................................................................
[CV] ................................................. , total=   0.5s
[CV]  ................................................................
[CV] ................................................. , total=   0.5s
[CV]  ................................................................
[CV] ................................................. , total=   0.5s
[CV]  ................................................................
[CV] ................................................. , total=   0.5s
GREP_ME***Results of [BaggingRegressor] estimatorrun are
{'mean_train_score': array([ 0.94120484]), 'std_fit_time': array([ 0.02086143]), 'std_test_score': array([ 0.03513947]), 'std_score_time': array([ 0.00094436]), 'split3_test_score': array([ 0.63483268]), 'params': ({},), 'mean_test_score': array([ 0.65033875]), 'rank_test_score': array([1], dtype=int32), 'split1_train_score': array([ 0.94315756]), 'std_train_score': array([ 0.00503281]), 'mean_fit_time': array([ 0.47618947]), 'mean_score_time': array([ 0.006428]), 'split4_test_score': array([ 0.58978553]), 'split0_test_score': array([ 0.67889632]), 'split2_test_score': array([ 0.68689576]), 'split2_train_score': array([ 0.93589939]), 'split1_test_score': array([ 0.66120347]), 'split4_train_score': array([ 0.94250288]), 'split3_train_score': array([ 0.94897345]), 'split0_train_score': array([ 0.93549094])}
GREP_ME***Best params of [BaggingRegressor] estimator,pipeline:| preprocessor:log_poly | transfomer: StandardScaler | reducer: RFE  run are
{'reducer__step': 0.1, 'preprocessor__kw_args': {'pw': 1}, 'reducer__n_features_to_select': 57}
GREP_ME***Best score of [BaggingRegressor] estimator, pipeline:| preprocessor:log_poly | transfomer: StandardScaler | reducer: RFE run are
0.650338748424
####################################################################################
################# Runing the itteration 30  of the GridSearchCV ####################
####################################################################################
***Starting [ExtraTreesRegressor] estimator run, pipeline: | preprocessor:log_poly | transfomer: StandardScaler | reducer: RFE 
##param_grid##
{}
Fitting 5 folds for each of 1 candidates, totalling 5 fits
[CV]  ................................................................
[CV] ................................................. , total=   0.3s
[CV]  ................................................................
[CV] ................................................. , total=   0.3s
[CV]  ................................................................
[CV] ................................................. , total=   0.3s
[CV]  ................................................................
[CV] ................................................. , total=   0.3s
[CV]  ................................................................
[CV] ................................................. , total=   0.4s
GREP_ME***Results of [ExtraTreesRegressor] estimatorrun are
{'mean_train_score': array([ 1.]), 'std_fit_time': array([ 0.04644731]), 'std_test_score': array([ 0.0247147]), 'std_score_time': array([ 0.00071687]), 'split3_test_score': array([ 0.65257806]), 'params': ({},), 'mean_test_score': array([ 0.66097335]), 'rank_test_score': array([1], dtype=int32), 'split1_train_score': array([ 1.]), 'std_train_score': array([ 0.]), 'mean_fit_time': array([ 0.28237472]), 'mean_score_time': array([ 0.00563993]), 'split4_test_score': array([ 0.62463661]), 'split0_test_score': array([ 0.68464538]), 'split2_test_score': array([ 0.692492]), 'split2_train_score': array([ 1.]), 'split1_test_score': array([ 0.65046671]), 'split4_train_score': array([ 1.]), 'split3_train_score': array([ 1.]), 'split0_train_score': array([ 1.])}
GREP_ME***Best params of [ExtraTreesRegressor] estimator,pipeline:| preprocessor:log_poly | transfomer: StandardScaler | reducer: RFE  run are
{'reducer__step': 0.1, 'preprocessor__kw_args': {'pw': 1}, 'reducer__n_features_to_select': 57}
GREP_ME***Best score of [ExtraTreesRegressor] estimator, pipeline:| preprocessor:log_poly | transfomer: StandardScaler | reducer: RFE run are
0.660973351442
####################################################################################
################# Runing the itteration 31  of the GridSearchCV ####################
####################################################################################
***Starting [GradientBoostingRegressor] estimator run, pipeline: | preprocessor:log_poly | transfomer: StandardScaler | reducer: RFE 
##param_grid##
{}
Fitting 5 folds for each of 1 candidates, totalling 5 fits
[CV]  ................................................................
[CV] ................................................. , total=   0.5s
[CV]  ................................................................
[CV] ................................................. , total=   0.5s
[CV]  ................................................................
[CV] ................................................. , total=   0.5s
[CV]  ................................................................
[CV] ................................................. , total=   0.5s
[CV]  ................................................................
[CV] ................................................. , total=   0.6s
GREP_ME***Results of [GradientBoostingRegressor] estimatorrun are
{'mean_train_score': array([ 0.85531864]), 'std_fit_time': array([ 0.02675962]), 'std_test_score': array([ 0.02169652]), 'std_score_time': array([  3.23151385e-05]), 'split3_test_score': array([ 0.68252886]), 'params': ({},), 'mean_test_score': array([ 0.70891616]), 'rank_test_score': array([1], dtype=int32), 'split1_train_score': array([ 0.86585996]), 'std_train_score': array([ 0.00749154]), 'mean_fit_time': array([ 0.52767]), 'mean_score_time': array([ 0.00286765]), 'split4_test_score': array([ 0.69224624]), 'split0_test_score': array([ 0.73148321]), 'split2_test_score': array([ 0.73732328]), 'split2_train_score': array([ 0.85811378]), 'split1_test_score': array([ 0.7009772]), 'split4_train_score': array([ 0.8591347]), 'split3_train_score': array([ 0.84665026]), 'split0_train_score': array([ 0.84683451])}
GREP_ME***Best params of [GradientBoostingRegressor] estimator,pipeline:| preprocessor:log_poly | transfomer: StandardScaler | reducer: RFE  run are
{'reducer__step': 0.1, 'preprocessor__kw_args': {'pw': 1}, 'reducer__n_features_to_select': 57}
GREP_ME***Best score of [GradientBoostingRegressor] estimator, pipeline:| preprocessor:log_poly | transfomer: StandardScaler | reducer: RFE run are
0.708916164765
Preclassifying results
Classify score is :0.665169133192
####################################################################################
################# Runing the itteration 32  of the GridSearchCV ####################
####################################################################################
***Starting [BaggingRegressor] estimator run, pipeline: | preprocessor:log_poly | transfomer: StandardScaler | reducer: RFE 
##param_grid##
{}
Fitting 5 folds for each of 1 candidates, totalling 5 fits
[CV]  ................................................................
[CV] ................................................. , total=   0.8s
[CV]  ................................................................
[CV] ................................................. , total=   0.8s
[CV]  ................................................................
[CV] ................................................. , total=   0.8s
[CV]  ................................................................
[CV] ................................................. , total=   0.8s
[CV]  ................................................................
[CV] ................................................. , total=   0.8s
GREP_ME***Results of [BaggingRegressor] estimatorrun are
{'mean_train_score': array([ 0.93373213]), 'std_fit_time': array([ 0.02662249]), 'std_test_score': array([ 0.06324402]), 'std_score_time': array([ 0.00019451]), 'split3_test_score': array([ 0.67541984]), 'params': ({},), 'mean_test_score': array([ 0.59595389]), 'rank_test_score': array([1], dtype=int32), 'split1_train_score': array([ 0.93194133]), 'std_train_score': array([ 0.00213843]), 'mean_fit_time': array([ 0.77646608]), 'mean_score_time': array([ 0.00723433]), 'split4_test_score': array([ 0.51198771]), 'split0_test_score': array([ 0.63752476]), 'split2_test_score': array([ 0.53143635]), 'split2_train_score': array([ 0.93678916]), 'split1_test_score': array([ 0.62328985]), 'split4_train_score': array([ 0.93430835]), 'split3_train_score': array([ 0.93077589]), 'split0_train_score': array([ 0.93484593])}
GREP_ME***Best params of [BaggingRegressor] estimator,pipeline:| preprocessor:log_poly | transfomer: StandardScaler | reducer: RFE  run are
{'reducer__step': 0.1, 'preprocessor__kw_args': {'pw': 2}, 'reducer__n_features_to_select': 121}
GREP_ME***Best score of [BaggingRegressor] estimator, pipeline:| preprocessor:log_poly | transfomer: StandardScaler | reducer: RFE run are
0.595953885964
####################################################################################
################# Runing the itteration 33  of the GridSearchCV ####################
####################################################################################
***Starting [ExtraTreesRegressor] estimator run, pipeline: | preprocessor:log_poly | transfomer: StandardScaler | reducer: RFE 
##param_grid##
{}
Fitting 5 folds for each of 1 candidates, totalling 5 fits
[CV]  ................................................................
[CV] ................................................. , total=   0.5s
[CV]  ................................................................
[CV] ................................................. , total=   0.5s
[CV]  ................................................................
[CV] ................................................. , total=   0.5s
[CV]  ................................................................
[CV] ................................................. , total=   0.4s
[CV]  ................................................................
[CV] ................................................. , total=   0.5s
GREP_ME***Results of [ExtraTreesRegressor] estimatorrun are
{'mean_train_score': array([ 1.]), 'std_fit_time': array([ 0.00927578]), 'std_test_score': array([ 0.06027353]), 'std_score_time': array([ 0.00023567]), 'split3_test_score': array([ 0.62464411]), 'params': ({},), 'mean_test_score': array([ 0.56755904]), 'rank_test_score': array([1], dtype=int32), 'split1_train_score': array([ 1.]), 'std_train_score': array([ 0.]), 'mean_fit_time': array([ 0.4508646]), 'mean_score_time': array([ 0.00558739]), 'split4_test_score': array([ 0.47356219]), 'split0_test_score': array([ 0.63108012]), 'split2_test_score': array([ 0.5251666]), 'split2_train_score': array([ 1.]), 'split1_test_score': array([ 0.58321802]), 'split4_train_score': array([ 1.]), 'split3_train_score': array([ 1.]), 'split0_train_score': array([ 1.])}
GREP_ME***Best params of [ExtraTreesRegressor] estimator,pipeline:| preprocessor:log_poly | transfomer: StandardScaler | reducer: RFE  run are
{'reducer__step': 0.1, 'preprocessor__kw_args': {'pw': 2}, 'reducer__n_features_to_select': 121}
GREP_ME***Best score of [ExtraTreesRegressor] estimator, pipeline:| preprocessor:log_poly | transfomer: StandardScaler | reducer: RFE run are
0.567559042433
####################################################################################
################# Runing the itteration 34  of the GridSearchCV ####################
####################################################################################
***Starting [GradientBoostingRegressor] estimator run, pipeline: | preprocessor:log_poly | transfomer: StandardScaler | reducer: RFE 
##param_grid##
{}
Fitting 5 folds for each of 1 candidates, totalling 5 fits
[CV]  ................................................................
[CV] ................................................. , total=   0.8s
[CV]  ................................................................
[CV] ................................................. , total=   0.9s
[CV]  ................................................................
[CV] ................................................. , total=   0.9s
[CV]  ................................................................
[CV] ................................................. , total=   0.9s
GREP_ME***Results of [GradientBoostingRegressor] estimatorrun are
{'mean_train_score': array([ 0.81043008]), 'std_fit_time': array([ 0.02524663]), 'std_test_score': array([ 0.05919903]), 'std_score_time': array([  9.06201890e-05]), 'split3_test_score': array([ 0.62388965]), 'params': ({},), 'mean_test_score': array([ 0.61337065]), 'rank_test_score': array([1], dtype=int32), 'split1_train_score': array([ 0.82159832]), 'std_train_score': array([ 0.0123291]), 'mean_fit_time': array([ 0.86811266]), 'mean_score_time': array([ 0.00313692]), 'split4_test_score': array([ 0.5055371]), 'split0_test_score': array([ 0.67195026]), 'split2_test_score': array([ 0.60422069]), 'split2_train_score': array([ 0.81995004]), 'split1_test_score': array([ 0.66111308]), 'split4_train_score': array([ 0.81514178]), 'split3_train_score': array([ 0.78773272]), 'split0_train_score': array([ 0.80772756])}
GREP_ME***Best params of [GradientBoostingRegressor] estimator,pipeline:| preprocessor:log_poly | transfomer: StandardScaler | reducer: RFE  run are
{'reducer__step': 0.1, 'preprocessor__kw_args': {'pw': 2}, 'reducer__n_features_to_select': 121}
GREP_ME***Best score of [GradientBoostingRegressor] estimator, pipeline:| preprocessor:log_poly | transfomer: StandardScaler | reducer: RFE run are
0.613370647453
Preclassifying results
Classify score is :0.655126849894
####################################################################################
################# Runing the itteration 35  of the GridSearchCV ####################
####################################################################################
***Starting [BaggingRegressor] estimator run, pipeline: | preprocessor:log_poly | transfomer: StandardScaler | reducer: RFE 
##param_grid##
{}
Fitting 5 folds for each of 1 candidates, totalling 5 fits
[CV]  ................................................................
[CV] ................................................. , total=   0.9s
[CV]  ................................................................
[CV] ................................................. , total=   0.9s
[CV]  ................................................................
[CV] ................................................. , total=   0.9s
[CV]  ................................................................
[CV] ................................................. , total=   1.0s
[CV]  ................................................................
[CV] ................................................. , total=   1.0s
GREP_ME***Results of [BaggingRegressor] estimatorrun are
{'mean_train_score': array([ 0.92543146]), 'std_fit_time': array([ 0.04821457]), 'std_test_score': array([ 0.02866505]), 'std_score_time': array([ 0.00135976]), 'split3_test_score': array([ 0.57324364]), 'params': ({},), 'mean_test_score': array([ 0.62711754]), 'rank_test_score': array([1], dtype=int32), 'split1_train_score': array([ 0.91697514]), 'std_train_score': array([ 0.0062989]), 'mean_fit_time': array([ 0.94109974]), 'mean_score_time': array([ 0.01132259]), 'split4_test_score': array([ 0.63836151]), 'split0_test_score': array([ 0.62816972]), 'split2_test_score': array([ 0.63760354]), 'split2_train_score': array([ 0.92149383]), 'split1_test_score': array([ 0.65822415]), 'split4_train_score': array([ 0.9233337]), 'split3_train_score': array([ 0.93168709]), 'split0_train_score': array([ 0.93366753])}
GREP_ME***Best params of [BaggingRegressor] estimator,pipeline:| preprocessor:log_poly | transfomer: StandardScaler | reducer: RFE  run are
{'reducer__step': 0.1, 'preprocessor__kw_args': {'pw': 2}, 'reducer__n_features_to_select': 203}
GREP_ME***Best score of [BaggingRegressor] estimator, pipeline:| preprocessor:log_poly | transfomer: StandardScaler | reducer: RFE run are
0.627117541678
####################################################################################
################# Runing the itteration 36  of the GridSearchCV ####################
####################################################################################
***Starting [ExtraTreesRegressor] estimator run, pipeline: | preprocessor:log_poly | transfomer: StandardScaler | reducer: RFE 
##param_grid##
{}
Fitting 5 folds for each of 1 candidates, totalling 5 fits
[CV]  ................................................................
[CV] ................................................. , total=   0.6s
[CV]  ................................................................
[CV] ................................................. , total=   0.6s
[CV]  ................................................................
[CV] ................................................. , total=   0.6s
[CV]  ................................................................
[CV] ................................................. , total=   0.6s
[CV]  ................................................................
[CV] ................................................. , total=   0.6s
GREP_ME***Results of [ExtraTreesRegressor] estimatorrun are
{'mean_train_score': array([ 1.]), 'std_fit_time': array([ 0.01616277]), 'std_test_score': array([ 0.07226836]), 'std_score_time': array([ 0.00101841]), 'split3_test_score': array([ 0.45395543]), 'params': ({},), 'mean_test_score': array([ 0.5971188]), 'rank_test_score': array([1], dtype=int32), 'split1_train_score': array([ 1.]), 'std_train_score': array([ 0.]), 'mean_fit_time': array([ 0.61208282]), 'mean_score_time': array([ 0.00684004]), 'split4_test_score': array([ 0.62707292]), 'split0_test_score': array([ 0.61784882]), 'split2_test_score': array([ 0.64500063]), 'split2_train_score': array([ 1.]), 'split1_test_score': array([ 0.64175575]), 'split4_train_score': array([ 1.]), 'split3_train_score': array([ 1.]), 'split0_train_score': array([ 1.])}
GREP_ME***Best params of [ExtraTreesRegressor] estimator,pipeline:| preprocessor:log_poly | transfomer: StandardScaler | reducer: RFE  run are
{'reducer__step': 0.1, 'preprocessor__kw_args': {'pw': 2}, 'reducer__n_features_to_select': 203}
GREP_ME***Best score of [ExtraTreesRegressor] estimator, pipeline:| preprocessor:log_poly | transfomer: StandardScaler | reducer: RFE run are
0.597118795491
####################################################################################
################# Runing the itteration 37  of the GridSearchCV ####################
####################################################################################
***Starting [GradientBoostingRegressor] estimator run, pipeline: | preprocessor:log_poly | transfomer: StandardScaler | reducer: RFE 
##param_grid##
{}
Fitting 5 folds for each of 1 candidates, totalling 5 fits
[CV]  ................................................................
[CV] ................................................. , total=   1.2s
[CV]  ................................................................
[CV] ................................................. , total=   1.4s
[CV]  ................................................................
[CV] ................................................. , total=   1.3s
[CV]  ................................................................
[CV] ................................................. , total=   1.4s
GREP_ME***Results of [GradientBoostingRegressor] estimatorrun are
{'mean_train_score': array([ 0.8178476]), 'std_fit_time': array([ 0.08332968]), 'std_test_score': array([ 0.04451605]), 'std_score_time': array([ 0.00292186]), 'split3_test_score': array([ 0.58370031]), 'params': ({},), 'mean_test_score': array([ 0.66771585]), 'rank_test_score': array([1], dtype=int32), 'split1_train_score': array([ 0.81225697]), 'std_train_score': array([ 0.00946996]), 'mean_fit_time': array([ 1.28588467]), 'mean_score_time': array([ 0.00703449]), 'split4_test_score': array([ 0.70948845]), 'split0_test_score': array([ 0.66355708]), 'split2_test_score': array([ 0.6929574]), 'split2_train_score': array([ 0.82100364]), 'split1_test_score': array([ 0.6889312]), 'split4_train_score': array([ 0.81510971]), 'split3_train_score': array([ 0.83433189]), 'split0_train_score': array([ 0.80653578])}
GREP_ME***Best params of [GradientBoostingRegressor] estimator,pipeline:| preprocessor:log_poly | transfomer: StandardScaler | reducer: RFE  run are
{'reducer__step': 0.1, 'preprocessor__kw_args': {'pw': 2}, 'reducer__n_features_to_select': 203}
GREP_ME***Best score of [GradientBoostingRegressor] estimator, pipeline:| preprocessor:log_poly | transfomer: StandardScaler | reducer: RFE run are
0.667715850514
Preclassifying results
Classify score is :0.88689217759
####################################################################################
################# Runing the itteration 38  of the GridSearchCV ####################
####################################################################################
***Starting [BaggingRegressor] estimator run, pipeline: | preprocessor:log_poly | transfomer: StandardScaler | reducer: RFE 
##param_grid##
{}
Fitting 5 folds for each of 1 candidates, totalling 5 fits
[CV]  ................................................................
[CV] ................................................. , total=   0.8s
[CV]  ................................................................
[CV] ................................................. , total=   0.8s
[CV]  ................................................................
[CV] ................................................. , total=   0.8s
[CV]  ................................................................
[CV] ................................................. , total=   0.8s
[CV]  ................................................................
[CV] ................................................. , total=   0.8s
GREP_ME***Results of [BaggingRegressor] estimatorrun are
{'mean_train_score': array([ 0.94636804]), 'std_fit_time': array([ 0.01944386]), 'std_test_score': array([ 0.06292357]), 'std_score_time': array([ 0.00015401]), 'split3_test_score': array([ 0.77800309]), 'params': ({},), 'mean_test_score': array([ 0.74568779]), 'rank_test_score': array([1], dtype=int32), 'split1_train_score': array([ 0.95381585]), 'std_train_score': array([ 0.00520416]), 'mean_fit_time': array([ 0.76863837]), 'mean_score_time': array([ 0.00562034]), 'split4_test_score': array([ 0.82246839]), 'split0_test_score': array([ 0.63556833]), 'split2_test_score': array([ 0.76539404]), 'split2_train_score': array([ 0.94667852]), 'split1_test_score': array([ 0.72710653]), 'split4_train_score': array([ 0.94454927]), 'split3_train_score': array([ 0.93797134]), 'split0_train_score': array([ 0.94882519])}
GREP_ME***Best params of [BaggingRegressor] estimator,pipeline:| preprocessor:log_poly | transfomer: StandardScaler | reducer: RFE  run are
{'reducer__step': 0.1, 'preprocessor__kw_args': {'pw': 3}, 'reducer__n_features_to_select': 63}
GREP_ME***Best score of [BaggingRegressor] estimator, pipeline:| preprocessor:log_poly | transfomer: StandardScaler | reducer: RFE run are
0.745687790231
####################################################################################
################# Runing the itteration 39  of the GridSearchCV ####################
####################################################################################
***Starting [ExtraTreesRegressor] estimator run, pipeline: | preprocessor:log_poly | transfomer: StandardScaler | reducer: RFE 
##param_grid##
{}
Fitting 5 folds for each of 1 candidates, totalling 5 fits
[CV]  ................................................................
[CV] ................................................. , total=   0.3s
[CV]  ................................................................
[CV] ................................................. , total=   0.3s
[CV]  ................................................................
[CV] ................................................. , total=   0.4s
[CV]  ................................................................
[CV] ................................................. , total=   0.4s
[CV]  ................................................................
[CV] ................................................. , total=   0.4s
GREP_ME***Results of [ExtraTreesRegressor] estimatorrun are
{'mean_train_score': array([ 1.]), 'std_fit_time': array([ 0.01949774]), 'std_test_score': array([ 0.07505882]), 'std_score_time': array([ 0.00030547]), 'split3_test_score': array([ 0.78395162]), 'params': ({},), 'mean_test_score': array([ 0.73646318]), 'rank_test_score': array([1], dtype=int32), 'split1_train_score': array([ 1.]), 'std_train_score': array([ 0.]), 'mean_fit_time': array([ 0.3537147]), 'mean_score_time': array([ 0.00516996]), 'split4_test_score': array([ 0.80137381]), 'split0_test_score': array([ 0.59410164]), 'split2_test_score': array([ 0.77362842]), 'split2_train_score': array([ 1.]), 'split1_test_score': array([ 0.72934616]), 'split4_train_score': array([ 1.]), 'split3_train_score': array([ 1.]), 'split0_train_score': array([ 1.])}
GREP_ME***Best params of [ExtraTreesRegressor] estimator,pipeline:| preprocessor:log_poly | transfomer: StandardScaler | reducer: RFE  run are
{'reducer__step': 0.1, 'preprocessor__kw_args': {'pw': 3}, 'reducer__n_features_to_select': 63}
GREP_ME***Best score of [ExtraTreesRegressor] estimator, pipeline:| preprocessor:log_poly | transfomer: StandardScaler | reducer: RFE run are
0.736463181067
####################################################################################
################# Runing the itteration 40  of the GridSearchCV ####################
####################################################################################
***Starting [GradientBoostingRegressor] estimator run, pipeline: | preprocessor:log_poly | transfomer: StandardScaler | reducer: RFE 
##param_grid##
{}
Fitting 5 folds for each of 1 candidates, totalling 5 fits
[CV]  ................................................................
[CV] ................................................. , total=   0.7s
[CV]  ................................................................
[CV] ................................................. , total=   0.7s
[CV]  ................................................................
[CV] ................................................. , total=   0.7s
[CV]  ................................................................
[CV] ................................................. , total=   0.7s
GREP_ME***Results of [GradientBoostingRegressor] estimatorrun are
{'mean_train_score': array([ 0.90259903]), 'std_fit_time': array([ 0.01518107]), 'std_test_score': array([ 0.07177758]), 'std_score_time': array([  8.37952818e-05]), 'split3_test_score': array([ 0.81216157]), 'params': ({},), 'mean_test_score': array([ 0.77069474]), 'rank_test_score': array([1], dtype=int32), 'split1_train_score': array([ 0.90519478]), 'std_train_score': array([ 0.00268033]), 'mean_fit_time': array([ 0.68301139]), 'mean_score_time': array([ 0.00271053]), 'split4_test_score': array([ 0.86579172]), 'split0_test_score': array([ 0.65112845]), 'split2_test_score': array([ 0.77904987]), 'split2_train_score': array([ 0.90360455]), 'split1_test_score': array([ 0.74546769]), 'split4_train_score': array([ 0.89741194]), 'split3_train_score': array([ 0.9034575]), 'split0_train_score': array([ 0.90332637])}
GREP_ME***Best params of [GradientBoostingRegressor] estimator,pipeline:| preprocessor:log_poly | transfomer: StandardScaler | reducer: RFE  run are
{'reducer__step': 0.1, 'preprocessor__kw_args': {'pw': 3}, 'reducer__n_features_to_select': 63}
GREP_ME***Best score of [GradientBoostingRegressor] estimator, pipeline:| preprocessor:log_poly | transfomer: StandardScaler | reducer: RFE run are
0.770694736505
#########################################
###Finished all estimators for cl: label_gross_6
#########################################
#########################################
#######Printing results for cl: label_gross_6
#########################################
{'GradientBoostingRegressor': {'pipe': '| preprocessor:log_poly | transfomer: StandardScaler | reducer: RFE', 'score': 0.77753187827482417, 'best_cfg': {'reducer__step': 0.1, 'preprocessor__kw_args': {'pw': 4}, 'reducer__n_features_to_select': 66}}, 'BaggingRegressor': {'pipe': '| preprocessor:log_poly | transfomer: StandardScaler | reducer: RFE', 'score': 0.74568779023108156, 'best_cfg': {'reducer__step': 0.1, 'preprocessor__kw_args': {'pw': 3}, 'reducer__n_features_to_select': 63}}, 'ExtraTreesRegressor': {'pipe': '| preprocessor:log_poly | transfomer: StandardScaler | reducer: RFE', 'score': 0.75643059891045683, 'best_cfg': {'reducer__step': 0.1, 'preprocessor__kw_args': {'pw': 2}, 'reducer__n_features_to_select': 60}}}
priting simply sorted numbers, grep them to find the best cfg or cl: label_gross_6
[0.74568779023108156, 0.75643059891045683, 0.77753187827482417]
