#########################################
###Starting all estimators for cl: label_gross_4
#########################################
####################################################################################
################# Runing the itteration 1  of pipeline precomp      ###############
####################################################################################
| preprocessor:log_poly | transfomer: StandardScaler | reducer: RFE
{'reducer__step': [0.1], 'preprocessor__kw_args': [{'pw': 3}], 'reducer__n_features_to_select': [63]}
Starting precomp pipline for {'reducer__step': 0.1, 'preprocessor__kw_args': {'pw': 3}, 'reducer__n_features_to_select': 63} for tmp_class
Finished precomp pipline for {'reducer__step': 0.1, 'preprocessor__kw_args': {'pw': 3}, 'reducer__n_features_to_select': 63}
####################################################################################
################# Runing the itteration 2  of pipeline precomp      ###############
####################################################################################
| preprocessor:log_poly | transfomer: StandardScaler | reducer: RFE
{'reducer__step': [0.1], 'preprocessor__kw_args': [{'pw': 4}], 'reducer__n_features_to_select': [66]}
Starting precomp pipline for {'reducer__step': 0.1, 'preprocessor__kw_args': {'pw': 4}, 'reducer__n_features_to_select': 66} for tmp_class
Finished precomp pipline for {'reducer__step': 0.1, 'preprocessor__kw_args': {'pw': 4}, 'reducer__n_features_to_select': 66}
####################################################################################
################# Runing the itteration 3  of pipeline precomp      ###############
####################################################################################
| preprocessor:log_poly | transfomer: StandardScaler | reducer: RFE
{'reducer__step': [0.1], 'preprocessor__kw_args': [{'pw': 3}], 'reducer__n_features_to_select': [63]}
Starting precomp pipline for {'reducer__step': 0.1, 'preprocessor__kw_args': {'pw': 3}, 'reducer__n_features_to_select': 63} for tmp_reg
Finished precomp pipline for {'reducer__step': 0.1, 'preprocessor__kw_args': {'pw': 3}, 'reducer__n_features_to_select': 63}
####################################################################################
################# Runing the itteration 4  of pipeline precomp      ###############
####################################################################################
| preprocessor:log_poly | transfomer: StandardScaler | reducer: RFE
{'reducer__step': [0.1], 'preprocessor__kw_args': [{'pw': 4}], 'reducer__n_features_to_select': [66]}
Starting precomp pipline for {'reducer__step': 0.1, 'preprocessor__kw_args': {'pw': 4}, 'reducer__n_features_to_select': 66} for tmp_reg
Finished precomp pipline for {'reducer__step': 0.1, 'preprocessor__kw_args': {'pw': 4}, 'reducer__n_features_to_select': 66}
i have finshed precomputing pipeline
####################################################################################
################# Runing the itteration 5  of class precomp     ###############
####################################################################################
{'model__max_leaf_nodes': [None, 50], 'model__n_estimators': [500, 1000], 'model__max_depth': [3, 5, 10]}

Starting precomp class for GradientBoostingClassifier
Precomp class [GradientBoostingClassifier] estimator,pipeline:| preprocessor:log_poly | transfomer: StandardScaler | reducer: RFE  params:
{'reducer__step': 0.1, 'preprocessor__kw_args': {'pw': 3}, 'reducer__n_features_to_select': 63}
Precomp class [GradientBoostingClassifier] estimator, model params:
{'model__max_leaf_nodes': None, 'model__n_estimators': 500, 'model__max_depth': 3}
Precomp Classify train score is: 
0.918868921776
Precomp Classify valid score is: 
0.599366548123
Precomp Classify test  score is: 
0.629355860612
Finished precomp class for GradientBoostingClassifier

Starting precomp class for GradientBoostingClassifier
Precomp class [GradientBoostingClassifier] estimator,pipeline:| preprocessor:log_poly | transfomer: StandardScaler | reducer: RFE  params:
{'reducer__step': 0.1, 'preprocessor__kw_args': {'pw': 3}, 'reducer__n_features_to_select': 63}
Precomp class [GradientBoostingClassifier] estimator, model params:
{'model__max_leaf_nodes': 50, 'model__n_estimators': 500, 'model__max_depth': 3}
Precomp Classify train score is: 
0.996300211416
Precomp Classify valid score is: 
0.599365297332
Precomp Classify test  score is: 
0.618796198522
Finished precomp class for GradientBoostingClassifier

Starting precomp class for GradientBoostingClassifier
Precomp class [GradientBoostingClassifier] estimator,pipeline:| preprocessor:log_poly | transfomer: StandardScaler | reducer: RFE  params:
{'reducer__step': 0.1, 'preprocessor__kw_args': {'pw': 3}, 'reducer__n_features_to_select': 63}
Precomp class [GradientBoostingClassifier] estimator, model params:
{'model__max_leaf_nodes': None, 'model__n_estimators': 500, 'model__max_depth': 5}
Precomp Classify train score is: 
1.0
Precomp Classify valid score is: 
0.602273039517
Precomp Classify test  score is: 
0.618796198522
Finished precomp class for GradientBoostingClassifier

Starting precomp class for GradientBoostingClassifier
Precomp class [GradientBoostingClassifier] estimator,pipeline:| preprocessor:log_poly | transfomer: StandardScaler | reducer: RFE  params:
{'reducer__step': 0.1, 'preprocessor__kw_args': {'pw': 3}, 'reducer__n_features_to_select': 63}
Precomp class [GradientBoostingClassifier] estimator, model params:
{'model__max_leaf_nodes': None, 'model__n_estimators': 1000, 'model__max_depth': 3}
Precomp Classify train score is: 
0.989429175476
Precomp Classify valid score is: 
0.592754469861
Precomp Classify test  score is: 
0.613516367476
Finished precomp class for GradientBoostingClassifier

Starting precomp class for GradientBoostingClassifier
Precomp class [GradientBoostingClassifier] estimator,pipeline:| preprocessor:log_poly | transfomer: StandardScaler | reducer: RFE  params:
{'reducer__step': 0.1, 'preprocessor__kw_args': {'pw': 3}, 'reducer__n_features_to_select': 63}
Precomp class [GradientBoostingClassifier] estimator, model params:
{'model__max_leaf_nodes': None, 'model__n_estimators': 500, 'model__max_depth': 10}
Precomp Classify train score is: 
1.0
Precomp Classify valid score is: 
0.607558384356
Precomp Classify test  score is: 
0.625131995776
Finished precomp class for GradientBoostingClassifier

Starting precomp class for GradientBoostingClassifier
Precomp class [GradientBoostingClassifier] estimator,pipeline:| preprocessor:log_poly | transfomer: StandardScaler | reducer: RFE  params:
{'reducer__step': 0.1, 'preprocessor__kw_args': {'pw': 3}, 'reducer__n_features_to_select': 63}
Precomp class [GradientBoostingClassifier] estimator, model params:
{'model__max_leaf_nodes': None, 'model__n_estimators': 1000, 'model__max_depth': 10}
Precomp Classify train score is: 
1.0
Precomp Classify valid score is: 
0.610193414244
Precomp Classify test  score is: 
0.625131995776
Finished precomp class for GradientBoostingClassifier

Starting precomp class for GradientBoostingClassifier
Precomp class [GradientBoostingClassifier] estimator,pipeline:| preprocessor:log_poly | transfomer: StandardScaler | reducer: RFE  params:
{'reducer__step': 0.1, 'preprocessor__kw_args': {'pw': 3}, 'reducer__n_features_to_select': 63}
Precomp class [GradientBoostingClassifier] estimator, model params:
{'model__max_leaf_nodes': 50, 'model__n_estimators': 500, 'model__max_depth': 5}
Precomp Classify train score is: 
1.0
Precomp Classify valid score is: 
0.602532354898
Precomp Classify test  score is: 
0.627243928194
Finished precomp class for GradientBoostingClassifier

Starting precomp class for GradientBoostingClassifier
Precomp class [GradientBoostingClassifier] estimator,pipeline:| preprocessor:log_poly | transfomer: StandardScaler | reducer: RFE  params:
{'reducer__step': 0.1, 'preprocessor__kw_args': {'pw': 3}, 'reducer__n_features_to_select': 63}
Precomp class [GradientBoostingClassifier] estimator, model params:
{'model__max_leaf_nodes': 50, 'model__n_estimators': 500, 'model__max_depth': 10}
Precomp Classify train score is: 
1.0
Precomp Classify valid score is: 
0.609406462906
Precomp Classify test  score is: 
0.630411826822
Finished precomp class for GradientBoostingClassifier

Starting precomp class for GradientBoostingClassifier
Precomp class [GradientBoostingClassifier] estimator,pipeline:| preprocessor:log_poly | transfomer: StandardScaler | reducer: RFE  params:
{'reducer__step': 0.1, 'preprocessor__kw_args': {'pw': 3}, 'reducer__n_features_to_select': 63}
Precomp class [GradientBoostingClassifier] estimator, model params:
{'model__max_leaf_nodes': 50, 'model__n_estimators': 1000, 'model__max_depth': 3}
Precomp Classify train score is: 
1.0
Precomp Classify valid score is: 
0.592488455025
Precomp Classify test  score is: 
0.598732840549
Finished precomp class for GradientBoostingClassifier

Starting precomp class for GradientBoostingClassifier
Precomp class [GradientBoostingClassifier] estimator,pipeline:| preprocessor:log_poly | transfomer: StandardScaler | reducer: RFE  params:
{'reducer__step': 0.1, 'preprocessor__kw_args': {'pw': 3}, 'reducer__n_features_to_select': 63}
Precomp class [GradientBoostingClassifier] estimator, model params:
{'model__max_leaf_nodes': 50, 'model__n_estimators': 1000, 'model__max_depth': 10}
Precomp Classify train score is: 
1.0
Precomp Classify valid score is: 
0.607821468056
Precomp Classify test  score is: 
0.629355860612
Finished precomp class for GradientBoostingClassifier

Starting precomp class for GradientBoostingClassifier
Precomp class [GradientBoostingClassifier] estimator,pipeline:| preprocessor:log_poly | transfomer: StandardScaler | reducer: RFE  params:
{'reducer__step': 0.1, 'preprocessor__kw_args': {'pw': 3}, 'reducer__n_features_to_select': 63}
Precomp class [GradientBoostingClassifier] estimator, model params:
{'model__max_leaf_nodes': None, 'model__n_estimators': 1000, 'model__max_depth': 5}
Precomp Classify train score is: 
1.0
Precomp Classify valid score is: 
0.597515328643
Precomp Classify test  score is: 
0.619852164731
Finished precomp class for GradientBoostingClassifier

Starting precomp class for GradientBoostingClassifier
Precomp class [GradientBoostingClassifier] estimator,pipeline:| preprocessor:log_poly | transfomer: StandardScaler | reducer: RFE  params:
{'reducer__step': 0.1, 'preprocessor__kw_args': {'pw': 3}, 'reducer__n_features_to_select': 63}
Precomp class [GradientBoostingClassifier] estimator, model params:
{'model__max_leaf_nodes': 50, 'model__n_estimators': 1000, 'model__max_depth': 5}
Precomp Classify train score is: 
1.0
Precomp Classify valid score is: 
0.607031590565
Precomp Classify test  score is: 
0.631467793031
Finished precomp class for GradientBoostingClassifier
####################################################################################
################# Runing the itteration 6  of class precomp     ###############
####################################################################################
{'model__max_iter': [400], 'model__hidden_layer_sizes': [100], 'model__learning_rate_init': [0.01, 0.1], 'model__activation': ['identity', 'logistic', 'tanh', 'relu'], 'model__solver': ['lbfgs']}

Starting precomp class for MLPClassifier
Precomp class [MLPClassifier] estimator,pipeline:| preprocessor:log_poly | transfomer: StandardScaler | reducer: RFE  params:
{'reducer__step': 0.1, 'preprocessor__kw_args': {'pw': 3}, 'reducer__n_features_to_select': 63}
Precomp class [MLPClassifier] estimator, model params:
{'model__max_iter': 400, 'model__solver': 'lbfgs', 'model__learning_rate_init': 0.1, 'model__activation': 'identity', 'model__hidden_layer_sizes': 100}
Precomp Classify train score is: 
0.642177589852
Precomp Classify valid score is: 
0.617870816594
Precomp Classify test  score is: 
0.612460401267
Finished precomp class for MLPClassifier

Starting precomp class for MLPClassifier
Precomp class [MLPClassifier] estimator,pipeline:| preprocessor:log_poly | transfomer: StandardScaler | reducer: RFE  params:
{'reducer__step': 0.1, 'preprocessor__kw_args': {'pw': 3}, 'reducer__n_features_to_select': 63}
Precomp class [MLPClassifier] estimator, model params:
{'model__max_iter': 400, 'model__solver': 'lbfgs', 'model__learning_rate_init': 0.01, 'model__activation': 'identity', 'model__hidden_layer_sizes': 100}
Precomp Classify train score is: 
0.642177589852
Precomp Classify valid score is: 
0.617870816594
Precomp Classify test  score is: 
0.612460401267
Finished precomp class for MLPClassifier

Starting precomp class for MLPClassifier
Precomp class [MLPClassifier] estimator,pipeline:| preprocessor:log_poly | transfomer: StandardScaler | reducer: RFE  params:
{'reducer__step': 0.1, 'preprocessor__kw_args': {'pw': 3}, 'reducer__n_features_to_select': 63}
Precomp class [MLPClassifier] estimator, model params:
{'model__max_iter': 400, 'model__solver': 'lbfgs', 'model__learning_rate_init': 0.1, 'model__activation': 'tanh', 'model__hidden_layer_sizes': 100}
Precomp Classify train score is: 
1.0
Precomp Classify valid score is: 
0.545970569397
Precomp Classify test  score is: 
0.514255543823
Finished precomp class for MLPClassifier

Starting precomp class for MLPClassifier
Precomp class [MLPClassifier] estimator,pipeline:| preprocessor:log_poly | transfomer: StandardScaler | reducer: RFE  params:
{'reducer__step': 0.1, 'preprocessor__kw_args': {'pw': 3}, 'reducer__n_features_to_select': 63}
Precomp class [MLPClassifier] estimator, model params:
{'model__max_iter': 400, 'model__solver': 'lbfgs', 'model__learning_rate_init': 0.01, 'model__activation': 'tanh', 'model__hidden_layer_sizes': 100}
Precomp Classify train score is: 
1.0
Precomp Classify valid score is: 
0.545970569397
Precomp Classify test  score is: 
0.514255543823
Finished precomp class for MLPClassifier

Starting precomp class for MLPClassifier
Precomp class [MLPClassifier] estimator,pipeline:| preprocessor:log_poly | transfomer: StandardScaler | reducer: RFE  params:
{'reducer__step': 0.1, 'preprocessor__kw_args': {'pw': 3}, 'reducer__n_features_to_select': 63}
Precomp class [MLPClassifier] estimator, model params:
{'model__max_iter': 400, 'model__solver': 'lbfgs', 'model__learning_rate_init': 0.01, 'model__activation': 'relu', 'model__hidden_layer_sizes': 100}
Precomp Classify train score is: 
0.963266384778
Precomp Classify valid score is: 
0.540420242745
Precomp Classify test  score is: 
0.534318901795
Finished precomp class for MLPClassifier

Starting precomp class for MLPClassifier
Precomp class [MLPClassifier] estimator,pipeline:| preprocessor:log_poly | transfomer: StandardScaler | reducer: RFE  params:
{'reducer__step': 0.1, 'preprocessor__kw_args': {'pw': 3}, 'reducer__n_features_to_select': 63}
Precomp class [MLPClassifier] estimator, model params:
{'model__max_iter': 400, 'model__solver': 'lbfgs', 'model__learning_rate_init': 0.1, 'model__activation': 'relu', 'model__hidden_layer_sizes': 100}
Precomp Classify train score is: 
0.963266384778
Precomp Classify valid score is: 
0.540420242745
Precomp Classify test  score is: 
0.534318901795
Finished precomp class for MLPClassifier

Starting precomp class for MLPClassifier
Precomp class [MLPClassifier] estimator,pipeline:| preprocessor:log_poly | transfomer: StandardScaler | reducer: RFE  params:
{'reducer__step': 0.1, 'preprocessor__kw_args': {'pw': 3}, 'reducer__n_features_to_select': 63}
Precomp class [MLPClassifier] estimator, model params:
{'model__max_iter': 400, 'model__solver': 'lbfgs', 'model__learning_rate_init': 0.01, 'model__activation': 'logistic', 'model__hidden_layer_sizes': 100}
Precomp Classify train score is: 
1.0
Precomp Classify valid score is: 
0.541487878555
Precomp Classify test  score is: 
0.544878563886
Finished precomp class for MLPClassifier

Starting precomp class for MLPClassifier
Precomp class [MLPClassifier] estimator,pipeline:| preprocessor:log_poly | transfomer: StandardScaler | reducer: RFE  params:
{'reducer__step': 0.1, 'preprocessor__kw_args': {'pw': 3}, 'reducer__n_features_to_select': 63}
Precomp class [MLPClassifier] estimator, model params:
{'model__max_iter': 400, 'model__solver': 'lbfgs', 'model__learning_rate_init': 0.1, 'model__activation': 'logistic', 'model__hidden_layer_sizes': 100}
Precomp Classify train score is: 
1.0
Precomp Classify valid score is: 
0.541487878555
Precomp Classify test  score is: 
0.544878563886
Finished precomp class for MLPClassifier
####################################################################################
################# Runing the itteration 7  of class precomp     ###############
####################################################################################
{'model__loss': ['hinge', 'squared_hinge'], 'model__C': array([  1.00000000e-04,   1.00000000e+00,   1.00000000e+04])}

Starting precomp class for LinearSVC
Precomp class [LinearSVC] estimator,pipeline:| preprocessor:log_poly | transfomer: StandardScaler | reducer: RFE  params:
{'reducer__step': 0.1, 'preprocessor__kw_args': {'pw': 3}, 'reducer__n_features_to_select': 63}
Precomp class [LinearSVC] estimator, model params:
{'model__loss': 'hinge', 'model__C': 0.0001}
Precomp Classify train score is: 
0.558932346723
Precomp Classify valid score is: 
0.547036933485
Precomp Classify test  score is: 
0.554382259768
Finished precomp class for LinearSVC

Starting precomp class for LinearSVC
Precomp class [LinearSVC] estimator,pipeline:| preprocessor:log_poly | transfomer: StandardScaler | reducer: RFE  params:
{'reducer__step': 0.1, 'preprocessor__kw_args': {'pw': 3}, 'reducer__n_features_to_select': 63}
Precomp class [LinearSVC] estimator, model params:
{'model__loss': 'squared_hinge', 'model__C': 0.0001}
Precomp Classify train score is: 
0.596458773784
Precomp Classify valid score is: 
0.58218670534
Precomp Classify test  score is: 
0.590285110876
Finished precomp class for LinearSVC

Starting precomp class for LinearSVC
Precomp class [LinearSVC] estimator,pipeline:| preprocessor:log_poly | transfomer: StandardScaler | reducer: RFE  params:
{'reducer__step': 0.1, 'preprocessor__kw_args': {'pw': 3}, 'reducer__n_features_to_select': 63}
Precomp class [LinearSVC] estimator, model params:
{'model__loss': 'hinge', 'model__C': 1.0}
Precomp Classify train score is: 
0.629756871036
Precomp Classify valid score is: 
0.609410655796
Precomp Classify test  score is: 
0.598732840549
Finished precomp class for LinearSVC

Starting precomp class for LinearSVC
Precomp class [LinearSVC] estimator,pipeline:| preprocessor:log_poly | transfomer: StandardScaler | reducer: RFE  params:
{'reducer__step': 0.1, 'preprocessor__kw_args': {'pw': 3}, 'reducer__n_features_to_select': 63}
Precomp class [LinearSVC] estimator, model params:
{'model__loss': 'squared_hinge', 'model__C': 1.0}
Precomp Classify train score is: 
0.633985200846
Precomp Classify valid score is: 
0.616543038188
Precomp Classify test  score is: 
0.607180570222
Finished precomp class for LinearSVC

Starting precomp class for LinearSVC
Precomp class [LinearSVC] estimator,pipeline:| preprocessor:log_poly | transfomer: StandardScaler | reducer: RFE  params:
{'reducer__step': 0.1, 'preprocessor__kw_args': {'pw': 3}, 'reducer__n_features_to_select': 63}
Precomp class [LinearSVC] estimator, model params:
{'model__loss': 'hinge', 'model__C': 10000.0}
Precomp Classify train score is: 
0.512420718816
Precomp Classify valid score is: 
0.484931527765
Precomp Classify test  score is: 
0.47096092925
Finished precomp class for LinearSVC

Starting precomp class for LinearSVC
Precomp class [LinearSVC] estimator,pipeline:| preprocessor:log_poly | transfomer: StandardScaler | reducer: RFE  params:
{'reducer__step': 0.1, 'preprocessor__kw_args': {'pw': 3}, 'reducer__n_features_to_select': 63}
Precomp class [LinearSVC] estimator, model params:
{'model__loss': 'squared_hinge', 'model__C': 10000.0}
Precomp Classify train score is: 
0.513213530655
Precomp Classify valid score is: 
0.521122542244
Precomp Classify test  score is: 
0.472016895459
Finished precomp class for LinearSVC
####################################################################################
################# Runing the itteration 8  of class precomp     ###############
####################################################################################
{'model__max_iter': [50, 100], 'model__C': array([  1.00000000e-04,   1.00000000e+00,   1.00000000e+04]), 'model__solver': ['newton-cg', 'lbfgs', 'liblinear', 'sag']}

Starting precomp class for LogisticRegression
Precomp class [LogisticRegression] estimator,pipeline:| preprocessor:log_poly | transfomer: StandardScaler | reducer: RFE  params:
{'reducer__step': 0.1, 'preprocessor__kw_args': {'pw': 3}, 'reducer__n_features_to_select': 63}
Precomp class [LogisticRegression] estimator, model params:
{'model__max_iter': 50, 'model__C': 0.0001, 'model__solver': 'liblinear'}
Precomp Classify train score is: 
0.557346723044
Precomp Classify valid score is: 
0.544396670707
Precomp Classify test  score is: 
0.549102428722
Finished precomp class for LogisticRegression

Starting precomp class for LogisticRegression
Precomp class [LogisticRegression] estimator,pipeline:| preprocessor:log_poly | transfomer: StandardScaler | reducer: RFE  params:
{'reducer__step': 0.1, 'preprocessor__kw_args': {'pw': 3}, 'reducer__n_features_to_select': 63}
Precomp class [LogisticRegression] estimator, model params:
{'model__max_iter': 50, 'model__C': 0.0001, 'model__solver': 'lbfgs'}
Precomp Classify train score is: 
0.517441860465
Precomp Classify valid score is: 
0.481501807084
Precomp Classify test  score is: 
0.524815205913
Finished precomp class for LogisticRegression

Starting precomp class for LogisticRegression
Precomp class [LogisticRegression] estimator,pipeline:| preprocessor:log_poly | transfomer: StandardScaler | reducer: RFE  params:
{'reducer__step': 0.1, 'preprocessor__kw_args': {'pw': 3}, 'reducer__n_features_to_select': 63}
Precomp class [LogisticRegression] estimator, model params:
{'model__max_iter': 100, 'model__C': 0.0001, 'model__solver': 'lbfgs'}
Precomp Classify train score is: 
0.517441860465
Precomp Classify valid score is: 
0.481501807084
Precomp Classify test  score is: 
0.524815205913
Finished precomp class for LogisticRegression

Starting precomp class for LogisticRegression
Precomp class [LogisticRegression] estimator,pipeline:| preprocessor:log_poly | transfomer: StandardScaler | reducer: RFE  params:
{'reducer__step': 0.1, 'preprocessor__kw_args': {'pw': 3}, 'reducer__n_features_to_select': 63}
Precomp class [LogisticRegression] estimator, model params:
{'model__max_iter': 100, 'model__C': 0.0001, 'model__solver': 'liblinear'}
Precomp Classify train score is: 
0.557346723044
Precomp Classify valid score is: 
0.544396670707
Precomp Classify test  score is: 
0.549102428722
Finished precomp class for LogisticRegression

Starting precomp class for LogisticRegression
Precomp class [LogisticRegression] estimator,pipeline:| preprocessor:log_poly | transfomer: StandardScaler | reducer: RFE  params:
{'reducer__step': 0.1, 'preprocessor__kw_args': {'pw': 3}, 'reducer__n_features_to_select': 63}
Precomp class [LogisticRegression] estimator, model params:
{'model__max_iter': 50, 'model__C': 0.0001, 'model__solver': 'newton-cg'}
Precomp Classify train score is: 
0.517441860465
Precomp Classify valid score is: 
0.481501807084
Precomp Classify test  score is: 
0.524815205913
Finished precomp class for LogisticRegression

Starting precomp class for LogisticRegression
Precomp class [LogisticRegression] estimator,pipeline:| preprocessor:log_poly | transfomer: StandardScaler | reducer: RFE  params:
{'reducer__step': 0.1, 'preprocessor__kw_args': {'pw': 3}, 'reducer__n_features_to_select': 63}
Precomp class [LogisticRegression] estimator, model params:
{'model__max_iter': 100, 'model__C': 0.0001, 'model__solver': 'newton-cg'}
Precomp Classify train score is: 
0.517441860465
Precomp Classify valid score is: 
0.481501807084
Precomp Classify test  score is: 
0.524815205913
Finished precomp class for LogisticRegression

Starting precomp class for LogisticRegression
Precomp class [LogisticRegression] estimator,pipeline:| preprocessor:log_poly | transfomer: StandardScaler | reducer: RFE  params:
{'reducer__step': 0.1, 'preprocessor__kw_args': {'pw': 3}, 'reducer__n_features_to_select': 63}
Precomp class [LogisticRegression] estimator, model params:
{'model__max_iter': 50, 'model__C': 0.0001, 'model__solver': 'sag'}
Precomp Classify train score is: 
0.517706131078
Precomp Classify valid score is: 
0.481237885205
Precomp Classify test  score is: 
0.525871172122
Finished precomp class for LogisticRegression

Starting precomp class for LogisticRegression
Precomp class [LogisticRegression] estimator,pipeline:| preprocessor:log_poly | transfomer: StandardScaler | reducer: RFE  params:
{'reducer__step': 0.1, 'preprocessor__kw_args': {'pw': 3}, 'reducer__n_features_to_select': 63}
Precomp class [LogisticRegression] estimator, model params:
{'model__max_iter': 50, 'model__C': 1.0, 'model__solver': 'lbfgs'}
Precomp Classify train score is: 
0.633456659619
Precomp Classify valid score is: 
0.613904449775
Precomp Classify test  score is: 
0.616684266103
Finished precomp class for LogisticRegression

Starting precomp class for LogisticRegression
Precomp class [LogisticRegression] estimator,pipeline:| preprocessor:log_poly | transfomer: StandardScaler | reducer: RFE  params:
{'reducer__step': 0.1, 'preprocessor__kw_args': {'pw': 3}, 'reducer__n_features_to_select': 63}
Precomp class [LogisticRegression] estimator, model params:
{'model__max_iter': 50, 'model__C': 10000.0, 'model__solver': 'lbfgs'}
Precomp Classify train score is: 
0.634513742072
Precomp Classify valid score is: 
0.614958460933
Precomp Classify test  score is: 
0.614572333685
Finished precomp class for LogisticRegression

Starting precomp class for LogisticRegression
Precomp class [LogisticRegression] estimator,pipeline:| preprocessor:log_poly | transfomer: StandardScaler | reducer: RFE  params:
{'reducer__step': 0.1, 'preprocessor__kw_args': {'pw': 3}, 'reducer__n_features_to_select': 63}
Precomp class [LogisticRegression] estimator, model params:
{'model__max_iter': 100, 'model__C': 0.0001, 'model__solver': 'sag'}
Precomp Classify train score is: 
0.517706131078
Precomp Classify valid score is: 
0.481237885205
Precomp Classify test  score is: 
0.525871172122
Finished precomp class for LogisticRegression

Starting precomp class for LogisticRegression
Precomp class [LogisticRegression] estimator,pipeline:| preprocessor:log_poly | transfomer: StandardScaler | reducer: RFE  params:
{'reducer__step': 0.1, 'preprocessor__kw_args': {'pw': 3}, 'reducer__n_features_to_select': 63}
Precomp class [LogisticRegression] estimator, model params:
{'model__max_iter': 50, 'model__C': 1.0, 'model__solver': 'sag'}
Precomp Classify train score is: 
0.625264270613
Precomp Classify valid score is: 
0.612584632579
Precomp Classify test  score is: 
0.615628299894
Finished precomp class for LogisticRegression

Starting precomp class for LogisticRegression
Precomp class [LogisticRegression] estimator,pipeline:| preprocessor:log_poly | transfomer: StandardScaler | reducer: RFE  params:
{'reducer__step': 0.1, 'preprocessor__kw_args': {'pw': 3}, 'reducer__n_features_to_select': 63}
Precomp class [LogisticRegression] estimator, model params:
{'model__max_iter': 50, 'model__C': 10000.0, 'model__solver': 'sag'}
Precomp Classify train score is: 
0.625528541226
Precomp Classify valid score is: 
0.612584842373
Precomp Classify test  score is: 
0.615628299894
Finished precomp class for LogisticRegression

Starting precomp class for LogisticRegression
Precomp class [LogisticRegression] estimator,pipeline:| preprocessor:log_poly | transfomer: StandardScaler | reducer: RFE  params:
{'reducer__step': 0.1, 'preprocessor__kw_args': {'pw': 3}, 'reducer__n_features_to_select': 63}
Precomp class [LogisticRegression] estimator, model params:
{'model__max_iter': 100, 'model__C': 1.0, 'model__solver': 'liblinear'}
Precomp Classify train score is: 
0.633720930233
Precomp Classify valid score is: 
0.613109333413
Precomp Classify test  score is: 
0.615628299894
Finished precomp class for LogisticRegression

Starting precomp class for LogisticRegression
Precomp class [LogisticRegression] estimator,pipeline:| preprocessor:log_poly | transfomer: StandardScaler | reducer: RFE  params:
{'reducer__step': 0.1, 'preprocessor__kw_args': {'pw': 3}, 'reducer__n_features_to_select': 63}
Precomp class [LogisticRegression] estimator, model params:
{'model__max_iter': 50, 'model__C': 1.0, 'model__solver': 'liblinear'}
Precomp Classify train score is: 
0.633720930233
Precomp Classify valid score is: 
0.613109333413
Precomp Classify test  score is: 
0.615628299894
Finished precomp class for LogisticRegression

Starting precomp class for LogisticRegression
Precomp class [LogisticRegression] estimator,pipeline:| preprocessor:log_poly | transfomer: StandardScaler | reducer: RFE  params:
{'reducer__step': 0.1, 'preprocessor__kw_args': {'pw': 3}, 'reducer__n_features_to_select': 63}
Precomp class [LogisticRegression] estimator, model params:
{'model__max_iter': 100, 'model__C': 1.0, 'model__solver': 'sag'}
Precomp Classify train score is: 
0.627114164905
Precomp Classify valid score is: 
0.610997124187
Precomp Classify test  score is: 
0.616684266103
Finished precomp class for LogisticRegression

Starting precomp class for LogisticRegression
Precomp class [LogisticRegression] estimator,pipeline:| preprocessor:log_poly | transfomer: StandardScaler | reducer: RFE  params:
{'reducer__step': 0.1, 'preprocessor__kw_args': {'pw': 3}, 'reducer__n_features_to_select': 63}
Precomp class [LogisticRegression] estimator, model params:
{'model__max_iter': 100, 'model__C': 10000.0, 'model__solver': 'sag'}
Precomp Classify train score is: 
0.627642706131
Precomp Classify valid score is: 
0.611260836272
Precomp Classify test  score is: 
0.616684266103
Finished precomp class for LogisticRegression

Starting precomp class for LogisticRegression
Precomp class [LogisticRegression] estimator,pipeline:| preprocessor:log_poly | transfomer: StandardScaler | reducer: RFE  params:
{'reducer__step': 0.1, 'preprocessor__kw_args': {'pw': 3}, 'reducer__n_features_to_select': 63}
Precomp class [LogisticRegression] estimator, model params:
{'model__max_iter': 50, 'model__C': 1.0, 'model__solver': 'newton-cg'}
Precomp Classify train score is: 
0.633985200846
Precomp Classify valid score is: 
0.613374302269
Precomp Classify test  score is: 
0.616684266103
Finished precomp class for LogisticRegression

Starting precomp class for LogisticRegression
Precomp class [LogisticRegression] estimator,pipeline:| preprocessor:log_poly | transfomer: StandardScaler | reducer: RFE  params:
{'reducer__step': 0.1, 'preprocessor__kw_args': {'pw': 3}, 'reducer__n_features_to_select': 63}
Precomp class [LogisticRegression] estimator, model params:
{'model__max_iter': 100, 'model__C': 1.0, 'model__solver': 'newton-cg'}
Precomp Classify train score is: 
0.633985200846
Precomp Classify valid score is: 
0.613374302269
Precomp Classify test  score is: 
0.616684266103
Finished precomp class for LogisticRegression

Starting precomp class for LogisticRegression
Precomp class [LogisticRegression] estimator,pipeline:| preprocessor:log_poly | transfomer: StandardScaler | reducer: RFE  params:
{'reducer__step': 0.1, 'preprocessor__kw_args': {'pw': 3}, 'reducer__n_features_to_select': 63}
Precomp class [LogisticRegression] estimator, model params:
{'model__max_iter': 100, 'model__C': 10000.0, 'model__solver': 'lbfgs'}
Precomp Classify train score is: 
0.638742071882
Precomp Classify valid score is: 
0.614959719697
Precomp Classify test  score is: 
0.616684266103
Finished precomp class for LogisticRegression

Starting precomp class for LogisticRegression
Precomp class [LogisticRegression] estimator,pipeline:| preprocessor:log_poly | transfomer: StandardScaler | reducer: RFE  params:
{'reducer__step': 0.1, 'preprocessor__kw_args': {'pw': 3}, 'reducer__n_features_to_select': 63}
Precomp class [LogisticRegression] estimator, model params:
{'model__max_iter': 100, 'model__C': 1.0, 'model__solver': 'lbfgs'}
Precomp Classify train score is: 
0.633720930233
Precomp Classify valid score is: 
0.61363864274
Precomp Classify test  score is: 
0.616684266103
Finished precomp class for LogisticRegression

Starting precomp class for LogisticRegression
Precomp class [LogisticRegression] estimator,pipeline:| preprocessor:log_poly | transfomer: StandardScaler | reducer: RFE  params:
{'reducer__step': 0.1, 'preprocessor__kw_args': {'pw': 3}, 'reducer__n_features_to_select': 63}
Precomp class [LogisticRegression] estimator, model params:
{'model__max_iter': 100, 'model__C': 10000.0, 'model__solver': 'liblinear'}
Precomp Classify train score is: 
0.643498942918
Precomp Classify valid score is: 
0.614959509903
Precomp Classify test  score is: 
0.612460401267
Finished precomp class for LogisticRegression

Starting precomp class for LogisticRegression
Precomp class [LogisticRegression] estimator,pipeline:| preprocessor:log_poly | transfomer: StandardScaler | reducer: RFE  params:
{'reducer__step': 0.1, 'preprocessor__kw_args': {'pw': 3}, 'reducer__n_features_to_select': 63}
Precomp class [LogisticRegression] estimator, model params:
{'model__max_iter': 50, 'model__C': 10000.0, 'model__solver': 'liblinear'}
Precomp Classify train score is: 
0.643498942918
Precomp Classify valid score is: 
0.614959509903
Precomp Classify test  score is: 
0.612460401267
Finished precomp class for LogisticRegression

Starting precomp class for LogisticRegression
Precomp class [LogisticRegression] estimator,pipeline:| preprocessor:log_poly | transfomer: StandardScaler | reducer: RFE  params:
{'reducer__step': 0.1, 'preprocessor__kw_args': {'pw': 3}, 'reducer__n_features_to_select': 63}
Precomp class [LogisticRegression] estimator, model params:
{'model__max_iter': 100, 'model__C': 10000.0, 'model__solver': 'newton-cg'}
Precomp Classify train score is: 
0.643498942918
Precomp Classify valid score is: 
0.614694959638
Precomp Classify test  score is: 
0.612460401267
Finished precomp class for LogisticRegression

Starting precomp class for LogisticRegression
Precomp class [LogisticRegression] estimator,pipeline:| preprocessor:log_poly | transfomer: StandardScaler | reducer: RFE  params:
{'reducer__step': 0.1, 'preprocessor__kw_args': {'pw': 3}, 'reducer__n_features_to_select': 63}
Precomp class [LogisticRegression] estimator, model params:
{'model__max_iter': 50, 'model__C': 10000.0, 'model__solver': 'newton-cg'}
Precomp Classify train score is: 
0.643498942918
Precomp Classify valid score is: 
0.614694959638
Precomp Classify test  score is: 
0.612460401267
Finished precomp class for LogisticRegression
####################################################################################
################# Runing the itteration 9  of class precomp     ###############
####################################################################################
{'model__max_leaf_nodes': [None, 50], 'model__n_estimators': [500, 1000], 'model__max_depth': [3, 5, 10]}

Starting precomp class for GradientBoostingClassifier
Precomp class [GradientBoostingClassifier] estimator,pipeline:| preprocessor:log_poly | transfomer: StandardScaler | reducer: RFE  params:
{'reducer__step': 0.1, 'preprocessor__kw_args': {'pw': 4}, 'reducer__n_features_to_select': 66}
Precomp class [GradientBoostingClassifier] estimator, model params:
{'model__max_leaf_nodes': None, 'model__n_estimators': 500, 'model__max_depth': 3}
Precomp Classify train score is: 
0.920454545455
Precomp Classify valid score is: 
0.593549168628
Precomp Classify test  score is: 
0.623020063358
Finished precomp class for GradientBoostingClassifier

Starting precomp class for GradientBoostingClassifier
Precomp class [GradientBoostingClassifier] estimator,pipeline:| preprocessor:log_poly | transfomer: StandardScaler | reducer: RFE  params:
{'reducer__step': 0.1, 'preprocessor__kw_args': {'pw': 4}, 'reducer__n_features_to_select': 66}
Precomp class [GradientBoostingClassifier] estimator, model params:
{'model__max_leaf_nodes': 50, 'model__n_estimators': 500, 'model__max_depth': 3}
Precomp Classify train score is: 
0.995507399577
Precomp Classify valid score is: 
0.595655514584
Precomp Classify test  score is: 
0.630411826822
Finished precomp class for GradientBoostingClassifier

Starting precomp class for GradientBoostingClassifier
Precomp class [GradientBoostingClassifier] estimator,pipeline:| preprocessor:log_poly | transfomer: StandardScaler | reducer: RFE  params:
{'reducer__step': 0.1, 'preprocessor__kw_args': {'pw': 4}, 'reducer__n_features_to_select': 66}
Precomp class [GradientBoostingClassifier] estimator, model params:
{'model__max_leaf_nodes': None, 'model__n_estimators': 500, 'model__max_depth': 5}
Precomp Classify train score is: 
1.0
Precomp Classify valid score is: 
0.599359006501
Precomp Classify test  score is: 
0.613516367476
Finished precomp class for GradientBoostingClassifier

Starting precomp class for GradientBoostingClassifier
Precomp class [GradientBoostingClassifier] estimator,pipeline:| preprocessor:log_poly | transfomer: StandardScaler | reducer: RFE  params:
{'reducer__step': 0.1, 'preprocessor__kw_args': {'pw': 4}, 'reducer__n_features_to_select': 66}
Precomp class [GradientBoostingClassifier] estimator, model params:
{'model__max_leaf_nodes': None, 'model__n_estimators': 1000, 'model__max_depth': 3}
Precomp Classify train score is: 
0.988900634249
Precomp Classify valid score is: 
0.588789993182
Precomp Classify test  score is: 
0.619852164731
Finished precomp class for GradientBoostingClassifier

Starting precomp class for GradientBoostingClassifier
Precomp class [GradientBoostingClassifier] estimator,pipeline:| preprocessor:log_poly | transfomer: StandardScaler | reducer: RFE  params:
{'reducer__step': 0.1, 'preprocessor__kw_args': {'pw': 4}, 'reducer__n_features_to_select': 66}
Precomp class [GradientBoostingClassifier] estimator, model params:
{'model__max_leaf_nodes': None, 'model__n_estimators': 500, 'model__max_depth': 10}
Precomp Classify train score is: 
1.0
Precomp Classify valid score is: 
0.607029905236
Precomp Classify test  score is: 
0.633579725449
Finished precomp class for GradientBoostingClassifier

Starting precomp class for GradientBoostingClassifier
Precomp class [GradientBoostingClassifier] estimator,pipeline:| preprocessor:log_poly | transfomer: StandardScaler | reducer: RFE  params:
{'reducer__step': 0.1, 'preprocessor__kw_args': {'pw': 4}, 'reducer__n_features_to_select': 66}
Precomp class [GradientBoostingClassifier] estimator, model params:
{'model__max_leaf_nodes': 50, 'model__n_estimators': 500, 'model__max_depth': 5}
Precomp Classify train score is: 
1.0
Precomp Classify valid score is: 
0.602274293298
Precomp Classify test  score is: 
0.634635691658
Finished precomp class for GradientBoostingClassifier

Starting precomp class for GradientBoostingClassifier
Precomp class [GradientBoostingClassifier] estimator,pipeline:| preprocessor:log_poly | transfomer: StandardScaler | reducer: RFE  params:
{'reducer__step': 0.1, 'preprocessor__kw_args': {'pw': 4}, 'reducer__n_features_to_select': 66}
Precomp class [GradientBoostingClassifier] estimator, model params:
{'model__max_leaf_nodes': None, 'model__n_estimators': 1000, 'model__max_depth': 10}
Precomp Classify train score is: 
1.0
Precomp Classify valid score is: 
0.6189233572
Precomp Classify test  score is: 
0.633579725449
Finished precomp class for GradientBoostingClassifier

Starting precomp class for GradientBoostingClassifier
Precomp class [GradientBoostingClassifier] estimator,pipeline:| preprocessor:log_poly | transfomer: StandardScaler | reducer: RFE  params:
{'reducer__step': 0.1, 'preprocessor__kw_args': {'pw': 4}, 'reducer__n_features_to_select': 66}
Precomp class [GradientBoostingClassifier] estimator, model params:
{'model__max_leaf_nodes': 50, 'model__n_estimators': 500, 'model__max_depth': 10}
Precomp Classify train score is: 
1.0
Precomp Classify valid score is: 
0.608880086709
Precomp Classify test  score is: 
0.637803590285
Finished precomp class for GradientBoostingClassifier

Starting precomp class for GradientBoostingClassifier
Precomp class [GradientBoostingClassifier] estimator,pipeline:| preprocessor:log_poly | transfomer: StandardScaler | reducer: RFE  params:
{'reducer__step': 0.1, 'preprocessor__kw_args': {'pw': 4}, 'reducer__n_features_to_select': 66}
Precomp class [GradientBoostingClassifier] estimator, model params:
{'model__max_leaf_nodes': 50, 'model__n_estimators': 1000, 'model__max_depth': 3}
Precomp Classify train score is: 
1.0
Precomp Classify valid score is: 
0.594866262489
Precomp Classify test  score is: 
0.616684266103
Finished precomp class for GradientBoostingClassifier

Starting precomp class for GradientBoostingClassifier
Precomp class [GradientBoostingClassifier] estimator,pipeline:| preprocessor:log_poly | transfomer: StandardScaler | reducer: RFE  params:
{'reducer__step': 0.1, 'preprocessor__kw_args': {'pw': 4}, 'reducer__n_features_to_select': 66}
Precomp class [GradientBoostingClassifier] estimator, model params:
{'model__max_leaf_nodes': 50, 'model__n_estimators': 1000, 'model__max_depth': 10}
Precomp Classify train score is: 
1.0
Precomp Classify valid score is: 
0.609937450584
Precomp Classify test  score is: 
0.63252375924
Finished precomp class for GradientBoostingClassifier

Starting precomp class for GradientBoostingClassifier
Precomp class [GradientBoostingClassifier] estimator,pipeline:| preprocessor:log_poly | transfomer: StandardScaler | reducer: RFE  params:
{'reducer__step': 0.1, 'preprocessor__kw_args': {'pw': 4}, 'reducer__n_features_to_select': 66}
Precomp class [GradientBoostingClassifier] estimator, model params:
{'model__max_leaf_nodes': None, 'model__n_estimators': 1000, 'model__max_depth': 5}
Precomp Classify train score is: 
1.0
Precomp Classify valid score is: 
0.598301438811
Precomp Classify test  score is: 
0.625131995776
Finished precomp class for GradientBoostingClassifier

Starting precomp class for GradientBoostingClassifier
Precomp class [GradientBoostingClassifier] estimator,pipeline:| preprocessor:log_poly | transfomer: StandardScaler | reducer: RFE  params:
{'reducer__step': 0.1, 'preprocessor__kw_args': {'pw': 4}, 'reducer__n_features_to_select': 66}
Precomp class [GradientBoostingClassifier] estimator, model params:
{'model__max_leaf_nodes': 50, 'model__n_estimators': 1000, 'model__max_depth': 5}
Precomp Classify train score is: 
1.0
Precomp Classify valid score is: 
0.605174295032
Precomp Classify test  score is: 
0.630411826822
Finished precomp class for GradientBoostingClassifier
####################################################################################
################# Runing the itteration 10  of class precomp     ###############
####################################################################################
{'model__max_iter': [400], 'model__hidden_layer_sizes': [100], 'model__learning_rate_init': [0.01, 0.1], 'model__activation': ['identity', 'logistic', 'tanh', 'relu'], 'model__solver': ['lbfgs']}

Starting precomp class for MLPClassifier
Precomp class [MLPClassifier] estimator,pipeline:| preprocessor:log_poly | transfomer: StandardScaler | reducer: RFE  params:
{'reducer__step': 0.1, 'preprocessor__kw_args': {'pw': 4}, 'reducer__n_features_to_select': 66}
Precomp class [MLPClassifier] estimator, model params:
{'model__max_iter': 400, 'model__solver': 'lbfgs', 'model__learning_rate_init': 0.01, 'model__activation': 'identity', 'model__hidden_layer_sizes': 100}
Precomp Classify train score is: 
0.642706131078
Precomp Classify valid score is: 
0.614167530485
Precomp Classify test  score is: 
0.610348468849
Finished precomp class for MLPClassifier

Starting precomp class for MLPClassifier
Precomp class [MLPClassifier] estimator,pipeline:| preprocessor:log_poly | transfomer: StandardScaler | reducer: RFE  params:
{'reducer__step': 0.1, 'preprocessor__kw_args': {'pw': 4}, 'reducer__n_features_to_select': 66}
Precomp class [MLPClassifier] estimator, model params:
{'model__max_iter': 400, 'model__solver': 'lbfgs', 'model__learning_rate_init': 0.1, 'model__activation': 'identity', 'model__hidden_layer_sizes': 100}
Precomp Classify train score is: 
0.642706131078
Precomp Classify valid score is: 
0.614167530485
Precomp Classify test  score is: 
0.610348468849
Finished precomp class for MLPClassifier

Starting precomp class for MLPClassifier
Precomp class [MLPClassifier] estimator,pipeline:| preprocessor:log_poly | transfomer: StandardScaler | reducer: RFE  params:
{'reducer__step': 0.1, 'preprocessor__kw_args': {'pw': 4}, 'reducer__n_features_to_select': 66}
Precomp class [MLPClassifier] estimator, model params:
{'model__max_iter': 400, 'model__solver': 'lbfgs', 'model__learning_rate_init': 0.01, 'model__activation': 'tanh', 'model__hidden_layer_sizes': 100}
Precomp Classify train score is: 
1.0
Precomp Classify valid score is: 
0.544125002396
Precomp Classify test  score is: 
0.535374868004
Finished precomp class for MLPClassifier

Starting precomp class for MLPClassifier
Precomp class [MLPClassifier] estimator,pipeline:| preprocessor:log_poly | transfomer: StandardScaler | reducer: RFE  params:
{'reducer__step': 0.1, 'preprocessor__kw_args': {'pw': 4}, 'reducer__n_features_to_select': 66}
Precomp class [MLPClassifier] estimator, model params:
{'model__max_iter': 400, 'model__solver': 'lbfgs', 'model__learning_rate_init': 0.1, 'model__activation': 'tanh', 'model__hidden_layer_sizes': 100}
Precomp Classify train score is: 
1.0
Precomp Classify valid score is: 
0.544125002396
Precomp Classify test  score is: 
0.535374868004
Finished precomp class for MLPClassifier

Starting precomp class for MLPClassifier
Precomp class [MLPClassifier] estimator,pipeline:| preprocessor:log_poly | transfomer: StandardScaler | reducer: RFE  params:
{'reducer__step': 0.1, 'preprocessor__kw_args': {'pw': 4}, 'reducer__n_features_to_select': 66}
Precomp class [MLPClassifier] estimator, model params:
{'model__max_iter': 400, 'model__solver': 'lbfgs', 'model__learning_rate_init': 0.1, 'model__activation': 'logistic', 'model__hidden_layer_sizes': 100}
Precomp Classify train score is: 
1.0
Precomp Classify valid score is: 
0.536208391006
Precomp Classify test  score is: 
0.535374868004
Finished precomp class for MLPClassifier

Starting precomp class for MLPClassifier
Precomp class [MLPClassifier] estimator,pipeline:| preprocessor:log_poly | transfomer: StandardScaler | reducer: RFE  params:
{'reducer__step': 0.1, 'preprocessor__kw_args': {'pw': 4}, 'reducer__n_features_to_select': 66}
Precomp class [MLPClassifier] estimator, model params:
{'model__max_iter': 400, 'model__solver': 'lbfgs', 'model__learning_rate_init': 0.1, 'model__activation': 'relu', 'model__hidden_layer_sizes': 100}
Precomp Classify train score is: 
0.956395348837
Precomp Classify valid score is: 
0.522734562651
Precomp Classify test  score is: 
0.539598732841
Finished precomp class for MLPClassifier

Starting precomp class for MLPClassifier
Precomp class [MLPClassifier] estimator,pipeline:| preprocessor:log_poly | transfomer: StandardScaler | reducer: RFE  params:
{'reducer__step': 0.1, 'preprocessor__kw_args': {'pw': 4}, 'reducer__n_features_to_select': 66}
Precomp class [MLPClassifier] estimator, model params:
{'model__max_iter': 400, 'model__solver': 'lbfgs', 'model__learning_rate_init': 0.01, 'model__activation': 'relu', 'model__hidden_layer_sizes': 100}
Precomp Classify train score is: 
0.956395348837
Precomp Classify valid score is: 
0.522734562651
Precomp Classify test  score is: 
0.539598732841
Finished precomp class for MLPClassifier

Starting precomp class for MLPClassifier
Precomp class [MLPClassifier] estimator,pipeline:| preprocessor:log_poly | transfomer: StandardScaler | reducer: RFE  params:
{'reducer__step': 0.1, 'preprocessor__kw_args': {'pw': 4}, 'reducer__n_features_to_select': 66}
Precomp class [MLPClassifier] estimator, model params:
{'model__max_iter': 400, 'model__solver': 'lbfgs', 'model__learning_rate_init': 0.01, 'model__activation': 'logistic', 'model__hidden_layer_sizes': 100}
Precomp Classify train score is: 
1.0
Precomp Classify valid score is: 
0.536208391006
Precomp Classify test  score is: 
0.535374868004
Finished precomp class for MLPClassifier
####################################################################################
################# Runing the itteration 11  of class precomp     ###############
####################################################################################
{'model__loss': ['hinge', 'squared_hinge'], 'model__C': array([  1.00000000e-04,   1.00000000e+00,   1.00000000e+04])}

Starting precomp class for LinearSVC
Precomp class [LinearSVC] estimator,pipeline:| preprocessor:log_poly | transfomer: StandardScaler | reducer: RFE  params:
{'reducer__step': 0.1, 'preprocessor__kw_args': {'pw': 4}, 'reducer__n_features_to_select': 66}
Precomp class [LinearSVC] estimator, model params:
{'model__loss': 'hinge', 'model__C': 0.0001}
Precomp Classify train score is: 
0.563160676533
Precomp Classify valid score is: 
0.54756456745
Precomp Classify test  score is: 
0.557550158395
Finished precomp class for LinearSVC

Starting precomp class for LinearSVC
Precomp class [LinearSVC] estimator,pipeline:| preprocessor:log_poly | transfomer: StandardScaler | reducer: RFE  params:
{'reducer__step': 0.1, 'preprocessor__kw_args': {'pw': 4}, 'reducer__n_features_to_select': 66}
Precomp class [LinearSVC] estimator, model params:
{'model__loss': 'squared_hinge', 'model__C': 0.0001}
Precomp Classify train score is: 
0.595930232558
Precomp Classify valid score is: 
0.582184611386
Precomp Classify test  score is: 
0.589229144667
Finished precomp class for LinearSVC

Starting precomp class for LinearSVC
Precomp class [LinearSVC] estimator,pipeline:| preprocessor:log_poly | transfomer: StandardScaler | reducer: RFE  params:
{'reducer__step': 0.1, 'preprocessor__kw_args': {'pw': 4}, 'reducer__n_features_to_select': 66}
Precomp class [LinearSVC] estimator, model params:
{'model__loss': 'hinge', 'model__C': 1.0}
Precomp Classify train score is: 
0.627378435518
Precomp Classify valid score is: 
0.612051968541
Precomp Classify test  score is: 
0.602956705385
Finished precomp class for LinearSVC

Starting precomp class for LinearSVC
Precomp class [LinearSVC] estimator,pipeline:| preprocessor:log_poly | transfomer: StandardScaler | reducer: RFE  params:
{'reducer__step': 0.1, 'preprocessor__kw_args': {'pw': 4}, 'reducer__n_features_to_select': 66}
Precomp class [LinearSVC] estimator, model params:
{'model__loss': 'squared_hinge', 'model__C': 1.0}
Precomp Classify train score is: 
0.633192389006
Precomp Classify valid score is: 
0.617077163807
Precomp Classify test  score is: 
0.615628299894
Finished precomp class for LinearSVC

Starting precomp class for LinearSVC
Precomp class [LinearSVC] estimator,pipeline:| preprocessor:log_poly | transfomer: StandardScaler | reducer: RFE  params:
{'reducer__step': 0.1, 'preprocessor__kw_args': {'pw': 4}, 'reducer__n_features_to_select': 66}
Precomp class [LinearSVC] estimator, model params:
{'model__loss': 'hinge', 'model__C': 10000.0}
Precomp Classify train score is: 
0.516649048626
Precomp Classify valid score is: 
0.524300284356
Precomp Classify test  score is: 
0.506863780359
Finished precomp class for LinearSVC

Starting precomp class for LinearSVC
Precomp class [LinearSVC] estimator,pipeline:| preprocessor:log_poly | transfomer: StandardScaler | reducer: RFE  params:
{'reducer__step': 0.1, 'preprocessor__kw_args': {'pw': 4}, 'reducer__n_features_to_select': 66}
Precomp class [LinearSVC] estimator, model params:
{'model__loss': 'squared_hinge', 'model__C': 10000.0}
Precomp Classify train score is: 
0.517441860465
Precomp Classify valid score is: 
0.47830168877
Precomp Classify test  score is: 
0.501583949314
Finished precomp class for LinearSVC
####################################################################################
################# Runing the itteration 12  of class precomp     ###############
####################################################################################
{'model__max_iter': [50, 100], 'model__C': array([  1.00000000e-04,   1.00000000e+00,   1.00000000e+04]), 'model__solver': ['newton-cg', 'lbfgs', 'liblinear', 'sag']}

Starting precomp class for LogisticRegression
Precomp class [LogisticRegression] estimator,pipeline:| preprocessor:log_poly | transfomer: StandardScaler | reducer: RFE  params:
{'reducer__step': 0.1, 'preprocessor__kw_args': {'pw': 4}, 'reducer__n_features_to_select': 66}
Precomp class [LogisticRegression] estimator, model params:
{'model__max_iter': 50, 'model__C': 0.0001, 'model__solver': 'liblinear'}
Precomp Classify train score is: 
0.559196617336
Precomp Classify valid score is: 
0.548888368739
Precomp Classify test  score is: 
0.553326293559
Finished precomp class for LogisticRegression

Starting precomp class for LogisticRegression
Precomp class [LogisticRegression] estimator,pipeline:| preprocessor:log_poly | transfomer: StandardScaler | reducer: RFE  params:
{'reducer__step': 0.1, 'preprocessor__kw_args': {'pw': 4}, 'reducer__n_features_to_select': 66}
Precomp class [LogisticRegression] estimator, model params:
{'model__max_iter': 50, 'model__C': 0.0001, 'model__solver': 'lbfgs'}
Precomp Classify train score is: 
0.514006342495
Precomp Classify valid score is: 
0.482027765686
Precomp Classify test  score is: 
0.515311510032
Finished precomp class for LogisticRegression

Starting precomp class for LogisticRegression
Precomp class [LogisticRegression] estimator,pipeline:| preprocessor:log_poly | transfomer: StandardScaler | reducer: RFE  params:
{'reducer__step': 0.1, 'preprocessor__kw_args': {'pw': 4}, 'reducer__n_features_to_select': 66}
Precomp class [LogisticRegression] estimator, model params:
{'model__max_iter': 100, 'model__C': 0.0001, 'model__solver': 'lbfgs'}
Precomp Classify train score is: 
0.514006342495
Precomp Classify valid score is: 
0.482027765686
Precomp Classify test  score is: 
0.515311510032
Finished precomp class for LogisticRegression

Starting precomp class for LogisticRegression
Precomp class [LogisticRegression] estimator,pipeline:| preprocessor:log_poly | transfomer: StandardScaler | reducer: RFE  params:
{'reducer__step': 0.1, 'preprocessor__kw_args': {'pw': 4}, 'reducer__n_features_to_select': 66}
Precomp class [LogisticRegression] estimator, model params:
{'model__max_iter': 100, 'model__C': 0.0001, 'model__solver': 'liblinear'}
Precomp Classify train score is: 
0.559196617336
Precomp Classify valid score is: 
0.548888368739
Precomp Classify test  score is: 
0.553326293559
Finished precomp class for LogisticRegression

Starting precomp class for LogisticRegression
Precomp class [LogisticRegression] estimator,pipeline:| preprocessor:log_poly | transfomer: StandardScaler | reducer: RFE  params:
{'reducer__step': 0.1, 'preprocessor__kw_args': {'pw': 4}, 'reducer__n_features_to_select': 66}
Precomp class [LogisticRegression] estimator, model params:
{'model__max_iter': 50, 'model__C': 0.0001, 'model__solver': 'newton-cg'}
Precomp Classify train score is: 
0.514006342495
Precomp Classify valid score is: 
0.482027765686
Precomp Classify test  score is: 
0.515311510032
Finished precomp class for LogisticRegression

Starting precomp class for LogisticRegression
Precomp class [LogisticRegression] estimator,pipeline:| preprocessor:log_poly | transfomer: StandardScaler | reducer: RFE  params:
{'reducer__step': 0.1, 'preprocessor__kw_args': {'pw': 4}, 'reducer__n_features_to_select': 66}
Precomp class [LogisticRegression] estimator, model params:
{'model__max_iter': 50, 'model__C': 10000.0, 'model__solver': 'lbfgs'}
Precomp Classify train score is: 
0.633985200846
Precomp Classify valid score is: 
0.616547018294
Precomp Classify test  score is: 
0.613516367476
Finished precomp class for LogisticRegression

Starting precomp class for LogisticRegression
Precomp class [LogisticRegression] estimator,pipeline:| preprocessor:log_poly | transfomer: StandardScaler | reducer: RFE  params:
{'reducer__step': 0.1, 'preprocessor__kw_args': {'pw': 4}, 'reducer__n_features_to_select': 66}
Precomp class [LogisticRegression] estimator, model params:
{'model__max_iter': 100, 'model__C': 0.0001, 'model__solver': 'newton-cg'}
Precomp Classify train score is: 
0.514006342495
Precomp Classify valid score is: 
0.482027765686
Precomp Classify test  score is: 
0.515311510032
Finished precomp class for LogisticRegression

Starting precomp class for LogisticRegression
Precomp class [LogisticRegression] estimator,pipeline:| preprocessor:log_poly | transfomer: StandardScaler | reducer: RFE  params:
{'reducer__step': 0.1, 'preprocessor__kw_args': {'pw': 4}, 'reducer__n_features_to_select': 66}
Precomp class [LogisticRegression] estimator, model params:
{'model__max_iter': 50, 'model__C': 0.0001, 'model__solver': 'sag'}
Precomp Classify train score is: 
0.515856236786
Precomp Classify valid score is: 
0.482820368506
Precomp Classify test  score is: 
0.515311510032
Finished precomp class for LogisticRegression

Starting precomp class for LogisticRegression
Precomp class [LogisticRegression] estimator,pipeline:| preprocessor:log_poly | transfomer: StandardScaler | reducer: RFE  params:
{'reducer__step': 0.1, 'preprocessor__kw_args': {'pw': 4}, 'reducer__n_features_to_select': 66}
Precomp class [LogisticRegression] estimator, model params:
{'model__max_iter': 50, 'model__C': 1.0, 'model__solver': 'lbfgs'}
Precomp Classify train score is: 
0.630813953488
Precomp Classify valid score is: 
0.615225942334
Precomp Classify test  score is: 
0.611404435058
Finished precomp class for LogisticRegression

Starting precomp class for LogisticRegression
Precomp class [LogisticRegression] estimator,pipeline:| preprocessor:log_poly | transfomer: StandardScaler | reducer: RFE  params:
{'reducer__step': 0.1, 'preprocessor__kw_args': {'pw': 4}, 'reducer__n_features_to_select': 66}
Precomp class [LogisticRegression] estimator, model params:
{'model__max_iter': 50, 'model__C': 1.0, 'model__solver': 'sag'}
Precomp Classify train score is: 
0.623942917548
Precomp Classify valid score is: 
0.612584631582
Precomp Classify test  score is: 
0.615628299894
Finished precomp class for LogisticRegression

Starting precomp class for LogisticRegression
Precomp class [LogisticRegression] estimator,pipeline:| preprocessor:log_poly | transfomer: StandardScaler | reducer: RFE  params:
{'reducer__step': 0.1, 'preprocessor__kw_args': {'pw': 4}, 'reducer__n_features_to_select': 66}
Precomp class [LogisticRegression] estimator, model params:
{'model__max_iter': 100, 'model__C': 0.0001, 'model__solver': 'sag'}
Precomp Classify train score is: 
0.515591966173
Precomp Classify valid score is: 
0.482820368506
Precomp Classify test  score is: 
0.515311510032
Finished precomp class for LogisticRegression

Starting precomp class for LogisticRegression
Precomp class [LogisticRegression] estimator,pipeline:| preprocessor:log_poly | transfomer: StandardScaler | reducer: RFE  params:
{'reducer__step': 0.1, 'preprocessor__kw_args': {'pw': 4}, 'reducer__n_features_to_select': 66}
Precomp class [LogisticRegression] estimator, model params:
{'model__max_iter': 50, 'model__C': 1.0, 'model__solver': 'liblinear'}
Precomp Classify train score is: 
0.633985200846
Precomp Classify valid score is: 
0.614697261393
Precomp Classify test  score is: 
0.615628299894
Finished precomp class for LogisticRegression

Starting precomp class for LogisticRegression
Precomp class [LogisticRegression] estimator,pipeline:| preprocessor:log_poly | transfomer: StandardScaler | reducer: RFE  params:
{'reducer__step': 0.1, 'preprocessor__kw_args': {'pw': 4}, 'reducer__n_features_to_select': 66}
Precomp class [LogisticRegression] estimator, model params:
{'model__max_iter': 100, 'model__C': 1.0, 'model__solver': 'liblinear'}
Precomp Classify train score is: 
0.633985200846
Precomp Classify valid score is: 
0.614697261393
Precomp Classify test  score is: 
0.615628299894
Finished precomp class for LogisticRegression

Starting precomp class for LogisticRegression
Precomp class [LogisticRegression] estimator,pipeline:| preprocessor:log_poly | transfomer: StandardScaler | reducer: RFE  params:
{'reducer__step': 0.1, 'preprocessor__kw_args': {'pw': 4}, 'reducer__n_features_to_select': 66}
Precomp class [LogisticRegression] estimator, model params:
{'model__max_iter': 50, 'model__C': 10000.0, 'model__solver': 'sag'}
Precomp Classify train score is: 
0.624207188161
Precomp Classify valid score is: 
0.613377234402
Precomp Classify test  score is: 
0.615628299894
Finished precomp class for LogisticRegression

Starting precomp class for LogisticRegression
Precomp class [LogisticRegression] estimator,pipeline:| preprocessor:log_poly | transfomer: StandardScaler | reducer: RFE  params:
{'reducer__step': 0.1, 'preprocessor__kw_args': {'pw': 4}, 'reducer__n_features_to_select': 66}
Precomp class [LogisticRegression] estimator, model params:
{'model__max_iter': 100, 'model__C': 1.0, 'model__solver': 'sag'}
Precomp Classify train score is: 
0.626849894292
Precomp Classify valid score is: 
0.610735923651
Precomp Classify test  score is: 
0.613516367476
Finished precomp class for LogisticRegression

Starting precomp class for LogisticRegression
Precomp class [LogisticRegression] estimator,pipeline:| preprocessor:log_poly | transfomer: StandardScaler | reducer: RFE  params:
{'reducer__step': 0.1, 'preprocessor__kw_args': {'pw': 4}, 'reducer__n_features_to_select': 66}
Precomp class [LogisticRegression] estimator, model params:
{'model__max_iter': 100, 'model__C': 1.0, 'model__solver': 'newton-cg'}
Precomp Classify train score is: 
0.633720930233
Precomp Classify valid score is: 
0.615225942334
Precomp Classify test  score is: 
0.615628299894
Finished precomp class for LogisticRegression

Starting precomp class for LogisticRegression
Precomp class [LogisticRegression] estimator,pipeline:| preprocessor:log_poly | transfomer: StandardScaler | reducer: RFE  params:
{'reducer__step': 0.1, 'preprocessor__kw_args': {'pw': 4}, 'reducer__n_features_to_select': 66}
Precomp class [LogisticRegression] estimator, model params:
{'model__max_iter': 100, 'model__C': 10000.0, 'model__solver': 'sag'}
Precomp Classify train score is: 
0.626057082452
Precomp Classify valid score is: 
0.610207032916
Precomp Classify test  score is: 
0.614572333685
Finished precomp class for LogisticRegression

Starting precomp class for LogisticRegression
Precomp class [LogisticRegression] estimator,pipeline:| preprocessor:log_poly | transfomer: StandardScaler | reducer: RFE  params:
{'reducer__step': 0.1, 'preprocessor__kw_args': {'pw': 4}, 'reducer__n_features_to_select': 66}
Precomp class [LogisticRegression] estimator, model params:
{'model__max_iter': 100, 'model__C': 1.0, 'model__solver': 'lbfgs'}
Precomp Classify train score is: 
0.633720930233
Precomp Classify valid score is: 
0.615754204683
Precomp Classify test  score is: 
0.615628299894
Finished precomp class for LogisticRegression

Starting precomp class for LogisticRegression
Precomp class [LogisticRegression] estimator,pipeline:| preprocessor:log_poly | transfomer: StandardScaler | reducer: RFE  params:
{'reducer__step': 0.1, 'preprocessor__kw_args': {'pw': 4}, 'reducer__n_features_to_select': 66}
Precomp class [LogisticRegression] estimator, model params:
{'model__max_iter': 50, 'model__C': 1.0, 'model__solver': 'newton-cg'}
Precomp Classify train score is: 
0.633720930233
Precomp Classify valid score is: 
0.615225942334
Precomp Classify test  score is: 
0.615628299894
Finished precomp class for LogisticRegression

Starting precomp class for LogisticRegression
Precomp class [LogisticRegression] estimator,pipeline:| preprocessor:log_poly | transfomer: StandardScaler | reducer: RFE  params:
{'reducer__step': 0.1, 'preprocessor__kw_args': {'pw': 4}, 'reducer__n_features_to_select': 66}
Precomp class [LogisticRegression] estimator, model params:
{'model__max_iter': 100, 'model__C': 10000.0, 'model__solver': 'lbfgs'}
Precomp Classify train score is: 
0.636099365751
Precomp Classify valid score is: 
0.61548714287
Precomp Classify test  score is: 
0.613516367476
Finished precomp class for LogisticRegression

Starting precomp class for LogisticRegression
Precomp class [LogisticRegression] estimator,pipeline:| preprocessor:log_poly | transfomer: StandardScaler | reducer: RFE  params:
{'reducer__step': 0.1, 'preprocessor__kw_args': {'pw': 4}, 'reducer__n_features_to_select': 66}
Precomp class [LogisticRegression] estimator, model params:
{'model__max_iter': 50, 'model__C': 10000.0, 'model__solver': 'liblinear'}
Precomp Classify train score is: 
0.641384778013
Precomp Classify valid score is: 
0.613636338992
Precomp Classify test  score is: 
0.60929250264
Finished precomp class for LogisticRegression

Starting precomp class for LogisticRegression
Precomp class [LogisticRegression] estimator,pipeline:| preprocessor:log_poly | transfomer: StandardScaler | reducer: RFE  params:
{'reducer__step': 0.1, 'preprocessor__kw_args': {'pw': 4}, 'reducer__n_features_to_select': 66}
Precomp class [LogisticRegression] estimator, model params:
{'model__max_iter': 100, 'model__C': 10000.0, 'model__solver': 'newton-cg'}
Precomp Classify train score is: 
0.641913319239
Precomp Classify valid score is: 
0.613900260871
Precomp Classify test  score is: 
0.60929250264
Finished precomp class for LogisticRegression

Starting precomp class for LogisticRegression
Precomp class [LogisticRegression] estimator,pipeline:| preprocessor:log_poly | transfomer: StandardScaler | reducer: RFE  params:
{'reducer__step': 0.1, 'preprocessor__kw_args': {'pw': 4}, 'reducer__n_features_to_select': 66}
Precomp class [LogisticRegression] estimator, model params:
{'model__max_iter': 100, 'model__C': 10000.0, 'model__solver': 'liblinear'}
Precomp Classify train score is: 
0.641913319239
Precomp Classify valid score is: 
0.61416418275
Precomp Classify test  score is: 
0.60929250264
Finished precomp class for LogisticRegression

Starting precomp class for LogisticRegression
Precomp class [LogisticRegression] estimator,pipeline:| preprocessor:log_poly | transfomer: StandardScaler | reducer: RFE  params:
{'reducer__step': 0.1, 'preprocessor__kw_args': {'pw': 4}, 'reducer__n_features_to_select': 66}
Precomp class [LogisticRegression] estimator, model params:
{'model__max_iter': 50, 'model__C': 10000.0, 'model__solver': 'newton-cg'}
Precomp Classify train score is: 
0.641913319239
Precomp Classify valid score is: 
0.613900260871
Precomp Classify test  score is: 
0.60929250264
Finished precomp class for LogisticRegression
i have finshed precomputing classification
#########################################
###Finished all estimators for cl: label_gross_4
#########################################
#########################################
#######Printing results for cl: label_gross_4
#########################################
{}
priting simply sorted numbers, grep them to find the best cfg or cl: label_gross_4
[]
