#########################################
###Starting all estimators for cl: label_gross_5
#########################################

LogPol True
n_components
[193, 115, 57]
pw_lst
[{'pw': 1}]
####################################################################################
################# Runing the itteration 1  of pipeline precomp      ###############
####################################################################################
| preprocessor:log_poly | transfomer: StandardScaler | reducer: RFE
{'reducer__step': [0.1], 'preprocessor__kw_args': [{'pw': 1}], 'reducer__n_features_to_select': [193, 115, 57]}
Starting precomp pipline for {'reducer__step': 0.1, 'preprocessor__kw_args': {'pw': 1}, 'reducer__n_features_to_select': 193}
Finished precomp pipline for {'reducer__step': 0.1, 'preprocessor__kw_args': {'pw': 1}, 'reducer__n_features_to_select': 193}
Starting precomp pipline for {'reducer__step': 0.1, 'preprocessor__kw_args': {'pw': 1}, 'reducer__n_features_to_select': 115}
Finished precomp pipline for {'reducer__step': 0.1, 'preprocessor__kw_args': {'pw': 1}, 'reducer__n_features_to_select': 115}
Starting precomp pipline for {'reducer__step': 0.1, 'preprocessor__kw_args': {'pw': 1}, 'reducer__n_features_to_select': 57}
Finished precomp pipline for {'reducer__step': 0.1, 'preprocessor__kw_args': {'pw': 1}, 'reducer__n_features_to_select': 57}

LogPol True
n_components
[203, 121, 60]
pw_lst
[{'pw': 1}, {'pw': 2}]
####################################################################################
################# Runing the itteration 2  of pipeline precomp      ###############
####################################################################################
| preprocessor:log_poly | transfomer: StandardScaler | reducer: RFE
{'reducer__step': [0.1], 'preprocessor__kw_args': [{'pw': 2}], 'reducer__n_features_to_select': [203, 121, 60]}
Starting precomp pipline for {'reducer__step': 0.1, 'preprocessor__kw_args': {'pw': 2}, 'reducer__n_features_to_select': 203}
Finished precomp pipline for {'reducer__step': 0.1, 'preprocessor__kw_args': {'pw': 2}, 'reducer__n_features_to_select': 203}
Starting precomp pipline for {'reducer__step': 0.1, 'preprocessor__kw_args': {'pw': 2}, 'reducer__n_features_to_select': 121}
Finished precomp pipline for {'reducer__step': 0.1, 'preprocessor__kw_args': {'pw': 2}, 'reducer__n_features_to_select': 121}
Starting precomp pipline for {'reducer__step': 0.1, 'preprocessor__kw_args': {'pw': 2}, 'reducer__n_features_to_select': 60}
Finished precomp pipline for {'reducer__step': 0.1, 'preprocessor__kw_args': {'pw': 2}, 'reducer__n_features_to_select': 60}

LogPol True
n_components
[213, 127, 63]
pw_lst
[{'pw': 1}, {'pw': 2}, {'pw': 3}]
####################################################################################
################# Runing the itteration 3  of pipeline precomp      ###############
####################################################################################
| preprocessor:log_poly | transfomer: StandardScaler | reducer: RFE
{'reducer__step': [0.1], 'preprocessor__kw_args': [{'pw': 3}], 'reducer__n_features_to_select': [213, 127, 63]}
Starting precomp pipline for {'reducer__step': 0.1, 'preprocessor__kw_args': {'pw': 3}, 'reducer__n_features_to_select': 213}
Finished precomp pipline for {'reducer__step': 0.1, 'preprocessor__kw_args': {'pw': 3}, 'reducer__n_features_to_select': 213}
Starting precomp pipline for {'reducer__step': 0.1, 'preprocessor__kw_args': {'pw': 3}, 'reducer__n_features_to_select': 127}
Finished precomp pipline for {'reducer__step': 0.1, 'preprocessor__kw_args': {'pw': 3}, 'reducer__n_features_to_select': 127}
Starting precomp pipline for {'reducer__step': 0.1, 'preprocessor__kw_args': {'pw': 3}, 'reducer__n_features_to_select': 63}
Finished precomp pipline for {'reducer__step': 0.1, 'preprocessor__kw_args': {'pw': 3}, 'reducer__n_features_to_select': 63}

LogPol True
n_components
[223, 133, 66]
pw_lst
[{'pw': 1}, {'pw': 2}, {'pw': 3}, {'pw': 4}]
####################################################################################
################# Runing the itteration 4  of pipeline precomp      ###############
####################################################################################
| preprocessor:log_poly | transfomer: StandardScaler | reducer: RFE
{'reducer__step': [0.1], 'preprocessor__kw_args': [{'pw': 4}], 'reducer__n_features_to_select': [223, 133, 66]}
Starting precomp pipline for {'reducer__step': 0.1, 'preprocessor__kw_args': {'pw': 4}, 'reducer__n_features_to_select': 223}
Finished precomp pipline for {'reducer__step': 0.1, 'preprocessor__kw_args': {'pw': 4}, 'reducer__n_features_to_select': 223}
Starting precomp pipline for {'reducer__step': 0.1, 'preprocessor__kw_args': {'pw': 4}, 'reducer__n_features_to_select': 133}
Finished precomp pipline for {'reducer__step': 0.1, 'preprocessor__kw_args': {'pw': 4}, 'reducer__n_features_to_select': 133}
Starting precomp pipline for {'reducer__step': 0.1, 'preprocessor__kw_args': {'pw': 4}, 'reducer__n_features_to_select': 66}
Finished precomp pipline for {'reducer__step': 0.1, 'preprocessor__kw_args': {'pw': 4}, 'reducer__n_features_to_select': 66}
Preclassifying results
Classify score is :0.709830866808
####################################################################################
################# Runing the itteration 5  of the GridSearchCV ####################
####################################################################################
***Starting [BaggingRegressor] estimator run, pipeline: | preprocessor:log_poly | transfomer: StandardScaler | reducer: RFE 
##param_grid##
{}
Fitting 5 folds for each of 1 candidates, totalling 5 fits
[CV]  ................................................................
[CV] ................................................. , total=   1.1s
[CV]  ................................................................
[CV] ................................................. , total=   1.2s
[CV]  ................................................................
[CV] ................................................. , total=   1.1s
[CV]  ................................................................
[CV] ................................................. , total=   1.1s
[CV]  ................................................................
[CV] ................................................. , total=   1.2s
GREP_ME***Results of [BaggingRegressor] estimatorrun are
{'split0_test_score': array([ 0.59312913]), 'params': ({},), 'split4_test_score': array([ 0.65327714]), 'std_fit_time': array([ 0.03232769]), 'std_test_score': array([ 0.03144567]), 'split2_train_score': array([ 0.93750739]), 'rank_test_score': array([1], dtype=int32), 'split4_train_score': array([ 0.93302451]), 'std_score_time': array([ 0.00163217]), 'mean_test_score': array([ 0.61553991]), 'split3_test_score': array([ 0.63278014]), 'mean_fit_time': array([ 1.13966146]), 'mean_train_score': array([ 0.9384255]), 'split0_train_score': array([ 0.94119132]), 'mean_score_time': array([ 0.01145988]), 'split1_test_score': array([ 0.56617194]), 'split1_train_score': array([ 0.94409042]), 'split3_train_score': array([ 0.93631386]), 'split2_test_score': array([ 0.63239104]), 'std_train_score': array([ 0.00385263])}
GREP_ME***Best params of [BaggingRegressor] estimator,pipeline:| preprocessor:log_poly | transfomer: StandardScaler | reducer: RFE  run are
{'reducer__step': 0.1, 'preprocessor__kw_args': {'pw': 3}, 'reducer__n_features_to_select': 213}
GREP_ME***Best score of [BaggingRegressor] estimator, pipeline:| preprocessor:log_poly | transfomer: StandardScaler | reducer: RFE run are
0.615539908519
####################################################################################
################# Runing the itteration 6  of the GridSearchCV ####################
####################################################################################
***Starting [ExtraTreesRegressor] estimator run, pipeline: | preprocessor:log_poly | transfomer: StandardScaler | reducer: RFE 
##param_grid##
{}
Fitting 5 folds for each of 1 candidates, totalling 5 fits
[CV]  ................................................................
[CV] ................................................. , total=   0.7s
[CV]  ................................................................
[CV] ................................................. , total=   0.7s
[CV]  ................................................................
[CV] ................................................. , total=   0.7s
[CV]  ................................................................
[CV] ................................................. , total=   0.7s
[CV]  ................................................................
[CV] ................................................. , total=   0.8s
GREP_ME***Results of [ExtraTreesRegressor] estimatorrun are
{'split0_test_score': array([ 0.60676554]), 'params': ({},), 'split4_test_score': array([ 0.63188289]), 'std_fit_time': array([ 0.01484521]), 'std_test_score': array([ 0.03085198]), 'split2_train_score': array([ 1.]), 'rank_test_score': array([1], dtype=int32), 'split4_train_score': array([ 1.]), 'std_score_time': array([ 0.00027809]), 'mean_test_score': array([ 0.61396338]), 'split3_test_score': array([ 0.59902726]), 'mean_fit_time': array([ 0.71645451]), 'mean_train_score': array([ 1.]), 'split0_train_score': array([ 1.]), 'mean_score_time': array([ 0.00672956]), 'split1_test_score': array([ 0.57051159]), 'split1_train_score': array([ 1.]), 'split3_train_score': array([ 1.]), 'split2_test_score': array([ 0.66165329]), 'std_train_score': array([ 0.])}
GREP_ME***Best params of [ExtraTreesRegressor] estimator,pipeline:| preprocessor:log_poly | transfomer: StandardScaler | reducer: RFE  run are
{'reducer__step': 0.1, 'preprocessor__kw_args': {'pw': 3}, 'reducer__n_features_to_select': 213}
GREP_ME***Best score of [ExtraTreesRegressor] estimator, pipeline:| preprocessor:log_poly | transfomer: StandardScaler | reducer: RFE run are
0.613963378414
####################################################################################
################# Runing the itteration 7  of the GridSearchCV ####################
####################################################################################
***Starting [GradientBoostingRegressor] estimator run, pipeline: | preprocessor:log_poly | transfomer: StandardScaler | reducer: RFE 
##param_grid##
{}
Fitting 5 folds for each of 1 candidates, totalling 5 fits
[CV]  ................................................................
[CV] ................................................. , total=   1.3s
[CV]  ................................................................
[CV] ................................................. , total=   1.3s
[CV]  ................................................................
[CV] ................................................. , total=   1.3s
[CV]  ................................................................
[CV] ................................................. , total=   1.4s
[CV]  ................................................................
[CV] ................................................. , total=   1.3s
GREP_ME***Results of [GradientBoostingRegressor] estimatorrun are
{'split0_test_score': array([ 0.62298754]), 'params': ({},), 'split4_test_score': array([ 0.71005041]), 'std_fit_time': array([ 0.01242778]), 'std_test_score': array([ 0.04692605]), 'split2_train_score': array([ 0.81060074]), 'rank_test_score': array([1], dtype=int32), 'split4_train_score': array([ 0.80188202]), 'std_score_time': array([ 0.00106723]), 'mean_test_score': array([ 0.6589922]), 'split3_test_score': array([ 0.66947943]), 'mean_fit_time': array([ 1.33640518]), 'mean_train_score': array([ 0.81222509]), 'split0_train_score': array([ 0.81054635]), 'mean_score_time': array([ 0.00530615]), 'split1_test_score': array([ 0.58849265]), 'split1_train_score': array([ 0.82185557]), 'split3_train_score': array([ 0.81624076]), 'split2_test_score': array([ 0.70401842]), 'std_train_score': array([ 0.00665293])}
GREP_ME***Best params of [GradientBoostingRegressor] estimator,pipeline:| preprocessor:log_poly | transfomer: StandardScaler | reducer: RFE  run are
{'reducer__step': 0.1, 'preprocessor__kw_args': {'pw': 3}, 'reducer__n_features_to_select': 213}
GREP_ME***Best score of [GradientBoostingRegressor] estimator, pipeline:| preprocessor:log_poly | transfomer: StandardScaler | reducer: RFE run are
0.658992199034
Preclassifying results
Classify score is :0.901691331924
####################################################################################
################# Runing the itteration 8  of the GridSearchCV ####################
####################################################################################
***Starting [BaggingRegressor] estimator run, pipeline: | preprocessor:log_poly | transfomer: StandardScaler | reducer: RFE 
##param_grid##
{}
Fitting 5 folds for each of 1 candidates, totalling 5 fits
[CV]  ................................................................
[CV] ................................................. , total=   0.9s
[CV]  ................................................................
[CV] ................................................. , total=   0.9s
[CV]  ................................................................
[CV] ................................................. , total=   0.9s
[CV]  ................................................................
[CV] ................................................. , total=   0.9s
[CV]  ................................................................
[CV] ................................................. , total=   0.9s
GREP_ME***Results of [BaggingRegressor] estimatorrun are
{'split0_test_score': array([ 0.75009709]), 'params': ({},), 'split4_test_score': array([ 0.8186597]), 'std_fit_time': array([ 0.01803611]), 'std_test_score': array([ 0.05535563]), 'split2_train_score': array([ 0.95233654]), 'rank_test_score': array([1], dtype=int32), 'split4_train_score': array([ 0.95013354]), 'std_score_time': array([ 0.00012797]), 'mean_test_score': array([ 0.72541127]), 'split3_test_score': array([ 0.69596659]), 'mean_fit_time': array([ 0.89153981]), 'mean_train_score': array([ 0.95407703]), 'split0_train_score': array([ 0.9551765]), 'mean_score_time': array([ 0.00536451]), 'split1_test_score': array([ 0.70625516]), 'split1_train_score': array([ 0.95430945]), 'split3_train_score': array([ 0.9584291]), 'split2_test_score': array([ 0.65620097]), 'std_train_score': array([ 0.0027851])}
GREP_ME***Best params of [BaggingRegressor] estimator,pipeline:| preprocessor:log_poly | transfomer: StandardScaler | reducer: RFE  run are
{'reducer__step': 0.1, 'preprocessor__kw_args': {'pw': 4}, 'reducer__n_features_to_select': 66}
GREP_ME***Best score of [BaggingRegressor] estimator, pipeline:| preprocessor:log_poly | transfomer: StandardScaler | reducer: RFE run are
0.725411266325
####################################################################################
################# Runing the itteration 9  of the GridSearchCV ####################
####################################################################################
***Starting [ExtraTreesRegressor] estimator run, pipeline: | preprocessor:log_poly | transfomer: StandardScaler | reducer: RFE 
##param_grid##
{}
Fitting 5 folds for each of 1 candidates, totalling 5 fits
[CV]  ................................................................
[CV] ................................................. , total=   0.4s
[CV]  ................................................................
[CV] ................................................. , total=   0.4s
[CV]  ................................................................
[CV] ................................................. , total=   0.4s
[CV]  ................................................................
[CV] ................................................. , total=   0.4s
[CV]  ................................................................
[CV] ................................................. , total=   0.4s
GREP_ME***Results of [ExtraTreesRegressor] estimatorrun are
{'split0_test_score': array([ 0.75225442]), 'params': ({},), 'split4_test_score': array([ 0.73891972]), 'std_fit_time': array([ 0.01809211]), 'std_test_score': array([ 0.02324618]), 'split2_train_score': array([ 1.]), 'rank_test_score': array([1], dtype=int32), 'split4_train_score': array([ 1.]), 'std_score_time': array([ 0.0001141]), 'mean_test_score': array([ 0.72691777]), 'split3_test_score': array([ 0.70639913]), 'mean_fit_time': array([ 0.39533882]), 'mean_train_score': array([ 1.]), 'split0_train_score': array([ 1.]), 'mean_score_time': array([ 0.00507221]), 'split1_test_score': array([ 0.74452729]), 'split1_train_score': array([ 1.]), 'split3_train_score': array([ 1.]), 'split2_test_score': array([ 0.69250413]), 'std_train_score': array([ 0.])}
GREP_ME***Best params of [ExtraTreesRegressor] estimator,pipeline:| preprocessor:log_poly | transfomer: StandardScaler | reducer: RFE  run are
{'reducer__step': 0.1, 'preprocessor__kw_args': {'pw': 4}, 'reducer__n_features_to_select': 66}
GREP_ME***Best score of [ExtraTreesRegressor] estimator, pipeline:| preprocessor:log_poly | transfomer: StandardScaler | reducer: RFE run are
0.726917769505
####################################################################################
################# Runing the itteration 10  of the GridSearchCV ####################
####################################################################################
***Starting [GradientBoostingRegressor] estimator run, pipeline: | preprocessor:log_poly | transfomer: StandardScaler | reducer: RFE 
##param_grid##
{}
Fitting 5 folds for each of 1 candidates, totalling 5 fits
[CV]  ................................................................
[CV] ................................................. , total=   0.7s
[CV]  ................................................................
[CV] ................................................. , total=   0.7s
[CV]  ................................................................
[CV] ................................................. , total=   0.8s
[CV]  ................................................................
[CV] ................................................. , total=   0.8s
GREP_ME***Results of [GradientBoostingRegressor] estimatorrun are
{'split0_test_score': array([ 0.78215735]), 'params': ({},), 'split4_test_score': array([ 0.82930787]), 'std_fit_time': array([ 0.01120077]), 'std_test_score': array([ 0.04534077]), 'split2_train_score': array([ 0.90440526]), 'rank_test_score': array([1], dtype=int32), 'split4_train_score': array([ 0.89420687]), 'std_score_time': array([ 0.00013187]), 'mean_test_score': array([ 0.75549163]), 'split3_test_score': array([ 0.70417568]), 'mean_fit_time': array([ 0.74783125]), 'mean_train_score': array([ 0.89768811]), 'split0_train_score': array([ 0.89844104]), 'mean_score_time': array([ 0.00262961]), 'split1_test_score': array([ 0.74292249]), 'split1_train_score': array([ 0.89517312]), 'split3_train_score': array([ 0.89621428]), 'split2_test_score': array([ 0.71899228]), 'std_train_score': array([ 0.00364152])}
GREP_ME***Best params of [GradientBoostingRegressor] estimator,pipeline:| preprocessor:log_poly | transfomer: StandardScaler | reducer: RFE  run are
{'reducer__step': 0.1, 'preprocessor__kw_args': {'pw': 4}, 'reducer__n_features_to_select': 66}
GREP_ME***Best score of [GradientBoostingRegressor] estimator, pipeline:| preprocessor:log_poly | transfomer: StandardScaler | reducer: RFE run are
0.755491632026
Preclassifying results
Classify score is :0.728594080338
####################################################################################
################# Runing the itteration 11  of the GridSearchCV ####################
####################################################################################
***Starting [BaggingRegressor] estimator run, pipeline: | preprocessor:log_poly | transfomer: StandardScaler | reducer: RFE 
##param_grid##
{}
Fitting 5 folds for each of 1 candidates, totalling 5 fits
[CV]  ................................................................
[CV] ................................................. , total=   1.3s
[CV]  ................................................................
[CV] ................................................. , total=   1.3s
[CV]  ................................................................
[CV] ................................................. , total=   1.3s
[CV]  ................................................................
[CV] ................................................. , total=   1.3s
[CV]  ................................................................
[CV] ................................................. , total=   1.2s
GREP_ME***Results of [BaggingRegressor] estimatorrun are
{'split0_test_score': array([ 0.66459267]), 'params': ({},), 'split4_test_score': array([ 0.62814386]), 'std_fit_time': array([ 0.02401614]), 'std_test_score': array([ 0.04565706]), 'split2_train_score': array([ 0.93624066]), 'rank_test_score': array([1], dtype=int32), 'split4_train_score': array([ 0.94507462]), 'std_score_time': array([ 0.00054238]), 'mean_test_score': array([ 0.6495122]), 'split3_test_score': array([ 0.65166189]), 'mean_fit_time': array([ 1.26364841]), 'mean_train_score': array([ 0.9393124]), 'split0_train_score': array([ 0.93641006]), 'mean_score_time': array([ 0.01150746]), 'split1_test_score': array([ 0.5818406]), 'split1_train_score': array([ 0.94031526]), 'split3_train_score': array([ 0.9385214]), 'split2_test_score': array([ 0.72129376]), 'std_train_score': array([ 0.00324635])}
GREP_ME***Best params of [BaggingRegressor] estimator,pipeline:| preprocessor:log_poly | transfomer: StandardScaler | reducer: RFE  run are
{'reducer__step': 0.1, 'preprocessor__kw_args': {'pw': 4}, 'reducer__n_features_to_select': 223}
GREP_ME***Best score of [BaggingRegressor] estimator, pipeline:| preprocessor:log_poly | transfomer: StandardScaler | reducer: RFE run are
0.649512199928
####################################################################################
################# Runing the itteration 12  of the GridSearchCV ####################
####################################################################################
***Starting [ExtraTreesRegressor] estimator run, pipeline: | preprocessor:log_poly | transfomer: StandardScaler | reducer: RFE 
##param_grid##
{}
Fitting 5 folds for each of 1 candidates, totalling 5 fits
[CV]  ................................................................
[CV] ................................................. , total=   0.8s
[CV]  ................................................................
[CV] ................................................. , total=   0.8s
[CV]  ................................................................
[CV] ................................................. , total=   0.8s
[CV]  ................................................................
[CV] ................................................. , total=   0.8s
GREP_ME***Results of [ExtraTreesRegressor] estimatorrun are
{'split0_test_score': array([ 0.55447099]), 'params': ({},), 'split4_test_score': array([ 0.5929202]), 'std_fit_time': array([ 0.01383379]), 'std_test_score': array([ 0.0573663]), 'split2_train_score': array([ 1.]), 'rank_test_score': array([1], dtype=int32), 'split4_train_score': array([ 1.]), 'std_score_time': array([ 0.00031289]), 'mean_test_score': array([ 0.61873422]), 'split3_test_score': array([ 0.60920499]), 'mean_fit_time': array([ 0.78361378]), 'mean_train_score': array([ 1.]), 'split0_train_score': array([ 1.]), 'mean_score_time': array([ 0.00691776]), 'split1_test_score': array([ 0.6110455]), 'split1_train_score': array([ 1.]), 'split3_train_score': array([ 1.]), 'split2_test_score': array([ 0.72599534]), 'std_train_score': array([ 0.])}
GREP_ME***Best params of [ExtraTreesRegressor] estimator,pipeline:| preprocessor:log_poly | transfomer: StandardScaler | reducer: RFE  run are
{'reducer__step': 0.1, 'preprocessor__kw_args': {'pw': 4}, 'reducer__n_features_to_select': 223}
GREP_ME***Best score of [ExtraTreesRegressor] estimator, pipeline:| preprocessor:log_poly | transfomer: StandardScaler | reducer: RFE run are
0.618734223755
####################################################################################
################# Runing the itteration 13  of the GridSearchCV ####################
####################################################################################
***Starting [GradientBoostingRegressor] estimator run, pipeline: | preprocessor:log_poly | transfomer: StandardScaler | reducer: RFE 
##param_grid##
{}
Fitting 5 folds for each of 1 candidates, totalling 5 fits
[CV]  ................................................................
[CV] ................................................. , total=   1.5s
[CV]  ................................................................
[CV] ................................................. , total=   1.5s
[CV]  ................................................................
[CV] ................................................. , total=   1.5s
[CV]  ................................................................
[CV] ................................................. , total=   1.5s
[CV]  ................................................................
[CV] ................................................. , total=   1.5s
GREP_ME***Results of [GradientBoostingRegressor] estimatorrun are
{'split0_test_score': array([ 0.68511379]), 'params': ({},), 'split4_test_score': array([ 0.6633756]), 'std_fit_time': array([ 0.03401902]), 'std_test_score': array([ 0.03392733]), 'split2_train_score': array([ 0.82256304]), 'rank_test_score': array([1], dtype=int32), 'split4_train_score': array([ 0.8311819]), 'std_score_time': array([ 0.00227079]), 'mean_test_score': array([ 0.67903282]), 'split3_test_score': array([ 0.68574822]), 'mean_fit_time': array([ 1.47364092]), 'mean_train_score': array([ 0.8261975]), 'split0_train_score': array([ 0.82693466]), 'mean_score_time': array([ 0.00753398]), 'split1_test_score': array([ 0.62838148]), 'split1_train_score': array([ 0.82172055]), 'split3_train_score': array([ 0.82858734]), 'split2_test_score': array([ 0.73252431]), 'std_train_score': array([ 0.00358752])}
GREP_ME***Best params of [GradientBoostingRegressor] estimator,pipeline:| preprocessor:log_poly | transfomer: StandardScaler | reducer: RFE  run are
{'reducer__step': 0.1, 'preprocessor__kw_args': {'pw': 4}, 'reducer__n_features_to_select': 223}
GREP_ME***Best score of [GradientBoostingRegressor] estimator, pipeline:| preprocessor:log_poly | transfomer: StandardScaler | reducer: RFE run are
0.679032815199
Preclassifying results
Classify score is :0.866543340381
####################################################################################
################# Runing the itteration 14  of the GridSearchCV ####################
####################################################################################
***Starting [BaggingRegressor] estimator run, pipeline: | preprocessor:log_poly | transfomer: StandardScaler | reducer: RFE 
##param_grid##
{}
Fitting 5 folds for each of 1 candidates, totalling 5 fits
[CV]  ................................................................
[CV] ................................................. , total=   0.6s
[CV]  ................................................................
[CV] ................................................. , total=   0.6s
[CV]  ................................................................
[CV] ................................................. , total=   0.6s
[CV]  ................................................................
[CV] ................................................. , total=   0.7s
[CV]  ................................................................
[CV] ................................................. , total=   0.7s
GREP_ME***Results of [BaggingRegressor] estimatorrun are
{'split0_test_score': array([ 0.69268432]), 'params': ({},), 'split4_test_score': array([ 0.69297696]), 'std_fit_time': array([ 0.01795829]), 'std_test_score': array([ 0.06544774]), 'split2_train_score': array([ 0.94974164]), 'rank_test_score': array([1], dtype=int32), 'split4_train_score': array([ 0.951374]), 'std_score_time': array([ 0.000188]), 'mean_test_score': array([ 0.71067713]), 'split3_test_score': array([ 0.61464316]), 'mean_fit_time': array([ 0.64082904]), 'mean_train_score': array([ 0.95089314]), 'split0_train_score': array([ 0.94908063]), 'mean_score_time': array([ 0.00524983]), 'split1_test_score': array([ 0.81447175]), 'split1_train_score': array([ 0.94563557]), 'split3_train_score': array([ 0.95863385]), 'split2_test_score': array([ 0.73858608]), 'std_train_score': array([ 0.00429891])}
GREP_ME***Best params of [BaggingRegressor] estimator,pipeline:| preprocessor:log_poly | transfomer: StandardScaler | reducer: RFE  run are
{'reducer__step': 0.1, 'preprocessor__kw_args': {'pw': 2}, 'reducer__n_features_to_select': 60}
GREP_ME***Best score of [BaggingRegressor] estimator, pipeline:| preprocessor:log_poly | transfomer: StandardScaler | reducer: RFE run are
0.71067713158
####################################################################################
################# Runing the itteration 15  of the GridSearchCV ####################
####################################################################################
***Starting [ExtraTreesRegressor] estimator run, pipeline: | preprocessor:log_poly | transfomer: StandardScaler | reducer: RFE 
##param_grid##
{}
Fitting 5 folds for each of 1 candidates, totalling 5 fits
[CV]  ................................................................
[CV] ................................................. , total=   0.3s
[CV]  ................................................................
[CV] ................................................. , total=   0.3s
[CV]  ................................................................
[CV] ................................................. , total=   0.3s
[CV]  ................................................................
[CV] ................................................. , total=   0.3s
[CV]  ................................................................
[CV] ................................................. , total=   0.3s
GREP_ME***Results of [ExtraTreesRegressor] estimatorrun are
{'split0_test_score': array([ 0.72181345]), 'params': ({},), 'split4_test_score': array([ 0.64157528]), 'std_fit_time': array([ 0.01061891]), 'std_test_score': array([ 0.05200749]), 'split2_train_score': array([ 1.]), 'rank_test_score': array([1], dtype=int32), 'split4_train_score': array([ 1.]), 'std_score_time': array([ 0.00031742]), 'mean_test_score': array([ 0.70026303]), 'split3_test_score': array([ 0.63725043]), 'mean_fit_time': array([ 0.31231117]), 'mean_train_score': array([ 1.]), 'split0_train_score': array([ 1.]), 'mean_score_time': array([ 0.00536218]), 'split1_test_score': array([ 0.76816495]), 'split1_train_score': array([ 1.]), 'split3_train_score': array([ 1.]), 'split2_test_score': array([ 0.73243353]), 'std_train_score': array([ 0.])}
GREP_ME***Best params of [ExtraTreesRegressor] estimator,pipeline:| preprocessor:log_poly | transfomer: StandardScaler | reducer: RFE  run are
{'reducer__step': 0.1, 'preprocessor__kw_args': {'pw': 2}, 'reducer__n_features_to_select': 60}
GREP_ME***Best score of [ExtraTreesRegressor] estimator, pipeline:| preprocessor:log_poly | transfomer: StandardScaler | reducer: RFE run are
0.70026303292
####################################################################################
################# Runing the itteration 16  of the GridSearchCV ####################
####################################################################################
***Starting [GradientBoostingRegressor] estimator run, pipeline: | preprocessor:log_poly | transfomer: StandardScaler | reducer: RFE 
##param_grid##
{}
Fitting 5 folds for each of 1 candidates, totalling 5 fits
[CV]  ................................................................
[CV] ................................................. , total=   0.6s
[CV]  ................................................................
[CV] ................................................. , total=   0.6s
[CV]  ................................................................
[CV] ................................................. , total=   0.6s
[CV]  ................................................................
[CV] ................................................. , total=   0.6s
[CV]  ................................................................
[CV] ................................................. , total=   0.6s
GREP_ME***Results of [GradientBoostingRegressor] estimatorrun are
{'split0_test_score': array([ 0.72275605]), 'params': ({},), 'split4_test_score': array([ 0.72255274]), 'std_fit_time': array([ 0.01939043]), 'std_test_score': array([ 0.05803873]), 'split2_train_score': array([ 0.86920167]), 'rank_test_score': array([1], dtype=int32), 'split4_train_score': array([ 0.8783041]), 'std_score_time': array([ 0.00030266]), 'mean_test_score': array([ 0.7329775]), 'split3_test_score': array([ 0.64324518]), 'mean_fit_time': array([ 0.59695382]), 'mean_train_score': array([ 0.87246764]), 'split0_train_score': array([ 0.86974141]), 'mean_score_time': array([ 0.00298157]), 'split1_test_score': array([ 0.82339431]), 'split1_train_score': array([ 0.86533912]), 'split3_train_score': array([ 0.87975192]), 'split2_test_score': array([ 0.75292547]), 'std_train_score': array([ 0.00558641])}
GREP_ME***Best params of [GradientBoostingRegressor] estimator,pipeline:| preprocessor:log_poly | transfomer: StandardScaler | reducer: RFE  run are
{'reducer__step': 0.1, 'preprocessor__kw_args': {'pw': 2}, 'reducer__n_features_to_select': 60}
GREP_ME***Best score of [GradientBoostingRegressor] estimator, pipeline:| preprocessor:log_poly | transfomer: StandardScaler | reducer: RFE run are
0.732977504892
Preclassifying results
Classify score is :0.655919661734
####################################################################################
################# Runing the itteration 17  of the GridSearchCV ####################
####################################################################################
***Starting [BaggingRegressor] estimator run, pipeline: | preprocessor:log_poly | transfomer: StandardScaler | reducer: RFE 
##param_grid##
{}
Fitting 5 folds for each of 1 candidates, totalling 5 fits
[CV]  ................................................................
[CV] ................................................. , total=   0.6s
[CV]  ................................................................
[CV] ................................................. , total=   0.6s
[CV]  ................................................................
[CV] ................................................. , total=   0.6s
[CV]  ................................................................
[CV] ................................................. , total=   0.7s
[CV]  ................................................................
[CV] ................................................. , total=   0.7s
GREP_ME***Results of [BaggingRegressor] estimatorrun are
{'split0_test_score': array([ 0.63343131]), 'params': ({},), 'split4_test_score': array([ 0.58021129]), 'std_fit_time': array([ 0.05103976]), 'std_test_score': array([ 0.05676951]), 'split2_train_score': array([ 0.92990335]), 'rank_test_score': array([1], dtype=int32), 'split4_train_score': array([ 0.93336458]), 'std_score_time': array([ 0.00072113]), 'mean_test_score': array([ 0.55960882]), 'split3_test_score': array([ 0.46473446]), 'mean_fit_time': array([ 0.61985259]), 'mean_train_score': array([ 0.92406721]), 'split0_train_score': array([ 0.9126196]), 'mean_score_time': array([ 0.00701466]), 'split1_test_score': array([ 0.58469374]), 'split1_train_score': array([ 0.91797059]), 'split3_train_score': array([ 0.92647794]), 'split2_test_score': array([ 0.53500052]), 'std_train_score': array([ 0.00767502])}
GREP_ME***Best params of [BaggingRegressor] estimator,pipeline:| preprocessor:log_poly | transfomer: StandardScaler | reducer: RFE  run are
{'reducer__step': 0.1, 'preprocessor__kw_args': {'pw': 1}, 'reducer__n_features_to_select': 115}
GREP_ME***Best score of [BaggingRegressor] estimator, pipeline:| preprocessor:log_poly | transfomer: StandardScaler | reducer: RFE run are
0.559608820675
####################################################################################
################# Runing the itteration 18  of the GridSearchCV ####################
####################################################################################
***Starting [ExtraTreesRegressor] estimator run, pipeline: | preprocessor:log_poly | transfomer: StandardScaler | reducer: RFE 
##param_grid##
{}
Fitting 5 folds for each of 1 candidates, totalling 5 fits
[CV]  ................................................................
[CV] ................................................. , total=   0.4s
[CV]  ................................................................
[CV] ................................................. , total=   0.4s
[CV]  ................................................................
[CV] ................................................. , total=   0.4s
[CV]  ................................................................
[CV] ................................................. , total=   0.4s
[CV]  ................................................................
[CV] ................................................. , total=   0.4s
GREP_ME***Results of [ExtraTreesRegressor] estimatorrun are
{'split0_test_score': array([ 0.68831041]), 'params': ({},), 'split4_test_score': array([ 0.52553641]), 'std_fit_time': array([ 0.01044057]), 'std_test_score': array([ 0.06525435]), 'split2_train_score': array([ 1.]), 'rank_test_score': array([1], dtype=int32), 'split4_train_score': array([ 1.]), 'std_score_time': array([ 0.00031893]), 'mean_test_score': array([ 0.56534349]), 'split3_test_score': array([ 0.50084788]), 'mean_fit_time': array([ 0.39798484]), 'mean_train_score': array([ 1.]), 'split0_train_score': array([ 1.]), 'mean_score_time': array([ 0.00569797]), 'split1_test_score': array([ 0.56709386]), 'split1_train_score': array([ 1.]), 'split3_train_score': array([ 1.]), 'split2_test_score': array([ 0.54487628]), 'std_train_score': array([ 0.])}
GREP_ME***Best params of [ExtraTreesRegressor] estimator,pipeline:| preprocessor:log_poly | transfomer: StandardScaler | reducer: RFE  run are
{'reducer__step': 0.1, 'preprocessor__kw_args': {'pw': 1}, 'reducer__n_features_to_select': 115}
GREP_ME***Best score of [ExtraTreesRegressor] estimator, pipeline:| preprocessor:log_poly | transfomer: StandardScaler | reducer: RFE run are
0.56534348539
####################################################################################
################# Runing the itteration 19  of the GridSearchCV ####################
####################################################################################
***Starting [GradientBoostingRegressor] estimator run, pipeline: | preprocessor:log_poly | transfomer: StandardScaler | reducer: RFE 
##param_grid##
{}
Fitting 5 folds for each of 1 candidates, totalling 5 fits
[CV]  ................................................................
[CV] ................................................. , total=   0.7s
[CV]  ................................................................
[CV] ................................................. , total=   0.8s
[CV]  ................................................................
[CV] ................................................. , total=   0.8s
[CV]  ................................................................
[CV] ................................................. , total=   0.8s
[CV]  ................................................................
[CV] ................................................. , total=   0.8s
GREP_ME***Results of [GradientBoostingRegressor] estimatorrun are
{'split0_test_score': array([ 0.68972576]), 'params': ({},), 'split4_test_score': array([ 0.58167536]), 'std_fit_time': array([ 0.02397676]), 'std_test_score': array([ 0.04967159]), 'split2_train_score': array([ 0.79219671]), 'rank_test_score': array([1], dtype=int32), 'split4_train_score': array([ 0.80463263]), 'std_score_time': array([ 0.00021021]), 'mean_test_score': array([ 0.61000224]), 'split3_test_score': array([ 0.57792631]), 'mean_fit_time': array([ 0.76207643]), 'mean_train_score': array([ 0.79006573]), 'split0_train_score': array([ 0.77282504]), 'mean_score_time': array([ 0.00326166]), 'split1_test_score': array([ 0.64481839]), 'split1_train_score': array([ 0.79185028]), 'split3_train_score': array([ 0.78882401]), 'split2_test_score': array([ 0.55582797]), 'std_train_score': array([ 0.01018532])}
GREP_ME***Best params of [GradientBoostingRegressor] estimator,pipeline:| preprocessor:log_poly | transfomer: StandardScaler | reducer: RFE  run are
{'reducer__step': 0.1, 'preprocessor__kw_args': {'pw': 1}, 'reducer__n_features_to_select': 115}
GREP_ME***Best score of [GradientBoostingRegressor] estimator, pipeline:| preprocessor:log_poly | transfomer: StandardScaler | reducer: RFE run are
0.610002243236
Preclassifying results
Classify score is :0.744714587738
####################################################################################
################# Runing the itteration 20  of the GridSearchCV ####################
####################################################################################
***Starting [BaggingRegressor] estimator run, pipeline: | preprocessor:log_poly | transfomer: StandardScaler | reducer: RFE 
##param_grid##
{}
Fitting 5 folds for each of 1 candidates, totalling 5 fits
[CV]  ................................................................
[CV] ................................................. , total=   1.1s
[CV]  ................................................................
[CV] ................................................. , total=   1.2s
[CV]  ................................................................
[CV] ................................................. , total=   1.2s
[CV]  ................................................................
[CV] ................................................. , total=   1.2s
GREP_ME***Results of [BaggingRegressor] estimatorrun are
{'split0_test_score': array([ 0.58950302]), 'params': ({},), 'split4_test_score': array([ 0.57923467]), 'std_fit_time': array([ 0.04961567]), 'std_test_score': array([ 0.03754494]), 'split2_train_score': array([ 0.93398308]), 'rank_test_score': array([1], dtype=int32), 'split4_train_score': array([ 0.92593548]), 'std_score_time': array([ 0.00213191]), 'mean_test_score': array([ 0.62837639]), 'split3_test_score': array([ 0.63897144]), 'mean_fit_time': array([ 1.17499633]), 'mean_train_score': array([ 0.93356547]), 'split0_train_score': array([ 0.94029374]), 'mean_score_time': array([ 0.01086087]), 'split1_test_score': array([ 0.67015469]), 'split1_train_score': array([ 0.93613526]), 'split3_train_score': array([ 0.93147979]), 'split2_test_score': array([ 0.66395324]), 'std_train_score': array([ 0.00478779])}
GREP_ME***Best params of [BaggingRegressor] estimator,pipeline:| preprocessor:log_poly | transfomer: StandardScaler | reducer: RFE  run are
{'reducer__step': 0.1, 'preprocessor__kw_args': {'pw': 4}, 'reducer__n_features_to_select': 133}
GREP_ME***Best score of [BaggingRegressor] estimator, pipeline:| preprocessor:log_poly | transfomer: StandardScaler | reducer: RFE run are
0.628376393839
####################################################################################
################# Runing the itteration 21  of the GridSearchCV ####################
####################################################################################
***Starting [ExtraTreesRegressor] estimator run, pipeline: | preprocessor:log_poly | transfomer: StandardScaler | reducer: RFE 
##param_grid##
{}
Fitting 5 folds for each of 1 candidates, totalling 5 fits
[CV]  ................................................................
[CV] ................................................. , total=   0.6s
[CV]  ................................................................
[CV] ................................................. , total=   0.6s
[CV]  ................................................................
[CV] ................................................. , total=   0.6s
[CV]  ................................................................
[CV] ................................................. , total=   0.6s
[CV]  ................................................................
[CV] ................................................. , total=   0.6s
GREP_ME***Results of [ExtraTreesRegressor] estimatorrun are
{'split0_test_score': array([ 0.61018455]), 'params': ({},), 'split4_test_score': array([ 0.62068396]), 'std_fit_time': array([ 0.00861996]), 'std_test_score': array([ 0.02662635]), 'split2_train_score': array([ 1.]), 'rank_test_score': array([1], dtype=int32), 'split4_train_score': array([ 1.]), 'std_score_time': array([ 0.00111432]), 'mean_test_score': array([ 0.63412185]), 'split3_test_score': array([ 0.61953748]), 'mean_fit_time': array([ 0.59529586]), 'mean_train_score': array([ 1.]), 'split0_train_score': array([ 1.]), 'mean_score_time': array([ 0.00665779]), 'split1_test_score': array([ 0.68488048]), 'split1_train_score': array([ 1.]), 'split3_train_score': array([ 1.]), 'split2_test_score': array([ 0.63530503]), 'std_train_score': array([ 0.])}
GREP_ME***Best params of [ExtraTreesRegressor] estimator,pipeline:| preprocessor:log_poly | transfomer: StandardScaler | reducer: RFE  run are
{'reducer__step': 0.1, 'preprocessor__kw_args': {'pw': 4}, 'reducer__n_features_to_select': 133}
GREP_ME***Best score of [ExtraTreesRegressor] estimator, pipeline:| preprocessor:log_poly | transfomer: StandardScaler | reducer: RFE run are
0.634121850881
####################################################################################
################# Runing the itteration 22  of the GridSearchCV ####################
####################################################################################
***Starting [GradientBoostingRegressor] estimator run, pipeline: | preprocessor:log_poly | transfomer: StandardScaler | reducer: RFE 
##param_grid##
{}
Fitting 5 folds for each of 1 candidates, totalling 5 fits
[CV]  ................................................................
[CV] ................................................. , total=   1.0s
[CV]  ................................................................
[CV] ................................................. , total=   1.0s
[CV]  ................................................................
[CV] ................................................. , total=   1.0s
[CV]  ................................................................
[CV] ................................................. , total=   1.1s
GREP_ME***Results of [GradientBoostingRegressor] estimatorrun are
{'split0_test_score': array([ 0.65655986]), 'params': ({},), 'split4_test_score': array([ 0.63418159]), 'std_fit_time': array([ 0.0422167]), 'std_test_score': array([ 0.04232333]), 'split2_train_score': array([ 0.8300225]), 'rank_test_score': array([1], dtype=int32), 'split4_train_score': array([ 0.84201061]), 'std_score_time': array([ 0.00157079]), 'mean_test_score': array([ 0.67991652]), 'split3_test_score': array([ 0.64702472]), 'mean_fit_time': array([ 1.03450527]), 'mean_train_score': array([ 0.83083395]), 'split0_train_score': array([ 0.82947838]), 'mean_score_time': array([ 0.00505013]), 'split1_test_score': array([ 0.73554087]), 'split1_train_score': array([ 0.82508813]), 'split3_train_score': array([ 0.82757015]), 'split2_test_score': array([ 0.72621513]), 'std_train_score': array([ 0.00584946])}
GREP_ME***Best params of [GradientBoostingRegressor] estimator,pipeline:| preprocessor:log_poly | transfomer: StandardScaler | reducer: RFE  run are
{'reducer__step': 0.1, 'preprocessor__kw_args': {'pw': 4}, 'reducer__n_features_to_select': 133}
GREP_ME***Best score of [GradientBoostingRegressor] estimator, pipeline:| preprocessor:log_poly | transfomer: StandardScaler | reducer: RFE run are
0.679916519688
Preclassifying results
Classify score is :0.730179704017
####################################################################################
################# Runing the itteration 23  of the GridSearchCV ####################
####################################################################################
***Starting [BaggingRegressor] estimator run, pipeline: | preprocessor:log_poly | transfomer: StandardScaler | reducer: RFE 
##param_grid##
{}
Fitting 5 folds for each of 1 candidates, totalling 5 fits
[CV]  ................................................................
[CV] ................................................. , total=   0.9s
[CV]  ................................................................
[CV] ................................................. , total=   0.9s
[CV]  ................................................................
[CV] ................................................. , total=   1.0s
GREP_ME***Results of [BaggingRegressor] estimatorrun are
{'split0_test_score': array([ 0.55065561]), 'params': ({},), 'split4_test_score': array([ 0.60363026]), 'std_fit_time': array([ 0.0470534]), 'std_test_score': array([ 0.04230199]), 'split2_train_score': array([ 0.94226457]), 'rank_test_score': array([1], dtype=int32), 'split4_train_score': array([ 0.94495848]), 'std_score_time': array([ 0.00083677]), 'mean_test_score': array([ 0.618049]), 'split3_test_score': array([ 0.63897679]), 'mean_fit_time': array([ 0.97226453]), 'mean_train_score': array([ 0.94310868]), 'split0_train_score': array([ 0.94271368]), 'mean_score_time': array([ 0.0089457]), 'split1_test_score': array([ 0.61761768]), 'split1_train_score': array([ 0.94163069]), 'split3_train_score': array([ 0.943976]), 'split2_test_score': array([ 0.67934563]), 'std_train_score': array([ 0.00120225])}
GREP_ME***Best params of [BaggingRegressor] estimator,pipeline:| preprocessor:log_poly | transfomer: StandardScaler | reducer: RFE  run are
{'reducer__step': 0.1, 'preprocessor__kw_args': {'pw': 3}, 'reducer__n_features_to_select': 127}
GREP_ME***Best score of [BaggingRegressor] estimator, pipeline:| preprocessor:log_poly | transfomer: StandardScaler | reducer: RFE run are
0.618049000455
####################################################################################
################# Runing the itteration 24  of the GridSearchCV ####################
####################################################################################
***Starting [ExtraTreesRegressor] estimator run, pipeline: | preprocessor:log_poly | transfomer: StandardScaler | reducer: RFE 
##param_grid##
{}
Fitting 5 folds for each of 1 candidates, totalling 5 fits
[CV]  ................................................................
[CV] ................................................. , total=   0.5s
[CV]  ................................................................
[CV] ................................................. , total=   0.5s
[CV]  ................................................................
[CV] ................................................. , total=   0.6s
[CV]  ................................................................
[CV] ................................................. , total=   0.5s
[CV]  ................................................................
[CV] ................................................. , total=   0.6s
GREP_ME***Results of [ExtraTreesRegressor] estimatorrun are
{'split0_test_score': array([ 0.5411584]), 'params': ({},), 'split4_test_score': array([ 0.62397227]), 'std_fit_time': array([ 0.0097395]), 'std_test_score': array([ 0.05593474]), 'split2_train_score': array([ 1.]), 'rank_test_score': array([1], dtype=int32), 'split4_train_score': array([ 1.]), 'std_score_time': array([ 0.00042674]), 'mean_test_score': array([ 0.61682059]), 'split3_test_score': array([ 0.64983196]), 'mean_fit_time': array([ 0.5428946]), 'mean_train_score': array([ 1.]), 'split0_train_score': array([ 1.]), 'mean_score_time': array([ 0.00695138]), 'split1_test_score': array([ 0.57076535]), 'split1_train_score': array([ 1.]), 'split3_train_score': array([ 1.]), 'split2_test_score': array([ 0.69838444]), 'std_train_score': array([ 0.])}
GREP_ME***Best params of [ExtraTreesRegressor] estimator,pipeline:| preprocessor:log_poly | transfomer: StandardScaler | reducer: RFE  run are
{'reducer__step': 0.1, 'preprocessor__kw_args': {'pw': 3}, 'reducer__n_features_to_select': 127}
GREP_ME***Best score of [ExtraTreesRegressor] estimator, pipeline:| preprocessor:log_poly | transfomer: StandardScaler | reducer: RFE run are
0.616820594287
####################################################################################
################# Runing the itteration 25  of the GridSearchCV ####################
####################################################################################
***Starting [GradientBoostingRegressor] estimator run, pipeline: | preprocessor:log_poly | transfomer: StandardScaler | reducer: RFE 
##param_grid##
{}
Fitting 5 folds for each of 1 candidates, totalling 5 fits
[CV]  ................................................................
[CV] ................................................. , total=   1.0s
[CV]  ................................................................
[CV] ................................................. , total=   1.0s
GREP_ME***Results of [GradientBoostingRegressor] estimatorrun are
{'split0_test_score': array([ 0.60287132]), 'params': ({},), 'split4_test_score': array([ 0.65144505]), 'std_fit_time': array([ 0.05785747]), 'std_test_score': array([ 0.04023213]), 'split2_train_score': array([ 0.82400275]), 'rank_test_score': array([1], dtype=int32), 'split4_train_score': array([ 0.81310068]), 'std_score_time': array([ 0.00273672]), 'mean_test_score': array([ 0.66968994]), 'split3_test_score': array([ 0.69989741]), 'mean_fit_time': array([ 1.0526114]), 'mean_train_score': array([ 0.82493957]), 'split0_train_score': array([ 0.83348166]), 'mean_score_time': array([ 0.00632463]), 'split1_test_score': array([ 0.6761529]), 'split1_train_score': array([ 0.83076484]), 'split3_train_score': array([ 0.8233479]), 'split2_test_score': array([ 0.71805891]), 'std_train_score': array([ 0.00707773])}
GREP_ME***Best params of [GradientBoostingRegressor] estimator,pipeline:| preprocessor:log_poly | transfomer: StandardScaler | reducer: RFE  run are
{'reducer__step': 0.1, 'preprocessor__kw_args': {'pw': 3}, 'reducer__n_features_to_select': 127}
GREP_ME***Best score of [GradientBoostingRegressor] estimator, pipeline:| preprocessor:log_poly | transfomer: StandardScaler | reducer: RFE run are
0.669689937586
Preclassifying results
Classify score is :0.588794926004
####################################################################################
################# Runing the itteration 26  of the GridSearchCV ####################
####################################################################################
***Starting [BaggingRegressor] estimator run, pipeline: | preprocessor:log_poly | transfomer: StandardScaler | reducer: RFE 
##param_grid##
{}
Fitting 5 folds for each of 1 candidates, totalling 5 fits
[CV]  ................................................................
[CV] ................................................. , total=   0.7s
[CV]  ................................................................
[CV] ................................................. , total=   0.7s
[CV]  ................................................................
[CV] ................................................. , total=   0.7s
[CV]  ................................................................
[CV] ................................................. , total=   0.7s
[CV]  ................................................................
[CV] ................................................. , total=   0.8s
GREP_ME***Results of [BaggingRegressor] estimatorrun are
{'split0_test_score': array([ 0.53191996]), 'params': ({},), 'split4_test_score': array([ 0.59652892]), 'std_fit_time': array([ 0.01794823]), 'std_test_score': array([ 0.05907066]), 'split2_train_score': array([ 0.92249009]), 'rank_test_score': array([1], dtype=int32), 'split4_train_score': array([ 0.9273491]), 'std_score_time': array([ 0.00060875]), 'mean_test_score': array([ 0.5371505]), 'split3_test_score': array([ 0.54911139]), 'mean_fit_time': array([ 0.71594763]), 'mean_train_score': array([ 0.92111649]), 'split0_train_score': array([ 0.91152766]), 'mean_score_time': array([ 0.00951848]), 'split1_test_score': array([ 0.58019631]), 'split1_train_score': array([ 0.91514954]), 'split3_train_score': array([ 0.92906606]), 'split2_test_score': array([ 0.42807438]), 'std_train_score': array([ 0.00680409])}
GREP_ME***Best params of [BaggingRegressor] estimator,pipeline:| preprocessor:log_poly | transfomer: StandardScaler | reducer: RFE  run are
{'reducer__step': 0.1, 'preprocessor__kw_args': {'pw': 1}, 'reducer__n_features_to_select': 193}
GREP_ME***Best score of [BaggingRegressor] estimator, pipeline:| preprocessor:log_poly | transfomer: StandardScaler | reducer: RFE run are
0.537150503675
####################################################################################
################# Runing the itteration 27  of the GridSearchCV ####################
####################################################################################
***Starting [ExtraTreesRegressor] estimator run, pipeline: | preprocessor:log_poly | transfomer: StandardScaler | reducer: RFE 
##param_grid##
{}
Fitting 5 folds for each of 1 candidates, totalling 5 fits
[CV]  ................................................................
[CV] ................................................. , total=   0.6s
[CV]  ................................................................
[CV] ................................................. , total=   0.6s
[CV]  ................................................................
[CV] ................................................. , total=   0.6s
[CV]  ................................................................
[CV] ................................................. , total=   0.7s
[CV]  ................................................................
[CV] ................................................. , total=   0.7s
GREP_ME***Results of [ExtraTreesRegressor] estimatorrun are
{'split0_test_score': array([ 0.50920071]), 'params': ({},), 'split4_test_score': array([ 0.57674875]), 'std_fit_time': array([ 0.05247047]), 'std_test_score': array([ 0.06397212]), 'split2_train_score': array([ 1.]), 'rank_test_score': array([1], dtype=int32), 'split4_train_score': array([ 1.]), 'std_score_time': array([ 0.00080458]), 'mean_test_score': array([ 0.51117142]), 'split3_test_score': array([ 0.47634699]), 'mean_fit_time': array([ 0.61495113]), 'mean_train_score': array([ 1.]), 'split0_train_score': array([ 1.]), 'mean_score_time': array([ 0.00740571]), 'split1_test_score': array([ 0.5820695]), 'split1_train_score': array([ 1.]), 'split3_train_score': array([ 1.]), 'split2_test_score': array([ 0.41157779]), 'std_train_score': array([ 0.])}
GREP_ME***Best params of [ExtraTreesRegressor] estimator,pipeline:| preprocessor:log_poly | transfomer: StandardScaler | reducer: RFE  run are
{'reducer__step': 0.1, 'preprocessor__kw_args': {'pw': 1}, 'reducer__n_features_to_select': 193}
GREP_ME***Best score of [ExtraTreesRegressor] estimator, pipeline:| preprocessor:log_poly | transfomer: StandardScaler | reducer: RFE run are
0.511171421928
####################################################################################
################# Runing the itteration 28  of the GridSearchCV ####################
####################################################################################
***Starting [GradientBoostingRegressor] estimator run, pipeline: | preprocessor:log_poly | transfomer: StandardScaler | reducer: RFE 
##param_grid##
{}
Fitting 5 folds for each of 1 candidates, totalling 5 fits
[CV]  ................................................................
[CV] ................................................. , total=   1.2s
[CV]  ................................................................
[CV] ................................................. , total=   1.2s
[CV]  ................................................................
[CV] ................................................. , total=   1.2s
[CV]  ................................................................
[CV] ................................................. , total=   1.2s
[CV]  ................................................................
[CV] ................................................. , total=   1.2s
GREP_ME***Results of [GradientBoostingRegressor] estimatorrun are
{'split0_test_score': array([ 0.54898016]), 'params': ({},), 'split4_test_score': array([ 0.6068662]), 'std_fit_time': array([ 0.02123935]), 'std_test_score': array([ 0.06124491]), 'split2_train_score': array([ 0.78847774]), 'rank_test_score': array([1], dtype=int32), 'split4_train_score': array([ 0.78597829]), 'std_score_time': array([ 0.00255993]), 'mean_test_score': array([ 0.57108556]), 'split3_test_score': array([ 0.55598196]), 'mean_fit_time': array([ 1.18230076]), 'mean_train_score': array([ 0.77589107]), 'split0_train_score': array([ 0.76159266]), 'mean_score_time': array([ 0.0086165]), 'split1_test_score': array([ 0.66334748]), 'split1_train_score': array([ 0.76956609]), 'split3_train_score': array([ 0.77384057]), 'split2_test_score': array([ 0.48029928]), 'std_train_score': array([ 0.01008792])}
GREP_ME***Best params of [GradientBoostingRegressor] estimator,pipeline:| preprocessor:log_poly | transfomer: StandardScaler | reducer: RFE  run are
{'reducer__step': 0.1, 'preprocessor__kw_args': {'pw': 1}, 'reducer__n_features_to_select': 193}
GREP_ME***Best score of [GradientBoostingRegressor] estimator, pipeline:| preprocessor:log_poly | transfomer: StandardScaler | reducer: RFE run are
0.571085561619
Preclassifying results
Classify score is :0.771670190275
####################################################################################
################# Runing the itteration 29  of the GridSearchCV ####################
####################################################################################
***Starting [BaggingRegressor] estimator run, pipeline: | preprocessor:log_poly | transfomer: StandardScaler | reducer: RFE 
##param_grid##
{}
Fitting 5 folds for each of 1 candidates, totalling 5 fits
[CV]  ................................................................
[CV] ................................................. , total=   0.5s
[CV]  ................................................................
[CV] ................................................. , total=   0.5s
[CV]  ................................................................
[CV] ................................................. , total=   0.5s
[CV]  ................................................................
[CV] ................................................. , total=   0.5s
[CV]  ................................................................
[CV] ................................................. , total=   0.5s
GREP_ME***Results of [BaggingRegressor] estimatorrun are
{'split0_test_score': array([ 0.70433835]), 'params': ({},), 'split4_test_score': array([ 0.62264872]), 'std_fit_time': array([ 0.02125252]), 'std_test_score': array([ 0.03805052]), 'split2_train_score': array([ 0.9388244]), 'rank_test_score': array([1], dtype=int32), 'split4_train_score': array([ 0.94463728]), 'std_score_time': array([ 0.00072768]), 'mean_test_score': array([ 0.65070766]), 'split3_test_score': array([ 0.60939815]), 'mean_fit_time': array([ 0.48539062]), 'mean_train_score': array([ 0.93745354]), 'split0_train_score': array([ 0.93495831]), 'mean_score_time': array([ 0.00613179]), 'split1_test_score': array([ 0.68809656]), 'split1_train_score': array([ 0.93043539]), 'split3_train_score': array([ 0.93841232]), 'split2_test_score': array([ 0.62901947]), 'std_train_score': array([ 0.00468797])}
GREP_ME***Best params of [BaggingRegressor] estimator,pipeline:| preprocessor:log_poly | transfomer: StandardScaler | reducer: RFE  run are
{'reducer__step': 0.1, 'preprocessor__kw_args': {'pw': 1}, 'reducer__n_features_to_select': 57}
GREP_ME***Best score of [BaggingRegressor] estimator, pipeline:| preprocessor:log_poly | transfomer: StandardScaler | reducer: RFE run are
0.650707661789
####################################################################################
################# Runing the itteration 30  of the GridSearchCV ####################
####################################################################################
***Starting [ExtraTreesRegressor] estimator run, pipeline: | preprocessor:log_poly | transfomer: StandardScaler | reducer: RFE 
##param_grid##
{}
Fitting 5 folds for each of 1 candidates, totalling 5 fits
[CV]  ................................................................
[CV] ................................................. , total=   0.3s
[CV]  ................................................................
[CV] ................................................. , total=   0.3s
[CV]  ................................................................
[CV] ................................................. , total=   0.3s
[CV]  ................................................................
[CV] ................................................. , total=   0.3s
[CV]  ................................................................
[CV] ................................................. , total=   0.3s
GREP_ME***Results of [ExtraTreesRegressor] estimatorrun are
{'split0_test_score': array([ 0.70539963]), 'params': ({},), 'split4_test_score': array([ 0.62068008]), 'std_fit_time': array([ 0.00652372]), 'std_test_score': array([ 0.02847983]), 'split2_train_score': array([ 1.]), 'rank_test_score': array([1], dtype=int32), 'split4_train_score': array([ 1.]), 'std_score_time': array([ 0.00052614]), 'mean_test_score': array([ 0.66423963]), 'split3_test_score': array([ 0.64758134]), 'mean_fit_time': array([ 0.26213608]), 'mean_train_score': array([ 1.]), 'split0_train_score': array([ 1.]), 'mean_score_time': array([ 0.00569687]), 'split1_test_score': array([ 0.67182221]), 'split1_train_score': array([ 1.]), 'split3_train_score': array([ 1.]), 'split2_test_score': array([ 0.67565738]), 'std_train_score': array([ 0.])}
GREP_ME***Best params of [ExtraTreesRegressor] estimator,pipeline:| preprocessor:log_poly | transfomer: StandardScaler | reducer: RFE  run are
{'reducer__step': 0.1, 'preprocessor__kw_args': {'pw': 1}, 'reducer__n_features_to_select': 57}
GREP_ME***Best score of [ExtraTreesRegressor] estimator, pipeline:| preprocessor:log_poly | transfomer: StandardScaler | reducer: RFE run are
0.664239634872
####################################################################################
################# Runing the itteration 31  of the GridSearchCV ####################
####################################################################################
***Starting [GradientBoostingRegressor] estimator run, pipeline: | preprocessor:log_poly | transfomer: StandardScaler | reducer: RFE 
##param_grid##
{}
Fitting 5 folds for each of 1 candidates, totalling 5 fits
[CV]  ................................................................
[CV] ................................................. , total=   0.5s
[CV]  ................................................................
[CV] ................................................. , total=   0.5s
[CV]  ................................................................
[CV] ................................................. , total=   0.5s
[CV]  ................................................................
[CV] ................................................. , total=   0.5s
[CV]  ................................................................
[CV] ................................................. , total=   0.5s
GREP_ME***Results of [GradientBoostingRegressor] estimatorrun are
{'split0_test_score': array([ 0.71838172]), 'params': ({},), 'split4_test_score': array([ 0.63480463]), 'std_fit_time': array([ 0.01448588]), 'std_test_score': array([ 0.03744389]), 'split2_train_score': array([ 0.84125871]), 'rank_test_score': array([1], dtype=int32), 'split4_train_score': array([ 0.83149448]), 'std_score_time': array([ 0.00012114]), 'mean_test_score': array([ 0.693345]), 'split3_test_score': array([ 0.69326665]), 'mean_fit_time': array([ 0.49042172]), 'mean_train_score': array([ 0.83070411]), 'split0_train_score': array([ 0.82407228]), 'mean_score_time': array([ 0.0027627]), 'split1_test_score': array([ 0.74472246]), 'split1_train_score': array([ 0.82383744]), 'split3_train_score': array([ 0.83285762]), 'split2_test_score': array([ 0.67547222]), 'std_train_score': array([ 0.00644662])}
GREP_ME***Best params of [GradientBoostingRegressor] estimator,pipeline:| preprocessor:log_poly | transfomer: StandardScaler | reducer: RFE  run are
{'reducer__step': 0.1, 'preprocessor__kw_args': {'pw': 1}, 'reducer__n_features_to_select': 57}
GREP_ME***Best score of [GradientBoostingRegressor] estimator, pipeline:| preprocessor:log_poly | transfomer: StandardScaler | reducer: RFE run are
0.693345000988
Preclassifying results
Classify score is :0.703752642706
####################################################################################
################# Runing the itteration 32  of the GridSearchCV ####################
####################################################################################
***Starting [BaggingRegressor] estimator run, pipeline: | preprocessor:log_poly | transfomer: StandardScaler | reducer: RFE 
##param_grid##
{}
Fitting 5 folds for each of 1 candidates, totalling 5 fits
[CV]  ................................................................
[CV] ................................................. , total=   0.8s
[CV]  ................................................................
[CV] ................................................. , total=   0.8s
[CV]  ................................................................
[CV] ................................................. , total=   0.8s
[CV]  ................................................................
[CV] ................................................. , total=   0.8s
[CV]  ................................................................
[CV] ................................................. , total=   0.8s
GREP_ME***Results of [BaggingRegressor] estimatorrun are
{'split0_test_score': array([ 0.5667161]), 'params': ({},), 'split4_test_score': array([ 0.57525872]), 'std_fit_time': array([ 0.01732]), 'std_test_score': array([ 0.05819204]), 'split2_train_score': array([ 0.90758981]), 'rank_test_score': array([1], dtype=int32), 'split4_train_score': array([ 0.92905139]), 'std_score_time': array([ 0.00047768]), 'mean_test_score': array([ 0.62850061]), 'split3_test_score': array([ 0.69903897]), 'mean_fit_time': array([ 0.78762345]), 'mean_train_score': array([ 0.91942403]), 'split0_train_score': array([ 0.92542711]), 'mean_score_time': array([ 0.00695314]), 'split1_test_score': array([ 0.60425146]), 'split1_train_score': array([ 0.91492281]), 'split3_train_score': array([ 0.92012902]), 'split2_test_score': array([ 0.69716745]), 'std_train_score': array([ 0.0076096])}
GREP_ME***Best params of [BaggingRegressor] estimator,pipeline:| preprocessor:log_poly | transfomer: StandardScaler | reducer: RFE  run are
{'reducer__step': 0.1, 'preprocessor__kw_args': {'pw': 2}, 'reducer__n_features_to_select': 121}
GREP_ME***Best score of [BaggingRegressor] estimator, pipeline:| preprocessor:log_poly | transfomer: StandardScaler | reducer: RFE run are
0.628500608451
####################################################################################
################# Runing the itteration 33  of the GridSearchCV ####################
####################################################################################
***Starting [ExtraTreesRegressor] estimator run, pipeline: | preprocessor:log_poly | transfomer: StandardScaler | reducer: RFE 
##param_grid##
{}
Fitting 5 folds for each of 1 candidates, totalling 5 fits
[CV]  ................................................................
[CV] ................................................. , total=   0.5s
[CV]  ................................................................
[CV] ................................................. , total=   0.5s
[CV]  ................................................................
[CV] ................................................. , total=   0.5s
[CV]  ................................................................
[CV] ................................................. , total=   0.5s
[CV]  ................................................................
[CV] ................................................. , total=   0.5s
GREP_ME***Results of [ExtraTreesRegressor] estimatorrun are
{'split0_test_score': array([ 0.52708198]), 'params': ({},), 'split4_test_score': array([ 0.62829081]), 'std_fit_time': array([ 0.01498939]), 'std_test_score': array([ 0.05365783]), 'split2_train_score': array([ 1.]), 'rank_test_score': array([1], dtype=int32), 'split4_train_score': array([ 1.]), 'std_score_time': array([ 0.00040232]), 'mean_test_score': array([ 0.62614808]), 'split3_test_score': array([ 0.64129127]), 'mean_fit_time': array([ 0.46495485]), 'mean_train_score': array([ 1.]), 'split0_train_score': array([ 1.]), 'mean_score_time': array([ 0.00580649]), 'split1_test_score': array([ 0.64468132]), 'split1_train_score': array([ 1.]), 'split3_train_score': array([ 1.]), 'split2_test_score': array([ 0.68939785]), 'std_train_score': array([ 0.])}
GREP_ME***Best params of [ExtraTreesRegressor] estimator,pipeline:| preprocessor:log_poly | transfomer: StandardScaler | reducer: RFE  run are
{'reducer__step': 0.1, 'preprocessor__kw_args': {'pw': 2}, 'reducer__n_features_to_select': 121}
GREP_ME***Best score of [ExtraTreesRegressor] estimator, pipeline:| preprocessor:log_poly | transfomer: StandardScaler | reducer: RFE run are
0.626148082008
####################################################################################
################# Runing the itteration 34  of the GridSearchCV ####################
####################################################################################
***Starting [GradientBoostingRegressor] estimator run, pipeline: | preprocessor:log_poly | transfomer: StandardScaler | reducer: RFE 
##param_grid##
{}
Fitting 5 folds for each of 1 candidates, totalling 5 fits
[CV]  ................................................................
[CV] ................................................. , total=   0.9s
[CV]  ................................................................
[CV] ................................................. , total=   0.9s
[CV]  ................................................................
[CV] ................................................. , total=   0.9s
[CV]  ................................................................
[CV] ................................................. , total=   0.9s
GREP_ME***Results of [GradientBoostingRegressor] estimatorrun are
{'split0_test_score': array([ 0.58931957]), 'params': ({},), 'split4_test_score': array([ 0.6370361]), 'std_fit_time': array([ 0.08733257]), 'std_test_score': array([ 0.04769858]), 'split2_train_score': array([ 0.8016126]), 'rank_test_score': array([1], dtype=int32), 'split4_train_score': array([ 0.80503428]), 'std_score_time': array([ 0.00064059]), 'mean_test_score': array([ 0.65784825]), 'split3_test_score': array([ 0.69924049]), 'mean_fit_time': array([ 0.9454936]), 'mean_train_score': array([ 0.81055493]), 'split0_train_score': array([ 0.81358966]), 'mean_score_time': array([ 0.00359435]), 'split1_test_score': array([ 0.64068409]), 'split1_train_score': array([ 0.82064956]), 'split3_train_score': array([ 0.81188855]), 'split2_test_score': array([ 0.72293349]), 'std_train_score': array([ 0.0066833])}
GREP_ME***Best params of [GradientBoostingRegressor] estimator,pipeline:| preprocessor:log_poly | transfomer: StandardScaler | reducer: RFE  run are
{'reducer__step': 0.1, 'preprocessor__kw_args': {'pw': 2}, 'reducer__n_features_to_select': 121}
GREP_ME***Best score of [GradientBoostingRegressor] estimator, pipeline:| preprocessor:log_poly | transfomer: StandardScaler | reducer: RFE run are
0.657848249223
Preclassifying results
Classify score is :0.691860465116
####################################################################################
################# Runing the itteration 35  of the GridSearchCV ####################
####################################################################################
***Starting [BaggingRegressor] estimator run, pipeline: | preprocessor:log_poly | transfomer: StandardScaler | reducer: RFE 
##param_grid##
{}
Fitting 5 folds for each of 1 candidates, totalling 5 fits
[CV]  ................................................................
[CV] ................................................. , total=   0.9s
[CV]  ................................................................
[CV] ................................................. , total=   0.9s
GREP_ME***Results of [BaggingRegressor] estimatorrun are
{'split0_test_score': array([ 0.51160406]), 'params': ({},), 'split4_test_score': array([ 0.59910288]), 'std_fit_time': array([ 0.09162858]), 'std_test_score': array([ 0.03873829]), 'split2_train_score': array([ 0.9327792]), 'rank_test_score': array([1], dtype=int32), 'split4_train_score': array([ 0.94507495]), 'std_score_time': array([ 0.00399073]), 'mean_test_score': array([ 0.57546016]), 'split3_test_score': array([ 0.60974028]), 'mean_fit_time': array([ 0.98316479]), 'mean_train_score': array([ 0.93592018]), 'split0_train_score': array([ 0.93472225]), 'mean_score_time': array([ 0.01323271]), 'split1_test_score': array([ 0.54952408]), 'split1_train_score': array([ 0.93484043]), 'split3_train_score': array([ 0.93218405]), 'split2_test_score': array([ 0.60736073]), 'std_train_score': array([ 0.00469543])}
GREP_ME***Best params of [BaggingRegressor] estimator,pipeline:| preprocessor:log_poly | transfomer: StandardScaler | reducer: RFE  run are
{'reducer__step': 0.1, 'preprocessor__kw_args': {'pw': 2}, 'reducer__n_features_to_select': 203}
GREP_ME***Best score of [BaggingRegressor] estimator, pipeline:| preprocessor:log_poly | transfomer: StandardScaler | reducer: RFE run are
0.5754601592
####################################################################################
################# Runing the itteration 36  of the GridSearchCV ####################
####################################################################################
***Starting [ExtraTreesRegressor] estimator run, pipeline: | preprocessor:log_poly | transfomer: StandardScaler | reducer: RFE 
##param_grid##
{}
Fitting 5 folds for each of 1 candidates, totalling 5 fits
[CV]  ................................................................
[CV] ................................................. , total=   0.7s
[CV]  ................................................................
[CV] ................................................. , total=   0.6s
[CV]  ................................................................
[CV] ................................................. , total=   0.6s
[CV]  ................................................................
[CV] ................................................. , total=   0.7s
[CV]  ................................................................
[CV] ................................................. , total=   0.7s
GREP_ME***Results of [ExtraTreesRegressor] estimatorrun are
{'split0_test_score': array([ 0.55396546]), 'params': ({},), 'split4_test_score': array([ 0.575382]), 'std_fit_time': array([ 0.02243175]), 'std_test_score': array([ 0.03367731]), 'split2_train_score': array([ 1.]), 'rank_test_score': array([1], dtype=int32), 'split4_train_score': array([ 1.]), 'std_score_time': array([ 0.00079792]), 'mean_test_score': array([ 0.57251231]), 'split3_test_score': array([ 0.59131018]), 'mean_fit_time': array([ 0.66157665]), 'mean_train_score': array([ 1.]), 'split0_train_score': array([ 1.]), 'mean_score_time': array([ 0.00744576]), 'split1_test_score': array([ 0.52115988]), 'split1_train_score': array([ 1.]), 'split3_train_score': array([ 1.]), 'split2_test_score': array([ 0.62074784]), 'std_train_score': array([ 0.])}
GREP_ME***Best params of [ExtraTreesRegressor] estimator,pipeline:| preprocessor:log_poly | transfomer: StandardScaler | reducer: RFE  run are
{'reducer__step': 0.1, 'preprocessor__kw_args': {'pw': 2}, 'reducer__n_features_to_select': 203}
GREP_ME***Best score of [ExtraTreesRegressor] estimator, pipeline:| preprocessor:log_poly | transfomer: StandardScaler | reducer: RFE run are
0.572512314995
####################################################################################
################# Runing the itteration 37  of the GridSearchCV ####################
####################################################################################
***Starting [GradientBoostingRegressor] estimator run, pipeline: | preprocessor:log_poly | transfomer: StandardScaler | reducer: RFE 
##param_grid##
{}
Fitting 5 folds for each of 1 candidates, totalling 5 fits
[CV]  ................................................................
[CV] ................................................. , total=   1.3s
[CV]  ................................................................
[CV] ................................................. , total=   1.3s
[CV]  ................................................................
[CV] ................................................. , total=   1.3s
[CV]  ................................................................
[CV] ................................................. , total=   1.3s
GREP_ME***Results of [GradientBoostingRegressor] estimatorrun are
{'split0_test_score': array([ 0.58599321]), 'params': ({},), 'split4_test_score': array([ 0.6193603]), 'std_fit_time': array([ 0.03301686]), 'std_test_score': array([ 0.03454825]), 'split2_train_score': array([ 0.78376863]), 'rank_test_score': array([1], dtype=int32), 'split4_train_score': array([ 0.8042147]), 'std_score_time': array([ 0.00225001]), 'mean_test_score': array([ 0.62872019]), 'split3_test_score': array([ 0.60983879]), 'mean_fit_time': array([ 1.26881814]), 'mean_train_score': array([ 0.80566314]), 'split0_train_score': array([ 0.82673675]), 'mean_score_time': array([ 0.00866461]), 'split1_test_score': array([ 0.63991471]), 'split1_train_score': array([ 0.81565596]), 'split3_train_score': array([ 0.79793968]), 'split2_test_score': array([ 0.68848155]), 'std_train_score': array([ 0.01473142])}
GREP_ME***Best params of [GradientBoostingRegressor] estimator,pipeline:| preprocessor:log_poly | transfomer: StandardScaler | reducer: RFE  run are
{'reducer__step': 0.1, 'preprocessor__kw_args': {'pw': 2}, 'reducer__n_features_to_select': 203}
GREP_ME***Best score of [GradientBoostingRegressor] estimator, pipeline:| preprocessor:log_poly | transfomer: StandardScaler | reducer: RFE run are
0.628720185631
Preclassifying results
Classify score is :0.901691331924
####################################################################################
################# Runing the itteration 38  of the GridSearchCV ####################
####################################################################################
***Starting [BaggingRegressor] estimator run, pipeline: | preprocessor:log_poly | transfomer: StandardScaler | reducer: RFE 
##param_grid##
{}
Fitting 5 folds for each of 1 candidates, totalling 5 fits
[CV]  ................................................................
[CV] ................................................. , total=   0.8s
[CV]  ................................................................
[CV] ................................................. , total=   0.8s
[CV]  ................................................................
[CV] ................................................. , total=   0.8s
[CV]  ................................................................
[CV] ................................................. , total=   0.8s
[CV]  ................................................................
[CV] ................................................. , total=   0.9s
GREP_ME***Results of [BaggingRegressor] estimatorrun are
{'split0_test_score': array([ 0.7166528]), 'params': ({},), 'split4_test_score': array([ 0.71500759]), 'std_fit_time': array([ 0.03442054]), 'std_test_score': array([ 0.03535126]), 'split2_train_score': array([ 0.9511047]), 'rank_test_score': array([1], dtype=int32), 'split4_train_score': array([ 0.95618011]), 'std_score_time': array([ 0.0005024]), 'mean_test_score': array([ 0.75560198]), 'split3_test_score': array([ 0.7681694]), 'mean_fit_time': array([ 0.79157443]), 'mean_train_score': array([ 0.95440303]), 'split0_train_score': array([ 0.95773129]), 'mean_score_time': array([ 0.00575209]), 'split1_test_score': array([ 0.77053099]), 'split1_train_score': array([ 0.95414236]), 'split3_train_score': array([ 0.95285671]), 'split2_test_score': array([ 0.8075955]), 'std_train_score': array([ 0.00234833])}
GREP_ME***Best params of [BaggingRegressor] estimator,pipeline:| preprocessor:log_poly | transfomer: StandardScaler | reducer: RFE  run are
{'reducer__step': 0.1, 'preprocessor__kw_args': {'pw': 3}, 'reducer__n_features_to_select': 63}
GREP_ME***Best score of [BaggingRegressor] estimator, pipeline:| preprocessor:log_poly | transfomer: StandardScaler | reducer: RFE run are
0.755601983609
####################################################################################
################# Runing the itteration 39  of the GridSearchCV ####################
####################################################################################
***Starting [ExtraTreesRegressor] estimator run, pipeline: | preprocessor:log_poly | transfomer: StandardScaler | reducer: RFE 
##param_grid##
{}
Fitting 5 folds for each of 1 candidates, totalling 5 fits
[CV]  ................................................................
[CV] ................................................. , total=   0.4s
[CV]  ................................................................
[CV] ................................................. , total=   0.4s
[CV]  ................................................................
[CV] ................................................. , total=   0.4s
[CV]  ................................................................
[CV] ................................................. , total=   0.4s
[CV]  ................................................................
[CV] ................................................. , total=   0.4s
GREP_ME***Results of [ExtraTreesRegressor] estimatorrun are
{'split0_test_score': array([ 0.75635411]), 'params': ({},), 'split4_test_score': array([ 0.75659292]), 'std_fit_time': array([ 0.01066952]), 'std_test_score': array([ 0.0137079]), 'split2_train_score': array([ 1.]), 'rank_test_score': array([1], dtype=int32), 'split4_train_score': array([ 1.]), 'std_score_time': array([ 0.00029888]), 'mean_test_score': array([ 0.75604592]), 'split3_test_score': array([ 0.7776087]), 'mean_fit_time': array([ 0.36013355]), 'mean_train_score': array([ 1.]), 'split0_train_score': array([ 1.]), 'mean_score_time': array([ 0.00553422]), 'split1_test_score': array([ 0.73428575]), 'split1_train_score': array([ 1.]), 'split3_train_score': array([ 1.]), 'split2_test_score': array([ 0.75538883]), 'std_train_score': array([ 0.])}
GREP_ME***Best params of [ExtraTreesRegressor] estimator,pipeline:| preprocessor:log_poly | transfomer: StandardScaler | reducer: RFE  run are
{'reducer__step': 0.1, 'preprocessor__kw_args': {'pw': 3}, 'reducer__n_features_to_select': 63}
GREP_ME***Best score of [ExtraTreesRegressor] estimator, pipeline:| preprocessor:log_poly | transfomer: StandardScaler | reducer: RFE run are
0.756045915634
####################################################################################
################# Runing the itteration 40  of the GridSearchCV ####################
####################################################################################
***Starting [GradientBoostingRegressor] estimator run, pipeline: | preprocessor:log_poly | transfomer: StandardScaler | reducer: RFE 
##param_grid##
{}
Fitting 5 folds for each of 1 candidates, totalling 5 fits
[CV]  ................................................................
[CV] ................................................. , total=   0.7s
[CV]  ................................................................
[CV] ................................................. , total=   0.7s
[CV]  ................................................................
[CV] ................................................. , total=   0.8s
[CV]  ................................................................
[CV] ................................................. , total=   0.8s
GREP_ME***Results of [GradientBoostingRegressor] estimatorrun are
{'split0_test_score': array([ 0.72147903]), 'params': ({},), 'split4_test_score': array([ 0.75378845]), 'std_fit_time': array([ 0.034574]), 'std_test_score': array([ 0.03407229]), 'split2_train_score': array([ 0.89620033]), 'rank_test_score': array([1], dtype=int32), 'split4_train_score': array([ 0.89583316]), 'std_score_time': array([ 0.00015679]), 'mean_test_score': array([ 0.77507804]), 'split3_test_score': array([ 0.79929699]), 'mean_fit_time': array([ 0.73351665]), 'mean_train_score': array([ 0.89477798]), 'split0_train_score': array([ 0.89075129]), 'mean_score_time': array([ 0.00312371]), 'split1_test_score': array([ 0.78295277]), 'split1_train_score': array([ 0.89336054]), 'split3_train_score': array([ 0.89774458]), 'split2_test_score': array([ 0.81784485]), 'std_train_score': array([ 0.00245604])}
GREP_ME***Best params of [GradientBoostingRegressor] estimator,pipeline:| preprocessor:log_poly | transfomer: StandardScaler | reducer: RFE  run are
{'reducer__step': 0.1, 'preprocessor__kw_args': {'pw': 3}, 'reducer__n_features_to_select': 63}
GREP_ME***Best score of [GradientBoostingRegressor] estimator, pipeline:| preprocessor:log_poly | transfomer: StandardScaler | reducer: RFE run are
0.775078043911
#########################################
###Finished all estimators for cl: label_gross_5
#########################################
#########################################
#######Printing results for cl: label_gross_5
#########################################
{'ExtraTreesRegressor': {'score': 0.75604591563415158, 'pipe': '| preprocessor:log_poly | transfomer: StandardScaler | reducer: RFE', 'best_cfg': {'reducer__step': 0.1, 'preprocessor__kw_args': {'pw': 3}, 'reducer__n_features_to_select': 63}}, 'GradientBoostingRegressor': {'score': 0.77507804391104551, 'pipe': '| preprocessor:log_poly | transfomer: StandardScaler | reducer: RFE', 'best_cfg': {'reducer__step': 0.1, 'preprocessor__kw_args': {'pw': 3}, 'reducer__n_features_to_select': 63}}, 'BaggingRegressor': {'score': 0.75560198360896225, 'pipe': '| preprocessor:log_poly | transfomer: StandardScaler | reducer: RFE', 'best_cfg': {'reducer__step': 0.1, 'preprocessor__kw_args': {'pw': 3}, 'reducer__n_features_to_select': 63}}}
priting simply sorted numbers, grep them to find the best cfg or cl: label_gross_5
[0.75560198360896225, 0.75604591563415158, 0.77507804391104551]
